#
# There is insufficient memory for the Java Runtime Environment to continue.
# Native memory allocation (malloc) failed to allocate 509136 bytes. Error detail: Chunk::new
# Possible reasons:
#   The system is out of physical RAM or swap space
#   This process is running with CompressedOops enabled, and the Java Heap may be blocking the growth of the native heap
# Possible solutions:
#   Reduce memory load on the system
#   Increase physical memory or swap space
#   Check if swap backing store is full
#   Decrease Java heap size (-Xmx/-Xms)
#   Decrease number of Java threads
#   Decrease Java thread stack sizes (-Xss)
#   Set larger code cache with -XX:ReservedCodeCacheSize=
#   JVM is running with Unscaled Compressed Oops mode in which the Java heap is
#     placed in the first 4GB address space. The Java Heap base address is the
#     maximum limit for the native heap growth. Please use -XX:HeapBaseMinAddress
#     to set the Java Heap base and to place the Java Heap above 4GB virtual address.
# This output file may be truncated or incomplete.
#
#  Out of Memory Error (arena.cpp:191), pid=5996, tid=6744
#
# JRE version: OpenJDK Runtime Environment Temurin-17.0.12+7 (17.0.12+7) (build 17.0.12+7)
# Java VM: OpenJDK 64-Bit Server VM Temurin-17.0.12+7 (17.0.12+7, mixed mode, tiered, compressed oops, compressed class ptrs, parallel gc, windows-amd64)
# No core dump will be written. Minidumps are not enabled by default on client versions of Windows
#

---------------  S U M M A R Y ------------

Command Line: --add-modules=ALL-SYSTEM --add-opens=java.base/java.util=ALL-UNNAMED --add-opens=java.base/java.lang=ALL-UNNAMED --add-opens=java.base/sun.nio.fs=ALL-UNNAMED -Declipse.application=org.eclipse.jdt.ls.core.id1 -Dosgi.bundles.defaultStartLevel=4 -Declipse.product=org.eclipse.jdt.ls.core.product -Djava.import.generatesMetadataFilesAtProjectRoot=false -DDetectVMInstallationsJob.disabled=true -Dfile.encoding=utf8 -XX:+UseParallelGC -XX:GCTimeRatio=4 -XX:AdaptiveSizePolicyWeight=90 -Dsun.zip.disableMemoryMapping=true -Xmx1G -Xms100m -Xlog:disable -javaagent:c:\Users\Sabine\.vscode\extensions\redhat.java-1.35.1-win32-x64\lombok\lombok-1.18.33.jar c:\Users\Sabine\.vscode\extensions\redhat.java-1.35.1-win32-x64\server\plugins\org.eclipse.equinox.launcher_1.6.900.v20240613-2009.jar -configuration c:\Users\Sabine\AppData\Roaming\Code\User\globalStorage\redhat.java\1.35.1\config_ss_win -data c:\Users\Sabine\AppData\Roaming\Code\User\workspaceStorage\be472a81b061dc1dfe542a2ee82be06d\redhat.java\ss_ws --pipe=\\.\pipe\lsp-e6fb4b8bbc0e7a4962bf0f4760b7b2dc-sock

Host: Intel(R) Celeron(R) N4020 CPU @ 1.10GHz, 2 cores, 3G,  Windows 10 , 64 bit Build 19041 (10.0.19041.2364)
Time: Sun Oct 13 14:30:17 2024 Egypt Standard Time elapsed time: 22.886738 seconds (0d 0h 0m 22s)

---------------  T H R E A D  ---------------

Current thread (0x0000022b7b57ce60):  JavaThread "C2 CompilerThread0" daemon [_thread_in_native, id=6744, stack(0x00000095c9700000,0x00000095c9800000)]


Current CompileTask:
C2:  22886 4561       4       java.lang.invoke.MethodType::makeImpl (109 bytes)

Stack: [0x00000095c9700000,0x00000095c9800000]
Native frames: (J=compiled Java code, j=interpreted, Vv=VM code, C=native code)
V  [jvm.dll+0x67f929]
V  [jvm.dll+0x8371ba]
V  [jvm.dll+0x838c7e]
V  [jvm.dll+0x8392e3]
V  [jvm.dll+0x24834f]
V  [jvm.dll+0xac9d4]
V  [jvm.dll+0xad01c]
V  [jvm.dll+0x2af96f]
V  [jvm.dll+0x5868d7]
V  [jvm.dll+0x2231c2]
V  [jvm.dll+0x21c0bd]
V  [jvm.dll+0x219be1]
V  [jvm.dll+0x1a58bd]
V  [jvm.dll+0x229a2d]
V  [jvm.dll+0x227bdc]
V  [jvm.dll+0x7ec1f7]
V  [jvm.dll+0x7e65dc]
V  [jvm.dll+0x67e7f7]
C  [ucrtbase.dll+0x21bb2]
C  [KERNEL32.DLL+0x17614]
C  [ntdll.dll+0x526a1]


---------------  P R O C E S S  ---------------

Threads class SMR info:
_java_thread_list=0x0000022b15ea4b20, length=32, elements={
0x0000022b7675a900, 0x0000022b7681b610, 0x0000022b7681d980, 0x0000022b7b578270,
0x0000022b7b57ad40, 0x0000022b7b57b700, 0x0000022b7b57c0c0, 0x0000022b7b57ce60,
0x0000022b7b5e0850, 0x0000022b7b5e4930, 0x0000022b13b08090, 0x0000022b13d5b040,
0x0000022b14261550, 0x0000022b14287030, 0x0000022b1434ab20, 0x0000022b13ec6290,
0x0000022b13ec6770, 0x0000022b14158780, 0x0000022b14e24fa0, 0x0000022b14e268f0,
0x0000022b14e27d30, 0x0000022b14e25ed0, 0x0000022b14e26e00, 0x0000022b14e254b0,
0x0000022b14e259c0, 0x0000022b14e27820, 0x0000022b14e27310, 0x0000022b14e263e0,
0x0000022b14f79ec0, 0x0000022b14f7d670, 0x0000022b14f7a3d0, 0x0000022b14f7efc0
}

Java Threads: ( => current thread )
  0x0000022b7675a900 JavaThread "main" [_thread_blocked, id=11708, stack(0x00000095c8e00000,0x00000095c8f00000)]
  0x0000022b7681b610 JavaThread "Reference Handler" daemon [_thread_blocked, id=13920, stack(0x00000095c9100000,0x00000095c9200000)]
  0x0000022b7681d980 JavaThread "Finalizer" daemon [_thread_blocked, id=2824, stack(0x00000095c9200000,0x00000095c9300000)]
  0x0000022b7b578270 JavaThread "Signal Dispatcher" daemon [_thread_blocked, id=8496, stack(0x00000095c9300000,0x00000095c9400000)]
  0x0000022b7b57ad40 JavaThread "Attach Listener" daemon [_thread_blocked, id=13288, stack(0x00000095c9400000,0x00000095c9500000)]
  0x0000022b7b57b700 JavaThread "Service Thread" daemon [_thread_blocked, id=544, stack(0x00000095c9500000,0x00000095c9600000)]
  0x0000022b7b57c0c0 JavaThread "Monitor Deflation Thread" daemon [_thread_blocked, id=4808, stack(0x00000095c9600000,0x00000095c9700000)]
=>0x0000022b7b57ce60 JavaThread "C2 CompilerThread0" daemon [_thread_in_native, id=6744, stack(0x00000095c9700000,0x00000095c9800000)]
  0x0000022b7b5e0850 JavaThread "C1 CompilerThread0" daemon [_thread_in_native, id=6560, stack(0x00000095c9800000,0x00000095c9900000)]
  0x0000022b7b5e4930 JavaThread "Sweeper thread" daemon [_thread_blocked, id=4396, stack(0x00000095c9900000,0x00000095c9a00000)]
  0x0000022b13b08090 JavaThread "Common-Cleaner" daemon [_thread_blocked, id=7392, stack(0x00000095c9a00000,0x00000095c9b00000)]
  0x0000022b13d5b040 JavaThread "Notification Thread" daemon [_thread_blocked, id=6064, stack(0x00000095c9b00000,0x00000095c9c00000)]
  0x0000022b14261550 JavaThread "Equinox resolver thread - Equinox Container: 817d296c-2c11-49cf-8d1b-87b8f9ff1ae5" daemon [_thread_blocked, id=12636, stack(0x00000095c9e00000,0x00000095c9f00000)]
  0x0000022b14287030 JavaThread "Equinox resolver thread - Equinox Container: 817d296c-2c11-49cf-8d1b-87b8f9ff1ae5" daemon [_thread_blocked, id=6288, stack(0x00000095c9f00000,0x00000095ca000000)]
  0x0000022b1434ab20 JavaThread "Active Thread: Equinox Container: 817d296c-2c11-49cf-8d1b-87b8f9ff1ae5" [_thread_blocked, id=708, stack(0x00000095ca000000,0x00000095ca100000)]
  0x0000022b13ec6290 JavaThread "Framework Event Dispatcher: Equinox Container: 817d296c-2c11-49cf-8d1b-87b8f9ff1ae5" daemon [_thread_blocked, id=1468, stack(0x00000095ca100000,0x00000095ca200000)]
  0x0000022b13ec6770 JavaThread "Start Level: Equinox Container: 817d296c-2c11-49cf-8d1b-87b8f9ff1ae5" daemon [_thread_blocked, id=13548, stack(0x00000095ca200000,0x00000095ca300000)]
  0x0000022b14158780 JavaThread "Refresh Thread: Equinox Container: 817d296c-2c11-49cf-8d1b-87b8f9ff1ae5" daemon [_thread_blocked, id=4592, stack(0x00000095ca300000,0x00000095ca400000)]
  0x0000022b14e24fa0 JavaThread "SCR Component Actor" daemon [_thread_blocked, id=8272, stack(0x00000095ca400000,0x00000095ca500000)]
  0x0000022b14e268f0 JavaThread "Worker-JM" [_thread_blocked, id=13576, stack(0x00000095ca600000,0x00000095ca700000)]
  0x0000022b14e27d30 JavaThread "Worker-0" [_thread_blocked, id=10272, stack(0x00000095ca700000,0x00000095ca800000)]
  0x0000022b14e25ed0 JavaThread "Worker-1" [_thread_blocked, id=13092, stack(0x00000095ca800000,0x00000095ca900000)]
  0x0000022b14e26e00 JavaThread "JNA Cleaner" daemon [_thread_blocked, id=3040, stack(0x00000095ca900000,0x00000095caa00000)]
  0x0000022b14e254b0 JavaThread "Thread-2" daemon [_thread_in_native, id=1020, stack(0x00000095caa00000,0x00000095cab00000)]
  0x0000022b14e259c0 JavaThread "Thread-3" daemon [_thread_in_native, id=7928, stack(0x00000095cab00000,0x00000095cac00000)]
  0x0000022b14e27820 JavaThread "Thread-4" daemon [_thread_in_native, id=9004, stack(0x00000095cac00000,0x00000095cad00000)]
  0x0000022b14e27310 JavaThread "pool-2-thread-1" [_thread_blocked, id=6400, stack(0x00000095cad00000,0x00000095cae00000)]
  0x0000022b14e263e0 JavaThread "WorkspaceEventsHandler" [_thread_blocked, id=13304, stack(0x00000095cae00000,0x00000095caf00000)]
  0x0000022b14f79ec0 JavaThread "pool-1-thread-1" [_thread_in_Java, id=7188, stack(0x00000095caf00000,0x00000095cb000000)]
  0x0000022b14f7d670 JavaThread "Thread-5" [_thread_blocked, id=6488, stack(0x00000095cb000000,0x00000095cb100000)]
  0x0000022b14f7a3d0 JavaThread "Thread-6" [_thread_blocked, id=8556, stack(0x00000095cb100000,0x00000095cb200000)]
  0x0000022b14f7efc0 JavaThread "Thread-7" [_thread_in_native, id=10784, stack(0x00000095cb200000,0x00000095cb300000)]

Other Threads:
  0x0000022b7b53f9e0 VMThread "VM Thread" [stack: 0x00000095c9000000,0x00000095c9100000] [id=11352]
  0x0000022b13d5b520 WatcherThread [stack: 0x00000095c9c00000,0x00000095c9d00000] [id=7152]
  0x0000022b767693d0 GCTaskThread "GC Thread#0" [stack: 0x00000095c8f00000,0x00000095c9000000] [id=13112]
  0x0000022b142cc030 GCTaskThread "GC Thread#1" [stack: 0x00000095c9d00000,0x00000095c9e00000] [id=9860]

Threads with active compile tasks:
C2 CompilerThread0    22928 4561       4       java.lang.invoke.MethodType::makeImpl (109 bytes)
C1 CompilerThread0    22928 4595       3       java.net.URLStreamHandler::parseURL (1201 bytes)

VM state: not at safepoint (normal execution)

VM Mutex/Monitor currently owned by a thread: None

Heap address: 0x00000000c0000000, size: 1024 MB, Compressed Oops mode: 32-bit

CDS archive(s) not mapped
Compressed class space mapped at: 0x0000000100000000-0x0000000140000000, reserved size: 1073741824
Narrow klass base: 0x0000000000000000, Narrow klass shift: 3, Narrow klass range: 0x140000000

GC Precious Log:
 CPUs: 2 total, 2 available
 Memory: 3899M
 Large Page Support: Disabled
 NUMA Support: Disabled
 Compressed Oops: Enabled (32-bit)
 Alignments: Space 512K, Generation 512K, Heap 2M
 Heap Min Capacity: 100M
 Heap Initial Capacity: 100M
 Heap Max Capacity: 1G
 Pre-touch: Disabled
 Parallel Workers: 2

Heap:
 PSYoungGen      total 24064K, used 8651K [0x00000000eab00000, 0x00000000ec800000, 0x0000000100000000)
  eden space 22528K, 31% used [0x00000000eab00000,0x00000000eb1f9130,0x00000000ec100000)
  from space 1536K, 98% used [0x00000000ec480000,0x00000000ec5f9ae8,0x00000000ec600000)
  to   space 3584K, 0% used [0x00000000ec100000,0x00000000ec100000,0x00000000ec480000)
 ParOldGen       total 68608K, used 14548K [0x00000000c0000000, 0x00000000c4300000, 0x00000000eab00000)
  object space 68608K, 21% used [0x00000000c0000000,0x00000000c0e35280,0x00000000c4300000)
 Metaspace       used 42118K, committed 42880K, reserved 1114112K
  class space    used 4198K, committed 4544K, reserved 1048576K

Card table byte_map: [0x0000022b76100000,0x0000022b76310000] _byte_map_base: 0x0000022b75b00000

Marking Bits: (ParMarkBitMap*) 0x00007ffe02a858b0
 Begin Bits: [0x0000022b79400000, 0x0000022b7a400000)
 End Bits:   [0x0000022b7a400000, 0x0000022b7b400000)

Polling page: 0x0000022b74620000

Metaspace:

Usage:
  Non-class:     37.03 MB used.
      Class:      4.10 MB used.
       Both:     41.13 MB used.

Virtual space:
  Non-class space:       64.00 MB reserved,      37.44 MB ( 58%) committed,  1 nodes.
      Class space:        1.00 GB reserved,       4.44 MB ( <1%) committed,  1 nodes.
             Both:        1.06 GB reserved,      41.88 MB (  4%) committed. 

Chunk freelists:
   Non-Class:  10.16 MB
       Class:  11.50 MB
        Both:  21.66 MB

MaxMetaspaceSize: unlimited
CompressedClassSpaceSize: 1.00 GB
Initial GC threshold: 21.00 MB
Current GC threshold: 58.38 MB
CDS: off
MetaspaceReclaimPolicy: balanced
 - commit_granule_bytes: 65536.
 - commit_granule_words: 8192.
 - virtual_space_node_default_size: 8388608.
 - enlarge_chunks_in_place: 1.
 - new_chunks_are_fully_committed: 0.
 - uncommit_free_chunks: 1.
 - use_allocation_guard: 0.
 - handle_deallocations: 1.


Internal statistics:

num_allocs_failed_limit: 6.
num_arena_births: 436.
num_arena_deaths: 14.
num_vsnodes_births: 2.
num_vsnodes_deaths: 0.
num_space_committed: 670.
num_space_uncommitted: 0.
num_chunks_returned_to_freelist: 20.
num_chunks_taken_from_freelist: 1773.
num_chunk_merges: 7.
num_chunk_splits: 1165.
num_chunks_enlarged: 787.
num_inconsistent_stats: 0.

CodeHeap 'non-profiled nmethods': size=120064Kb used=2093Kb max_used=2093Kb free=117970Kb
 bounds [0x0000022b07ac0000, 0x0000022b07d30000, 0x0000022b0f000000]
CodeHeap 'profiled nmethods': size=120000Kb used=10323Kb max_used=10323Kb free=109676Kb
 bounds [0x0000022b00000000, 0x0000022b00a20000, 0x0000022b07530000]
CodeHeap 'non-nmethods': size=5696Kb used=1311Kb max_used=1326Kb free=4384Kb
 bounds [0x0000022b07530000, 0x0000022b077a0000, 0x0000022b07ac0000]
 total_blobs=5233 nmethods=4585 adapters=563
 compilation: enabled
              stopped_count=0, restarted_count=0
 full_count=0

Compilation events (20 events):
Event: 22.864 Thread 0x0000022b7b5e0850 4564       3       java.lang.invoke.MethodType::methodType (9 bytes)
Event: 22.864 Thread 0x0000022b7b5e0850 nmethod 4564 0x0000022b00a0b490 code [0x0000022b00a0b620, 0x0000022b00a0b748]
Event: 22.865 Thread 0x0000022b7b5e0850 4566       3       java.lang.invoke.MemberName$Factory::resolveOrNull (54 bytes)
Event: 22.865 Thread 0x0000022b7b5e0850 nmethod 4566 0x0000022b00a0b810 code [0x0000022b00a0b9c0, 0x0000022b00a0bc88]
Event: 22.868 Thread 0x0000022b7b5e0850 4568       3       java.lang.invoke.MethodHandles$Lookup::maybeBindCaller (72 bytes)
Event: 22.869 Thread 0x0000022b7b5e0850 nmethod 4568 0x0000022b00a0bd90 code [0x0000022b00a0bfc0, 0x0000022b00a0c868]
Event: 22.870 Thread 0x0000022b7b5e0850 4569       3       java.lang.invoke.MethodTypeForm::<init> (322 bytes)
Event: 22.872 Thread 0x0000022b7b5e0850 nmethod 4569 0x0000022b00a0cb90 code [0x0000022b00a0ce60, 0x0000022b00a0e3a8]
Event: 22.874 Thread 0x0000022b7b5e0850 4573       3       java.lang.invoke.LambdaForm::<init> (115 bytes)
Event: 22.875 Thread 0x0000022b7b5e0850 nmethod 4573 0x0000022b00a0e990 code [0x0000022b00a0eb80, 0x0000022b00a0f128]
Event: 22.875 Thread 0x0000022b7b5e0850 4574       3       java.lang.invoke.InvokerBytecodeGenerator::generateCustomizedCode (34 bytes)
Event: 22.875 Thread 0x0000022b7b5e0850 nmethod 4574 0x0000022b00a0f390 code [0x0000022b00a0f5c0, 0x0000022b00a0faf8]
Event: 22.877 Thread 0x0000022b7b5e0850 4578       3       java.lang.invoke.MethodHandles$Lookup::resolveOrFail (48 bytes)
Event: 22.878 Thread 0x0000022b7b5e0850 nmethod 4578 0x0000022b00a0fd90 code [0x0000022b00a0ffc0, 0x0000022b00a10648]
Event: 22.878 Thread 0x0000022b7b5e0850 4580       3       java.lang.invoke.MemberName::getFactory (4 bytes)
Event: 22.878 Thread 0x0000022b7b5e0850 nmethod 4580 0x0000022b00a10910 code [0x0000022b00a10aa0, 0x0000022b00a10b98]
Event: 22.880 Thread 0x0000022b7b5e0850 4584       3       java.lang.invoke.MethodHandleNatives::refKindIsGetter (32 bytes)
Event: 22.881 Thread 0x0000022b7b5e0850 nmethod 4584 0x0000022b00a10c10 code [0x0000022b00a10da0, 0x0000022b00a10ef8]
Event: 22.881 Thread 0x0000022b7b5e0850 4585       3       java.lang.invoke.InvokerBytecodeGenerator::assertStaticType (58 bytes)
Event: 22.881 Thread 0x0000022b7b5e0850 nmethod 4585 0x0000022b00a10f90 code [0x0000022b00a11160, 0x0000022b00a11618]

GC Heap History (20 events):
Event: 16.129 GC heap before
{Heap before GC invocations=5 (full 0):
 PSYoungGen      total 29696K, used 7778K [0x00000000eab00000, 0x00000000ecc00000, 0x0000000100000000)
  eden space 25600K, 14% used [0x00000000eab00000,0x00000000eae9bb90,0x00000000ec400000)
  from space 4096K, 99% used [0x00000000ec800000,0x00000000ecbfcc98,0x00000000ecc00000)
  to   space 4096K, 0% used [0x00000000ec400000,0x00000000ec400000,0x00000000ec800000)
 ParOldGen       total 68608K, used 4522K [0x00000000c0000000, 0x00000000c4300000, 0x00000000eab00000)
  object space 68608K, 6% used [0x00000000c0000000,0x00000000c046a810,0x00000000c4300000)
 Metaspace       used 21085K, committed 21504K, reserved 1114112K
  class space    used 2112K, committed 2304K, reserved 1048576K
}
Event: 16.135 GC heap after
{Heap after GC invocations=5 (full 0):
 PSYoungGen      total 29696K, used 4082K [0x00000000eab00000, 0x00000000ece00000, 0x0000000100000000)
  eden space 25600K, 0% used [0x00000000eab00000,0x00000000eab00000,0x00000000ec400000)
  from space 4096K, 99% used [0x00000000ec400000,0x00000000ec7fca60,0x00000000ec800000)
  to   space 5120K, 0% used [0x00000000ec900000,0x00000000ec900000,0x00000000ece00000)
 ParOldGen       total 68608K, used 4796K [0x00000000c0000000, 0x00000000c4300000, 0x00000000eab00000)
  object space 68608K, 6% used [0x00000000c0000000,0x00000000c04af328,0x00000000c4300000)
 Metaspace       used 21085K, committed 21504K, reserved 1114112K
  class space    used 2112K, committed 2304K, reserved 1048576K
}
Event: 16.135 GC heap before
{Heap before GC invocations=6 (full 1):
 PSYoungGen      total 29696K, used 4082K [0x00000000eab00000, 0x00000000ece00000, 0x0000000100000000)
  eden space 25600K, 0% used [0x00000000eab00000,0x00000000eab00000,0x00000000ec400000)
  from space 4096K, 99% used [0x00000000ec400000,0x00000000ec7fca60,0x00000000ec800000)
  to   space 5120K, 0% used [0x00000000ec900000,0x00000000ec900000,0x00000000ece00000)
 ParOldGen       total 68608K, used 4796K [0x00000000c0000000, 0x00000000c4300000, 0x00000000eab00000)
  object space 68608K, 6% used [0x00000000c0000000,0x00000000c04af328,0x00000000c4300000)
 Metaspace       used 21085K, committed 21504K, reserved 1114112K
  class space    used 2112K, committed 2304K, reserved 1048576K
}
Event: 16.190 GC heap after
{Heap after GC invocations=6 (full 1):
 PSYoungGen      total 29696K, used 0K [0x00000000eab00000, 0x00000000ece00000, 0x0000000100000000)
  eden space 25600K, 0% used [0x00000000eab00000,0x00000000eab00000,0x00000000ec400000)
  from space 4096K, 0% used [0x00000000ec400000,0x00000000ec400000,0x00000000ec800000)
  to   space 5120K, 0% used [0x00000000ec900000,0x00000000ec900000,0x00000000ece00000)
 ParOldGen       total 68608K, used 8652K [0x00000000c0000000, 0x00000000c4300000, 0x00000000eab00000)
  object space 68608K, 12% used [0x00000000c0000000,0x00000000c0873230,0x00000000c4300000)
 Metaspace       used 21072K, committed 21504K, reserved 1114112K
  class space    used 2108K, committed 2304K, reserved 1048576K
}
Event: 16.703 GC heap before
{Heap before GC invocations=7 (full 1):
 PSYoungGen      total 29696K, used 25592K [0x00000000eab00000, 0x00000000ece00000, 0x0000000100000000)
  eden space 25600K, 99% used [0x00000000eab00000,0x00000000ec3fe1e0,0x00000000ec400000)
  from space 4096K, 0% used [0x00000000ec400000,0x00000000ec400000,0x00000000ec800000)
  to   space 5120K, 0% used [0x00000000ec900000,0x00000000ec900000,0x00000000ece00000)
 ParOldGen       total 68608K, used 8652K [0x00000000c0000000, 0x00000000c4300000, 0x00000000eab00000)
  object space 68608K, 12% used [0x00000000c0000000,0x00000000c0873230,0x00000000c4300000)
 Metaspace       used 23979K, committed 24512K, reserved 1114112K
  class space    used 2384K, committed 2624K, reserved 1048576K
}
Event: 16.705 GC heap after
{Heap after GC invocations=7 (full 1):
 PSYoungGen      total 26112K, used 614K [0x00000000eab00000, 0x00000000eca00000, 0x0000000100000000)
  eden space 25088K, 0% used [0x00000000eab00000,0x00000000eab00000,0x00000000ec380000)
  from space 1024K, 60% used [0x00000000ec900000,0x00000000ec999b28,0x00000000eca00000)
  to   space 2560K, 0% used [0x00000000ec500000,0x00000000ec500000,0x00000000ec780000)
 ParOldGen       total 68608K, used 8652K [0x00000000c0000000, 0x00000000c4300000, 0x00000000eab00000)
  object space 68608K, 12% used [0x00000000c0000000,0x00000000c0873230,0x00000000c4300000)
 Metaspace       used 23979K, committed 24512K, reserved 1114112K
  class space    used 2384K, committed 2624K, reserved 1048576K
}
Event: 17.398 GC heap before
{Heap before GC invocations=8 (full 1):
 PSYoungGen      total 26112K, used 25702K [0x00000000eab00000, 0x00000000eca00000, 0x0000000100000000)
  eden space 25088K, 100% used [0x00000000eab00000,0x00000000ec380000,0x00000000ec380000)
  from space 1024K, 60% used [0x00000000ec900000,0x00000000ec999b28,0x00000000eca00000)
  to   space 2560K, 0% used [0x00000000ec500000,0x00000000ec500000,0x00000000ec780000)
 ParOldGen       total 68608K, used 8652K [0x00000000c0000000, 0x00000000c4300000, 0x00000000eab00000)
  object space 68608K, 12% used [0x00000000c0000000,0x00000000c0873230,0x00000000c4300000)
 Metaspace       used 27804K, committed 28352K, reserved 1114112K
  class space    used 2657K, committed 2880K, reserved 1048576K
}
Event: 17.400 GC heap after
{Heap after GC invocations=8 (full 1):
 PSYoungGen      total 27136K, used 2184K [0x00000000eab00000, 0x00000000ec980000, 0x0000000100000000)
  eden space 24576K, 0% used [0x00000000eab00000,0x00000000eab00000,0x00000000ec300000)
  from space 2560K, 85% used [0x00000000ec500000,0x00000000ec7222b0,0x00000000ec780000)
  to   space 2048K, 0% used [0x00000000ec780000,0x00000000ec780000,0x00000000ec980000)
 ParOldGen       total 68608K, used 8660K [0x00000000c0000000, 0x00000000c4300000, 0x00000000eab00000)
  object space 68608K, 12% used [0x00000000c0000000,0x00000000c0875230,0x00000000c4300000)
 Metaspace       used 27804K, committed 28352K, reserved 1114112K
  class space    used 2657K, committed 2880K, reserved 1048576K
}
Event: 18.329 GC heap before
{Heap before GC invocations=9 (full 1):
 PSYoungGen      total 27136K, used 26760K [0x00000000eab00000, 0x00000000ec980000, 0x0000000100000000)
  eden space 24576K, 100% used [0x00000000eab00000,0x00000000ec300000,0x00000000ec300000)
  from space 2560K, 85% used [0x00000000ec500000,0x00000000ec7222b0,0x00000000ec780000)
  to   space 2048K, 0% used [0x00000000ec780000,0x00000000ec780000,0x00000000ec980000)
 ParOldGen       total 68608K, used 8660K [0x00000000c0000000, 0x00000000c4300000, 0x00000000eab00000)
  object space 68608K, 12% used [0x00000000c0000000,0x00000000c0875230,0x00000000c4300000)
 Metaspace       used 30768K, committed 31296K, reserved 1114112K
  class space    used 2928K, committed 3136K, reserved 1048576K
}
Event: 18.334 GC heap after
{Heap after GC invocations=9 (full 1):
 PSYoungGen      total 26112K, used 2043K [0x00000000eab00000, 0x00000000eca80000, 0x0000000100000000)
  eden space 24064K, 0% used [0x00000000eab00000,0x00000000eab00000,0x00000000ec280000)
  from space 2048K, 99% used [0x00000000ec780000,0x00000000ec97eda0,0x00000000ec980000)
  to   space 4096K, 0% used [0x00000000ec280000,0x00000000ec280000,0x00000000ec680000)
 ParOldGen       total 68608K, used 10211K [0x00000000c0000000, 0x00000000c4300000, 0x00000000eab00000)
  object space 68608K, 14% used [0x00000000c0000000,0x00000000c09f8e88,0x00000000c4300000)
 Metaspace       used 30768K, committed 31296K, reserved 1114112K
  class space    used 2928K, committed 3136K, reserved 1048576K
}
Event: 19.721 GC heap before
{Heap before GC invocations=10 (full 1):
 PSYoungGen      total 26112K, used 26107K [0x00000000eab00000, 0x00000000eca80000, 0x0000000100000000)
  eden space 24064K, 100% used [0x00000000eab00000,0x00000000ec280000,0x00000000ec280000)
  from space 2048K, 99% used [0x00000000ec780000,0x00000000ec97eda0,0x00000000ec980000)
  to   space 4096K, 0% used [0x00000000ec280000,0x00000000ec280000,0x00000000ec680000)
 ParOldGen       total 68608K, used 10211K [0x00000000c0000000, 0x00000000c4300000, 0x00000000eab00000)
  object space 68608K, 14% used [0x00000000c0000000,0x00000000c09f8e88,0x00000000c4300000)
 Metaspace       used 34681K, committed 35328K, reserved 1114112K
  class space    used 3423K, committed 3712K, reserved 1048576K
}
Event: 19.726 GC heap after
{Heap after GC invocations=10 (full 1):
 PSYoungGen      total 26624K, used 2731K [0x00000000eab00000, 0x00000000ec800000, 0x0000000100000000)
  eden space 23552K, 0% used [0x00000000eab00000,0x00000000eab00000,0x00000000ec200000)
  from space 3072K, 88% used [0x00000000ec280000,0x00000000ec52adb0,0x00000000ec580000)
  to   space 2560K, 0% used [0x00000000ec580000,0x00000000ec580000,0x00000000ec800000)
 ParOldGen       total 68608K, used 10427K [0x00000000c0000000, 0x00000000c4300000, 0x00000000eab00000)
  object space 68608K, 15% used [0x00000000c0000000,0x00000000c0a2ee98,0x00000000c4300000)
 Metaspace       used 34681K, committed 35328K, reserved 1114112K
  class space    used 3423K, committed 3712K, reserved 1048576K
}
Event: 19.942 GC heap before
{Heap before GC invocations=11 (full 1):
 PSYoungGen      total 26624K, used 5647K [0x00000000eab00000, 0x00000000ec800000, 0x0000000100000000)
  eden space 23552K, 12% used [0x00000000eab00000,0x00000000eadd8fe0,0x00000000ec200000)
  from space 3072K, 88% used [0x00000000ec280000,0x00000000ec52adb0,0x00000000ec580000)
  to   space 2560K, 0% used [0x00000000ec580000,0x00000000ec580000,0x00000000ec800000)
 ParOldGen       total 68608K, used 10427K [0x00000000c0000000, 0x00000000c4300000, 0x00000000eab00000)
  object space 68608K, 15% used [0x00000000c0000000,0x00000000c0a2ee98,0x00000000c4300000)
 Metaspace       used 35160K, committed 35840K, reserved 1114112K
  class space    used 3479K, committed 3776K, reserved 1048576K
}
Event: 19.947 GC heap after
{Heap after GC invocations=11 (full 1):
 PSYoungGen      total 24576K, used 1024K [0x00000000eab00000, 0x00000000ec680000, 0x0000000100000000)
  eden space 23552K, 0% used [0x00000000eab00000,0x00000000eab00000,0x00000000ec200000)
  from space 1024K, 100% used [0x00000000ec580000,0x00000000ec680000,0x00000000ec680000)
  to   space 2048K, 0% used [0x00000000ec280000,0x00000000ec280000,0x00000000ec480000)
 ParOldGen       total 68608K, used 12252K [0x00000000c0000000, 0x00000000c4300000, 0x00000000eab00000)
  object space 68608K, 17% used [0x00000000c0000000,0x00000000c0bf71c8,0x00000000c4300000)
 Metaspace       used 35160K, committed 35840K, reserved 1114112K
  class space    used 3479K, committed 3776K, reserved 1048576K
}
Event: 19.947 GC heap before
{Heap before GC invocations=12 (full 2):
 PSYoungGen      total 24576K, used 1024K [0x00000000eab00000, 0x00000000ec680000, 0x0000000100000000)
  eden space 23552K, 0% used [0x00000000eab00000,0x00000000eab00000,0x00000000ec200000)
  from space 1024K, 100% used [0x00000000ec580000,0x00000000ec680000,0x00000000ec680000)
  to   space 2048K, 0% used [0x00000000ec280000,0x00000000ec280000,0x00000000ec480000)
 ParOldGen       total 68608K, used 12252K [0x00000000c0000000, 0x00000000c4300000, 0x00000000eab00000)
  object space 68608K, 17% used [0x00000000c0000000,0x00000000c0bf71c8,0x00000000c4300000)
 Metaspace       used 35160K, committed 35840K, reserved 1114112K
  class space    used 3479K, committed 3776K, reserved 1048576K
}
Event: 20.009 GC heap after
{Heap after GC invocations=12 (full 2):
 PSYoungGen      total 24576K, used 0K [0x00000000eab00000, 0x00000000ec680000, 0x0000000100000000)
  eden space 23552K, 0% used [0x00000000eab00000,0x00000000eab00000,0x00000000ec200000)
  from space 1024K, 0% used [0x00000000ec580000,0x00000000ec580000,0x00000000ec680000)
  to   space 2048K, 0% used [0x00000000ec280000,0x00000000ec280000,0x00000000ec480000)
 ParOldGen       total 68608K, used 13143K [0x00000000c0000000, 0x00000000c4300000, 0x00000000eab00000)
  object space 68608K, 19% used [0x00000000c0000000,0x00000000c0cd5d38,0x00000000c4300000)
 Metaspace       used 35160K, committed 35840K, reserved 1114112K
  class space    used 3479K, committed 3776K, reserved 1048576K
}
Event: 21.690 GC heap before
{Heap before GC invocations=13 (full 2):
 PSYoungGen      total 24576K, used 23552K [0x00000000eab00000, 0x00000000ec680000, 0x0000000100000000)
  eden space 23552K, 100% used [0x00000000eab00000,0x00000000ec200000,0x00000000ec200000)
  from space 1024K, 0% used [0x00000000ec580000,0x00000000ec580000,0x00000000ec680000)
  to   space 2048K, 0% used [0x00000000ec280000,0x00000000ec280000,0x00000000ec480000)
 ParOldGen       total 68608K, used 13143K [0x00000000c0000000, 0x00000000c4300000, 0x00000000eab00000)
  object space 68608K, 19% used [0x00000000c0000000,0x00000000c0cd5d38,0x00000000c4300000)
 Metaspace       used 38361K, committed 39040K, reserved 1114112K
  class space    used 3838K, committed 4160K, reserved 1048576K
}
Event: 21.693 GC heap after
{Heap after GC invocations=13 (full 2):
 PSYoungGen      total 25088K, used 1088K [0x00000000eab00000, 0x00000000ec600000, 0x0000000100000000)
  eden space 23040K, 0% used [0x00000000eab00000,0x00000000eab00000,0x00000000ec180000)
  from space 2048K, 53% used [0x00000000ec280000,0x00000000ec390000,0x00000000ec480000)
  to   space 1536K, 0% used [0x00000000ec480000,0x00000000ec480000,0x00000000ec600000)
 ParOldGen       total 68608K, used 13151K [0x00000000c0000000, 0x00000000c4300000, 0x00000000eab00000)
  object space 68608K, 19% used [0x00000000c0000000,0x00000000c0cd7d38,0x00000000c4300000)
 Metaspace       used 38361K, committed 39040K, reserved 1114112K
  class space    used 3838K, committed 4160K, reserved 1048576K
}
Event: 22.657 GC heap before
{Heap before GC invocations=14 (full 2):
 PSYoungGen      total 25088K, used 24128K [0x00000000eab00000, 0x00000000ec600000, 0x0000000100000000)
  eden space 23040K, 100% used [0x00000000eab00000,0x00000000ec180000,0x00000000ec180000)
  from space 2048K, 53% used [0x00000000ec280000,0x00000000ec390000,0x00000000ec480000)
  to   space 1536K, 0% used [0x00000000ec480000,0x00000000ec480000,0x00000000ec600000)
 ParOldGen       total 68608K, used 13151K [0x00000000c0000000, 0x00000000c4300000, 0x00000000eab00000)
  object space 68608K, 19% used [0x00000000c0000000,0x00000000c0cd7d38,0x00000000c4300000)
 Metaspace       used 41701K, committed 42432K, reserved 1114112K
  class space    used 4151K, committed 4480K, reserved 1048576K
}
Event: 22.663 GC heap after
{Heap after GC invocations=14 (full 2):
 PSYoungGen      total 24064K, used 1510K [0x00000000eab00000, 0x00000000ec800000, 0x0000000100000000)
  eden space 22528K, 0% used [0x00000000eab00000,0x00000000eab00000,0x00000000ec100000)
  from space 1536K, 98% used [0x00000000ec480000,0x00000000ec5f9ae8,0x00000000ec600000)
  to   space 3584K, 0% used [0x00000000ec100000,0x00000000ec100000,0x00000000ec480000)
 ParOldGen       total 68608K, used 14548K [0x00000000c0000000, 0x00000000c4300000, 0x00000000eab00000)
  object space 68608K, 21% used [0x00000000c0000000,0x00000000c0e35280,0x00000000c4300000)
 Metaspace       used 41701K, committed 42432K, reserved 1114112K
  class space    used 4151K, committed 4480K, reserved 1048576K
}

Dll operation events (12 events):
Event: 0.094 Loaded shared library c:\Users\Sabine\.vscode\extensions\redhat.java-1.35.1-win32-x64\jre\17.0.12-win32-x86_64\bin\java.dll
Event: 0.404 Loaded shared library c:\Users\Sabine\.vscode\extensions\redhat.java-1.35.1-win32-x64\jre\17.0.12-win32-x86_64\bin\zip.dll
Event: 0.416 Loaded shared library C:\Users\Sabine\.vscode\extensions\redhat.java-1.35.1-win32-x64\jre\17.0.12-win32-x86_64\bin\instrument.dll
Event: 0.484 Loaded shared library C:\Users\Sabine\.vscode\extensions\redhat.java-1.35.1-win32-x64\jre\17.0.12-win32-x86_64\bin\net.dll
Event: 0.501 Loaded shared library C:\Users\Sabine\.vscode\extensions\redhat.java-1.35.1-win32-x64\jre\17.0.12-win32-x86_64\bin\nio.dll
Event: 0.515 Loaded shared library C:\Users\Sabine\.vscode\extensions\redhat.java-1.35.1-win32-x64\jre\17.0.12-win32-x86_64\bin\zip.dll
Event: 0.543 Loaded shared library C:\Users\Sabine\.vscode\extensions\redhat.java-1.35.1-win32-x64\jre\17.0.12-win32-x86_64\bin\jimage.dll
Event: 0.719 Loaded shared library c:\Users\Sabine\.vscode\extensions\redhat.java-1.35.1-win32-x64\jre\17.0.12-win32-x86_64\bin\verify.dll
Event: 12.401 Loaded shared library C:\Users\Sabine\AppData\Roaming\Code\User\globalStorage\redhat.java\1.35.1\config_ss_win\org.eclipse.equinox.launcher\org.eclipse.equinox.launcher.win32.win32.x86_64_1.2.1100.v20240722-2106\eclipse_11904.dll
Event: 16.070 Loaded shared library C:\Users\Sabine\.vscode\extensions\redhat.java-1.35.1-win32-x64\jre\17.0.12-win32-x86_64\bin\management.dll
Event: 16.117 Loaded shared library C:\Users\Sabine\.vscode\extensions\redhat.java-1.35.1-win32-x64\jre\17.0.12-win32-x86_64\bin\management_ext.dll
Event: 19.072 Loaded shared library C:\Users\Sabine\AppData\Local\Temp\jna--1826142292\jna5131905457347674950.dll

Deoptimization events (20 events):
Event: 22.506 Thread 0x0000022b14f7d670 DEOPT PACKING pc=0x0000022b07cafca0 sp=0x00000095cb0fc470
Event: 22.506 Thread 0x0000022b14f7d670 DEOPT UNPACKING pc=0x0000022b0758669d sp=0x00000095cb0fc400 mode 2
Event: 22.506 Thread 0x0000022b14f7d670 Uncommon trap: trap_request=0xffffffbe fr.pc=0x0000022b07c6c708 relative=0x0000000000001188
Event: 22.506 Thread 0x0000022b14f7d670 Uncommon trap: reason=profile_predicate action=maybe_recompile pc=0x0000022b07c6c708 method=java.util.Properties.load0(Ljava/util/Properties$LineReader;)V @ 14 c2
Event: 22.506 Thread 0x0000022b14f7d670 DEOPT PACKING pc=0x0000022b07c6c708 sp=0x00000095cb0fc500
Event: 22.506 Thread 0x0000022b14f7d670 DEOPT UNPACKING pc=0x0000022b0758669d sp=0x00000095cb0fc4e0 mode 2
Event: 22.506 Thread 0x0000022b14f7d670 Uncommon trap: trap_request=0xffffff45 fr.pc=0x0000022b07bc2870 relative=0x0000000000000a50
Event: 22.506 Thread 0x0000022b14f7d670 Uncommon trap: reason=unstable_if action=reinterpret pc=0x0000022b07bc2870 method=java.util.Properties$LineReader.readLine()I @ 379 c2
Event: 22.506 Thread 0x0000022b14f7d670 DEOPT PACKING pc=0x0000022b07bc2870 sp=0x00000095cb0fc470
Event: 22.506 Thread 0x0000022b14f7d670 DEOPT UNPACKING pc=0x0000022b0758669d sp=0x00000095cb0fc418 mode 2
Event: 22.509 Thread 0x0000022b14f7d670 Uncommon trap: trap_request=0xffffffbe fr.pc=0x0000022b07c612a4 relative=0x0000000000001224
Event: 22.509 Thread 0x0000022b14f7d670 Uncommon trap: reason=profile_predicate action=maybe_recompile pc=0x0000022b07c612a4 method=java.util.Properties.load0(Ljava/util/Properties$LineReader;)V @ 29 c2
Event: 22.509 Thread 0x0000022b14f7d670 DEOPT PACKING pc=0x0000022b07c612a4 sp=0x00000095cb0fc500
Event: 22.509 Thread 0x0000022b14f7d670 DEOPT UNPACKING pc=0x0000022b0758669d sp=0x00000095cb0fc4e8 mode 2
Event: 22.687 Thread 0x0000022b14f7efc0 DEOPT PACKING pc=0x0000022b00073309 sp=0x00000095cb2f9b20
Event: 22.687 Thread 0x0000022b14f7efc0 DEOPT UNPACKING pc=0x0000022b07586e24 sp=0x00000095cb2f9018 mode 0
Event: 22.815 Thread 0x0000022b14f7efc0 DEOPT PACKING pc=0x0000022b00678355 sp=0x00000095cb2fd7f0
Event: 22.815 Thread 0x0000022b14f7efc0 DEOPT UNPACKING pc=0x0000022b07586e24 sp=0x00000095cb2fcca0 mode 0
Event: 22.829 Thread 0x0000022b14f7efc0 DEOPT PACKING pc=0x0000022b00678355 sp=0x00000095cb2f94d0
Event: 22.829 Thread 0x0000022b14f7efc0 DEOPT UNPACKING pc=0x0000022b07586e24 sp=0x00000095cb2f8980 mode 0

Classes loaded (20 events):
Event: 22.814 Loading class java/lang/runtime/ObjectMethods
Event: 22.841 Loading class java/lang/runtime/ObjectMethods done
Event: 22.844 Loading class java/util/Collections$CopiesList
Event: 22.845 Loading class java/util/Collections$CopiesList done
Event: 22.845 Loading class java/lang/invoke/MethodHandleImpl$Makers
Event: 22.845 Loading class java/lang/invoke/MethodHandleImpl$Makers done
Event: 22.845 Loading class java/lang/invoke/MethodHandleImpl$Makers$1
Event: 22.845 Loading class java/lang/invoke/MethodHandleImpl$Makers$1 done
Event: 22.845 Loading class java/lang/invoke/MethodHandleImpl$Makers$2
Event: 22.845 Loading class java/lang/invoke/MethodHandleImpl$Makers$2 done
Event: 22.845 Loading class java/lang/invoke/MethodHandleImpl$Makers$3
Event: 22.845 Loading class java/lang/invoke/MethodHandleImpl$Makers$3 done
Event: 22.864 Loading class java/lang/invoke/DirectMethodHandle$EnsureInitialized
Event: 22.864 Loading class java/lang/invoke/DirectMethodHandle$EnsureInitialized done
Event: 22.864 Loading class java/lang/invoke/BoundMethodHandle$Species_I
Event: 22.864 Loading class java/lang/invoke/BoundMethodHandle$Species_I done
Event: 22.866 Loading class java/lang/runtime/ObjectMethods$1
Event: 22.866 Loading class java/lang/runtime/ObjectMethods$1 done
Event: 22.878 Loading class java/lang/invoke/DirectMethodHandle$1
Event: 22.879 Loading class java/lang/invoke/DirectMethodHandle$1 done

Classes unloaded (7 events):
Event: 16.145 Thread 0x0000022b7b53f9e0 Unloading class 0x0000000100252000 'java/lang/invoke/LambdaForm$MH+0x0000000100252000'
Event: 16.145 Thread 0x0000022b7b53f9e0 Unloading class 0x0000000100251c00 'java/lang/invoke/LambdaForm$MH+0x0000000100251c00'
Event: 16.145 Thread 0x0000022b7b53f9e0 Unloading class 0x0000000100251800 'java/lang/invoke/LambdaForm$MH+0x0000000100251800'
Event: 16.145 Thread 0x0000022b7b53f9e0 Unloading class 0x0000000100251400 'java/lang/invoke/LambdaForm$MH+0x0000000100251400'
Event: 16.145 Thread 0x0000022b7b53f9e0 Unloading class 0x0000000100251000 'java/lang/invoke/LambdaForm$BMH+0x0000000100251000'
Event: 16.145 Thread 0x0000022b7b53f9e0 Unloading class 0x0000000100250c00 'java/lang/invoke/LambdaForm$DMH+0x0000000100250c00'
Event: 16.145 Thread 0x0000022b7b53f9e0 Unloading class 0x000000010024c400 'java/lang/invoke/LambdaForm$DMH+0x000000010024c400'

Classes redefined (0 events):
No events

Internal exceptions (20 events):
Event: 21.747 Thread 0x0000022b14f79ec0 Exception <a 'java/io/FileNotFoundException'{0x00000000eac0a0e0}> (0x00000000eac0a0e0) 
thrown [s\src\hotspot\share\prims\jni.cpp, line 516]
Event: 21.747 Thread 0x0000022b14f79ec0 Exception <a 'java/io/FileNotFoundException'{0x00000000eac0b108}> (0x00000000eac0b108) 
thrown [s\src\hotspot\share\prims\jni.cpp, line 516]
Event: 21.762 Thread 0x0000022b14f79ec0 Exception <a 'sun/nio/fs/WindowsException'{0x00000000eac96c68}> (0x00000000eac96c68) 
thrown [s\src\hotspot\share\prims\jni.cpp, line 516]
Event: 21.798 Thread 0x0000022b14f79ec0 Exception <a 'sun/nio/fs/WindowsException'{0x00000000ead09370}> (0x00000000ead09370) 
thrown [s\src\hotspot\share\prims\jni.cpp, line 516]
Event: 22.182 Thread 0x0000022b14f7d670 Exception <a 'sun/nio/fs/WindowsException'{0x00000000eabdd648}> (0x00000000eabdd648) 
thrown [s\src\hotspot\share\prims\jni.cpp, line 516]
Event: 22.257 Thread 0x0000022b14f79ec0 Exception <a 'java/lang/ClassNotFoundException'{0x00000000eb102440}: com/sun/org/apache/xerces/internal/impl/msg/spi/DOMMessagesProvider> (0x00000000eb102440) 
thrown [s\src\hotspot\share\classfile\systemDictionary.cpp, line 256]
Event: 22.258 Thread 0x0000022b14f79ec0 Exception <a 'java/lang/ClassNotFoundException'{0x00000000eb5d0208}: com/sun/org/apache/xerces/internal/impl/msg/spi/XMLSerializerMessagesProvider> (0x00000000eb5d0208) 
thrown [s\src\hotspot\share\classfile\systemDictionary.cpp, line 256]
Event: 22.264 Thread 0x0000022b14f79ec0 Exception <a 'java/lang/ClassNotFoundException'{0x00000000eb5dd4e0}: com/sun/org/apache/xerces/internal/impl/msg/spi/XMLMessagesProvider> (0x00000000eb5dd4e0) 
thrown [s\src\hotspot\share\classfile\systemDictionary.cpp, line 256]
Event: 22.423 Thread 0x0000022b14f79ec0 Exception <a 'java/lang/NoSuchMethodError'{0x00000000ebab1188}: 'java.lang.Object java.lang.invoke.Invokers$Holder.invoke_MT(java.lang.Object, java.lang.Object, java.lang.Object)'> (0x00000000ebab1188) 
thrown [s\src\hotspot\share\interpreter\linkResolver.cpp, line 759]
Event: 22.842 Thread 0x0000022b14f79ec0 Exception <a 'java/lang/NoSuchMethodError'{0x00000000eaeb6bf0}: 'java.lang.Object java.lang.invoke.DirectMethodHandle$Holder.invokeStaticInit(java.lang.Object, java.lang.Object, java.lang.Object, java.lang.Object, java.lang.Object, java.lang.Object, java.lang.Object)'> (0x00000000eaeb6bf0) 
thrown [s\src\hotspot\share\interpreter\linkResolver.cpp, line 759]
Event: 22.843 Thread 0x0000022b14f79ec0 Exception <a 'java/lang/NoSuchMethodError'{0x00000000eafb0038}: 'java.lang.Object java.lang.invoke.DirectMethodHandle$Holder.invokeSpecial(java.lang.Object, java.lang.Object, java.lang.Object, java.lang.Object, java.lang.Object, java.lang.Object, java.lang.Object, java.lang.Object, java.lang.Object, java.lang.Object)'> (0x00000000eafb0038) 
thrown [s\src\hotspot\share\interpreter\linkResolver.cpp, line 759]
Event: 22.844 Thread 0x0000022b14f79ec0 Exception <a 'java/lang/NoSuchMethodError'{0x00000000eafb48c8}: 'java.lang.Object java.lang.invoke.Invokers$Holder.invoke_MT(java.lang.Object, java.lang.Object, java.lang.Object, java.lang.Object, java.lang.Object, java.lang.Object, java.lang.Object, java.lang.Object, java.lang.Object, java.lang.Object)'> (0x00000000eafb48c8) 
thrown [s\src\hotspot\share\interpreter\linkResolver.cpp, line 759]
Event: 22.866 Thread 0x0000022b14f79ec0 Exception <a 'java/lang/NoSuchMethodError'{0x00000000eb024968}: 'int java.lang.invoke.DirectMethodHandle$Holder.invokeVirtual(java.lang.Object, java.lang.Object, java.lang.Object)'> (0x00000000eb024968) 
thrown [s\src\hotspot\share\interpreter\linkResolver.cpp, line 759]
Event: 22.870 Thread 0x0000022b14f79ec0 Exception <a 'java/lang/NoSuchMethodError'{0x00000000eb029178}: 'int java.lang.invoke.DirectMethodHandle$Holder.invokeStaticInit(java.lang.Object, int, int)'> (0x00000000eb029178) 
thrown [s\src\hotspot\share\interpreter\linkResolver.cpp, line 759]
Event: 22.873 Thread 0x0000022b14f79ec0 Exception <a 'java/lang/NoSuchMethodError'{0x00000000eb030c10}: 'int java.lang.invoke.DirectMethodHandle$Holder.invokeStaticInit(java.lang.Object, long, long)'> (0x00000000eb030c10) 
thrown [s\src\hotspot\share\interpreter\linkResolver.cpp, line 759]
Event: 22.873 Thread 0x0000022b14f79ec0 Exception <a 'java/lang/NoSuchMethodError'{0x00000000eb037fe8}: 'int java.lang.invoke.DirectMethodHandle$Holder.invokeStaticInit(java.lang.Object, float, float)'> (0x00000000eb037fe8) 
thrown [s\src\hotspot\share\interpreter\linkResolver.cpp, line 759]
Event: 22.875 Thread 0x0000022b14f79ec0 Exception <a 'java/lang/NoSuchMethodError'{0x00000000eb03f0e8}: 'int java.lang.invoke.DirectMethodHandle$Holder.invokeStaticInit(java.lang.Object, double, double)'> (0x00000000eb03f0e8) 
thrown [s\src\hotspot\share\interpreter\linkResolver.cpp, line 759]
Event: 22.876 Thread 0x0000022b14f79ec0 Exception <a 'java/lang/NoSuchMethodError'{0x00000000eb043998}: 'int java.lang.invoke.DirectMethodHandle$Holder.invokeStatic(java.lang.Object, long)'> (0x00000000eb043998) 
thrown [s\src\hotspot\share\interpreter\linkResolver.cpp, line 759]
Event: 22.880 Thread 0x0000022b14f79ec0 Exception <a 'java/lang/NoSuchMethodError'{0x00000000eb05d2c0}: 'int java.lang.invoke.DirectMethodHandle$Holder.invokeSpecial(java.lang.Object, java.lang.Object, int, int)'> (0x00000000eb05d2c0) 
thrown [s\src\hotspot\share\interpreter\linkResolver.cpp, line 759]
Event: 22.882 Thread 0x0000022b14f79ec0 Exception <a 'java/lang/NoSuchMethodError'{0x00000000eb06c100}: 'int java.lang.invoke.Invokers$Holder.linkToTargetMethod(java.lang.Object, java.lang.Object)'> (0x00000000eb06c100) 
thrown [s\src\hotspot\share\interpreter\linkResolver.cpp, line 759]

VM Operations (20 events):
Event: 21.377 Executing VM operation: HandshakeAllThreads
Event: 21.377 Executing VM operation: HandshakeAllThreads done
Event: 21.377 Executing VM operation: Cleanup
Event: 21.379 Executing VM operation: Cleanup done
Event: 21.549 Executing VM operation: HandshakeAllThreads
Event: 21.550 Executing VM operation: HandshakeAllThreads done
Event: 21.679 Executing VM operation: ParallelGCFailedAllocation
Event: 21.694 Executing VM operation: ParallelGCFailedAllocation done
Event: 22.350 Executing VM operation: HandshakeAllThreads
Event: 22.353 Executing VM operation: HandshakeAllThreads done
Event: 22.382 Executing VM operation: HandshakeAllThreads
Event: 22.382 Executing VM operation: HandshakeAllThreads done
Event: 22.385 Executing VM operation: HandshakeAllThreads
Event: 22.385 Executing VM operation: HandshakeAllThreads done
Event: 22.476 Executing VM operation: HandshakeAllThreads
Event: 22.476 Executing VM operation: HandshakeAllThreads done
Event: 22.476 Executing VM operation: HandshakeAllThreads
Event: 22.476 Executing VM operation: HandshakeAllThreads done
Event: 22.657 Executing VM operation: ParallelGCFailedAllocation
Event: 22.663 Executing VM operation: ParallelGCFailedAllocation done

Events (20 events):
Event: 11.693 Thread 0x0000022b13ec6770 Thread added: 0x0000022b13ec6770
Event: 12.370 Thread 0x0000022b14158780 Thread added: 0x0000022b14158780
Event: 14.015 Thread 0x0000022b14e24fa0 Thread added: 0x0000022b14e24fa0
Event: 14.432 Thread 0x0000022b14e24a90 Thread added: 0x0000022b14e24a90
Event: 15.821 Thread 0x0000022b14e268f0 Thread added: 0x0000022b14e268f0
Event: 16.316 Thread 0x0000022b14e27d30 Thread added: 0x0000022b14e27d30
Event: 16.348 Thread 0x0000022b14e25ed0 Thread added: 0x0000022b14e25ed0
Event: 17.718 Thread 0x0000022b14e27310 Thread added: 0x0000022b14e27310
Event: 18.037 Thread 0x0000022b14e27310 Thread exited: 0x0000022b14e27310
Event: 19.098 Thread 0x0000022b14e26e00 Thread added: 0x0000022b14e26e00
Event: 19.250 Thread 0x0000022b14e254b0 Thread added: 0x0000022b14e254b0
Event: 19.250 Thread 0x0000022b14e259c0 Thread added: 0x0000022b14e259c0
Event: 19.250 Thread 0x0000022b14e27820 Thread added: 0x0000022b14e27820
Event: 19.280 Thread 0x0000022b14e27310 Thread added: 0x0000022b14e27310
Event: 19.729 Thread 0x0000022b14e263e0 Thread added: 0x0000022b14e263e0
Event: 19.729 Thread 0x0000022b14f79ec0 Thread added: 0x0000022b14f79ec0
Event: 21.157 Thread 0x0000022b14f7d670 Thread added: 0x0000022b14f7d670
Event: 21.159 Thread 0x0000022b14f7a3d0 Thread added: 0x0000022b14f7a3d0
Event: 21.163 Thread 0x0000022b14f7efc0 Thread added: 0x0000022b14f7efc0
Event: 21.412 Thread 0x0000022b14e24a90 Thread exited: 0x0000022b14e24a90


Dynamic libraries:
0x00007ff7fbee0000 - 0x00007ff7fbeee000 	c:\Users\Sabine\.vscode\extensions\redhat.java-1.35.1-win32-x64\jre\17.0.12-win32-x86_64\bin\java.exe
0x00007ffe58cf0000 - 0x00007ffe58ee8000 	C:\Windows\SYSTEM32\ntdll.dll
0x00007ffe56d90000 - 0x00007ffe56e4f000 	C:\Windows\System32\KERNEL32.DLL
0x00007ffe565d0000 - 0x00007ffe568a2000 	C:\Windows\System32\KERNELBASE.dll
0x00007ffe568b0000 - 0x00007ffe569b0000 	C:\Windows\System32\ucrtbase.dll
0x00007ffe47730000 - 0x00007ffe4774b000 	c:\Users\Sabine\.vscode\extensions\redhat.java-1.35.1-win32-x64\jre\17.0.12-win32-x86_64\bin\VCRUNTIME140.dll
0x00007ffe46ef0000 - 0x00007ffe46f07000 	c:\Users\Sabine\.vscode\extensions\redhat.java-1.35.1-win32-x64\jre\17.0.12-win32-x86_64\bin\jli.dll
0x00007ffe58220000 - 0x00007ffe583c1000 	C:\Windows\System32\USER32.dll
0x00007ffe565a0000 - 0x00007ffe565c2000 	C:\Windows\System32\win32u.dll
0x00007ffe56e60000 - 0x00007ffe56e8b000 	C:\Windows\System32\GDI32.dll
0x00007ffe56bf0000 - 0x00007ffe56cff000 	C:\Windows\System32\gdi32full.dll
0x00007ffe56ae0000 - 0x00007ffe56b7d000 	C:\Windows\System32\msvcp_win.dll
0x00007ffe43c10000 - 0x00007ffe43eaa000 	C:\Windows\WinSxS\amd64_microsoft.windows.common-controls_6595b64144ccf1df_6.0.19041.1110_none_60b5254171f9507e\COMCTL32.dll
0x00007ffe57db0000 - 0x00007ffe57e4e000 	C:\Windows\System32\msvcrt.dll
0x00007ffe57b60000 - 0x00007ffe57b92000 	C:\Windows\System32\IMM32.DLL
0x00007ffe4e970000 - 0x00007ffe4e97c000 	c:\Users\Sabine\.vscode\extensions\redhat.java-1.35.1-win32-x64\jre\17.0.12-win32-x86_64\bin\vcruntime140_1.dll
0x00007ffe3b670000 - 0x00007ffe3b6fd000 	c:\Users\Sabine\.vscode\extensions\redhat.java-1.35.1-win32-x64\jre\17.0.12-win32-x86_64\bin\msvcp140.dll
0x00007ffe01ee0000 - 0x00007ffe02b4a000 	c:\Users\Sabine\.vscode\extensions\redhat.java-1.35.1-win32-x64\jre\17.0.12-win32-x86_64\bin\server\jvm.dll
0x00007ffe586e0000 - 0x00007ffe5878e000 	C:\Windows\System32\ADVAPI32.dll
0x00007ffe57bb0000 - 0x00007ffe57c4c000 	C:\Windows\System32\sechost.dll
0x00007ffe58af0000 - 0x00007ffe58c15000 	C:\Windows\System32\RPCRT4.dll
0x00007ffe58610000 - 0x00007ffe5867b000 	C:\Windows\System32\WS2_32.dll
0x00007ffe56170000 - 0x00007ffe561bb000 	C:\Windows\SYSTEM32\POWRPROF.dll
0x00007ffe363b0000 - 0x00007ffe363d7000 	C:\Windows\SYSTEM32\WINMM.dll
0x00007ffe4aea0000 - 0x00007ffe4aeaa000 	C:\Windows\SYSTEM32\VERSION.dll
0x00007ffe56150000 - 0x00007ffe56162000 	C:\Windows\SYSTEM32\UMPDC.dll
0x00007ffe54c00000 - 0x00007ffe54c12000 	C:\Windows\SYSTEM32\kernel.appcore.dll
0x00007ffe4d350000 - 0x00007ffe4d35a000 	c:\Users\Sabine\.vscode\extensions\redhat.java-1.35.1-win32-x64\jre\17.0.12-win32-x86_64\bin\jimage.dll
0x00007ffe54910000 - 0x00007ffe54af4000 	C:\Windows\SYSTEM32\DBGHELP.DLL
0x00007ffe3c390000 - 0x00007ffe3c3c5000 	C:\Windows\SYSTEM32\dbgcore.DLL
0x00007ffe56510000 - 0x00007ffe56592000 	C:\Windows\System32\bcryptPrimitives.dll
0x00007ffe46b10000 - 0x00007ffe46b1e000 	c:\Users\Sabine\.vscode\extensions\redhat.java-1.35.1-win32-x64\jre\17.0.12-win32-x86_64\bin\instrument.dll
0x00007ffe46ae0000 - 0x00007ffe46b05000 	c:\Users\Sabine\.vscode\extensions\redhat.java-1.35.1-win32-x64\jre\17.0.12-win32-x86_64\bin\java.dll
0x00007ffe46ac0000 - 0x00007ffe46ad8000 	c:\Users\Sabine\.vscode\extensions\redhat.java-1.35.1-win32-x64\jre\17.0.12-win32-x86_64\bin\zip.dll
0x00007ffe57410000 - 0x00007ffe57b54000 	C:\Windows\System32\SHELL32.dll
0x00007ffe540a0000 - 0x00007ffe54832000 	C:\Windows\SYSTEM32\windows.storage.dll
0x00007ffe58790000 - 0x00007ffe58ae5000 	C:\Windows\System32\combase.dll
0x00007ffe55da0000 - 0x00007ffe55dd0000 	C:\Windows\SYSTEM32\Wldp.dll
0x00007ffe583d0000 - 0x00007ffe5847d000 	C:\Windows\System32\SHCORE.dll
0x00007ffe58680000 - 0x00007ffe586d5000 	C:\Windows\System32\shlwapi.dll
0x00007ffe562f0000 - 0x00007ffe5630f000 	C:\Windows\SYSTEM32\profapi.dll
0x00007ffe46960000 - 0x00007ffe46979000 	C:\Users\Sabine\.vscode\extensions\redhat.java-1.35.1-win32-x64\jre\17.0.12-win32-x86_64\bin\net.dll
0x00007ffe44bd0000 - 0x00007ffe44cdc000 	C:\Windows\SYSTEM32\WINHTTP.dll
0x00007ffe55a90000 - 0x00007ffe55afa000 	C:\Windows\system32\mswsock.dll
0x00007ffe465e0000 - 0x00007ffe465f6000 	C:\Users\Sabine\.vscode\extensions\redhat.java-1.35.1-win32-x64\jre\17.0.12-win32-x86_64\bin\nio.dll
0x00007ffe465d0000 - 0x00007ffe465e0000 	c:\Users\Sabine\.vscode\extensions\redhat.java-1.35.1-win32-x64\jre\17.0.12-win32-x86_64\bin\verify.dll
0x00007ffe42690000 - 0x00007ffe426d5000 	C:\Users\Sabine\AppData\Roaming\Code\User\globalStorage\redhat.java\1.35.1\config_ss_win\org.eclipse.equinox.launcher\org.eclipse.equinox.launcher.win32.win32.x86_64_1.2.1100.v20240722-2106\eclipse_11904.dll
0x00007ffe580d0000 - 0x00007ffe581fa000 	C:\Windows\System32\ole32.dll
0x00007ffe465c0000 - 0x00007ffe465c9000 	C:\Users\Sabine\.vscode\extensions\redhat.java-1.35.1-win32-x64\jre\17.0.12-win32-x86_64\bin\management.dll
0x00007ffe446f0000 - 0x00007ffe446fb000 	C:\Users\Sabine\.vscode\extensions\redhat.java-1.35.1-win32-x64\jre\17.0.12-win32-x86_64\bin\management_ext.dll
0x00007ffe58480000 - 0x00007ffe58488000 	C:\Windows\System32\PSAPI.DLL
0x00007ffe55d00000 - 0x00007ffe55d18000 	C:\Windows\SYSTEM32\CRYPTSP.dll
0x00007ffe553b0000 - 0x00007ffe553e4000 	C:\Windows\system32\rsaenh.dll
0x00007ffe569b0000 - 0x00007ffe569d7000 	C:\Windows\System32\bcrypt.dll
0x00007ffe56270000 - 0x00007ffe5629e000 	C:\Windows\SYSTEM32\USERENV.dll
0x00007ffe55cf0000 - 0x00007ffe55cfc000 	C:\Windows\SYSTEM32\CRYPTBASE.dll
0x00007ffe55780000 - 0x00007ffe557bb000 	C:\Windows\SYSTEM32\IPHLPAPI.DLL
0x00007ffe57ba0000 - 0x00007ffe57ba8000 	C:\Windows\System32\NSI.dll
0x00007ffe441f0000 - 0x00007ffe44207000 	C:\Windows\SYSTEM32\dhcpcsvc6.DLL
0x00007ffe442f0000 - 0x00007ffe4430d000 	C:\Windows\SYSTEM32\dhcpcsvc.DLL
0x00007ffe557c0000 - 0x00007ffe5588a000 	C:\Windows\SYSTEM32\DNSAPI.dll
0x00007ffe26410000 - 0x00007ffe26459000 	C:\Users\Sabine\AppData\Local\Temp\jna--1826142292\jna5131905457347674950.dll

dbghelp: loaded successfully - version: 4.0.5 - missing functions: none
symbol engine: initialized successfully - sym options: 0x614 - pdb path: .;c:\Users\Sabine\.vscode\extensions\redhat.java-1.35.1-win32-x64\jre\17.0.12-win32-x86_64\bin;C:\Windows\SYSTEM32;C:\Windows\WinSxS\amd64_microsoft.windows.common-controls_6595b64144ccf1df_6.0.19041.1110_none_60b5254171f9507e;c:\Users\Sabine\.vscode\extensions\redhat.java-1.35.1-win32-x64\jre\17.0.12-win32-x86_64\bin\server;C:\Users\Sabine\AppData\Roaming\Code\User\globalStorage\redhat.java\1.35.1\config_ss_win\org.eclipse.equinox.launcher\org.eclipse.equinox.launcher.win32.win32.x86_64_1.2.1100.v20240722-2106;C:\Users\Sabine\AppData\Local\Temp\jna--1826142292

VM Arguments:
jvm_args: --add-modules=ALL-SYSTEM --add-opens=java.base/java.util=ALL-UNNAMED --add-opens=java.base/java.lang=ALL-UNNAMED --add-opens=java.base/sun.nio.fs=ALL-UNNAMED -Declipse.application=org.eclipse.jdt.ls.core.id1 -Dosgi.bundles.defaultStartLevel=4 -Declipse.product=org.eclipse.jdt.ls.core.product -Djava.import.generatesMetadataFilesAtProjectRoot=false -DDetectVMInstallationsJob.disabled=true -Dfile.encoding=utf8 -XX:+UseParallelGC -XX:GCTimeRatio=4 -XX:AdaptiveSizePolicyWeight=90 -Dsun.zip.disableMemoryMapping=true -Xmx1G -Xms100m -Xlog:disable -javaagent:c:\Users\Sabine\.vscode\extensions\redhat.java-1.35.1-win32-x64\lombok\lombok-1.18.33.jar 
java_command: c:\Users\Sabine\.vscode\extensions\redhat.java-1.35.1-win32-x64\server\plugins\org.eclipse.equinox.launcher_1.6.900.v20240613-2009.jar -configuration c:\Users\Sabine\AppData\Roaming\Code\User\globalStorage\redhat.java\1.35.1\config_ss_win -data c:\Users\Sabine\AppData\Roaming\Code\User\workspaceStorage\be472a81b061dc1dfe542a2ee82be06d\redhat.java\ss_ws --pipe=\\.\pipe\lsp-e6fb4b8bbc0e7a4962bf0f4760b7b2dc-sock
java_class_path (initial): c:\Users\Sabine\.vscode\extensions\redhat.java-1.35.1-win32-x64\server\plugins\org.eclipse.equinox.launcher_1.6.900.v20240613-2009.jar
Launcher Type: SUN_STANDARD

[Global flags]
    uintx AdaptiveSizePolicyWeight                 = 90                                        {product} {command line}
     intx CICompilerCount                          = 2                                         {product} {ergonomic}
    uintx GCTimeRatio                              = 4                                         {product} {command line}
   size_t InitialHeapSize                          = 104857600                                 {product} {command line}
   size_t MaxHeapSize                              = 1073741824                                {product} {command line}
   size_t MaxNewSize                               = 357564416                                 {product} {ergonomic}
   size_t MinHeapDeltaBytes                        = 524288                                    {product} {ergonomic}
   size_t MinHeapSize                              = 104857600                                 {product} {command line}
   size_t NewSize                                  = 34603008                                  {product} {ergonomic}
    uintx NonNMethodCodeHeapSize                   = 5826188                                {pd product} {ergonomic}
    uintx NonProfiledCodeHeapSize                  = 122916026                              {pd product} {ergonomic}
   size_t OldSize                                  = 70254592                                  {product} {ergonomic}
    uintx ProfiledCodeHeapSize                     = 122916026                              {pd product} {ergonomic}
    uintx ReservedCodeCacheSize                    = 251658240                              {pd product} {ergonomic}
     bool SegmentedCodeCache                       = true                                      {product} {ergonomic}
   size_t SoftMaxHeapSize                          = 1073741824                             {manageable} {ergonomic}
     bool UseCompressedClassPointers               = true                           {product lp64_product} {ergonomic}
     bool UseCompressedOops                        = true                           {product lp64_product} {ergonomic}
     bool UseLargePagesIndividualAllocation        = false                                  {pd product} {ergonomic}
     bool UseParallelGC                            = true                                      {product} {command line}

Logging:
Log output configuration:
 #0: stdout all=off uptime,level,tags
 #1: stderr all=off uptime,level,tags

Environment Variables:
JAVA_HOME=C:\Program Files\Java\jdk-17\bin
PATH=C:\Program Files\Common Files\Oracle\Java\javapath;C:\oraclexe\app\oracle\product\11.2.0\server\bin;;C:\Windows\system32;C:\Windows;C:\Windows\System32\Wbem;C:\Windows\System32\WindowsPowerShell\v1.0\;C:\Windows\System32\OpenSSH\;C:\flutter\bin;C:\Program Files\TortoiseSVN\bin;C:\Program Files\Git\cmd;C:\Users\Sabine\AppData\Local\Programs\Microsoft VS Code\bin;C:\Program Files\apache-maven-3.8.8\bin;C:\Program Files\MySQL\MySQL Server 8.0\bin;C:\Program Files\Java\jdk-17\bin;
USERNAME=Sabine
OS=Windows_NT
PROCESSOR_IDENTIFIER=Intel64 Family 6 Model 122 Stepping 8, GenuineIntel
TMP=C:\Users\Sabine\AppData\Local\Temp
TEMP=C:\Users\Sabine\AppData\Local\Temp



Periodic native trim disabled


---------------  S Y S T E M  ---------------

OS:
 Windows 10 , 64 bit Build 19041 (10.0.19041.2364)
OS uptime: 1 days 23:37 hours

CPU: total 2 (initial active 2) (2 cores per cpu, 1 threads per core) family 6 model 122 stepping 8 microcode 0xc, cx8, cmov, fxsr, mmx, 3dnowpref, sse, sse2, sse3, ssse3, sse4.1, sse4.2, popcnt, tsc, tscinvbit, aes, erms, clmul, sha, clflush, clflushopt
Processor Information for all 2 processors :
  Max Mhz: 1101, Current Mhz: 1101, Mhz Limit: 1101

Memory: 4k page, system-wide physical 3899M (241M free)
TotalPageFile size 6691M (AvailPageFile size 2M)
current process WorkingSet (physical memory assigned to process): 160M, peak: 168M
current process commit charge ("private bytes"): 240M, peak: 248M

vm_info: OpenJDK 64-Bit Server VM (17.0.12+7) for windows-amd64 JRE (17.0.12+7), built on Jul 16 2024 22:08:24 by "admin" with MS VC++ 16.10 / 16.11 (VS2019)

END.
