#
# There is insufficient memory for the Java Runtime Environment to continue.
# Native memory allocation (mmap) failed to map 123731968 bytes for G1 virtual space
# Possible reasons:
#   The system is out of physical RAM or swap space
#   The process is running with CompressedOops enabled, and the Java Heap may be blocking the growth of the native heap
# Possible solutions:
#   Reduce memory load on the system
#   Increase physical memory or swap space
#   Check if swap backing store is full
#   Decrease Java heap size (-Xmx/-Xms)
#   Decrease number of Java threads
#   Decrease Java thread stack sizes (-Xss)
#   Set larger code cache with -XX:ReservedCodeCacheSize=
#   JVM is running with Unscaled Compressed Oops mode in which the Java heap is
#     placed in the first 4GB address space. The Java Heap base address is the
#     maximum limit for the native heap growth. Please use -XX:HeapBaseMinAddress
#     to set the Java Heap base and to place the Java Heap above 4GB virtual address.
# This output file may be truncated or incomplete.
#
#  Out of Memory Error (os_windows.cpp:3548), pid=14480, tid=8260
#
# JRE version: Java(TM) SE Runtime Environment (17.0.12+8) (build 17.0.12+8-LTS-286)
# Java VM: Java HotSpot(TM) 64-Bit Server VM (17.0.12+8-LTS-286, mixed mode, sharing, tiered, compressed oops, compressed class ptrs, g1 gc, windows-amd64)
# No core dump will be written. Minidumps are not enabled by default on client versions of Windows
#

---------------  S U M M A R Y ------------

Command Line: -Dclassworlds.conf=C:/Program Files/apache-maven-3.8.8/bin/m2.conf -Dmaven.home=C:/Program Files/apache-maven-3.8.8 -Dlibrary.jansi.path=C:/Program Files/apache-maven-3.8.8/lib/jansi-native -Dmaven.multiModuleProjectDirectory=C:/Users/Sabine/Desktop/Project/venue/venue org.codehaus.plexus.classworlds.launcher.Launcher clean install

Host: Intel(R) Celeron(R) N4020 CPU @ 1.10GHz, 2 cores, 3G,  Windows 10 , 64 bit Build 19041 (10.0.19041.2364)
Time: Fri Nov  1 12:58:35 2024 Egypt Standard Time elapsed time: 37.900578 seconds (0d 0h 0m 37s)

---------------  T H R E A D  ---------------

Current thread (0x000002167e2096d0):  VMThread "VM Thread" [stack: 0x000000a9f4300000,0x000000a9f4400000] [id=8260]

Stack: [0x000000a9f4300000,0x000000a9f4400000]
Native frames: (J=compiled Java code, j=interpreted, Vv=VM code, C=native code)
V  [jvm.dll+0x67a04a]
V  [jvm.dll+0x7da4ed]
V  [jvm.dll+0x7dbe33]
V  [jvm.dll+0x7dc4a3]
V  [jvm.dll+0x24508f]
V  [jvm.dll+0x677089]
V  [jvm.dll+0x66bd32]
V  [jvm.dll+0x301fa6]
V  [jvm.dll+0x309546]
V  [jvm.dll+0x359d2e]
V  [jvm.dll+0x359f5f]
V  [jvm.dll+0x2d9078]
V  [jvm.dll+0x2d74ad]
V  [jvm.dll+0x2d6afc]
V  [jvm.dll+0x31a65b]
V  [jvm.dll+0x7e0d9b]
V  [jvm.dll+0x7e1ad4]
V  [jvm.dll+0x7e1fed]
V  [jvm.dll+0x7e23c4]
V  [jvm.dll+0x7e2490]
V  [jvm.dll+0x78abea]
V  [jvm.dll+0x678f35]
C  [ucrtbase.dll+0x21bb2]
C  [KERNEL32.DLL+0x17614]
C  [ntdll.dll+0x526a1]

VM_Operation (0x000000a9f3dfc010): G1CollectForAllocation, mode: safepoint, requested by thread 0x0000021672564a30


---------------  P R O C E S S  ---------------

Threads class SMR info:
_java_thread_list=0x0000021654d0b8e0, length=12, elements={
0x0000021672564a30, 0x000002167e210340, 0x000002167e2111c0, 0x000002167e226bf0,
0x000002167e2285c0, 0x000002167e228f80, 0x000002167e229940, 0x000002167e22a6e0,
0x000002167e22d0c0, 0x000002167e2a78e0, 0x000002167e462e40, 0x000002167e46b5e0
}

Java Threads: ( => current thread )
  0x0000021672564a30 JavaThread "main" [_thread_blocked, id=15212, stack(0x000000a9f3d00000,0x000000a9f3e00000)]
  0x000002167e210340 JavaThread "Reference Handler" daemon [_thread_blocked, id=8004, stack(0x000000a9f4400000,0x000000a9f4500000)]
  0x000002167e2111c0 JavaThread "Finalizer" daemon [_thread_blocked, id=11368, stack(0x000000a9f4500000,0x000000a9f4600000)]
  0x000002167e226bf0 JavaThread "Signal Dispatcher" daemon [_thread_blocked, id=3396, stack(0x000000a9f4600000,0x000000a9f4700000)]
  0x000002167e2285c0 JavaThread "Attach Listener" daemon [_thread_blocked, id=15312, stack(0x000000a9f4700000,0x000000a9f4800000)]
  0x000002167e228f80 JavaThread "Service Thread" daemon [_thread_blocked, id=2016, stack(0x000000a9f4800000,0x000000a9f4900000)]
  0x000002167e229940 JavaThread "Monitor Deflation Thread" daemon [_thread_blocked, id=10836, stack(0x000000a9f4900000,0x000000a9f4a00000)]
  0x000002167e22a6e0 JavaThread "C2 CompilerThread0" daemon [_thread_blocked, id=4564, stack(0x000000a9f4a00000,0x000000a9f4b00000)]
  0x000002167e22d0c0 JavaThread "C1 CompilerThread0" daemon [_thread_blocked, id=13600, stack(0x000000a9f4b00000,0x000000a9f4c00000)]
  0x000002167e2a78e0 JavaThread "Sweeper thread" daemon [_thread_blocked, id=11092, stack(0x000000a9f4c00000,0x000000a9f4d00000)]
  0x000002167e462e40 JavaThread "Notification Thread" daemon [_thread_blocked, id=10012, stack(0x000000a9f4d00000,0x000000a9f4e00000)]
  0x000002167e46b5e0 JavaThread "Common-Cleaner" daemon [_thread_blocked, id=12580, stack(0x000000a9f4f00000,0x000000a9f5000000)]

Other Threads:
=>0x000002167e2096d0 VMThread "VM Thread" [stack: 0x000000a9f4300000,0x000000a9f4400000] [id=8260]
  0x000002167e469340 WatcherThread [stack: 0x000000a9f4e00000,0x000000a9f4f00000] [id=6496]
  0x000002167259c540 GCTaskThread "GC Thread#0" [stack: 0x000000a9f3e00000,0x000000a9f3f00000] [id=15232]
  0x000002167e7b2310 GCTaskThread "GC Thread#1" [stack: 0x000000a9f5000000,0x000000a9f5100000] [id=3780]
  0x00000216725a4e90 ConcurrentGCThread "G1 Main Marker" [stack: 0x000000a9f3f00000,0x000000a9f4000000] [id=8904]
  0x00000216725a58a0 ConcurrentGCThread "G1 Conc#0" [stack: 0x000000a9f4000000,0x000000a9f4100000] [id=3044]
  0x00000216725da240 ConcurrentGCThread "G1 Refine#0" [stack: 0x000000a9f4100000,0x000000a9f4200000] [id=9112]
  0x000002167f38c4f0 ConcurrentGCThread "G1 Refine#1" [stack: 0x000000a9f5100000,0x000000a9f5200000] [id=15336]
  0x00000216725dbc80 ConcurrentGCThread "G1 Service" [stack: 0x000000a9f4200000,0x000000a9f4300000] [id=3304]

Threads with active compile tasks:
C2 CompilerThread0    37941 8295       4       sun.nio.cs.UTF_8$Decoder::decodeArrayLoop (688 bytes)

VM state: at safepoint (normal execution)

VM Mutex/Monitor currently owned by a thread:  ([mutex/lock_event])
[0x0000021672562be0] Threads_lock - owner thread: 0x000002167e2096d0
[0x00000216725634e0] Heap_lock - owner thread: 0x0000021672564a30

Heap address: 0x00000000c3000000, size: 976 MB, Compressed Oops mode: 32-bit

CDS archive(s) mapped at: [0x000002160f000000-0x000002160fbd0000-0x000002160fbd0000), size 12386304, SharedBaseAddress: 0x000002160f000000, ArchiveRelocationMode: 1.
Compressed class space mapped at: 0x0000021610000000-0x0000021650000000, reserved size: 1073741824
Narrow klass base: 0x000002160f000000, Narrow klass shift: 0, Narrow klass range: 0x100000000

GC Precious Log:
 CPUs: 2 total, 2 available
 Memory: 3899M
 Large Page Support: Disabled
 NUMA Support: Disabled
 Compressed Oops: Enabled (32-bit)
 Heap Region Size: 1M
 Heap Min Capacity: 8M
 Heap Initial Capacity: 62M
 Heap Max Capacity: 976M
 Pre-touch: Disabled
 Parallel Workers: 2
 Concurrent Workers: 1
 Concurrent Refinement Workers: 2
 Periodic GC: Disabled

Heap:
 garbage-first heap   total 120832K, used 31780K [0x00000000c3000000, 0x0000000100000000)
  region size 1024K, 3 young (3072K), 3 survivors (3072K)
 Metaspace       used 31553K, committed 31936K, reserved 1114112K
  class space    used 3521K, committed 3712K, reserved 1048576K

Heap Regions: E=young(eden), S=young(survivor), O=old, HS=humongous(starts), HC=humongous(continues), CS=collection set, F=free, OA=open archive, CA=closed archive, TAMS=top-at-mark-start (previous, next)
|   0|0x00000000c3000000, 0x00000000c3100000, 0x00000000c3100000|100%| O|  |TAMS 0x00000000c3100000, 0x00000000c3000000| Untracked 
|   1|0x00000000c3100000, 0x00000000c3200000, 0x00000000c3200000|100%| O|  |TAMS 0x00000000c3200000, 0x00000000c3100000| Untracked 
|   2|0x00000000c3200000, 0x00000000c3300000, 0x00000000c3300000|100%| O|  |TAMS 0x00000000c3300000, 0x00000000c3200000| Untracked 
|   3|0x00000000c3300000, 0x00000000c3400000, 0x00000000c3400000|100%| O|  |TAMS 0x00000000c3400000, 0x00000000c3300000| Untracked 
|   4|0x00000000c3400000, 0x00000000c3500000, 0x00000000c3500000|100%| O|  |TAMS 0x00000000c3500000, 0x00000000c3400000| Untracked 
|   5|0x00000000c3500000, 0x00000000c3600000, 0x00000000c3600000|100%| O|  |TAMS 0x00000000c3600000, 0x00000000c3500000| Untracked 
|   6|0x00000000c3600000, 0x00000000c3700000, 0x00000000c3700000|100%| O|  |TAMS 0x00000000c3700000, 0x00000000c3600000| Untracked 
|   7|0x00000000c3700000, 0x00000000c3800000, 0x00000000c3800000|100%| O|  |TAMS 0x00000000c3800000, 0x00000000c3700000| Untracked 
|   8|0x00000000c3800000, 0x00000000c3900000, 0x00000000c3900000|100%| O|  |TAMS 0x00000000c3900000, 0x00000000c3800000| Untracked 
|   9|0x00000000c3900000, 0x00000000c3a00000, 0x00000000c3a00000|100%| O|  |TAMS 0x00000000c3a00000, 0x00000000c3900000| Untracked 
|  10|0x00000000c3a00000, 0x00000000c3b00000, 0x00000000c3b00000|100%| O|  |TAMS 0x00000000c3b00000, 0x00000000c3a00000| Untracked 
|  11|0x00000000c3b00000, 0x00000000c3c00000, 0x00000000c3c00000|100%| O|  |TAMS 0x00000000c3c00000, 0x00000000c3b00000| Untracked 
|  12|0x00000000c3c00000, 0x00000000c3d00000, 0x00000000c3d00000|100%| O|  |TAMS 0x00000000c3d00000, 0x00000000c3c00000| Untracked 
|  13|0x00000000c3d00000, 0x00000000c3e00000, 0x00000000c3e00000|100%| O|  |TAMS 0x00000000c3e00000, 0x00000000c3d00000| Untracked 
|  14|0x00000000c3e00000, 0x00000000c3e00000, 0x00000000c3f00000|  0%| F|  |TAMS 0x00000000c3e00000, 0x00000000c3e00000| Untracked 
|  15|0x00000000c3f00000, 0x00000000c3f56e00, 0x00000000c4000000| 33%| O|  |TAMS 0x00000000c3f00000, 0x00000000c3f00000| Untracked 
|  16|0x00000000c4000000, 0x00000000c4000000, 0x00000000c4100000|  0%| F|  |TAMS 0x00000000c4000000, 0x00000000c4000000| Untracked 
|  17|0x00000000c4100000, 0x00000000c4200000, 0x00000000c4200000|100%| O|  |TAMS 0x00000000c4200000, 0x00000000c4100000| Untracked 
|  18|0x00000000c4200000, 0x00000000c4200000, 0x00000000c4300000|  0%| F|  |TAMS 0x00000000c4200000, 0x00000000c4200000| Untracked 
|  19|0x00000000c4300000, 0x00000000c4400000, 0x00000000c4400000|100%| O|  |TAMS 0x00000000c4326c00, 0x00000000c4300000| Untracked 
|  20|0x00000000c4400000, 0x00000000c4500000, 0x00000000c4500000|100%| O|  |TAMS 0x00000000c4500000, 0x00000000c4400000| Untracked 
|  21|0x00000000c4500000, 0x00000000c4600000, 0x00000000c4600000|100%| O|  |TAMS 0x00000000c4500000, 0x00000000c4500000| Untracked 
|  22|0x00000000c4600000, 0x00000000c4600000, 0x00000000c4700000|  0%| F|  |TAMS 0x00000000c4600000, 0x00000000c4600000| Untracked 
|  23|0x00000000c4700000, 0x00000000c4800000, 0x00000000c4800000|100%| O|  |TAMS 0x00000000c4700000, 0x00000000c4700000| Untracked 
|  24|0x00000000c4800000, 0x00000000c4900000, 0x00000000c4900000|100%| O|  |TAMS 0x00000000c4800000, 0x00000000c4800000| Untracked 
|  25|0x00000000c4900000, 0x00000000c4a00000, 0x00000000c4a00000|100%| O|  |TAMS 0x00000000c4a00000, 0x00000000c4900000| Untracked 
|  26|0x00000000c4a00000, 0x00000000c4a00000, 0x00000000c4b00000|  0%| F|  |TAMS 0x00000000c4a00000, 0x00000000c4a00000| Untracked 
|  27|0x00000000c4b00000, 0x00000000c4c00000, 0x00000000c4c00000|100%| O|  |TAMS 0x00000000c4b00000, 0x00000000c4b00000| Untracked 
|  28|0x00000000c4c00000, 0x00000000c4c00000, 0x00000000c4d00000|  0%| F|  |TAMS 0x00000000c4c00000, 0x00000000c4c00000| Untracked 
|  29|0x00000000c4d00000, 0x00000000c4d00000, 0x00000000c4e00000|  0%| F|  |TAMS 0x00000000c4d00000, 0x00000000c4d00000| Untracked 
|  30|0x00000000c4e00000, 0x00000000c4e00000, 0x00000000c4f00000|  0%| F|  |TAMS 0x00000000c4e00000, 0x00000000c4e00000| Untracked 
|  31|0x00000000c4f00000, 0x00000000c5000000, 0x00000000c5000000|100%| O|  |TAMS 0x00000000c5000000, 0x00000000c4f00000| Untracked 
|  32|0x00000000c5000000, 0x00000000c5100000, 0x00000000c5100000|100%| O|  |TAMS 0x00000000c5100000, 0x00000000c5000000| Untracked 
|  33|0x00000000c5100000, 0x00000000c5200000, 0x00000000c5200000|100%| O|  |TAMS 0x00000000c5200000, 0x00000000c5100000| Untracked 
|  34|0x00000000c5200000, 0x00000000c5200000, 0x00000000c5300000|  0%| F|  |TAMS 0x00000000c5200000, 0x00000000c5200000| Untracked 
|  35|0x00000000c5300000, 0x00000000c5300000, 0x00000000c5400000|  0%| F|  |TAMS 0x00000000c5300000, 0x00000000c5300000| Untracked 
|  36|0x00000000c5400000, 0x00000000c5400000, 0x00000000c5500000|  0%| F|  |TAMS 0x00000000c5400000, 0x00000000c5400000| Untracked 
|  37|0x00000000c5500000, 0x00000000c5600000, 0x00000000c5600000|100%| O|  |TAMS 0x00000000c5600000, 0x00000000c5500000| Untracked 
|  38|0x00000000c5600000, 0x00000000c5700000, 0x00000000c5700000|100%| O|  |TAMS 0x00000000c5700000, 0x00000000c5600000| Untracked 
|  39|0x00000000c5700000, 0x00000000c5700000, 0x00000000c5800000|  0%| F|  |TAMS 0x00000000c5700000, 0x00000000c5700000| Untracked 
|  40|0x00000000c5800000, 0x00000000c5800000, 0x00000000c5900000|  0%| F|  |TAMS 0x00000000c5800000, 0x00000000c5800000| Untracked 
|  41|0x00000000c5900000, 0x00000000c5900000, 0x00000000c5a00000|  0%| F|  |TAMS 0x00000000c5900000, 0x00000000c5900000| Untracked 
|  42|0x00000000c5a00000, 0x00000000c5a00000, 0x00000000c5b00000|  0%| F|  |TAMS 0x00000000c5a00000, 0x00000000c5a00000| Untracked 
|  43|0x00000000c5b00000, 0x00000000c5b00000, 0x00000000c5c00000|  0%| F|  |TAMS 0x00000000c5b00000, 0x00000000c5b00000| Untracked 
|  44|0x00000000c5c00000, 0x00000000c5c00000, 0x00000000c5d00000|  0%| F|  |TAMS 0x00000000c5c00000, 0x00000000c5c00000| Untracked 
|  45|0x00000000c5d00000, 0x00000000c5d00000, 0x00000000c5e00000|  0%| F|  |TAMS 0x00000000c5d00000, 0x00000000c5d00000| Untracked 
|  46|0x00000000c5e00000, 0x00000000c5e00000, 0x00000000c5f00000|  0%| F|  |TAMS 0x00000000c5e00000, 0x00000000c5e00000| Untracked 
|  47|0x00000000c5f00000, 0x00000000c5f00000, 0x00000000c6000000|  0%| F|  |TAMS 0x00000000c5f00000, 0x00000000c5f00000| Untracked 
|  48|0x00000000c6000000, 0x00000000c6000000, 0x00000000c6100000|  0%| F|  |TAMS 0x00000000c6000000, 0x00000000c6000000| Untracked 
|  49|0x00000000c6100000, 0x00000000c6100000, 0x00000000c6200000|  0%| F|  |TAMS 0x00000000c6100000, 0x00000000c6100000| Untracked 
|  50|0x00000000c6200000, 0x00000000c6200000, 0x00000000c6300000|  0%| F|  |TAMS 0x00000000c6200000, 0x00000000c6200000| Untracked 
|  51|0x00000000c6300000, 0x00000000c6300000, 0x00000000c6400000|  0%| F|  |TAMS 0x00000000c6300000, 0x00000000c6300000| Untracked 
|  52|0x00000000c6400000, 0x00000000c6400000, 0x00000000c6500000|  0%| F|  |TAMS 0x00000000c6400000, 0x00000000c6400000| Untracked 
|  53|0x00000000c6500000, 0x00000000c6500000, 0x00000000c6600000|  0%| F|  |TAMS 0x00000000c6500000, 0x00000000c6500000| Untracked 
|  54|0x00000000c6600000, 0x00000000c6600000, 0x00000000c6700000|  0%| F|  |TAMS 0x00000000c6600000, 0x00000000c6600000| Untracked 
|  55|0x00000000c6700000, 0x00000000c6700000, 0x00000000c6800000|  0%| F|  |TAMS 0x00000000c6700000, 0x00000000c6700000| Untracked 
|  56|0x00000000c6800000, 0x00000000c6800000, 0x00000000c6900000|  0%| F|  |TAMS 0x00000000c6800000, 0x00000000c6800000| Untracked 
|  57|0x00000000c6900000, 0x00000000c6900000, 0x00000000c6a00000|  0%| F|  |TAMS 0x00000000c6900000, 0x00000000c6900000| Untracked 
|  58|0x00000000c6a00000, 0x00000000c6a00000, 0x00000000c6b00000|  0%| F|  |TAMS 0x00000000c6a00000, 0x00000000c6a00000| Untracked 
|  59|0x00000000c6b00000, 0x00000000c6b00000, 0x00000000c6c00000|  0%| F|  |TAMS 0x00000000c6b00000, 0x00000000c6b00000| Untracked 
|  60|0x00000000c6c00000, 0x00000000c6c00000, 0x00000000c6d00000|  0%| F|  |TAMS 0x00000000c6c00000, 0x00000000c6c00000| Untracked 
|  61|0x00000000c6d00000, 0x00000000c6db2420, 0x00000000c6e00000| 69%| S|CS|TAMS 0x00000000c6d00000, 0x00000000c6d00000| Complete 
|  62|0x00000000c6e00000, 0x00000000c6f00000, 0x00000000c6f00000|100%| S|CS|TAMS 0x00000000c6e00000, 0x00000000c6e00000| Complete 
|  63|0x00000000c6f00000, 0x00000000c7000000, 0x00000000c7000000|100%| S|CS|TAMS 0x00000000c6f00000, 0x00000000c6f00000| Complete 
|  64|0x00000000c7000000, 0x00000000c7000000, 0x00000000c7100000|  0%| F|  |TAMS 0x00000000c7000000, 0x00000000c7000000| Untracked 
|  65|0x00000000c7100000, 0x00000000c7100000, 0x00000000c7200000|  0%| F|  |TAMS 0x00000000c7100000, 0x00000000c7100000| Untracked 
|  66|0x00000000c7200000, 0x00000000c7200000, 0x00000000c7300000|  0%| F|  |TAMS 0x00000000c7200000, 0x00000000c7200000| Untracked 
|  67|0x00000000c7300000, 0x00000000c7300000, 0x00000000c7400000|  0%| F|  |TAMS 0x00000000c7300000, 0x00000000c7300000| Untracked 
|  68|0x00000000c7400000, 0x00000000c7400000, 0x00000000c7500000|  0%| F|  |TAMS 0x00000000c7400000, 0x00000000c7400000| Untracked 
|  69|0x00000000c7500000, 0x00000000c7500000, 0x00000000c7600000|  0%| F|  |TAMS 0x00000000c7500000, 0x00000000c7500000| Untracked 
|  70|0x00000000c7600000, 0x00000000c7600000, 0x00000000c7700000|  0%| F|  |TAMS 0x00000000c7600000, 0x00000000c7600000| Untracked 
|  71|0x00000000c7700000, 0x00000000c7700000, 0x00000000c7800000|  0%| F|  |TAMS 0x00000000c7700000, 0x00000000c7700000| Untracked 
|  72|0x00000000c7800000, 0x00000000c7800000, 0x00000000c7900000|  0%| F|  |TAMS 0x00000000c7800000, 0x00000000c7800000| Untracked 
|  73|0x00000000c7900000, 0x00000000c7900000, 0x00000000c7a00000|  0%| F|  |TAMS 0x00000000c7900000, 0x00000000c7900000| Untracked 
|  74|0x00000000c7a00000, 0x00000000c7a00000, 0x00000000c7b00000|  0%| F|  |TAMS 0x00000000c7a00000, 0x00000000c7a00000| Untracked 
|  75|0x00000000c7b00000, 0x00000000c7b00000, 0x00000000c7c00000|  0%| F|  |TAMS 0x00000000c7b00000, 0x00000000c7b00000| Untracked 
|  76|0x00000000c7c00000, 0x00000000c7c00000, 0x00000000c7d00000|  0%| F|  |TAMS 0x00000000c7c00000, 0x00000000c7c00000| Untracked 
|  77|0x00000000c7d00000, 0x00000000c7d00000, 0x00000000c7e00000|  0%| F|  |TAMS 0x00000000c7d00000, 0x00000000c7d00000| Untracked 
|  78|0x00000000c7e00000, 0x00000000c7e00000, 0x00000000c7f00000|  0%| F|  |TAMS 0x00000000c7e00000, 0x00000000c7e00000| Untracked 
|  79|0x00000000c7f00000, 0x00000000c7f00000, 0x00000000c8000000|  0%| F|  |TAMS 0x00000000c7f00000, 0x00000000c7f00000| Untracked 
|  80|0x00000000c8000000, 0x00000000c8000000, 0x00000000c8100000|  0%| F|  |TAMS 0x00000000c8000000, 0x00000000c8000000| Untracked 
|  81|0x00000000c8100000, 0x00000000c8100000, 0x00000000c8200000|  0%| F|  |TAMS 0x00000000c8100000, 0x00000000c8100000| Untracked 
|  82|0x00000000c8200000, 0x00000000c8200000, 0x00000000c8300000|  0%| F|  |TAMS 0x00000000c8200000, 0x00000000c8200000| Untracked 
|  83|0x00000000c8300000, 0x00000000c8300000, 0x00000000c8400000|  0%| F|  |TAMS 0x00000000c8300000, 0x00000000c8300000| Untracked 
|  84|0x00000000c8400000, 0x00000000c8400000, 0x00000000c8500000|  0%| F|  |TAMS 0x00000000c8400000, 0x00000000c8400000| Untracked 
|  85|0x00000000c8500000, 0x00000000c8500000, 0x00000000c8600000|  0%| F|  |TAMS 0x00000000c8500000, 0x00000000c8500000| Untracked 
|  86|0x00000000c8600000, 0x00000000c8600000, 0x00000000c8700000|  0%| F|  |TAMS 0x00000000c8600000, 0x00000000c8600000| Untracked 
|  87|0x00000000c8700000, 0x00000000c8700000, 0x00000000c8800000|  0%| F|  |TAMS 0x00000000c8700000, 0x00000000c8700000| Untracked 
|  88|0x00000000c8800000, 0x00000000c8800000, 0x00000000c8900000|  0%| F|  |TAMS 0x00000000c8800000, 0x00000000c8800000| Untracked 
|  89|0x00000000c8900000, 0x00000000c8900000, 0x00000000c8a00000|  0%| F|  |TAMS 0x00000000c8900000, 0x00000000c8900000| Untracked 
|  90|0x00000000c8a00000, 0x00000000c8a00000, 0x00000000c8b00000|  0%| F|  |TAMS 0x00000000c8a00000, 0x00000000c8a00000| Untracked 
|  91|0x00000000c8b00000, 0x00000000c8b00000, 0x00000000c8c00000|  0%| F|  |TAMS 0x00000000c8b00000, 0x00000000c8b00000| Untracked 
|  92|0x00000000c8c00000, 0x00000000c8c00000, 0x00000000c8d00000|  0%| F|  |TAMS 0x00000000c8c00000, 0x00000000c8c00000| Untracked 
|  93|0x00000000c8d00000, 0x00000000c8d00000, 0x00000000c8e00000|  0%| F|  |TAMS 0x00000000c8d00000, 0x00000000c8d00000| Untracked 
|  94|0x00000000c8e00000, 0x00000000c8e00000, 0x00000000c8f00000|  0%| F|  |TAMS 0x00000000c8e00000, 0x00000000c8e00000| Untracked 
|  95|0x00000000c8f00000, 0x00000000c8f00000, 0x00000000c9000000|  0%| F|  |TAMS 0x00000000c8f00000, 0x00000000c8f00000| Untracked 
|  96|0x00000000c9000000, 0x00000000c9000000, 0x00000000c9100000|  0%| F|  |TAMS 0x00000000c9000000, 0x00000000c9000000| Untracked 
|  97|0x00000000c9100000, 0x00000000c9100000, 0x00000000c9200000|  0%| F|  |TAMS 0x00000000c9100000, 0x00000000c9100000| Untracked 
|  98|0x00000000c9200000, 0x00000000c9200000, 0x00000000c9300000|  0%| F|  |TAMS 0x00000000c9200000, 0x00000000c9200000| Untracked 
|  99|0x00000000c9300000, 0x00000000c9300000, 0x00000000c9400000|  0%| F|  |TAMS 0x00000000c9300000, 0x00000000c9300000| Untracked 
| 100|0x00000000c9400000, 0x00000000c9400000, 0x00000000c9500000|  0%| F|  |TAMS 0x00000000c9400000, 0x00000000c9400000| Untracked 
| 101|0x00000000c9500000, 0x00000000c9500000, 0x00000000c9600000|  0%| F|  |TAMS 0x00000000c9500000, 0x00000000c9500000| Untracked 
| 102|0x00000000c9600000, 0x00000000c9600000, 0x00000000c9700000|  0%| F|  |TAMS 0x00000000c9600000, 0x00000000c9600000| Untracked 
| 103|0x00000000c9700000, 0x00000000c9700000, 0x00000000c9800000|  0%| F|  |TAMS 0x00000000c9700000, 0x00000000c9700000| Untracked 
| 104|0x00000000c9800000, 0x00000000c9800000, 0x00000000c9900000|  0%| F|  |TAMS 0x00000000c9800000, 0x00000000c9800000| Untracked 
| 105|0x00000000c9900000, 0x00000000c9900000, 0x00000000c9a00000|  0%| F|  |TAMS 0x00000000c9900000, 0x00000000c9900000| Untracked 
| 106|0x00000000c9a00000, 0x00000000c9a00000, 0x00000000c9b00000|  0%| F|  |TAMS 0x00000000c9a00000, 0x00000000c9a00000| Untracked 
| 107|0x00000000c9b00000, 0x00000000c9b00000, 0x00000000c9c00000|  0%| F|  |TAMS 0x00000000c9b00000, 0x00000000c9b00000| Untracked 
| 108|0x00000000c9c00000, 0x00000000c9c00000, 0x00000000c9d00000|  0%| F|  |TAMS 0x00000000c9c00000, 0x00000000c9c00000| Untracked 
| 109|0x00000000c9d00000, 0x00000000c9d00000, 0x00000000c9e00000|  0%| F|  |TAMS 0x00000000c9d00000, 0x00000000c9d00000| Untracked 
| 110|0x00000000c9e00000, 0x00000000c9e00000, 0x00000000c9f00000|  0%| F|  |TAMS 0x00000000c9e00000, 0x00000000c9e00000| Untracked 
| 111|0x00000000c9f00000, 0x00000000c9f00000, 0x00000000ca000000|  0%| F|  |TAMS 0x00000000c9f00000, 0x00000000c9f00000| Untracked 
| 112|0x00000000ca000000, 0x00000000ca000000, 0x00000000ca100000|  0%| F|  |TAMS 0x00000000ca000000, 0x00000000ca000000| Untracked 
| 113|0x00000000ca100000, 0x00000000ca100000, 0x00000000ca200000|  0%| F|  |TAMS 0x00000000ca100000, 0x00000000ca100000| Untracked 
| 114|0x00000000ca200000, 0x00000000ca200000, 0x00000000ca300000|  0%| F|  |TAMS 0x00000000ca200000, 0x00000000ca200000| Untracked 
| 115|0x00000000ca300000, 0x00000000ca300000, 0x00000000ca400000|  0%| F|  |TAMS 0x00000000ca300000, 0x00000000ca300000| Untracked 
| 974|0x00000000ffe00000, 0x00000000fff00000, 0x00000000fff00000|100%| O|  |TAMS 0x00000000fff00000, 0x00000000ffe00000| Untracked 
| 975|0x00000000fff00000, 0x00000000fff00000, 0x0000000100000000|  0%| F|  |TAMS 0x00000000fff00000, 0x00000000fff00000| Untracked 

Card table byte_map: [0x0000021672330000,0x0000021672520000] _byte_map_base: 0x0000021671d18000

Marking Bits (Prev, Next): (CMBitMap*) 0x000002167259cb60, (CMBitMap*) 0x000002167259cba0
 Prev Bits: [0x000002167a020000, 0x000002167af60000)
 Next Bits: [0x000002167af60000, 0x000002167bea0000)

Polling page: 0x0000021670370000

Metaspace:

Usage:
  Non-class:     27.37 MB used.
      Class:      3.44 MB used.
       Both:     30.81 MB used.

Virtual space:
  Non-class space:       64.00 MB reserved,      27.56 MB ( 43%) committed,  1 nodes.
      Class space:        1.00 GB reserved,       3.62 MB ( <1%) committed,  1 nodes.
             Both:        1.06 GB reserved,      31.19 MB (  3%) committed. 

Chunk freelists:
   Non-Class:  3.58 MB
       Class:  12.38 MB
        Both:  15.96 MB

MaxMetaspaceSize: unlimited
CompressedClassSpaceSize: 1.00 GB
Initial GC threshold: 21.00 MB
Current GC threshold: 47.31 MB
CDS: on
MetaspaceReclaimPolicy: balanced
 - commit_granule_bytes: 65536.
 - commit_granule_words: 8192.
 - virtual_space_node_default_size: 8388608.
 - enlarge_chunks_in_place: 1.
 - new_chunks_are_fully_committed: 0.
 - uncommit_free_chunks: 1.
 - use_allocation_guard: 0.
 - handle_deallocations: 1.


Internal statistics:

num_allocs_failed_limit: 3.
num_arena_births: 328.
num_arena_deaths: 14.
num_vsnodes_births: 2.
num_vsnodes_deaths: 0.
num_space_committed: 527.
num_space_uncommitted: 28.
num_chunks_returned_to_freelist: 200.
num_chunks_taken_from_freelist: 1689.
num_chunk_merges: 37.
num_chunk_splits: 1100.
num_chunks_enlarged: 823.
num_inconsistent_stats: 0.

CodeHeap 'non-profiled nmethods': size=120064Kb used=4017Kb max_used=4017Kb free=116046Kb
 bounds [0x0000021607ac0000, 0x0000021607ed0000, 0x000002160f000000]
CodeHeap 'profiled nmethods': size=120000Kb used=14776Kb max_used=15099Kb free=105223Kb
 bounds [0x0000021600000000, 0x0000021600ec0000, 0x0000021607530000]
CodeHeap 'non-nmethods': size=5696Kb used=1245Kb max_used=1323Kb free=4450Kb
 bounds [0x0000021607530000, 0x00000216077a0000, 0x0000021607ac0000]
 total_blobs=7457 nmethods=6898 adapters=472
 compilation: enabled
              stopped_count=0, restarted_count=0
 full_count=0

Compilation events (20 events):
Event: 37.694 Thread 0x000002167e22d0c0 8286       3       org.apache.commons.compress.archivers.zip.ZipLong::putLong (8 bytes)
Event: 37.694 Thread 0x000002167e22a6e0 nmethod 8277 0x0000021607d92d90 code [0x0000021607d92f20, 0x0000021607d93038]
Event: 37.694 Thread 0x000002167e22d0c0 nmethod 8286 0x000002160035d590 code [0x000002160035d720, 0x000002160035d848]
Event: 37.695 Thread 0x000002167e22d0c0 8287       3       java.io.OutputStream::write (9 bytes)
Event: 37.695 Thread 0x000002167e22d0c0 nmethod 8287 0x000002160035d110 code [0x000002160035d2c0, 0x000002160035d4a8]
Event: 37.720 Thread 0x000002167e22d0c0 8288       3       java.lang.invoke.MethodHandles$Lookup::getDirectMethodNoSecurityManager (18 bytes)
Event: 37.720 Thread 0x000002167e22d0c0 nmethod 8288 0x000002160035cc10 code [0x000002160035cda0, 0x000002160035cee8]
Event: 37.728 Thread 0x000002167e22d0c0 8289       3       java.lang.StringUTF16::checkIndex (9 bytes)
Event: 37.728 Thread 0x000002167e22d0c0 nmethod 8289 0x0000021600adf410 code [0x0000021600adf5c0, 0x0000021600adf748]
Event: 37.788 Thread 0x000002167e22d0c0 8290       3       org.eclipse.aether.internal.impl.collect.DataPool$Constraint::<init> (90 bytes)
Event: 37.789 Thread 0x000002167e22d0c0 nmethod 8290 0x0000021600adde10 code [0x0000021600ade060, 0x0000021600adee88]
Event: 37.805 Thread 0x000002167e22a6e0 8291       4       java.util.Collections$3::nextElement (10 bytes)
Event: 37.806 Thread 0x000002167e22d0c0 8292       3       java.util.Collections$3::hasMoreElements (10 bytes)
Event: 37.806 Thread 0x000002167e22d0c0 nmethod 8292 0x0000021600bb7210 code [0x0000021600bb73c0, 0x0000021600bb7588]
Event: 37.813 Thread 0x000002167e22a6e0 nmethod 8291 0x0000021607d92510 code [0x0000021607d926a0, 0x0000021607d92af8]
Event: 37.813 Thread 0x000002167e22a6e0 8293       4       java.util.regex.Pattern$Start::match (90 bytes)
Event: 37.816 Thread 0x000002167e22a6e0 nmethod 8293 0x0000021607d92090 code [0x0000021607d92220, 0x0000021607d92398]
Event: 37.824 Thread 0x000002167e22d0c0 8294       3       org.apache.maven.model.io.xpp3.MavenXpp3Reader::read (153 bytes)
Event: 37.824 Thread 0x000002167e22a6e0 8295       4       sun.nio.cs.UTF_8$Decoder::decodeArrayLoop (688 bytes)
Event: 37.826 Thread 0x000002167e22d0c0 nmethod 8294 0x0000021600422b10 code [0x0000021600422e20, 0x0000021600423cd8]

GC Heap History (20 events):
Event: 26.601 GC heap after
{Heap after GC invocations=26 (full 0):
 garbage-first heap   total 100352K, used 57344K [0x00000000c3000000, 0x0000000100000000)
  region size 1024K, 2 young (2048K), 2 survivors (2048K)
 Metaspace       used 28764K, committed 29184K, reserved 1114112K
  class space    used 3183K, committed 3392K, reserved 1048576K
}
Event: 27.432 GC heap before
{Heap before GC invocations=27 (full 0):
 garbage-first heap   total 100352K, used 71680K [0x00000000c3000000, 0x0000000100000000)
  region size 1024K, 18 young (18432K), 2 survivors (2048K)
 Metaspace       used 27125K, committed 28032K, reserved 1114112K
  class space    used 2979K, committed 3328K, reserved 1048576K
}
Event: 27.442 GC heap after
{Heap after GC invocations=28 (full 0):
 garbage-first heap   total 100352K, used 59392K [0x00000000c3000000, 0x0000000100000000)
  region size 1024K, 3 young (3072K), 3 survivors (3072K)
 Metaspace       used 27125K, committed 28032K, reserved 1114112K
  class space    used 2979K, committed 3328K, reserved 1048576K
}
Event: 27.543 GC heap before
{Heap before GC invocations=28 (full 0):
 garbage-first heap   total 100352K, used 60416K [0x00000000c3000000, 0x0000000100000000)
  region size 1024K, 4 young (4096K), 3 survivors (3072K)
 Metaspace       used 27125K, committed 28032K, reserved 1114112K
  class space    used 2979K, committed 3328K, reserved 1048576K
}
Event: 27.554 GC heap after
{Heap after GC invocations=29 (full 0):
 garbage-first heap   total 100352K, used 52525K [0x00000000c3000000, 0x0000000100000000)
  region size 1024K, 1 young (1024K), 1 survivors (1024K)
 Metaspace       used 27125K, committed 28032K, reserved 1114112K
  class space    used 2979K, committed 3328K, reserved 1048576K
}
Event: 28.136 GC heap before
{Heap before GC invocations=29 (full 0):
 garbage-first heap   total 100352K, used 69933K [0x00000000c3000000, 0x0000000100000000)
  region size 1024K, 19 young (19456K), 1 survivors (1024K)
 Metaspace       used 27904K, committed 28352K, reserved 1114112K
  class space    used 3085K, committed 3328K, reserved 1048576K
}
Event: 28.137 GC heap after
{Heap after GC invocations=30 (full 0):
 garbage-first heap   total 100352K, used 52373K [0x00000000c3000000, 0x0000000100000000)
  region size 1024K, 1 young (1024K), 1 survivors (1024K)
 Metaspace       used 27904K, committed 28352K, reserved 1114112K
  class space    used 3085K, committed 3328K, reserved 1048576K
}
Event: 29.033 GC heap before
{Heap before GC invocations=31 (full 0):
 garbage-first heap   total 100352K, used 71829K [0x00000000c3000000, 0x0000000100000000)
  region size 1024K, 21 young (21504K), 1 survivors (1024K)
 Metaspace       used 28388K, committed 28736K, reserved 1114112K
  class space    used 3135K, committed 3328K, reserved 1048576K
}
Event: 29.038 GC heap after
{Heap after GC invocations=32 (full 0):
 garbage-first heap   total 100352K, used 51569K [0x00000000c3000000, 0x0000000100000000)
  region size 1024K, 2 young (2048K), 2 survivors (2048K)
 Metaspace       used 28388K, committed 28736K, reserved 1114112K
  class space    used 3135K, committed 3328K, reserved 1048576K
}
Event: 29.248 GC heap before
{Heap before GC invocations=32 (full 0):
 garbage-first heap   total 100352K, used 52593K [0x00000000c3000000, 0x0000000100000000)
  region size 1024K, 4 young (4096K), 2 survivors (2048K)
 Metaspace       used 28400K, committed 28736K, reserved 1114112K
  class space    used 3136K, committed 3328K, reserved 1048576K
}
Event: 29.254 GC heap after
{Heap after GC invocations=33 (full 0):
 garbage-first heap   total 100352K, used 48522K [0x00000000c3000000, 0x0000000100000000)
  region size 1024K, 1 young (1024K), 1 survivors (1024K)
 Metaspace       used 28400K, committed 28736K, reserved 1114112K
  class space    used 3136K, committed 3328K, reserved 1048576K
}
Event: 31.057 GC heap before
{Heap before GC invocations=33 (full 0):
 garbage-first heap   total 100352K, used 72074K [0x00000000c3000000, 0x0000000100000000)
  region size 1024K, 25 young (25600K), 1 survivors (1024K)
 Metaspace       used 29341K, committed 29696K, reserved 1114112K
  class space    used 3205K, committed 3392K, reserved 1048576K
}
Event: 31.061 GC heap after
{Heap after GC invocations=34 (full 0):
 garbage-first heap   total 100352K, used 50024K [0x00000000c3000000, 0x0000000100000000)
  region size 1024K, 2 young (2048K), 2 survivors (2048K)
 Metaspace       used 29341K, committed 29696K, reserved 1114112K
  class space    used 3205K, committed 3392K, reserved 1048576K
}
Event: 33.847 GC heap before
{Heap before GC invocations=35 (full 0):
 garbage-first heap   total 120832K, used 102248K [0x00000000c3000000, 0x0000000100000000)
  region size 1024K, 27 young (27648K), 2 survivors (2048K)
 Metaspace       used 29920K, committed 30272K, reserved 1114112K
  class space    used 3322K, committed 3520K, reserved 1048576K
}
Event: 33.855 GC heap after
{Heap after GC invocations=36 (full 0):
 garbage-first heap   total 120832K, used 48652K [0x00000000c3000000, 0x0000000100000000)
  region size 1024K, 4 young (4096K), 4 survivors (4096K)
 Metaspace       used 29920K, committed 30272K, reserved 1114112K
  class space    used 3322K, committed 3520K, reserved 1048576K
}
Event: 33.876 GC heap before
{Heap before GC invocations=36 (full 0):
 garbage-first heap   total 120832K, used 48652K [0x00000000c3000000, 0x0000000100000000)
  region size 1024K, 5 young (5120K), 4 survivors (4096K)
 Metaspace       used 29920K, committed 30272K, reserved 1114112K
  class space    used 3322K, committed 3520K, reserved 1048576K
}
Event: 33.883 GC heap after
{Heap after GC invocations=37 (full 0):
 garbage-first heap   total 120832K, used 34630K [0x00000000c3000000, 0x0000000100000000)
  region size 1024K, 1 young (1024K), 1 survivors (1024K)
 Metaspace       used 29920K, committed 30272K, reserved 1114112K
  class space    used 3322K, committed 3520K, reserved 1048576K
}
Event: 33.955 GC heap before
{Heap before GC invocations=37 (full 0):
 garbage-first heap   total 120832K, used 37702K [0x00000000c3000000, 0x0000000100000000)
  region size 1024K, 5 young (5120K), 1 survivors (1024K)
 Metaspace       used 29922K, committed 30272K, reserved 1114112K
  class space    used 3322K, committed 3520K, reserved 1048576K
}
Event: 33.958 GC heap after
{Heap after GC invocations=38 (full 0):
 garbage-first heap   total 120832K, used 29381K [0x00000000c3000000, 0x0000000100000000)
  region size 1024K, 1 young (1024K), 1 survivors (1024K)
 Metaspace       used 29922K, committed 30272K, reserved 1114112K
  class space    used 3322K, committed 3520K, reserved 1048576K
}
Event: 37.826 GC heap before
{Heap before GC invocations=38 (full 0):
 garbage-first heap   total 120832K, used 83653K [0x00000000c3000000, 0x0000000100000000)
  region size 1024K, 53 young (54272K), 1 survivors (1024K)
 Metaspace       used 31553K, committed 31936K, reserved 1114112K
  class space    used 3521K, committed 3712K, reserved 1048576K
}

Deoptimization events (20 events):
Event: 35.333 Thread 0x0000021672564a30 DEOPT PACKING pc=0x0000021607b6fa9c sp=0x000000a9f3dfd430
Event: 35.333 Thread 0x0000021672564a30 DEOPT UNPACKING pc=0x000002160758239d sp=0x000000a9f3dfd3c0 mode 2
Event: 35.350 Thread 0x0000021672564a30 Uncommon trap: trap_request=0xffffff66 fr.pc=0x0000021607d2136c relative=0x000000000000004c
Event: 35.350 Thread 0x0000021672564a30 Uncommon trap: reason=speculate_class_check action=maybe_recompile pc=0x0000021607d2136c method=java.lang.invoke.Invokers$Holder.linkToTargetMethod(Ljava/lang/Object;Ljava/lang/Object;)Ljava/lang/Object; @ 1 c2
Event: 35.350 Thread 0x0000021672564a30 DEOPT PACKING pc=0x0000021607d2136c sp=0x000000a9f3dfd680
Event: 35.350 Thread 0x0000021672564a30 DEOPT UNPACKING pc=0x000002160758239d sp=0x000000a9f3dfd610 mode 2
Event: 35.383 Thread 0x0000021672564a30 Uncommon trap: trap_request=0xffffff45 fr.pc=0x0000021607d70c34 relative=0x0000000000000114
Event: 35.383 Thread 0x0000021672564a30 Uncommon trap: reason=unstable_if action=reinterpret pc=0x0000021607d70c34 method=java.util.zip.CRC32.updateBytesCheck([BII)V @ 1 c2
Event: 35.383 Thread 0x0000021672564a30 DEOPT PACKING pc=0x0000021607d70c34 sp=0x000000a9f3dfd340
Event: 35.383 Thread 0x0000021672564a30 DEOPT UNPACKING pc=0x000002160758239d sp=0x000000a9f3dfd228 mode 2
Event: 35.626 Thread 0x0000021672564a30 Uncommon trap: trap_request=0xffffff45 fr.pc=0x0000021607d22dfc relative=0x00000000000001dc
Event: 35.626 Thread 0x0000021672564a30 Uncommon trap: reason=unstable_if action=reinterpret pc=0x0000021607d22dfc method=jdk.internal.util.ArraysSupport.mismatch([B[BI)I @ 60 c2
Event: 35.626 Thread 0x0000021672564a30 DEOPT PACKING pc=0x0000021607d22dfc sp=0x000000a9f3dfd620
Event: 35.626 Thread 0x0000021672564a30 DEOPT UNPACKING pc=0x000002160758239d sp=0x000000a9f3dfd568 mode 2
Event: 37.786 Thread 0x0000021672564a30 Uncommon trap: trap_request=0xffffff6e fr.pc=0x0000021607e282dc relative=0x000000000000013c
Event: 37.787 Thread 0x0000021672564a30 Uncommon trap: reason=loop_limit_check action=maybe_recompile pc=0x0000021607e282dc method=java.util.regex.Pattern$Start.match(Ljava/util/regex/Matcher;ILjava/lang/CharSequence;)Z @ 34 c2
Event: 37.787 Thread 0x0000021672564a30 DEOPT PACKING pc=0x0000021607e282dc sp=0x000000a9f3dfccb0
Event: 37.787 Thread 0x0000021672564a30 DEOPT UNPACKING pc=0x000002160758239d sp=0x000000a9f3dfcc40 mode 2
Event: 37.826 Thread 0x0000021672564a30 DEOPT PACKING pc=0x0000021600c22764 sp=0x000000a9f3dfc1f0
Event: 37.826 Thread 0x0000021672564a30 DEOPT UNPACKING pc=0x0000021607582b24 sp=0x000000a9f3dfb748 mode 0

Classes unloaded (20 events):
Event: 31.120 Thread 0x000002167e2096d0 Unloading class 0x0000021610305ea8 'org/springframework/boot/configurationprocessor/fieldvalues/javac/ReflectionWrapper'
Event: 31.120 Thread 0x000002167e2096d0 Unloading class 0x0000021610305cb0 'org/springframework/boot/configurationprocessor/fieldvalues/javac/TreeVisitor'
Event: 31.120 Thread 0x000002167e2096d0 Unloading class 0x0000021610305a88 'org/springframework/boot/configurationprocessor/fieldvalues/javac/JavaCompilerFieldValuesParser'
Event: 31.120 Thread 0x000002167e2096d0 Unloading class 0x0000021610305890 'org/springframework/boot/configurationprocessor/fieldvalues/FieldValuesParser'
Event: 31.120 Thread 0x000002167e2096d0 Unloading class 0x00000216103055d8 'org/springframework/boot/configurationprocessor/MetadataGenerationEnvironment'
Event: 31.120 Thread 0x000002167e2096d0 Unloading class 0x00000216103053b8 'org/springframework/boot/configurationprocessor/TypeUtils$$Lambda$324+0x00000216103053b8'
Event: 31.120 Thread 0x000002167e2096d0 Unloading class 0x0000021610305098 'org/springframework/boot/configurationprocessor/TypeUtils$TypeExtractor'
Event: 31.120 Thread 0x000002167e2096d0 Unloading class 0x0000021610304e68 'org/springframework/boot/configurationprocessor/TypeUtils$$Lambda$323+0x0000021610304e68'
Event: 31.120 Thread 0x000002167e2096d0 Unloading class 0x0000021610304c10 'org/springframework/boot/configurationprocessor/TypeUtils'
Event: 31.120 Thread 0x000002167e2096d0 Unloading class 0x00000216103049d8 'org/springframework/boot/configurationprocessor/MetadataCollector'
Event: 31.120 Thread 0x000002167e2096d0 Unloading class 0x00000216103047b0 'org/springframework/boot/configurationprocessor/MetadataStore'
Event: 31.120 Thread 0x000002167e2096d0 Unloading class 0x0000021610304550 'org/springframework/boot/configurationprocessor/metadata/InvalidConfigurationMetadataException'
Event: 31.120 Thread 0x000002167e2096d0 Unloading class 0x0000021610304280 'org/springframework/boot/configurationprocessor/ConfigurationMetadataAnnotationProcessor'
Event: 31.120 Thread 0x000002167e2096d0 Unloading class 0x0000021610304000 'lombok/launch/AnnotationProcessorHider$ClaimingProcessor'
Event: 31.120 Thread 0x000002167e2096d0 Unloading class 0x00000216102f8c98 'lombok/launch/AnnotationProcessorHider$AstModificationNotifierData'
Event: 31.120 Thread 0x000002167e2096d0 Unloading class 0x00000216102f8a18 'lombok/launch/ClassFileMetaData'
Event: 31.120 Thread 0x000002167e2096d0 Unloading class 0x00000216102f8800 'lombok/launch/PackageShader'
Event: 31.120 Thread 0x000002167e2096d0 Unloading class 0x0000021610350c80 'lombok/launch/ShadowClassLoader'
Event: 31.120 Thread 0x000002167e2096d0 Unloading class 0x0000021610350a80 'lombok/launch/Main'
Event: 31.120 Thread 0x000002167e2096d0 Unloading class 0x0000021610350800 'lombok/launch/AnnotationProcessorHider$AnnotationProcessor'

Classes redefined (0 events):
No events

Internal exceptions (20 events):
Event: 28.390 Thread 0x0000021672564a30 Exception <a 'sun/nio/fs/WindowsException'{0x00000000c8793cc0}> (0x00000000c8793cc0) 
thrown [s\open\src\hotspot\share\prims\jni.cpp, line 516]
Event: 28.397 Thread 0x0000021672564a30 Exception <a 'sun/nio/fs/WindowsException'{0x00000000c8673ce8}> (0x00000000c8673ce8) 
thrown [s\open\src\hotspot\share\prims\jni.cpp, line 516]
Event: 28.401 Thread 0x0000021672564a30 Exception <a 'sun/nio/fs/WindowsException'{0x00000000c868d360}> (0x00000000c868d360) 
thrown [s\open\src\hotspot\share\prims\jni.cpp, line 516]
Event: 28.419 Thread 0x0000021672564a30 Exception <a 'sun/nio/fs/WindowsException'{0x00000000c86a89b0}> (0x00000000c86a89b0) 
thrown [s\open\src\hotspot\share\prims\jni.cpp, line 516]
Event: 28.419 Thread 0x0000021672564a30 Exception <a 'sun/nio/fs/WindowsException'{0x00000000c86a90f0}> (0x00000000c86a90f0) 
thrown [s\open\src\hotspot\share\prims\jni.cpp, line 516]
Event: 28.419 Thread 0x0000021672564a30 Exception <a 'sun/nio/fs/WindowsException'{0x00000000c86a96b0}> (0x00000000c86a96b0) 
thrown [s\open\src\hotspot\share\prims\jni.cpp, line 516]
Event: 28.419 Thread 0x0000021672564a30 Exception <a 'sun/nio/fs/WindowsException'{0x00000000c86a9dd8}> (0x00000000c86a9dd8) 
thrown [s\open\src\hotspot\share\prims\jni.cpp, line 516]
Event: 28.419 Thread 0x0000021672564a30 Exception <a 'sun/nio/fs/WindowsException'{0x00000000c86aa0d8}> (0x00000000c86aa0d8) 
thrown [s\open\src\hotspot\share\prims\jni.cpp, line 516]
Event: 28.419 Thread 0x0000021672564a30 Exception <a 'sun/nio/fs/WindowsException'{0x00000000c86aad68}> (0x00000000c86aad68) 
thrown [s\open\src\hotspot\share\prims\jni.cpp, line 516]
Event: 28.419 Thread 0x0000021672564a30 Exception <a 'sun/nio/fs/WindowsException'{0x00000000c86ab028}> (0x00000000c86ab028) 
thrown [s\open\src\hotspot\share\prims\jni.cpp, line 516]
Event: 28.420 Thread 0x0000021672564a30 Exception <a 'sun/nio/fs/WindowsException'{0x00000000c86abca8}> (0x00000000c86abca8) 
thrown [s\open\src\hotspot\share\prims\jni.cpp, line 516]
Event: 30.780 Thread 0x000002167f2642c0 Exception <a 'java/lang/NoSuchMethodError'{0x00000000c7e8ee60}: 'java.lang.Object java.lang.invoke.DirectMethodHandle$Holder.invokeStaticInit(java.lang.Object, java.lang.Object, long, java.lang.Object)'> (0x00000000c7e8ee60) 
thrown [s\open\src\hotspot\share\interpreter\linkResolver.cpp, line 759]
Event: 30.781 Thread 0x000002167f2642c0 Exception <a 'java/lang/NoSuchMethodError'{0x00000000c7e95550}: 'java.lang.Object java.lang.invoke.DirectMethodHandle$Holder.newInvokeSpecial(java.lang.Object, java.lang.Object, long)'> (0x00000000c7e95550) 
thrown [s\open\src\hotspot\share\interpreter\linkResolver.cpp, line 759]
Event: 30.781 Thread 0x000002167f2642c0 Exception <a 'java/lang/NoSuchMethodError'{0x00000000c7e990c0}: 'java.lang.Object java.lang.invoke.Invokers$Holder.linkToTargetMethod(java.lang.Object, long, java.lang.Object)'> (0x00000000c7e990c0) 
thrown [s\open\src\hotspot\share\interpreter\linkResolver.cpp, line 759]
Event: 32.404 Thread 0x0000021672564a30 Implicit null exception at 0x0000021607c59987 to 0x0000021607c5b720
Event: 33.203 Thread 0x0000021672564a30 Exception <a 'java/lang/NoSuchMethodError'{0x00000000c7a6a0c8}: 'void java.lang.invoke.DirectMethodHandle$Holder.invokeStaticInit(java.lang.Object, java.lang.Object)'> (0x00000000c7a6a0c8) 
thrown [s\open\src\hotspot\share\interpreter\linkResolver.cpp, line 759]
Event: 33.255 Thread 0x0000021672564a30 Exception <a 'java/lang/NoSuchMethodError'{0x00000000c7acb650}: 'java.lang.Object java.lang.invoke.DirectMethodHandle$Holder.invokeStatic(java.lang.Object, int, java.lang.Object)'> (0x00000000c7acb650) 
thrown [s\open\src\hotspot\share\interpreter\linkResolver.cpp, line 759]
Event: 33.355 Thread 0x000002167f2651f0 Implicit null exception at 0x0000021607e0960a to 0x0000021607e09b80
Event: 33.360 Thread 0x000002167f2638a0 Implicit null exception at 0x0000021607e14945 to 0x0000021607e14afc
Event: 33.361 Thread 0x000002167f2638a0 Implicit null exception at 0x0000021607df8df9 to 0x0000021607df915c

VM Operations (20 events):
Event: 33.245 Executing VM operation: HandshakeAllThreads done
Event: 33.320 Executing VM operation: HandshakeAllThreads
Event: 33.367 Executing VM operation: HandshakeAllThreads done
Event: 33.369 Executing VM operation: HandshakeAllThreads
Event: 33.369 Executing VM operation: HandshakeAllThreads done
Event: 33.380 Executing VM operation: HandshakeAllThreads
Event: 33.380 Executing VM operation: HandshakeAllThreads done
Event: 33.847 Executing VM operation: G1CollectForAllocation
Event: 33.855 Executing VM operation: G1CollectForAllocation done
Event: 33.876 Executing VM operation: G1CollectForAllocation
Event: 33.883 Executing VM operation: G1CollectForAllocation done
Event: 33.955 Executing VM operation: G1CollectForAllocation
Event: 33.958 Executing VM operation: G1CollectForAllocation done
Event: 34.892 Executing VM operation: HandshakeAllThreads
Event: 34.892 Executing VM operation: HandshakeAllThreads done
Event: 35.894 Executing VM operation: Cleanup
Event: 35.894 Executing VM operation: Cleanup done
Event: 36.897 Executing VM operation: Cleanup
Event: 36.897 Executing VM operation: Cleanup done
Event: 37.826 Executing VM operation: G1CollectForAllocation

Events (20 events):
Event: 33.394 Thread 0x000002167e2a78e0 flushing nmethod 0x0000021600dad090
Event: 33.394 Thread 0x000002167e2a78e0 flushing nmethod 0x0000021600db0f10
Event: 33.394 Thread 0x000002167e2a78e0 flushing nmethod 0x0000021600db1310
Event: 33.394 Thread 0x000002167e2a78e0 flushing nmethod 0x0000021600db7d10
Event: 34.843 loading class javax/management/ReflectionException
Event: 34.865 loading class javax/management/JMException
Event: 34.865 loading class javax/management/JMException done
Event: 34.865 loading class javax/management/ReflectionException done
Event: 34.865 loading class javax/management/MBeanServerConnection
Event: 34.869 loading class javax/management/MBeanServerConnection done
Event: 34.871 loading class javax/management/InstanceNotFoundException
Event: 34.871 loading class javax/management/OperationsException
Event: 34.871 loading class javax/management/OperationsException done
Event: 34.871 loading class javax/management/InstanceNotFoundException done
Event: 34.892 loading class java/util/jar/JarOutputStream
Event: 34.893 loading class java/util/jar/JarOutputStream done
Event: 35.157 loading class java/net/HttpURLConnection
Event: 35.158 loading class java/net/HttpURLConnection done
Event: 35.329 loading class java/io/FileFilter
Event: 35.329 loading class java/io/FileFilter done


Dynamic libraries:
0x00007ff75cd60000 - 0x00007ff75cd70000 	C:\Program Files\Java\jdk-17\bin\java.exe
0x00007fff93a90000 - 0x00007fff93c88000 	C:\Windows\SYSTEM32\ntdll.dll
0x00007fff936c0000 - 0x00007fff9377f000 	C:\Windows\System32\KERNEL32.DLL
0x00007fff911e0000 - 0x00007fff914b2000 	C:\Windows\System32\KERNELBASE.dll
0x00007fff91560000 - 0x00007fff91660000 	C:\Windows\System32\ucrtbase.dll
0x00007fff7c850000 - 0x00007fff7c869000 	C:\Program Files\Java\jdk-17\bin\jli.dll
0x00007fff93970000 - 0x00007fff93a1e000 	C:\Windows\System32\ADVAPI32.dll
0x00007fff92c40000 - 0x00007fff92cde000 	C:\Windows\System32\msvcrt.dll
0x00007fff929f0000 - 0x00007fff92a8c000 	C:\Windows\System32\sechost.dll
0x00007fff92d40000 - 0x00007fff92e65000 	C:\Windows\System32\RPCRT4.dll
0x00007fff7c600000 - 0x00007fff7c61b000 	C:\Program Files\Java\jdk-17\bin\VCRUNTIME140.dll
0x00007fff92f20000 - 0x00007fff930c1000 	C:\Windows\System32\USER32.dll
0x00007fff91970000 - 0x00007fff91992000 	C:\Windows\System32\win32u.dll
0x00007fff93430000 - 0x00007fff9345b000 	C:\Windows\System32\GDI32.dll
0x00007fff91700000 - 0x00007fff9180f000 	C:\Windows\System32\gdi32full.dll
0x00007fff914c0000 - 0x00007fff9155d000 	C:\Windows\System32\msvcp_win.dll
0x00007fff7fdc0000 - 0x00007fff8005a000 	C:\Windows\WinSxS\amd64_microsoft.windows.common-controls_6595b64144ccf1df_6.0.19041.1110_none_60b5254171f9507e\COMCTL32.dll
0x00007fff87d30000 - 0x00007fff87d3a000 	C:\Windows\SYSTEM32\VERSION.dll
0x00007fff92e70000 - 0x00007fff92ea2000 	C:\Windows\System32\IMM32.DLL
0x00007fff7c840000 - 0x00007fff7c84c000 	C:\Program Files\Java\jdk-17\bin\vcruntime140_1.dll
0x00007fff63a70000 - 0x00007fff63afe000 	C:\Program Files\Java\jdk-17\bin\msvcp140.dll
0x00007fff11030000 - 0x00007fff11c10000 	C:\Program Files\Java\jdk-17\bin\server\jvm.dll
0x00007fff92210000 - 0x00007fff92218000 	C:\Windows\System32\PSAPI.DLL
0x00007fff72450000 - 0x00007fff72459000 	C:\Windows\SYSTEM32\WSOCK32.dll
0x00007fff92eb0000 - 0x00007fff92f1b000 	C:\Windows\System32\WS2_32.dll
0x00007fff6fbb0000 - 0x00007fff6fbd7000 	C:\Windows\SYSTEM32\WINMM.dll
0x00007fff8f9a0000 - 0x00007fff8f9b2000 	C:\Windows\SYSTEM32\kernel.appcore.dll
0x00007fff7c5e0000 - 0x00007fff7c5ea000 	C:\Program Files\Java\jdk-17\bin\jimage.dll
0x00007fff8f6b0000 - 0x00007fff8f894000 	C:\Windows\SYSTEM32\DBGHELP.DLL
0x00007fff809e0000 - 0x00007fff80a15000 	C:\Windows\SYSTEM32\dbgcore.DLL
0x00007fff91150000 - 0x00007fff911d2000 	C:\Windows\System32\bcryptPrimitives.dll
0x00007fff78cc0000 - 0x00007fff78ce5000 	C:\Program Files\Java\jdk-17\bin\java.dll
0x00007fff613a0000 - 0x00007fff61477000 	C:\Program Files\Java\jdk-17\bin\jsvml.dll
0x00007fff91aa0000 - 0x00007fff921e4000 	C:\Windows\System32\SHELL32.dll
0x00007fff8ee40000 - 0x00007fff8f5d2000 	C:\Windows\SYSTEM32\windows.storage.dll
0x00007fff930d0000 - 0x00007fff93425000 	C:\Windows\System32\combase.dll
0x00007fff90b30000 - 0x00007fff90b60000 	C:\Windows\SYSTEM32\Wldp.dll
0x00007fff93780000 - 0x00007fff9382d000 	C:\Windows\System32\SHCORE.dll
0x00007fff92ce0000 - 0x00007fff92d35000 	C:\Windows\System32\shlwapi.dll
0x00007fff91090000 - 0x00007fff910af000 	C:\Windows\SYSTEM32\profapi.dll
0x00007fff78ca0000 - 0x00007fff78cb9000 	C:\Program Files\Java\jdk-17\bin\net.dll
0x00007fff81f00000 - 0x00007fff8200c000 	C:\Windows\SYSTEM32\WINHTTP.dll
0x00007fff90830000 - 0x00007fff9089a000 	C:\Windows\system32\mswsock.dll
0x00007fff71d30000 - 0x00007fff71d46000 	C:\Program Files\Java\jdk-17\bin\nio.dll
0x00007fff66170000 - 0x00007fff66188000 	C:\Program Files\Java\jdk-17\bin\zip.dll
0x0000000069ac0000 - 0x0000000069ae4000 	C:\Program Files\apache-maven-3.8.8\lib\jansi-native\Windows\x86_64\jansi.dll
0x00007fff7c5d0000 - 0x00007fff7c5e0000 	C:\Program Files\Java\jdk-17\bin\verify.dll

dbghelp: loaded successfully - version: 4.0.5 - missing functions: none
symbol engine: initialized successfully - sym options: 0x614 - pdb path: .;C:\Program Files\Java\jdk-17\bin;C:\Windows\SYSTEM32;C:\Windows\WinSxS\amd64_microsoft.windows.common-controls_6595b64144ccf1df_6.0.19041.1110_none_60b5254171f9507e;C:\Program Files\Java\jdk-17\bin\server;C:\Program Files\apache-maven-3.8.8\lib\jansi-native\Windows\x86_64

VM Arguments:
jvm_args: -Dclassworlds.conf=C:/Program Files/apache-maven-3.8.8/bin/m2.conf -Dmaven.home=C:/Program Files/apache-maven-3.8.8 -Dlibrary.jansi.path=C:/Program Files/apache-maven-3.8.8/lib/jansi-native -Dmaven.multiModuleProjectDirectory=C:/Users/Sabine/Desktop/Project/venue/venue 
java_command: org.codehaus.plexus.classworlds.launcher.Launcher clean install
java_class_path (initial): C:/Program Files/apache-maven-3.8.8/boot/plexus-classworlds-2.6.0.jar
Launcher Type: SUN_STANDARD

[Global flags]
     intx CICompilerCount                          = 2                                         {product} {ergonomic}
     uint ConcGCThreads                            = 1                                         {product} {ergonomic}
     uint G1ConcRefinementThreads                  = 2                                         {product} {ergonomic}
   size_t G1HeapRegionSize                         = 1048576                                   {product} {ergonomic}
    uintx GCDrainStackTargetSize                   = 64                                        {product} {ergonomic}
   size_t InitialHeapSize                          = 65011712                                  {product} {ergonomic}
   size_t MarkStackSize                            = 4194304                                   {product} {ergonomic}
   size_t MaxHeapSize                              = 1023410176                                {product} {ergonomic}
   size_t MaxNewSize                               = 613416960                                 {product} {ergonomic}
   size_t MinHeapDeltaBytes                        = 1048576                                   {product} {ergonomic}
   size_t MinHeapSize                              = 8388608                                   {product} {ergonomic}
    uintx NonNMethodCodeHeapSize                   = 5826188                                {pd product} {ergonomic}
    uintx NonProfiledCodeHeapSize                  = 122916026                              {pd product} {ergonomic}
    uintx ProfiledCodeHeapSize                     = 122916026                              {pd product} {ergonomic}
    uintx ReservedCodeCacheSize                    = 251658240                              {pd product} {ergonomic}
     bool SegmentedCodeCache                       = true                                      {product} {ergonomic}
   size_t SoftMaxHeapSize                          = 1023410176                             {manageable} {ergonomic}
     bool UseCompressedClassPointers               = true                           {product lp64_product} {ergonomic}
     bool UseCompressedOops                        = true                           {product lp64_product} {ergonomic}
     bool UseG1GC                                  = true                                      {product} {ergonomic}
     bool UseLargePagesIndividualAllocation        = false                                  {pd product} {ergonomic}

Logging:
Log output configuration:
 #0: stdout all=warning uptime,level,tags
 #1: stderr all=off uptime,level,tags

Environment Variables:
JAVA_HOME=C:\Program Files\Java\jdk-17\bin
PATH=C:\Users\Sabine\bin;C:\Program Files\Git\mingw64\bin;C:\Program Files\Git\usr\local\bin;C:\Program Files\Git\usr\bin;C:\Program Files\Git\usr\bin;C:\Program Files\Git\mingw64\bin;C:\Program Files\Git\usr\bin;C:\Users\Sabine\bin;C:\Program Files\Common Files\Oracle\Java\javapath;C:\oraclexe\app\oracle\product\11.2.0\server\bin;C:\Windows\system32;C:\Windows;C:\Windows\System32\Wbem;C:\Windows\System32\WindowsPowerShell\v1.0;C:\Windows\System32\OpenSSH;C:\flutter\bin;C:\Program Files\TortoiseSVN\bin;C:\Program Files\Git\cmd;C:\Program Files\nodejs;C:\Users\Sabine\AppData\Local\Programs\Microsoft VS Code\bin;C:\Program Files\apache-maven-3.8.8\bin;C:\Program Files\MySQL\MySQL Server 8.0\bin;C:\Program Files\Java\jdk-17\bin;C:\Users\Sabine\AppData\Roaming\npm;C:\Program Files\Git\usr\bin\vendor_perl;C:\Program Files\Git\usr\bin\core_perl
USERNAME=Sabine
SHELL=C:\Program Files\Git\usr\bin\bash.exe
DISPLAY=needs-to-be-defined
LANG=en_US.UTF-8
OS=Windows_NT
PROCESSOR_IDENTIFIER=Intel64 Family 6 Model 122 Stepping 8, GenuineIntel



---------------  S Y S T E M  ---------------

OS:
 Windows 10 , 64 bit Build 19041 (10.0.19041.2364)
OS uptime: 5 days 0:47 hours

CPU: total 2 (initial active 2) (2 cores per cpu, 1 threads per core) family 6 model 122 stepping 8 microcode 0xc, cx8, cmov, fxsr, mmx, 3dnowpref, sse, sse2, sse3, ssse3, sse4.1, sse4.2, popcnt, tsc, tscinvbit, aes, erms, clmul, sha, clflush, clflushopt

Memory: 4k page, system-wide physical 3899M (219M free)
TotalPageFile size 7878M (AvailPageFile size 62M)
current process WorkingSet (physical memory assigned to process): 286M, peak: 297M
current process commit charge ("private bytes"): 306M, peak: 424M

vm_info: Java HotSpot(TM) 64-Bit Server VM (17.0.12+8-LTS-286) for windows-amd64 JRE (17.0.12+8-LTS-286), built on Jun  5 2024 06:46:59 by "mach5one" with MS VC++ 17.6 (VS2022)

END.
