#
# There is insufficient memory for the Java Runtime Environment to continue.
# Native memory allocation (malloc) failed to allocate 1176400 bytes for Chunk::new
# Possible reasons:
#   The system is out of physical RAM or swap space
#   The process is running with CompressedOops enabled, and the Java Heap may be blocking the growth of the native heap
# Possible solutions:
#   Reduce memory load on the system
#   Increase physical memory or swap space
#   Check if swap backing store is full
#   Decrease Java heap size (-Xmx/-Xms)
#   Decrease number of Java threads
#   Decrease Java thread stack sizes (-Xss)
#   Set larger code cache with -XX:ReservedCodeCacheSize=
#   JVM is running with Unscaled Compressed Oops mode in which the Java heap is
#     placed in the first 4GB address space. The Java Heap base address is the
#     maximum limit for the native heap growth. Please use -XX:HeapBaseMinAddress
#     to set the Java Heap base and to place the Java Heap above 4GB virtual address.
# This output file may be truncated or incomplete.
#
#  Out of Memory Error (arena.cpp:189), pid=14004, tid=13872
#
# JRE version: Java(TM) SE Runtime Environment (17.0.12+8) (build 17.0.12+8-LTS-286)
# Java VM: Java HotSpot(TM) 64-Bit Server VM (17.0.12+8-LTS-286, mixed mode, sharing, tiered, compressed oops, compressed class ptrs, g1 gc, windows-amd64)
# No core dump will be written. Minidumps are not enabled by default on client versions of Windows
#

---------------  S U M M A R Y ------------

Command Line: -Dclassworlds.conf=C:/Program Files/apache-maven-3.8.8/bin/m2.conf -Dmaven.home=C:/Program Files/apache-maven-3.8.8 -Dlibrary.jansi.path=C:/Program Files/apache-maven-3.8.8/lib/jansi-native -Dmaven.multiModuleProjectDirectory=C:/Users/Sabine/Desktop/Project/venue/venue org.codehaus.plexus.classworlds.launcher.Launcher clean install

Host: Intel(R) Celeron(R) N4020 CPU @ 1.10GHz, 2 cores, 3G,  Windows 10 , 64 bit Build 19041 (10.0.19041.2364)
Time: Fri Nov  1 12:53:48 2024 Egypt Standard Time elapsed time: 74.112814 seconds (0d 0h 1m 14s)

---------------  T H R E A D  ---------------

Current thread (0x000002134667d5c0):  JavaThread "C2 CompilerThread0" daemon [_thread_in_native, id=13872, stack(0x000000f3dd500000,0x000000f3dd600000)]


Current CompileTask:
C2:  74113 8649 % !   4       java.util.jar.Attributes::read @ 214 (494 bytes)

Stack: [0x000000f3dd500000,0x000000f3dd600000]
Native frames: (J=compiled Java code, j=interpreted, Vv=VM code, C=native code)
V  [jvm.dll+0x67a04a]
V  [jvm.dll+0x7da4ed]
V  [jvm.dll+0x7dbe33]
V  [jvm.dll+0x7dc4a3]
V  [jvm.dll+0x24508f]
V  [jvm.dll+0xab773]
V  [jvm.dll+0xabd3c]
V  [jvm.dll+0x361bee]
V  [jvm.dll+0x1ba64a]
V  [jvm.dll+0x216997]
V  [jvm.dll+0x215c6f]
V  [jvm.dll+0x1a2960]
V  [jvm.dll+0x22610b]
V  [jvm.dll+0x2242ab]
V  [jvm.dll+0x79075c]
V  [jvm.dll+0x78abea]
V  [jvm.dll+0x678f35]
C  [ucrtbase.dll+0x21bb2]
C  [KERNEL32.DLL+0x17614]
C  [ntdll.dll+0x526a1]


---------------  P R O C E S S  ---------------

Threads class SMR info:
_java_thread_list=0x0000021368c3ecd0, length=13, elements={
0x00000213464bbfc0, 0x00000213466636c0, 0x0000021346664540, 0x00000213466790b0,
0x000002134667aa80, 0x000002134667b440, 0x000002134667be00, 0x000002134667d5c0,
0x000002134667ffa0, 0x0000021363215fa0, 0x00000213634361b0, 0x000002136343c950,
0x00000213693c2f90
}

Java Threads: ( => current thread )
  0x00000213464bbfc0 JavaThread "main" [_thread_in_vm, id=13188, stack(0x000000f3dc800000,0x000000f3dc900000)]
  0x00000213466636c0 JavaThread "Reference Handler" daemon [_thread_blocked, id=11208, stack(0x000000f3dcf00000,0x000000f3dd000000)]
  0x0000021346664540 JavaThread "Finalizer" daemon [_thread_blocked, id=15352, stack(0x000000f3dd000000,0x000000f3dd100000)]
  0x00000213466790b0 JavaThread "Signal Dispatcher" daemon [_thread_blocked, id=4780, stack(0x000000f3dd100000,0x000000f3dd200000)]
  0x000002134667aa80 JavaThread "Attach Listener" daemon [_thread_blocked, id=5848, stack(0x000000f3dd200000,0x000000f3dd300000)]
  0x000002134667b440 JavaThread "Service Thread" daemon [_thread_blocked, id=10708, stack(0x000000f3dd300000,0x000000f3dd400000)]
  0x000002134667be00 JavaThread "Monitor Deflation Thread" daemon [_thread_blocked, id=11212, stack(0x000000f3dd400000,0x000000f3dd500000)]
=>0x000002134667d5c0 JavaThread "C2 CompilerThread0" daemon [_thread_in_native, id=13872, stack(0x000000f3dd500000,0x000000f3dd600000)]
  0x000002134667ffa0 JavaThread "C1 CompilerThread0" daemon [_thread_blocked, id=6288, stack(0x000000f3dd600000,0x000000f3dd700000)]
  0x0000021363215fa0 JavaThread "Sweeper thread" daemon [_thread_blocked, id=5408, stack(0x000000f3dd700000,0x000000f3dd800000)]
  0x00000213634361b0 JavaThread "Notification Thread" daemon [_thread_blocked, id=4352, stack(0x000000f3dd800000,0x000000f3dd900000)]
  0x000002136343c950 JavaThread "Common-Cleaner" daemon [_thread_blocked, id=14528, stack(0x000000f3dda00000,0x000000f3ddb00000)]
  0x00000213693c2f90 JavaThread "pool-1-thread-1" daemon [_thread_new, id=11980, stack(0x0000000000000000,0x0000000000000000)]

Other Threads:
  0x000002134665d1f0 VMThread "VM Thread" [stack: 0x000000f3dce00000,0x000000f3dcf00000] [id=7780]
  0x00000213634386a0 WatcherThread [stack: 0x000000f3dd900000,0x000000f3dda00000] [id=8592]
  0x00000213465ec740 GCTaskThread "GC Thread#0" [stack: 0x000000f3dc900000,0x000000f3dca00000] [id=12532]
  0x0000021363721060 GCTaskThread "GC Thread#1" [stack: 0x000000f3ddb00000,0x000000f3ddc00000] [id=9904]
  0x00000213465f5830 ConcurrentGCThread "G1 Main Marker" [stack: 0x000000f3dca00000,0x000000f3dcb00000] [id=13156]
  0x00000213465f6240 ConcurrentGCThread "G1 Conc#0" [stack: 0x000000f3dcb00000,0x000000f3dcc00000] [id=3756]
  0x000002134662e450 ConcurrentGCThread "G1 Refine#0" [stack: 0x000000f3dcc00000,0x000000f3dcd00000] [id=4984]
  0x00000213683a1eb0 ConcurrentGCThread "G1 Refine#1" [stack: 0x000000f3ddc00000,0x000000f3ddd00000] [id=1152]
  0x000002134662fe90 ConcurrentGCThread "G1 Service" [stack: 0x000000f3dcd00000,0x000000f3dce00000] [id=13388]

Threads with active compile tasks:
C2 CompilerThread0    74151 8649 % !   4       java.util.jar.Attributes::read @ 214 (494 bytes)

VM state: not at safepoint (normal execution)

VM Mutex/Monitor currently owned by a thread: None

Heap address: 0x00000000c3000000, size: 976 MB, Compressed Oops mode: 32-bit

CDS archive(s) mapped at: [0x0000021300000000-0x0000021300bd0000-0x0000021300bd0000), size 12386304, SharedBaseAddress: 0x0000021300000000, ArchiveRelocationMode: 1.
Compressed class space mapped at: 0x0000021301000000-0x0000021341000000, reserved size: 1073741824
Narrow klass base: 0x0000021300000000, Narrow klass shift: 0, Narrow klass range: 0x100000000

GC Precious Log:
 CPUs: 2 total, 2 available
 Memory: 3899M
 Large Page Support: Disabled
 NUMA Support: Disabled
 Compressed Oops: Enabled (32-bit)
 Heap Region Size: 1M
 Heap Min Capacity: 8M
 Heap Initial Capacity: 62M
 Heap Max Capacity: 976M
 Pre-touch: Disabled
 Parallel Workers: 2
 Concurrent Workers: 1
 Concurrent Refinement Workers: 2
 Periodic GC: Disabled

Heap:
 garbage-first heap   total 178176K, used 83927K [0x00000000c3000000, 0x0000000100000000)
  region size 1024K, 36 young (36864K), 4 survivors (4096K)
 Metaspace       used 37181K, committed 37568K, reserved 1114112K
  class space    used 4124K, committed 4288K, reserved 1048576K

Heap Regions: E=young(eden), S=young(survivor), O=old, HS=humongous(starts), HC=humongous(continues), CS=collection set, F=free, OA=open archive, CA=closed archive, TAMS=top-at-mark-start (previous, next)
|   0|0x00000000c3000000, 0x00000000c3100000, 0x00000000c3100000|100%| O|  |TAMS 0x00000000c3100000, 0x00000000c3000000| Untracked 
|   1|0x00000000c3100000, 0x00000000c3200000, 0x00000000c3200000|100%| O|  |TAMS 0x00000000c3200000, 0x00000000c3100000| Untracked 
|   2|0x00000000c3200000, 0x00000000c3300000, 0x00000000c3300000|100%| O|  |TAMS 0x00000000c3300000, 0x00000000c3200000| Untracked 
|   3|0x00000000c3300000, 0x00000000c3400000, 0x00000000c3400000|100%| O|  |TAMS 0x00000000c3400000, 0x00000000c3300000| Untracked 
|   4|0x00000000c3400000, 0x00000000c3500000, 0x00000000c3500000|100%| O|  |TAMS 0x00000000c3500000, 0x00000000c3400000| Untracked 
|   5|0x00000000c3500000, 0x00000000c3600000, 0x00000000c3600000|100%| O|  |TAMS 0x00000000c3600000, 0x00000000c3500000| Untracked 
|   6|0x00000000c3600000, 0x00000000c3700000, 0x00000000c3700000|100%| O|  |TAMS 0x00000000c3700000, 0x00000000c3600000| Untracked 
|   7|0x00000000c3700000, 0x00000000c3800000, 0x00000000c3800000|100%| O|  |TAMS 0x00000000c3800000, 0x00000000c3700000| Untracked 
|   8|0x00000000c3800000, 0x00000000c3900000, 0x00000000c3900000|100%| O|  |TAMS 0x00000000c3900000, 0x00000000c3800000| Untracked 
|   9|0x00000000c3900000, 0x00000000c3a00000, 0x00000000c3a00000|100%| O|  |TAMS 0x00000000c3a00000, 0x00000000c3900000| Untracked 
|  10|0x00000000c3a00000, 0x00000000c3b00000, 0x00000000c3b00000|100%| O|  |TAMS 0x00000000c3b00000, 0x00000000c3a00000| Complete 
|  11|0x00000000c3b00000, 0x00000000c3c00000, 0x00000000c3c00000|100%| O|  |TAMS 0x00000000c3c00000, 0x00000000c3b00000| Untracked 
|  12|0x00000000c3c00000, 0x00000000c3d00000, 0x00000000c3d00000|100%| O|  |TAMS 0x00000000c3d00000, 0x00000000c3c00000| Untracked 
|  13|0x00000000c3d00000, 0x00000000c3e00000, 0x00000000c3e00000|100%| O|  |TAMS 0x00000000c3e00000, 0x00000000c3d00000| Untracked 
|  14|0x00000000c3e00000, 0x00000000c3e00000, 0x00000000c3f00000|  0%| F|  |TAMS 0x00000000c3e00000, 0x00000000c3e00000| Untracked 
|  15|0x00000000c3f00000, 0x00000000c4000000, 0x00000000c4000000|100%| O|  |TAMS 0x00000000c4000000, 0x00000000c3f00000| Untracked 
|  16|0x00000000c4000000, 0x00000000c4100000, 0x00000000c4100000|100%| O|  |TAMS 0x00000000c4100000, 0x00000000c4000000| Complete 
|  17|0x00000000c4100000, 0x00000000c4200000, 0x00000000c4200000|100%| O|  |TAMS 0x00000000c4200000, 0x00000000c4100000| Untracked 
|  18|0x00000000c4200000, 0x00000000c4300000, 0x00000000c4300000|100%| O|  |TAMS 0x00000000c4300000, 0x00000000c4200000| Untracked 
|  19|0x00000000c4300000, 0x00000000c4300000, 0x00000000c4400000|  0%| F|  |TAMS 0x00000000c4300000, 0x00000000c4300000| Untracked 
|  20|0x00000000c4400000, 0x00000000c4400000, 0x00000000c4500000|  0%| F|  |TAMS 0x00000000c4400000, 0x00000000c4400000| Untracked 
|  21|0x00000000c4500000, 0x00000000c4600000, 0x00000000c4600000|100%| O|  |TAMS 0x00000000c4600000, 0x00000000c4500000| Complete 
|  22|0x00000000c4600000, 0x00000000c4700000, 0x00000000c4700000|100%| O|  |TAMS 0x00000000c4700000, 0x00000000c4600000| Untracked 
|  23|0x00000000c4700000, 0x00000000c4800000, 0x00000000c4800000|100%| O|  |TAMS 0x00000000c4800000, 0x00000000c4700000| Complete 
|  24|0x00000000c4800000, 0x00000000c4800000, 0x00000000c4900000|  0%| F|  |TAMS 0x00000000c4800000, 0x00000000c4800000| Untracked 
|  25|0x00000000c4900000, 0x00000000c4a00000, 0x00000000c4a00000|100%| O|  |TAMS 0x00000000c4a00000, 0x00000000c4900000| Untracked 
|  26|0x00000000c4a00000, 0x00000000c4a00000, 0x00000000c4b00000|  0%| F|  |TAMS 0x00000000c4a00000, 0x00000000c4a00000| Untracked 
|  27|0x00000000c4b00000, 0x00000000c4c00000, 0x00000000c4c00000|100%| O|  |TAMS 0x00000000c4c00000, 0x00000000c4b00000| Untracked 
|  28|0x00000000c4c00000, 0x00000000c4d00000, 0x00000000c4d00000|100%| O|  |TAMS 0x00000000c4d00000, 0x00000000c4c00000| Untracked 
|  29|0x00000000c4d00000, 0x00000000c4d00000, 0x00000000c4e00000|  0%| F|  |TAMS 0x00000000c4d00000, 0x00000000c4d00000| Untracked 
|  30|0x00000000c4e00000, 0x00000000c4f00000, 0x00000000c4f00000|100%| O|  |TAMS 0x00000000c4f00000, 0x00000000c4e00000| Untracked 
|  31|0x00000000c4f00000, 0x00000000c5000000, 0x00000000c5000000|100%| O|  |TAMS 0x00000000c5000000, 0x00000000c4f00000| Untracked 
|  32|0x00000000c5000000, 0x00000000c50f5e00, 0x00000000c5100000| 96%| O|  |TAMS 0x00000000c5019c00, 0x00000000c5000000| Untracked 
|  33|0x00000000c5100000, 0x00000000c5100000, 0x00000000c5200000|  0%| F|  |TAMS 0x00000000c5100000, 0x00000000c5100000| Untracked 
|  34|0x00000000c5200000, 0x00000000c5200000, 0x00000000c5300000|  0%| F|  |TAMS 0x00000000c5200000, 0x00000000c5200000| Untracked 
|  35|0x00000000c5300000, 0x00000000c5300000, 0x00000000c5400000|  0%| F|  |TAMS 0x00000000c5300000, 0x00000000c5300000| Untracked 
|  36|0x00000000c5400000, 0x00000000c5400000, 0x00000000c5500000|  0%| F|  |TAMS 0x00000000c5400000, 0x00000000c5400000| Untracked 
|  37|0x00000000c5500000, 0x00000000c5500000, 0x00000000c5600000|  0%| F|  |TAMS 0x00000000c5500000, 0x00000000c5500000| Untracked 
|  38|0x00000000c5600000, 0x00000000c5700000, 0x00000000c5700000|100%|HS|  |TAMS 0x00000000c5700000, 0x00000000c5600000| Complete 
|  39|0x00000000c5700000, 0x00000000c5700000, 0x00000000c5800000|  0%| F|  |TAMS 0x00000000c5700000, 0x00000000c5700000| Untracked 
|  40|0x00000000c5800000, 0x00000000c5800000, 0x00000000c5900000|  0%| F|  |TAMS 0x00000000c5800000, 0x00000000c5800000| Untracked 
|  41|0x00000000c5900000, 0x00000000c5900000, 0x00000000c5a00000|  0%| F|  |TAMS 0x00000000c5900000, 0x00000000c5900000| Untracked 
|  42|0x00000000c5a00000, 0x00000000c5a00000, 0x00000000c5b00000|  0%| F|  |TAMS 0x00000000c5a00000, 0x00000000c5a00000| Untracked 
|  43|0x00000000c5b00000, 0x00000000c5b00000, 0x00000000c5c00000|  0%| F|  |TAMS 0x00000000c5b00000, 0x00000000c5b00000| Untracked 
|  44|0x00000000c5c00000, 0x00000000c5c00000, 0x00000000c5d00000|  0%| F|  |TAMS 0x00000000c5c00000, 0x00000000c5c00000| Untracked 
|  45|0x00000000c5d00000, 0x00000000c5e00000, 0x00000000c5e00000|100%|HS|  |TAMS 0x00000000c5e00000, 0x00000000c5d00000| Complete 
|  46|0x00000000c5e00000, 0x00000000c5f00000, 0x00000000c5f00000|100%|HC|  |TAMS 0x00000000c5f00000, 0x00000000c5e00000| Complete 
|  47|0x00000000c5f00000, 0x00000000c6000000, 0x00000000c6000000|100%| O|  |TAMS 0x00000000c6000000, 0x00000000c5f00000| Complete 
|  48|0x00000000c6000000, 0x00000000c6100000, 0x00000000c6100000|100%| O|  |TAMS 0x00000000c6100000, 0x00000000c6000000| Complete 
|  49|0x00000000c6100000, 0x00000000c6100000, 0x00000000c6200000|  0%| F|  |TAMS 0x00000000c6100000, 0x00000000c6100000| Untracked 
|  50|0x00000000c6200000, 0x00000000c6200000, 0x00000000c6300000|  0%| F|  |TAMS 0x00000000c6200000, 0x00000000c6200000| Untracked 
|  51|0x00000000c6300000, 0x00000000c6400000, 0x00000000c6400000|100%| O|  |TAMS 0x00000000c6400000, 0x00000000c6300000| Complete 
|  52|0x00000000c6400000, 0x00000000c6500000, 0x00000000c6500000|100%| O|  |TAMS 0x00000000c6500000, 0x00000000c6400000| Complete 
|  53|0x00000000c6500000, 0x00000000c6600000, 0x00000000c6600000|100%| O|  |TAMS 0x00000000c6600000, 0x00000000c6500000| Complete 
|  54|0x00000000c6600000, 0x00000000c6700000, 0x00000000c6700000|100%| O|  |TAMS 0x00000000c6700000, 0x00000000c6600000| Untracked 
|  55|0x00000000c6700000, 0x00000000c6800000, 0x00000000c6800000|100%| O|  |TAMS 0x00000000c6800000, 0x00000000c6700000| Untracked 
|  56|0x00000000c6800000, 0x00000000c6800000, 0x00000000c6900000|  0%| F|  |TAMS 0x00000000c6800000, 0x00000000c6800000| Untracked 
|  57|0x00000000c6900000, 0x00000000c6900000, 0x00000000c6a00000|  0%| F|  |TAMS 0x00000000c6900000, 0x00000000c6900000| Untracked 
|  58|0x00000000c6a00000, 0x00000000c6a00000, 0x00000000c6b00000|  0%| F|  |TAMS 0x00000000c6a00000, 0x00000000c6a00000| Untracked 
|  59|0x00000000c6b00000, 0x00000000c6b00000, 0x00000000c6c00000|  0%| F|  |TAMS 0x00000000c6b00000, 0x00000000c6b00000| Untracked 
|  60|0x00000000c6c00000, 0x00000000c6c00000, 0x00000000c6d00000|  0%| F|  |TAMS 0x00000000c6c00000, 0x00000000c6c00000| Untracked 
|  61|0x00000000c6d00000, 0x00000000c6e00000, 0x00000000c6e00000|100%| O|  |TAMS 0x00000000c6e00000, 0x00000000c6d00000| Complete 
|  62|0x00000000c6e00000, 0x00000000c6f00000, 0x00000000c6f00000|100%| O|  |TAMS 0x00000000c6f00000, 0x00000000c6e00000| Complete 
|  63|0x00000000c6f00000, 0x00000000c7000000, 0x00000000c7000000|100%| O|  |TAMS 0x00000000c7000000, 0x00000000c6f00000| Complete 
|  64|0x00000000c7000000, 0x00000000c7100000, 0x00000000c7100000|100%| O|  |TAMS 0x00000000c7100000, 0x00000000c7000000| Untracked 
|  65|0x00000000c7100000, 0x00000000c7200000, 0x00000000c7200000|100%| O|  |TAMS 0x00000000c7200000, 0x00000000c7100000| Untracked 
|  66|0x00000000c7200000, 0x00000000c7300000, 0x00000000c7300000|100%| O|  |TAMS 0x00000000c7300000, 0x00000000c7200000| Complete 
|  67|0x00000000c7300000, 0x00000000c7400000, 0x00000000c7400000|100%| O|  |TAMS 0x00000000c7400000, 0x00000000c7300000| Untracked 
|  68|0x00000000c7400000, 0x00000000c7400000, 0x00000000c7500000|  0%| F|  |TAMS 0x00000000c7400000, 0x00000000c7400000| Untracked 
|  69|0x00000000c7500000, 0x00000000c7600000, 0x00000000c7600000|100%| S|CS|TAMS 0x00000000c7500000, 0x00000000c7500000| Complete 
|  70|0x00000000c7600000, 0x00000000c7700000, 0x00000000c7700000|100%| S|CS|TAMS 0x00000000c7600000, 0x00000000c7600000| Complete 
|  71|0x00000000c7700000, 0x00000000c7800000, 0x00000000c7800000|100%| S|CS|TAMS 0x00000000c7700000, 0x00000000c7700000| Complete 
|  72|0x00000000c7800000, 0x00000000c7900000, 0x00000000c7900000|100%| S|CS|TAMS 0x00000000c7800000, 0x00000000c7800000| Complete 
|  73|0x00000000c7900000, 0x00000000c7900000, 0x00000000c7a00000|  0%| F|  |TAMS 0x00000000c7900000, 0x00000000c7900000| Untracked 
|  74|0x00000000c7a00000, 0x00000000c7a00000, 0x00000000c7b00000|  0%| F|  |TAMS 0x00000000c7a00000, 0x00000000c7a00000| Untracked 
|  75|0x00000000c7b00000, 0x00000000c7b00000, 0x00000000c7c00000|  0%| F|  |TAMS 0x00000000c7b00000, 0x00000000c7b00000| Untracked 
|  76|0x00000000c7c00000, 0x00000000c7c00000, 0x00000000c7d00000|  0%| F|  |TAMS 0x00000000c7c00000, 0x00000000c7c00000| Untracked 
|  77|0x00000000c7d00000, 0x00000000c7d00000, 0x00000000c7e00000|  0%| F|  |TAMS 0x00000000c7d00000, 0x00000000c7d00000| Untracked 
|  78|0x00000000c7e00000, 0x00000000c7e00000, 0x00000000c7f00000|  0%| F|  |TAMS 0x00000000c7e00000, 0x00000000c7e00000| Untracked 
|  79|0x00000000c7f00000, 0x00000000c7f00000, 0x00000000c8000000|  0%| F|  |TAMS 0x00000000c7f00000, 0x00000000c7f00000| Untracked 
|  80|0x00000000c8000000, 0x00000000c8000000, 0x00000000c8100000|  0%| F|  |TAMS 0x00000000c8000000, 0x00000000c8000000| Untracked 
|  81|0x00000000c8100000, 0x00000000c8100000, 0x00000000c8200000|  0%| F|  |TAMS 0x00000000c8100000, 0x00000000c8100000| Untracked 
|  82|0x00000000c8200000, 0x00000000c8200000, 0x00000000c8300000|  0%| F|  |TAMS 0x00000000c8200000, 0x00000000c8200000| Untracked 
|  83|0x00000000c8300000, 0x00000000c8300000, 0x00000000c8400000|  0%| F|  |TAMS 0x00000000c8300000, 0x00000000c8300000| Untracked 
|  84|0x00000000c8400000, 0x00000000c8400000, 0x00000000c8500000|  0%| F|  |TAMS 0x00000000c8400000, 0x00000000c8400000| Untracked 
|  85|0x00000000c8500000, 0x00000000c8500000, 0x00000000c8600000|  0%| F|  |TAMS 0x00000000c8500000, 0x00000000c8500000| Untracked 
|  86|0x00000000c8600000, 0x00000000c8600000, 0x00000000c8700000|  0%| F|  |TAMS 0x00000000c8600000, 0x00000000c8600000| Untracked 
|  87|0x00000000c8700000, 0x00000000c8700000, 0x00000000c8800000|  0%| F|  |TAMS 0x00000000c8700000, 0x00000000c8700000| Untracked 
|  88|0x00000000c8800000, 0x00000000c8800000, 0x00000000c8900000|  0%| F|  |TAMS 0x00000000c8800000, 0x00000000c8800000| Untracked 
|  89|0x00000000c8900000, 0x00000000c8900000, 0x00000000c8a00000|  0%| F|  |TAMS 0x00000000c8900000, 0x00000000c8900000| Untracked 
|  90|0x00000000c8a00000, 0x00000000c8a00000, 0x00000000c8b00000|  0%| F|  |TAMS 0x00000000c8a00000, 0x00000000c8a00000| Untracked 
|  91|0x00000000c8b00000, 0x00000000c8b00000, 0x00000000c8c00000|  0%| F|  |TAMS 0x00000000c8b00000, 0x00000000c8b00000| Untracked 
|  92|0x00000000c8c00000, 0x00000000c8c00000, 0x00000000c8d00000|  0%| F|  |TAMS 0x00000000c8c00000, 0x00000000c8c00000| Untracked 
|  93|0x00000000c8d00000, 0x00000000c8d00000, 0x00000000c8e00000|  0%| F|  |TAMS 0x00000000c8d00000, 0x00000000c8d00000| Untracked 
|  94|0x00000000c8e00000, 0x00000000c8e00000, 0x00000000c8f00000|  0%| F|  |TAMS 0x00000000c8e00000, 0x00000000c8e00000| Untracked 
|  95|0x00000000c8f00000, 0x00000000c8f00000, 0x00000000c9000000|  0%| F|  |TAMS 0x00000000c8f00000, 0x00000000c8f00000| Untracked 
|  96|0x00000000c9000000, 0x00000000c9000000, 0x00000000c9100000|  0%| F|  |TAMS 0x00000000c9000000, 0x00000000c9000000| Untracked 
|  97|0x00000000c9100000, 0x00000000c9100000, 0x00000000c9200000|  0%| F|  |TAMS 0x00000000c9100000, 0x00000000c9100000| Untracked 
|  98|0x00000000c9200000, 0x00000000c9200000, 0x00000000c9300000|  0%| F|  |TAMS 0x00000000c9200000, 0x00000000c9200000| Untracked 
|  99|0x00000000c9300000, 0x00000000c9300000, 0x00000000c9400000|  0%| F|  |TAMS 0x00000000c9300000, 0x00000000c9300000| Untracked 
| 100|0x00000000c9400000, 0x00000000c9400000, 0x00000000c9500000|  0%| F|  |TAMS 0x00000000c9400000, 0x00000000c9400000| Untracked 
| 101|0x00000000c9500000, 0x00000000c9500000, 0x00000000c9600000|  0%| F|  |TAMS 0x00000000c9500000, 0x00000000c9500000| Untracked 
| 102|0x00000000c9600000, 0x00000000c9600000, 0x00000000c9700000|  0%| F|  |TAMS 0x00000000c9600000, 0x00000000c9600000| Untracked 
| 103|0x00000000c9700000, 0x00000000c9700000, 0x00000000c9800000|  0%| F|  |TAMS 0x00000000c9700000, 0x00000000c9700000| Untracked 
| 104|0x00000000c9800000, 0x00000000c9800000, 0x00000000c9900000|  0%| F|  |TAMS 0x00000000c9800000, 0x00000000c9800000| Untracked 
| 105|0x00000000c9900000, 0x00000000c9900000, 0x00000000c9a00000|  0%| F|  |TAMS 0x00000000c9900000, 0x00000000c9900000| Untracked 
| 106|0x00000000c9a00000, 0x00000000c9a00000, 0x00000000c9b00000|  0%| F|  |TAMS 0x00000000c9a00000, 0x00000000c9a00000| Untracked 
| 107|0x00000000c9b00000, 0x00000000c9b00000, 0x00000000c9c00000|  0%| F|  |TAMS 0x00000000c9b00000, 0x00000000c9b00000| Untracked 
| 108|0x00000000c9c00000, 0x00000000c9c00000, 0x00000000c9d00000|  0%| F|  |TAMS 0x00000000c9c00000, 0x00000000c9c00000| Untracked 
| 109|0x00000000c9d00000, 0x00000000c9d00000, 0x00000000c9e00000|  0%| F|  |TAMS 0x00000000c9d00000, 0x00000000c9d00000| Untracked 
| 110|0x00000000c9e00000, 0x00000000c9e00000, 0x00000000c9f00000|  0%| F|  |TAMS 0x00000000c9e00000, 0x00000000c9e00000| Untracked 
| 111|0x00000000c9f00000, 0x00000000c9f00000, 0x00000000ca000000|  0%| F|  |TAMS 0x00000000c9f00000, 0x00000000c9f00000| Untracked 
| 112|0x00000000ca000000, 0x00000000ca000000, 0x00000000ca100000|  0%| F|  |TAMS 0x00000000ca000000, 0x00000000ca000000| Untracked 
| 113|0x00000000ca100000, 0x00000000ca100000, 0x00000000ca200000|  0%| F|  |TAMS 0x00000000ca100000, 0x00000000ca100000| Untracked 
| 114|0x00000000ca200000, 0x00000000ca200000, 0x00000000ca300000|  0%| F|  |TAMS 0x00000000ca200000, 0x00000000ca200000| Untracked 
| 115|0x00000000ca300000, 0x00000000ca300000, 0x00000000ca400000|  0%| F|  |TAMS 0x00000000ca300000, 0x00000000ca300000| Untracked 
| 116|0x00000000ca400000, 0x00000000ca400000, 0x00000000ca500000|  0%| F|  |TAMS 0x00000000ca400000, 0x00000000ca400000| Untracked 
| 117|0x00000000ca500000, 0x00000000ca500000, 0x00000000ca600000|  0%| F|  |TAMS 0x00000000ca500000, 0x00000000ca500000| Untracked 
| 118|0x00000000ca600000, 0x00000000ca600000, 0x00000000ca700000|  0%| F|  |TAMS 0x00000000ca600000, 0x00000000ca600000| Untracked 
| 119|0x00000000ca700000, 0x00000000ca700000, 0x00000000ca800000|  0%| F|  |TAMS 0x00000000ca700000, 0x00000000ca700000| Untracked 
| 120|0x00000000ca800000, 0x00000000ca800000, 0x00000000ca900000|  0%| F|  |TAMS 0x00000000ca800000, 0x00000000ca800000| Untracked 
| 121|0x00000000ca900000, 0x00000000ca900000, 0x00000000caa00000|  0%| F|  |TAMS 0x00000000ca900000, 0x00000000ca900000| Untracked 
| 122|0x00000000caa00000, 0x00000000caa00000, 0x00000000cab00000|  0%| F|  |TAMS 0x00000000caa00000, 0x00000000caa00000| Untracked 
| 123|0x00000000cab00000, 0x00000000cab00000, 0x00000000cac00000|  0%| F|  |TAMS 0x00000000cab00000, 0x00000000cab00000| Untracked 
| 124|0x00000000cac00000, 0x00000000cac00000, 0x00000000cad00000|  0%| F|  |TAMS 0x00000000cac00000, 0x00000000cac00000| Untracked 
| 125|0x00000000cad00000, 0x00000000cad00000, 0x00000000cae00000|  0%| F|  |TAMS 0x00000000cad00000, 0x00000000cad00000| Untracked 
| 126|0x00000000cae00000, 0x00000000cae00000, 0x00000000caf00000|  0%| F|  |TAMS 0x00000000cae00000, 0x00000000cae00000| Untracked 
| 127|0x00000000caf00000, 0x00000000caf00000, 0x00000000cb000000|  0%| F|  |TAMS 0x00000000caf00000, 0x00000000caf00000| Untracked 
| 128|0x00000000cb000000, 0x00000000cb000000, 0x00000000cb100000|  0%| F|  |TAMS 0x00000000cb000000, 0x00000000cb000000| Untracked 
| 129|0x00000000cb100000, 0x00000000cb100000, 0x00000000cb200000|  0%| F|  |TAMS 0x00000000cb100000, 0x00000000cb100000| Untracked 
| 130|0x00000000cb200000, 0x00000000cb200000, 0x00000000cb300000|  0%| F|  |TAMS 0x00000000cb200000, 0x00000000cb200000| Untracked 
| 131|0x00000000cb300000, 0x00000000cb300000, 0x00000000cb400000|  0%| F|  |TAMS 0x00000000cb300000, 0x00000000cb300000| Untracked 
| 132|0x00000000cb400000, 0x00000000cb400000, 0x00000000cb500000|  0%| F|  |TAMS 0x00000000cb400000, 0x00000000cb400000| Untracked 
| 133|0x00000000cb500000, 0x00000000cb500000, 0x00000000cb600000|  0%| F|  |TAMS 0x00000000cb500000, 0x00000000cb500000| Untracked 
| 134|0x00000000cb600000, 0x00000000cb600000, 0x00000000cb700000|  0%| F|  |TAMS 0x00000000cb600000, 0x00000000cb600000| Untracked 
| 135|0x00000000cb700000, 0x00000000cb700000, 0x00000000cb800000|  0%| F|  |TAMS 0x00000000cb700000, 0x00000000cb700000| Untracked 
| 136|0x00000000cb800000, 0x00000000cb800000, 0x00000000cb900000|  0%| F|  |TAMS 0x00000000cb800000, 0x00000000cb800000| Untracked 
| 137|0x00000000cb900000, 0x00000000cb900000, 0x00000000cba00000|  0%| F|  |TAMS 0x00000000cb900000, 0x00000000cb900000| Untracked 
| 138|0x00000000cba00000, 0x00000000cba00000, 0x00000000cbb00000|  0%| F|  |TAMS 0x00000000cba00000, 0x00000000cba00000| Untracked 
| 139|0x00000000cbb00000, 0x00000000cbc00000, 0x00000000cbc00000|100%| E|  |TAMS 0x00000000cbb00000, 0x00000000cbb00000| Complete 
| 140|0x00000000cbc00000, 0x00000000cbd00000, 0x00000000cbd00000|100%| E|CS|TAMS 0x00000000cbc00000, 0x00000000cbc00000| Complete 
| 141|0x00000000cbd00000, 0x00000000cbe00000, 0x00000000cbe00000|100%| E|CS|TAMS 0x00000000cbd00000, 0x00000000cbd00000| Complete 
| 142|0x00000000cbe00000, 0x00000000cbf00000, 0x00000000cbf00000|100%| E|CS|TAMS 0x00000000cbe00000, 0x00000000cbe00000| Complete 
| 143|0x00000000cbf00000, 0x00000000cc000000, 0x00000000cc000000|100%| E|CS|TAMS 0x00000000cbf00000, 0x00000000cbf00000| Complete 
| 144|0x00000000cc000000, 0x00000000cc100000, 0x00000000cc100000|100%| E|CS|TAMS 0x00000000cc000000, 0x00000000cc000000| Complete 
| 145|0x00000000cc100000, 0x00000000cc200000, 0x00000000cc200000|100%| E|CS|TAMS 0x00000000cc100000, 0x00000000cc100000| Complete 
| 146|0x00000000cc200000, 0x00000000cc300000, 0x00000000cc300000|100%| E|CS|TAMS 0x00000000cc200000, 0x00000000cc200000| Complete 
| 147|0x00000000cc300000, 0x00000000cc400000, 0x00000000cc400000|100%| E|CS|TAMS 0x00000000cc300000, 0x00000000cc300000| Complete 
| 148|0x00000000cc400000, 0x00000000cc500000, 0x00000000cc500000|100%| E|CS|TAMS 0x00000000cc400000, 0x00000000cc400000| Complete 
| 149|0x00000000cc500000, 0x00000000cc600000, 0x00000000cc600000|100%| E|CS|TAMS 0x00000000cc500000, 0x00000000cc500000| Complete 
| 150|0x00000000cc600000, 0x00000000cc700000, 0x00000000cc700000|100%| E|CS|TAMS 0x00000000cc600000, 0x00000000cc600000| Complete 
| 151|0x00000000cc700000, 0x00000000cc800000, 0x00000000cc800000|100%| E|CS|TAMS 0x00000000cc700000, 0x00000000cc700000| Complete 
| 152|0x00000000cc800000, 0x00000000cc900000, 0x00000000cc900000|100%| E|CS|TAMS 0x00000000cc800000, 0x00000000cc800000| Complete 
| 153|0x00000000cc900000, 0x00000000cca00000, 0x00000000cca00000|100%| E|CS|TAMS 0x00000000cc900000, 0x00000000cc900000| Complete 
| 154|0x00000000cca00000, 0x00000000ccb00000, 0x00000000ccb00000|100%| E|CS|TAMS 0x00000000cca00000, 0x00000000cca00000| Complete 
| 155|0x00000000ccb00000, 0x00000000ccc00000, 0x00000000ccc00000|100%| E|CS|TAMS 0x00000000ccb00000, 0x00000000ccb00000| Complete 
| 156|0x00000000ccc00000, 0x00000000ccd00000, 0x00000000ccd00000|100%| E|CS|TAMS 0x00000000ccc00000, 0x00000000ccc00000| Complete 
| 157|0x00000000ccd00000, 0x00000000cce00000, 0x00000000cce00000|100%| E|CS|TAMS 0x00000000ccd00000, 0x00000000ccd00000| Complete 
| 158|0x00000000cce00000, 0x00000000ccf00000, 0x00000000ccf00000|100%| E|CS|TAMS 0x00000000cce00000, 0x00000000cce00000| Complete 
| 159|0x00000000ccf00000, 0x00000000cd000000, 0x00000000cd000000|100%| E|CS|TAMS 0x00000000ccf00000, 0x00000000ccf00000| Complete 
| 160|0x00000000cd000000, 0x00000000cd100000, 0x00000000cd100000|100%| E|CS|TAMS 0x00000000cd000000, 0x00000000cd000000| Complete 
| 161|0x00000000cd100000, 0x00000000cd200000, 0x00000000cd200000|100%| E|CS|TAMS 0x00000000cd100000, 0x00000000cd100000| Complete 
| 162|0x00000000cd200000, 0x00000000cd300000, 0x00000000cd300000|100%| E|CS|TAMS 0x00000000cd200000, 0x00000000cd200000| Complete 
| 163|0x00000000cd300000, 0x00000000cd400000, 0x00000000cd400000|100%| E|CS|TAMS 0x00000000cd300000, 0x00000000cd300000| Complete 
| 164|0x00000000cd400000, 0x00000000cd500000, 0x00000000cd500000|100%| E|CS|TAMS 0x00000000cd400000, 0x00000000cd400000| Complete 
| 165|0x00000000cd500000, 0x00000000cd600000, 0x00000000cd600000|100%| E|CS|TAMS 0x00000000cd500000, 0x00000000cd500000| Complete 
| 166|0x00000000cd600000, 0x00000000cd700000, 0x00000000cd700000|100%| E|CS|TAMS 0x00000000cd600000, 0x00000000cd600000| Complete 
| 167|0x00000000cd700000, 0x00000000cd800000, 0x00000000cd800000|100%| E|CS|TAMS 0x00000000cd700000, 0x00000000cd700000| Complete 
| 168|0x00000000cd800000, 0x00000000cd900000, 0x00000000cd900000|100%| E|CS|TAMS 0x00000000cd800000, 0x00000000cd800000| Complete 
| 169|0x00000000cd900000, 0x00000000cda00000, 0x00000000cda00000|100%| E|CS|TAMS 0x00000000cd900000, 0x00000000cd900000| Complete 
| 972|0x00000000ffc00000, 0x00000000ffd00000, 0x00000000ffd00000|100%| O|  |TAMS 0x00000000ffd00000, 0x00000000ffc00000| Complete 
| 973|0x00000000ffd00000, 0x00000000ffe00000, 0x00000000ffe00000|100%| E|CS|TAMS 0x00000000ffd00000, 0x00000000ffd00000| Complete 
| 974|0x00000000ffe00000, 0x00000000fff00000, 0x00000000fff00000|100%| O|  |TAMS 0x00000000fff00000, 0x00000000ffe00000| Untracked 
| 975|0x00000000fff00000, 0x0000000100000000, 0x0000000100000000|100%| O|  |TAMS 0x0000000100000000, 0x00000000fff00000| Untracked 

Card table byte_map: [0x000002135ec70000,0x000002135ee60000] _byte_map_base: 0x000002135e658000

Marking Bits (Prev, Next): (CMBitMap*) 0x00000213465ecd60, (CMBitMap*) 0x00000213465ecda0
 Prev Bits: [0x000002135f050000, 0x000002135ff90000)
 Next Bits: [0x000002135ff90000, 0x0000021360ed0000)

Polling page: 0x0000021346360000

Metaspace:

Usage:
  Non-class:     32.28 MB used.
      Class:      4.03 MB used.
       Both:     36.31 MB used.

Virtual space:
  Non-class space:       64.00 MB reserved,      32.50 MB ( 51%) committed,  1 nodes.
      Class space:        1.00 GB reserved,       4.19 MB ( <1%) committed,  1 nodes.
             Both:        1.06 GB reserved,      36.69 MB (  3%) committed. 

Chunk freelists:
   Non-Class:  14.59 MB
       Class:  11.64 MB
        Both:  26.23 MB

MaxMetaspaceSize: unlimited
CompressedClassSpaceSize: 1.00 GB
Initial GC threshold: 21.00 MB
Current GC threshold: 59.50 MB
CDS: on
MetaspaceReclaimPolicy: balanced
 - commit_granule_bytes: 65536.
 - commit_granule_words: 8192.
 - virtual_space_node_default_size: 8388608.
 - enlarge_chunks_in_place: 1.
 - new_chunks_are_fully_committed: 0.
 - uncommit_free_chunks: 1.
 - use_allocation_guard: 0.
 - handle_deallocations: 1.


Internal statistics:

num_allocs_failed_limit: 3.
num_arena_births: 300.
num_arena_deaths: 8.
num_vsnodes_births: 2.
num_vsnodes_deaths: 0.
num_space_committed: 606.
num_space_uncommitted: 19.
num_chunks_returned_to_freelist: 102.
num_chunks_taken_from_freelist: 1583.
num_chunk_merges: 25.
num_chunk_splits: 1063.
num_chunks_enlarged: 796.
num_inconsistent_stats: 0.

CodeHeap 'non-profiled nmethods': size=120064Kb used=3986Kb max_used=4220Kb free=116077Kb
 bounds [0x0000021357130000, 0x0000021357550000, 0x000002135e670000]
CodeHeap 'profiled nmethods': size=120000Kb used=15101Kb max_used=15947Kb free=104899Kb
 bounds [0x000002134f670000, 0x0000021350610000, 0x0000021356ba0000]
CodeHeap 'non-nmethods': size=5696Kb used=1267Kb max_used=1306Kb free=4428Kb
 bounds [0x0000021356ba0000, 0x0000021356e10000, 0x0000021357130000]
 total_blobs=7806 nmethods=7223 adapters=496
 compilation: enabled
              stopped_count=0, restarted_count=0
 full_count=0

Compilation events (20 events):
Event: 73.954 Thread 0x000002134667ffa0 8664       3       sun.net.www.ParseUtil::encodePath (41 bytes)
Event: 73.954 Thread 0x000002134667ffa0 nmethod 8664 0x000002134f7f7310 code [0x000002134f7f74e0, 0x000002134f7f7748]
Event: 73.987 Thread 0x000002134667ffa0 8665       3       jdk.internal.loader.URLClassPath$JarLoader::<init> (67 bytes)
Event: 73.988 Thread 0x000002134667ffa0 nmethod 8665 0x0000021350075290 code [0x0000021350075520, 0x0000021350076138]
Event: 73.988 Thread 0x000002134667ffa0 8666   !   3       jdk.internal.loader.URLClassPath$JarLoader$1::run (175 bytes)
Event: 73.989 Thread 0x000002134667ffa0 nmethod 8666 0x00000213500cda10 code [0x00000213500cdc40, 0x00000213500ce3b8]
Event: 73.989 Thread 0x000002134667ffa0 8667       3       jdk.internal.loader.URLClassPath$JarLoader::isOptimizable (10 bytes)
Event: 73.989 Thread 0x000002134667ffa0 nmethod 8667 0x000002134f6d0490 code [0x000002134f6d0640, 0x000002134f6d07a8]
Event: 73.989 Thread 0x000002134667ffa0 8668       3       jdk.internal.loader.FileURLMapper::<init> (10 bytes)
Event: 73.989 Thread 0x000002134667ffa0 nmethod 8668 0x000002134f74a490 code [0x000002134f74a620, 0x000002134f74a7d8]
Event: 73.989 Thread 0x000002134667ffa0 8669       3       jdk.internal.loader.FileURLMapper::exists (19 bytes)
Event: 73.990 Thread 0x000002134667ffa0 nmethod 8669 0x000002134ffcb110 code [0x000002134ffcb320, 0x000002134ffcb988]
Event: 73.990 Thread 0x000002134667ffa0 8670       3       java.util.jar.JarFile::runtimeVersion (4 bytes)
Event: 73.990 Thread 0x000002134667ffa0 nmethod 8670 0x000002134f83c890 code [0x000002134f83ca20, 0x000002134f83cb18]
Event: 73.991 Thread 0x000002134667ffa0 8671   !   3       jdk.internal.loader.URLClassPath$JarLoader::checkJar (51 bytes)
Event: 73.991 Thread 0x000002134667ffa0 nmethod 8671 0x000002134fae5110 code [0x000002134fae5300, 0x000002134fae57e8]
Event: 73.991 Thread 0x000002134667ffa0 8672       3       jdk.internal.loader.URLClassPath$JarLoader::getClassPath (72 bytes)
Event: 73.992 Thread 0x000002134667ffa0 nmethod 8672 0x00000213503dcc90 code [0x00000213503dcf20, 0x00000213503ddaf8]
Event: 73.992 Thread 0x000002134667ffa0 8673   !   2       sun.net.www.ParseUtil::decode (317 bytes)
Event: 73.995 Thread 0x000002134667ffa0 nmethod 8673 0x0000021350104a10 code [0x0000021350104da0, 0x0000021350105db8]

GC Heap History (20 events):
Event: 17.226 GC heap before
{Heap before GC invocations=18 (full 0):
 garbage-first heap   total 80896K, used 63342K [0x00000000c3000000, 0x0000000100000000)
  region size 1024K, 19 young (19456K), 2 survivors (2048K)
 Metaspace       used 26887K, committed 27200K, reserved 1114112K
  class space    used 2972K, committed 3136K, reserved 1048576K
}
Event: 17.236 GC heap after
{Heap after GC invocations=19 (full 0):
 garbage-first heap   total 80896K, used 46363K [0x00000000c3000000, 0x0000000100000000)
  region size 1024K, 2 young (2048K), 2 survivors (2048K)
 Metaspace       used 26887K, committed 27200K, reserved 1114112K
  class space    used 2972K, committed 3136K, reserved 1048576K
}
Event: 17.931 GC heap before
{Heap before GC invocations=19 (full 0):
 garbage-first heap   total 80896K, used 65819K [0x00000000c3000000, 0x0000000100000000)
  region size 1024K, 21 young (21504K), 2 survivors (2048K)
 Metaspace       used 27830K, committed 28160K, reserved 1114112K
  class space    used 3089K, committed 3264K, reserved 1048576K
}
Event: 17.938 GC heap after
{Heap after GC invocations=20 (full 0):
 garbage-first heap   total 97280K, used 46774K [0x00000000c3000000, 0x0000000100000000)
  region size 1024K, 2 young (2048K), 2 survivors (2048K)
 Metaspace       used 27830K, committed 28160K, reserved 1114112K
  class space    used 3089K, committed 3264K, reserved 1048576K
}
Event: 21.512 GC heap before
{Heap before GC invocations=21 (full 0):
 garbage-first heap   total 97280K, used 62134K [0x00000000c3000000, 0x0000000100000000)
  region size 1024K, 18 young (18432K), 2 survivors (2048K)
 Metaspace       used 28714K, committed 29056K, reserved 1114112K
  class space    used 3181K, committed 3392K, reserved 1048576K
}
Event: 21.523 GC heap after
{Heap after GC invocations=22 (full 0):
 garbage-first heap   total 97280K, used 47000K [0x00000000c3000000, 0x0000000100000000)
  region size 1024K, 3 young (3072K), 3 survivors (3072K)
 Metaspace       used 28714K, committed 29056K, reserved 1114112K
  class space    used 3181K, committed 3392K, reserved 1048576K
}
Event: 23.048 GC heap before
{Heap before GC invocations=23 (full 0):
 garbage-first heap   total 97280K, used 82840K [0x00000000c3000000, 0x0000000100000000)
  region size 1024K, 34 young (34816K), 3 survivors (3072K)
 Metaspace       used 28762K, committed 29184K, reserved 1114112K
  class space    used 3181K, committed 3392K, reserved 1048576K
}
Event: 23.074 GC heap after
{Heap after GC invocations=24 (full 0):
 garbage-first heap   total 101376K, used 66294K [0x00000000c3000000, 0x0000000100000000)
  region size 1024K, 5 young (5120K), 5 survivors (5120K)
 Metaspace       used 28762K, committed 29184K, reserved 1114112K
  class space    used 3181K, committed 3392K, reserved 1048576K
}
Event: 23.105 GC heap before
{Heap before GC invocations=24 (full 0):
 garbage-first heap   total 101376K, used 67318K [0x00000000c3000000, 0x0000000100000000)
  region size 1024K, 6 young (6144K), 5 survivors (5120K)
 Metaspace       used 28762K, committed 29184K, reserved 1114112K
  class space    used 3181K, committed 3392K, reserved 1048576K
}
Event: 23.115 GC heap after
{Heap after GC invocations=25 (full 0):
 garbage-first heap   total 101376K, used 58483K [0x00000000c3000000, 0x0000000100000000)
  region size 1024K, 1 young (1024K), 1 survivors (1024K)
 Metaspace       used 28762K, committed 29184K, reserved 1114112K
  class space    used 3181K, committed 3392K, reserved 1048576K
}
Event: 23.199 GC heap before
{Heap before GC invocations=25 (full 0):
 garbage-first heap   total 101376K, used 61555K [0x00000000c3000000, 0x0000000100000000)
  region size 1024K, 4 young (4096K), 1 survivors (1024K)
 Metaspace       used 28762K, committed 29184K, reserved 1114112K
  class space    used 3181K, committed 3392K, reserved 1048576K
}
Event: 23.204 GC heap after
{Heap after GC invocations=26 (full 0):
 garbage-first heap   total 101376K, used 57856K [0x00000000c3000000, 0x0000000100000000)
  region size 1024K, 1 young (1024K), 1 survivors (1024K)
 Metaspace       used 28762K, committed 29184K, reserved 1114112K
  class space    used 3181K, committed 3392K, reserved 1048576K
}
Event: 23.948 GC heap before
{Heap before GC invocations=26 (full 0):
 garbage-first heap   total 101376K, used 77312K [0x00000000c3000000, 0x0000000100000000)
  region size 1024K, 21 young (21504K), 1 survivors (1024K)
 Metaspace       used 29232K, committed 29568K, reserved 1114112K
  class space    used 3224K, committed 3392K, reserved 1048576K
}
Event: 23.956 GC heap after
{Heap after GC invocations=27 (full 0):
 garbage-first heap   total 101376K, used 61991K [0x00000000c3000000, 0x0000000100000000)
  region size 1024K, 3 young (3072K), 3 survivors (3072K)
 Metaspace       used 29232K, committed 29568K, reserved 1114112K
  class space    used 3224K, committed 3392K, reserved 1048576K
}
Event: 24.592 GC heap before
{Heap before GC invocations=28 (full 0):
 garbage-first heap   total 104448K, used 76327K [0x00000000c3000000, 0x0000000100000000)
  region size 1024K, 20 young (20480K), 3 survivors (3072K)
 Metaspace       used 28082K, committed 28480K, reserved 1114112K
  class space    used 3098K, committed 3328K, reserved 1048576K
}
Event: 24.597 GC heap after
{Heap after GC invocations=29 (full 0):
 garbage-first heap   total 104448K, used 60562K [0x00000000c3000000, 0x0000000100000000)
  region size 1024K, 1 young (1024K), 1 survivors (1024K)
 Metaspace       used 28082K, committed 28480K, reserved 1114112K
  class space    used 3098K, committed 3328K, reserved 1048576K
}
Event: 24.765 GC heap before
{Heap before GC invocations=29 (full 0):
 garbage-first heap   total 104448K, used 63634K [0x00000000c3000000, 0x0000000100000000)
  region size 1024K, 5 young (5120K), 1 survivors (1024K)
 Metaspace       used 28279K, committed 28672K, reserved 1114112K
  class space    used 3122K, committed 3328K, reserved 1048576K
}
Event: 24.772 GC heap after
{Heap after GC invocations=30 (full 0):
 garbage-first heap   total 104448K, used 50674K [0x00000000c3000000, 0x0000000100000000)
  region size 1024K, 1 young (1024K), 1 survivors (1024K)
 Metaspace       used 28279K, committed 28672K, reserved 1114112K
  class space    used 3122K, committed 3328K, reserved 1048576K
}
Event: 29.262 GC heap before
{Heap before GC invocations=30 (full 0):
 garbage-first heap   total 104448K, used 75250K [0x00000000c3000000, 0x0000000100000000)
  region size 1024K, 26 young (26624K), 1 survivors (1024K)
 Metaspace       used 36217K, committed 36544K, reserved 1114112K
  class space    used 4072K, committed 4224K, reserved 1048576K
}
Event: 29.274 GC heap after
{Heap after GC invocations=31 (full 0):
 garbage-first heap   total 200704K, used 54231K [0x00000000c3000000, 0x0000000100000000)
  region size 1024K, 4 young (4096K), 4 survivors (4096K)
 Metaspace       used 36217K, committed 36544K, reserved 1114112K
  class space    used 4072K, committed 4224K, reserved 1048576K
}

Deoptimization events (20 events):
Event: 35.891 Thread 0x0000021369c20310 Uncommon trap: trap_request=0xffffffde fr.pc=0x000002135751a3c8 relative=0x00000000000000a8
Event: 35.891 Thread 0x0000021369c20310 Uncommon trap: reason=class_check action=maybe_recompile pc=0x000002135751a3c8 method=sun.security.util.math.intpoly.IntegerPolynomial.carryOut([JI)J @ 4 c2
Event: 35.891 Thread 0x0000021369c20310 DEOPT PACKING pc=0x000002135751a3c8 sp=0x000000f3de2fd200
Event: 35.891 Thread 0x0000021369c20310 DEOPT UNPACKING pc=0x0000021356bf239d sp=0x000000f3de2fd190 mode 2
Event: 35.891 Thread 0x0000021369c20310 Uncommon trap: trap_request=0xffffffde fr.pc=0x000002135751a3c8 relative=0x00000000000000a8
Event: 35.891 Thread 0x0000021369c20310 Uncommon trap: reason=class_check action=maybe_recompile pc=0x000002135751a3c8 method=sun.security.util.math.intpoly.IntegerPolynomial.carryOut([JI)J @ 4 c2
Event: 35.891 Thread 0x0000021369c20310 DEOPT PACKING pc=0x000002135751a3c8 sp=0x000000f3de2fd200
Event: 35.891 Thread 0x0000021369c20310 DEOPT UNPACKING pc=0x0000021356bf239d sp=0x000000f3de2fd190 mode 2
Event: 36.225 Thread 0x0000021369c20310 DEOPT PACKING pc=0x000002134fde83bc sp=0x000000f3de2fd340
Event: 36.225 Thread 0x0000021369c20310 DEOPT UNPACKING pc=0x0000021356bf2b24 sp=0x000000f3de2fc7d8 mode 0
Event: 36.431 Thread 0x00000213693c2570 DEOPT PACKING pc=0x00000213504c1ea6 sp=0x000000f3ddffd620
Event: 36.431 Thread 0x00000213693c2570 DEOPT UNPACKING pc=0x0000021356bf2b24 sp=0x000000f3ddffca78 mode 0
Event: 38.107 Thread 0x00000213693c34a0 Uncommon trap: trap_request=0xffffff6e fr.pc=0x00000213571f2800 relative=0x00000000000009e0
Event: 38.108 Thread 0x00000213693c34a0 Uncommon trap: reason=loop_limit_check action=maybe_recompile pc=0x00000213571f2800 method=com.sun.crypto.provider.Poly1305.engineUpdate([BII)V @ 99 c2
Event: 38.108 Thread 0x00000213693c34a0 DEOPT PACKING pc=0x00000213571f2800 sp=0x000000f3de1fd660
Event: 38.108 Thread 0x00000213693c34a0 DEOPT UNPACKING pc=0x0000021356bf239d sp=0x000000f3de1fd650 mode 2
Event: 52.006 Thread 0x00000213693c2570 DEOPT PACKING pc=0x00000213504784f7 sp=0x000000f3ddffe8e0
Event: 52.006 Thread 0x00000213693c2570 DEOPT UNPACKING pc=0x0000021356bf2b24 sp=0x000000f3ddffdd00 mode 0
Event: 73.897 Thread 0x00000213464bbfc0 DEOPT PACKING pc=0x000002134fde83bc sp=0x000000f3dc8fccd0
Event: 73.897 Thread 0x00000213464bbfc0 DEOPT UNPACKING pc=0x0000021356bf2b24 sp=0x000000f3dc8fc158 mode 0

Classes unloaded (20 events):
Event: 24.032 Thread 0x000002134665d1f0 Unloading class 0x0000021301314e10 'org/springframework/boot/configurationprocessor/fieldvalues/javac/ReflectionWrapper'
Event: 24.032 Thread 0x000002134665d1f0 Unloading class 0x0000021301314c18 'org/springframework/boot/configurationprocessor/fieldvalues/javac/TreeVisitor'
Event: 24.032 Thread 0x000002134665d1f0 Unloading class 0x00000213013149f0 'org/springframework/boot/configurationprocessor/fieldvalues/javac/JavaCompilerFieldValuesParser'
Event: 24.032 Thread 0x000002134665d1f0 Unloading class 0x00000213013147f8 'org/springframework/boot/configurationprocessor/fieldvalues/FieldValuesParser'
Event: 24.032 Thread 0x000002134665d1f0 Unloading class 0x0000021301314540 'org/springframework/boot/configurationprocessor/MetadataGenerationEnvironment'
Event: 24.032 Thread 0x000002134665d1f0 Unloading class 0x0000021301314320 'org/springframework/boot/configurationprocessor/TypeUtils$$Lambda$243+0x0000021301314320'
Event: 24.032 Thread 0x000002134665d1f0 Unloading class 0x0000021301314000 'org/springframework/boot/configurationprocessor/TypeUtils$TypeExtractor'
Event: 24.032 Thread 0x000002134665d1f0 Unloading class 0x0000021301312c00 'org/springframework/boot/configurationprocessor/TypeUtils$$Lambda$242+0x0000021301312c00'
Event: 24.032 Thread 0x000002134665d1f0 Unloading class 0x0000021301313c10 'org/springframework/boot/configurationprocessor/TypeUtils'
Event: 24.032 Thread 0x000002134665d1f0 Unloading class 0x00000213013139d8 'org/springframework/boot/configurationprocessor/MetadataCollector'
Event: 24.032 Thread 0x000002134665d1f0 Unloading class 0x00000213013137b0 'org/springframework/boot/configurationprocessor/MetadataStore'
Event: 24.032 Thread 0x000002134665d1f0 Unloading class 0x0000021301313550 'org/springframework/boot/configurationprocessor/metadata/InvalidConfigurationMetadataException'
Event: 24.032 Thread 0x000002134665d1f0 Unloading class 0x0000021301313280 'org/springframework/boot/configurationprocessor/ConfigurationMetadataAnnotationProcessor'
Event: 24.032 Thread 0x000002134665d1f0 Unloading class 0x0000021301313000 'lombok/launch/AnnotationProcessorHider$ClaimingProcessor'
Event: 24.032 Thread 0x000002134665d1f0 Unloading class 0x00000213012d4498 'lombok/launch/AnnotationProcessorHider$AstModificationNotifierData'
Event: 24.032 Thread 0x000002134665d1f0 Unloading class 0x00000213012d4218 'lombok/launch/ClassFileMetaData'
Event: 24.032 Thread 0x000002134665d1f0 Unloading class 0x00000213012d4000 'lombok/launch/PackageShader'
Event: 24.032 Thread 0x000002134665d1f0 Unloading class 0x00000213012ac480 'lombok/launch/ShadowClassLoader'
Event: 24.032 Thread 0x000002134665d1f0 Unloading class 0x00000213012ac280 'lombok/launch/Main'
Event: 24.032 Thread 0x000002134665d1f0 Unloading class 0x00000213012ac000 'lombok/launch/AnnotationProcessorHider$AnnotationProcessor'

Classes redefined (0 events):
No events

Internal exceptions (20 events):
Event: 24.824 Thread 0x00000213464bbfc0 Exception <a 'sun/nio/fs/WindowsException'{0x00000000c90dbbe0}> (0x00000000c90dbbe0) 
thrown [s\open\src\hotspot\share\prims\jni.cpp, line 516]
Event: 24.824 Thread 0x00000213464bbfc0 Exception <a 'sun/nio/fs/WindowsException'{0x00000000c90dcb28}> (0x00000000c90dcb28) 
thrown [s\open\src\hotspot\share\prims\jni.cpp, line 516]
Event: 24.824 Thread 0x00000213464bbfc0 Exception <a 'sun/nio/fs/WindowsException'{0x00000000c90dcee0}> (0x00000000c90dcee0) 
thrown [s\open\src\hotspot\share\prims\jni.cpp, line 516]
Event: 24.824 Thread 0x00000213464bbfc0 Exception <a 'sun/nio/fs/WindowsException'{0x00000000c90ddef0}> (0x00000000c90ddef0) 
thrown [s\open\src\hotspot\share\prims\jni.cpp, line 516]
Event: 24.824 Thread 0x00000213464bbfc0 Exception <a 'sun/nio/fs/WindowsException'{0x00000000c90de210}> (0x00000000c90de210) 
thrown [s\open\src\hotspot\share\prims\jni.cpp, line 516]
Event: 24.830 Thread 0x00000213464bbfc0 Exception <a 'sun/nio/fs/WindowsException'{0x00000000c8fbf6f8}> (0x00000000c8fbf6f8) 
thrown [s\open\src\hotspot\share\prims\jni.cpp, line 516]
Event: 24.835 Thread 0x00000213464bbfc0 Exception <a 'sun/nio/fs/WindowsException'{0x00000000c8fd8d70}> (0x00000000c8fd8d70) 
thrown [s\open\src\hotspot\share\prims\jni.cpp, line 516]
Event: 24.841 Thread 0x00000213464bbfc0 Exception <a 'sun/nio/fs/WindowsException'{0x00000000c8ff43c0}> (0x00000000c8ff43c0) 
thrown [s\open\src\hotspot\share\prims\jni.cpp, line 516]
Event: 24.841 Thread 0x00000213464bbfc0 Exception <a 'sun/nio/fs/WindowsException'{0x00000000c8ff4b00}> (0x00000000c8ff4b00) 
thrown [s\open\src\hotspot\share\prims\jni.cpp, line 516]
Event: 24.841 Thread 0x00000213464bbfc0 Exception <a 'sun/nio/fs/WindowsException'{0x00000000c8ff50c0}> (0x00000000c8ff50c0) 
thrown [s\open\src\hotspot\share\prims\jni.cpp, line 516]
Event: 24.841 Thread 0x00000213464bbfc0 Exception <a 'sun/nio/fs/WindowsException'{0x00000000c8ff57e8}> (0x00000000c8ff57e8) 
thrown [s\open\src\hotspot\share\prims\jni.cpp, line 516]
Event: 24.841 Thread 0x00000213464bbfc0 Exception <a 'sun/nio/fs/WindowsException'{0x00000000c8ff5ae8}> (0x00000000c8ff5ae8) 
thrown [s\open\src\hotspot\share\prims\jni.cpp, line 516]
Event: 24.841 Thread 0x00000213464bbfc0 Exception <a 'sun/nio/fs/WindowsException'{0x00000000c8ff6778}> (0x00000000c8ff6778) 
thrown [s\open\src\hotspot\share\prims\jni.cpp, line 516]
Event: 24.841 Thread 0x00000213464bbfc0 Exception <a 'sun/nio/fs/WindowsException'{0x00000000c8ff6a38}> (0x00000000c8ff6a38) 
thrown [s\open\src\hotspot\share\prims\jni.cpp, line 516]
Event: 24.841 Thread 0x00000213464bbfc0 Exception <a 'sun/nio/fs/WindowsException'{0x00000000c8ff76b8}> (0x00000000c8ff76b8) 
thrown [s\open\src\hotspot\share\prims\jni.cpp, line 516]
Event: 25.617 Thread 0x00000213464bbfc0 Exception <a 'sun/nio/fs/WindowsException'{0x00000000c894a3e8}> (0x00000000c894a3e8) 
thrown [s\open\src\hotspot\share\prims\jni.cpp, line 516]
Event: 25.641 Thread 0x00000213464bbfc0 Exception <a 'java/lang/NoSuchMethodError'{0x00000000c896beb0}: 'int java.lang.invoke.DirectMethodHandle$Holder.invokeStaticInit(java.lang.Object, java.lang.Object, java.lang.Object, java.lang.Object)'> (0x00000000c896beb0) 
thrown [s\open\src\hotspot\share\interpreter\linkResolver.cpp, line 759]
Event: 25.642 Thread 0x00000213464bbfc0 Exception <a 'java/lang/IncompatibleClassChangeError'{0x00000000c89755a8}: Found class java.lang.Object, but interface was expected> (0x00000000c89755a8) 
thrown [s\open\src\hotspot\share\interpreter\linkResolver.cpp, line 826]
Event: 25.643 Thread 0x00000213464bbfc0 Exception <a 'java/lang/NoSuchMethodError'{0x00000000c8978a70}: 'void java.lang.invoke.DirectMethodHandle$Holder.invokeStaticInit(java.lang.Object, java.lang.Object)'> (0x00000000c8978a70) 
thrown [s\open\src\hotspot\share\interpreter\linkResolver.cpp, line 759]
Event: 25.958 Thread 0x00000213464bbfc0 Exception <a 'java/lang/NoSuchMethodError'{0x00000000c8437920}: 'java.lang.Object java.lang.invoke.DirectMethodHandle$Holder.invokeStaticInit(java.lang.Object, java.lang.Object, int, int, int, int)'> (0x00000000c8437920) 
thrown [s\open\src\hotspot\share\interpreter\linkResolver.cpp, line 759]

VM Operations (20 events):
Event: 41.611 Executing VM operation: Cleanup
Event: 41.611 Executing VM operation: Cleanup done
Event: 45.659 Executing VM operation: Cleanup
Event: 45.660 Executing VM operation: Cleanup done
Event: 47.691 Executing VM operation: Cleanup
Event: 47.691 Executing VM operation: Cleanup done
Event: 50.722 Executing VM operation: Cleanup
Event: 50.722 Executing VM operation: Cleanup done
Event: 51.731 Executing VM operation: Cleanup
Event: 51.731 Executing VM operation: Cleanup done
Event: 52.737 Executing VM operation: Cleanup
Event: 52.737 Executing VM operation: Cleanup done
Event: 53.743 Executing VM operation: Cleanup
Event: 53.746 Executing VM operation: Cleanup done
Event: 58.633 Executing VM operation: HandshakeAllThreads
Event: 58.633 Executing VM operation: HandshakeAllThreads done
Event: 59.637 Executing VM operation: Cleanup
Event: 59.638 Executing VM operation: Cleanup done
Event: 60.113 Executing VM operation: HandshakeAllThreads
Event: 60.113 Executing VM operation: HandshakeAllThreads done

Events (20 events):
Event: 58.645 Thread 0x0000021363215fa0 flushing nmethod 0x00000213501bfb90
Event: 58.645 Thread 0x0000021363215fa0 flushing nmethod 0x00000213501c0110
Event: 58.645 Thread 0x0000021363215fa0 flushing nmethod 0x00000213501fa690
Event: 58.646 Thread 0x0000021363215fa0 flushing nmethod 0x0000021350234990
Event: 58.646 Thread 0x0000021363215fa0 flushing nmethod 0x0000021350239290
Event: 58.646 Thread 0x0000021363215fa0 flushing nmethod 0x000002135023b490
Event: 58.646 Thread 0x0000021363215fa0 flushing nmethod 0x0000021350246c10
Event: 58.646 Thread 0x0000021363215fa0 flushing nmethod 0x0000021350252d10
Event: 58.646 Thread 0x0000021363215fa0 flushing nmethod 0x000002135025d690
Event: 58.646 Thread 0x0000021363215fa0 flushing nmethod 0x000002135025fc10
Event: 58.647 Thread 0x0000021363215fa0 flushing nmethod 0x00000213503d0890
Event: 58.647 Thread 0x0000021363215fa0 flushing nmethod 0x00000213503d1190
Event: 58.647 Thread 0x0000021363215fa0 flushing nmethod 0x00000213503d1590
Event: 58.647 Thread 0x0000021363215fa0 flushing nmethod 0x00000213503d9c90
Event: 58.647 Thread 0x0000021363215fa0 flushing nmethod 0x00000213503dcc90
Event: 73.691 Thread 0x00000213693c2570 Thread exited: 0x00000213693c2570
Event: 73.691 Thread 0x00000213693c2060 Thread exited: 0x00000213693c2060
Event: 73.691 Thread 0x00000213693c34a0 Thread exited: 0x00000213693c34a0
Event: 73.692 Thread 0x0000021369c20310 Thread exited: 0x0000021369c20310
Event: 73.692 Thread 0x00000213693c2f90 Thread exited: 0x00000213693c2f90


Dynamic libraries:
0x00007ff75cd60000 - 0x00007ff75cd70000 	C:\Program Files\Java\jdk-17\bin\java.exe
0x00007fff93a90000 - 0x00007fff93c88000 	C:\Windows\SYSTEM32\ntdll.dll
0x00007fff936c0000 - 0x00007fff9377f000 	C:\Windows\System32\KERNEL32.DLL
0x00007fff911e0000 - 0x00007fff914b2000 	C:\Windows\System32\KERNELBASE.dll
0x00007fff91560000 - 0x00007fff91660000 	C:\Windows\System32\ucrtbase.dll
0x00007fff7c5d0000 - 0x00007fff7c5e9000 	C:\Program Files\Java\jdk-17\bin\jli.dll
0x00007fff93970000 - 0x00007fff93a1e000 	C:\Windows\System32\ADVAPI32.dll
0x00007fff92c40000 - 0x00007fff92cde000 	C:\Windows\System32\msvcrt.dll
0x00007fff929f0000 - 0x00007fff92a8c000 	C:\Windows\System32\sechost.dll
0x00007fff92d40000 - 0x00007fff92e65000 	C:\Windows\System32\RPCRT4.dll
0x00007fff92f20000 - 0x00007fff930c1000 	C:\Windows\System32\USER32.dll
0x00007fff91970000 - 0x00007fff91992000 	C:\Windows\System32\win32u.dll
0x00007fff93430000 - 0x00007fff9345b000 	C:\Windows\System32\GDI32.dll
0x00007fff91700000 - 0x00007fff9180f000 	C:\Windows\System32\gdi32full.dll
0x00007fff914c0000 - 0x00007fff9155d000 	C:\Windows\System32\msvcp_win.dll
0x00007fff7fdc0000 - 0x00007fff8005a000 	C:\Windows\WinSxS\amd64_microsoft.windows.common-controls_6595b64144ccf1df_6.0.19041.1110_none_60b5254171f9507e\COMCTL32.dll
0x00007fff78c90000 - 0x00007fff78cab000 	C:\Program Files\Java\jdk-17\bin\VCRUNTIME140.dll
0x00007fff87d30000 - 0x00007fff87d3a000 	C:\Windows\SYSTEM32\VERSION.dll
0x00007fff92e70000 - 0x00007fff92ea2000 	C:\Windows\System32\IMM32.DLL
0x00007fff7c600000 - 0x00007fff7c60c000 	C:\Program Files\Java\jdk-17\bin\vcruntime140_1.dll
0x00007fff63e90000 - 0x00007fff63f1e000 	C:\Program Files\Java\jdk-17\bin\msvcp140.dll
0x00007fff11030000 - 0x00007fff11c10000 	C:\Program Files\Java\jdk-17\bin\server\jvm.dll
0x00007fff92210000 - 0x00007fff92218000 	C:\Windows\System32\PSAPI.DLL
0x00007fff72450000 - 0x00007fff72459000 	C:\Windows\SYSTEM32\WSOCK32.dll
0x00007fff92eb0000 - 0x00007fff92f1b000 	C:\Windows\System32\WS2_32.dll
0x00007fff6fbb0000 - 0x00007fff6fbd7000 	C:\Windows\SYSTEM32\WINMM.dll
0x00007fff8f9a0000 - 0x00007fff8f9b2000 	C:\Windows\SYSTEM32\kernel.appcore.dll
0x00007fff7c610000 - 0x00007fff7c61a000 	C:\Program Files\Java\jdk-17\bin\jimage.dll
0x00007fff8f6b0000 - 0x00007fff8f894000 	C:\Windows\SYSTEM32\DBGHELP.DLL
0x00007fff809e0000 - 0x00007fff80a15000 	C:\Windows\SYSTEM32\dbgcore.DLL
0x00007fff91150000 - 0x00007fff911d2000 	C:\Windows\System32\bcryptPrimitives.dll
0x00007fff71d20000 - 0x00007fff71d45000 	C:\Program Files\Java\jdk-17\bin\java.dll
0x00007fff63ac0000 - 0x00007fff63b97000 	C:\Program Files\Java\jdk-17\bin\jsvml.dll
0x00007fff91aa0000 - 0x00007fff921e4000 	C:\Windows\System32\SHELL32.dll
0x00007fff8ee40000 - 0x00007fff8f5d2000 	C:\Windows\SYSTEM32\windows.storage.dll
0x00007fff930d0000 - 0x00007fff93425000 	C:\Windows\System32\combase.dll
0x00007fff90b30000 - 0x00007fff90b60000 	C:\Windows\SYSTEM32\Wldp.dll
0x00007fff93780000 - 0x00007fff9382d000 	C:\Windows\System32\SHCORE.dll
0x00007fff92ce0000 - 0x00007fff92d35000 	C:\Windows\System32\shlwapi.dll
0x00007fff91090000 - 0x00007fff910af000 	C:\Windows\SYSTEM32\profapi.dll
0x00007fff66170000 - 0x00007fff66189000 	C:\Program Files\Java\jdk-17\bin\net.dll
0x00007fff81f00000 - 0x00007fff8200c000 	C:\Windows\SYSTEM32\WINHTTP.dll
0x00007fff90830000 - 0x00007fff9089a000 	C:\Windows\system32\mswsock.dll
0x00007fff66150000 - 0x00007fff66166000 	C:\Program Files\Java\jdk-17\bin\nio.dll
0x00007fff66130000 - 0x00007fff66148000 	C:\Program Files\Java\jdk-17\bin\zip.dll
0x0000000069ac0000 - 0x0000000069ae4000 	C:\Program Files\apache-maven-3.8.8\lib\jansi-native\Windows\x86_64\jansi.dll
0x00007fff788a0000 - 0x00007fff788b0000 	C:\Program Files\Java\jdk-17\bin\verify.dll
0x00007fff90a20000 - 0x00007fff90a38000 	C:\Windows\SYSTEM32\CRYPTSP.dll
0x00007fff90150000 - 0x00007fff90184000 	C:\Windows\system32\rsaenh.dll
0x00007fff91660000 - 0x00007fff91687000 	C:\Windows\System32\bcrypt.dll
0x00007fff91010000 - 0x00007fff9103e000 	C:\Windows\SYSTEM32\USERENV.dll
0x00007fff90cc0000 - 0x00007fff90ccc000 	C:\Windows\SYSTEM32\CRYPTBASE.dll
0x00007fff90520000 - 0x00007fff9055b000 	C:\Windows\SYSTEM32\IPHLPAPI.DLL
0x00007fff93830000 - 0x00007fff93838000 	C:\Windows\System32\NSI.dll
0x00007fff81c60000 - 0x00007fff81c77000 	C:\Windows\SYSTEM32\dhcpcsvc6.DLL
0x00007fff82220000 - 0x00007fff8223d000 	C:\Windows\SYSTEM32\dhcpcsvc.DLL
0x00007fff90560000 - 0x00007fff9062a000 	C:\Windows\SYSTEM32\DNSAPI.dll
0x00007fff87d40000 - 0x00007fff87d4a000 	C:\Windows\System32\rasadhlp.dll
0x00007fff75d10000 - 0x00007fff75d90000 	C:\Windows\System32\fwpuclnt.dll
0x00007fff776a0000 - 0x00007fff776ae000 	C:\Program Files\Java\jdk-17\bin\sunmscapi.dll
0x00007fff91810000 - 0x00007fff91966000 	C:\Windows\System32\CRYPT32.dll
0x00007fff90ba0000 - 0x00007fff90bc7000 	C:\Windows\SYSTEM32\ncrypt.dll
0x00007fff90b60000 - 0x00007fff90b9b000 	C:\Windows\SYSTEM32\NTASN1.dll

dbghelp: loaded successfully - version: 4.0.5 - missing functions: none
symbol engine: initialized successfully - sym options: 0x614 - pdb path: .;C:\Program Files\Java\jdk-17\bin;C:\Windows\SYSTEM32;C:\Windows\WinSxS\amd64_microsoft.windows.common-controls_6595b64144ccf1df_6.0.19041.1110_none_60b5254171f9507e;C:\Program Files\Java\jdk-17\bin\server;C:\Program Files\apache-maven-3.8.8\lib\jansi-native\Windows\x86_64

VM Arguments:
jvm_args: -Dclassworlds.conf=C:/Program Files/apache-maven-3.8.8/bin/m2.conf -Dmaven.home=C:/Program Files/apache-maven-3.8.8 -Dlibrary.jansi.path=C:/Program Files/apache-maven-3.8.8/lib/jansi-native -Dmaven.multiModuleProjectDirectory=C:/Users/Sabine/Desktop/Project/venue/venue 
java_command: org.codehaus.plexus.classworlds.launcher.Launcher clean install
java_class_path (initial): C:/Program Files/apache-maven-3.8.8/boot/plexus-classworlds-2.6.0.jar
Launcher Type: SUN_STANDARD

[Global flags]
     intx CICompilerCount                          = 2                                         {product} {ergonomic}
     uint ConcGCThreads                            = 1                                         {product} {ergonomic}
     uint G1ConcRefinementThreads                  = 2                                         {product} {ergonomic}
   size_t G1HeapRegionSize                         = 1048576                                   {product} {ergonomic}
    uintx GCDrainStackTargetSize                   = 64                                        {product} {ergonomic}
   size_t InitialHeapSize                          = 65011712                                  {product} {ergonomic}
   size_t MarkStackSize                            = 4194304                                   {product} {ergonomic}
   size_t MaxHeapSize                              = 1023410176                                {product} {ergonomic}
   size_t MaxNewSize                               = 613416960                                 {product} {ergonomic}
   size_t MinHeapDeltaBytes                        = 1048576                                   {product} {ergonomic}
   size_t MinHeapSize                              = 8388608                                   {product} {ergonomic}
    uintx NonNMethodCodeHeapSize                   = 5826188                                {pd product} {ergonomic}
    uintx NonProfiledCodeHeapSize                  = 122916026                              {pd product} {ergonomic}
    uintx ProfiledCodeHeapSize                     = 122916026                              {pd product} {ergonomic}
    uintx ReservedCodeCacheSize                    = 251658240                              {pd product} {ergonomic}
     bool SegmentedCodeCache                       = true                                      {product} {ergonomic}
   size_t SoftMaxHeapSize                          = 1023410176                             {manageable} {ergonomic}
     bool UseCompressedClassPointers               = true                           {product lp64_product} {ergonomic}
     bool UseCompressedOops                        = true                           {product lp64_product} {ergonomic}
     bool UseG1GC                                  = true                                      {product} {ergonomic}
     bool UseLargePagesIndividualAllocation        = false                                  {pd product} {ergonomic}

Logging:
Log output configuration:
 #0: stdout all=warning uptime,level,tags
 #1: stderr all=off uptime,level,tags

Environment Variables:
JAVA_HOME=C:\Program Files\Java\jdk-17\bin
PATH=C:\Users\Sabine\bin;C:\Program Files\Git\mingw64\bin;C:\Program Files\Git\usr\local\bin;C:\Program Files\Git\usr\bin;C:\Program Files\Git\usr\bin;C:\Program Files\Git\mingw64\bin;C:\Program Files\Git\usr\bin;C:\Users\Sabine\bin;C:\Program Files\Common Files\Oracle\Java\javapath;C:\oraclexe\app\oracle\product\11.2.0\server\bin;C:\Windows\system32;C:\Windows;C:\Windows\System32\Wbem;C:\Windows\System32\WindowsPowerShell\v1.0;C:\Windows\System32\OpenSSH;C:\flutter\bin;C:\Program Files\TortoiseSVN\bin;C:\Program Files\Git\cmd;C:\Program Files\nodejs;C:\Users\Sabine\AppData\Local\Programs\Microsoft VS Code\bin;C:\Program Files\apache-maven-3.8.8\bin;C:\Program Files\MySQL\MySQL Server 8.0\bin;C:\Program Files\Java\jdk-17\bin;C:\Users\Sabine\AppData\Roaming\npm;C:\Program Files\Git\usr\bin\vendor_perl;C:\Program Files\Git\usr\bin\core_perl
USERNAME=Sabine
SHELL=C:\Program Files\Git\usr\bin\bash.exe
DISPLAY=needs-to-be-defined
LANG=en_US.UTF-8
OS=Windows_NT
PROCESSOR_IDENTIFIER=Intel64 Family 6 Model 122 Stepping 8, GenuineIntel



---------------  S Y S T E M  ---------------

OS:
 Windows 10 , 64 bit Build 19041 (10.0.19041.2364)
OS uptime: 5 days 0:42 hours

CPU: total 2 (initial active 2) (2 cores per cpu, 1 threads per core) family 6 model 122 stepping 8 microcode 0xc, cx8, cmov, fxsr, mmx, 3dnowpref, sse, sse2, sse3, ssse3, sse4.1, sse4.2, popcnt, tsc, tscinvbit, aes, erms, clmul, sha, clflush, clflushopt

Memory: 4k page, system-wide physical 3899M (315M free)
TotalPageFile size 7878M (AvailPageFile size 4M)
current process WorkingSet (physical memory assigned to process): 274M, peak: 274M
current process commit charge ("private bytes"): 335M, peak: 344M

vm_info: Java HotSpot(TM) 64-Bit Server VM (17.0.12+8-LTS-286) for windows-amd64 JRE (17.0.12+8-LTS-286), built on Jun  5 2024 06:46:59 by "mach5one" with MS VC++ 17.6 (VS2022)

END.
