#
# There is insufficient memory for the Java Runtime Environment to continue.
# Native memory allocation (mmap) failed to map 65536 bytes for Failed to commit metaspace.
# Possible reasons:
#   The system is out of physical RAM or swap space
#   The process is running with CompressedOops enabled, and the Java Heap may be blocking the growth of the native heap
# Possible solutions:
#   Reduce memory load on the system
#   Increase physical memory or swap space
#   Check if swap backing store is full
#   Decrease Java heap size (-Xmx/-Xms)
#   Decrease number of Java threads
#   Decrease Java thread stack sizes (-Xss)
#   Set larger code cache with -XX:ReservedCodeCacheSize=
#   JVM is running with Unscaled Compressed Oops mode in which the Java heap is
#     placed in the first 4GB address space. The Java Heap base address is the
#     maximum limit for the native heap growth. Please use -XX:HeapBaseMinAddress
#     to set the Java Heap base and to place the Java Heap above 4GB virtual address.
# This output file may be truncated or incomplete.
#
#  Out of Memory Error (virtualSpaceNode.cpp:110), pid=11868, tid=14760
#
# JRE version: Java(TM) SE Runtime Environment (17.0.12+8) (build 17.0.12+8-LTS-286)
# Java VM: Java HotSpot(TM) 64-Bit Server VM (17.0.12+8-LTS-286, mixed mode, emulated-client, sharing, tiered, compressed oops, compressed class ptrs, g1 gc, windows-amd64)
# No core dump will be written. Minidumps are not enabled by default on client versions of Windows
#

---------------  S U M M A R Y ------------

Command Line: -XX:TieredStopAtLevel=1 rw.hotel.venue.VenueApplication

Host: Intel(R) Celeron(R) N4020 CPU @ 1.10GHz, 2 cores, 3G,  Windows 10 , 64 bit Build 19041 (10.0.19041.2364)
Time: Fri Oct 18 11:21:06 2024 Egypt Standard Time elapsed time: 6.571426 seconds (0d 0h 0m 6s)

---------------  T H R E A D  ---------------

Current thread (0x000002acb9976920):  JavaThread "main" [_thread_in_vm, id=14760, stack(0x000000e80e400000,0x000000e80e500000)]

Stack: [0x000000e80e400000,0x000000e80e500000]
Native frames: (J=compiled Java code, j=interpreted, Vv=VM code, C=native code)
V  [jvm.dll+0x67a04a]
V  [jvm.dll+0x7da4ed]
V  [jvm.dll+0x7dbe33]
V  [jvm.dll+0x7dc4a3]
V  [jvm.dll+0x24508f]
V  [jvm.dll+0x7d60bb]
V  [jvm.dll+0x6206c6]
V  [jvm.dll+0x62072a]
V  [jvm.dll+0x622f4d]
V  [jvm.dll+0x621086]
V  [jvm.dll+0x23a821]
V  [jvm.dll+0x1e8e87]
V  [jvm.dll+0x1dea41]
V  [jvm.dll+0x53f78c]
V  [jvm.dll+0x1ef3ca]
V  [jvm.dll+0x7547ad]
V  [jvm.dll+0x755bc6]
V  [jvm.dll+0x755ef8]
V  [jvm.dll+0x23d13b]
V  [jvm.dll+0x23d38f]
V  [jvm.dll+0x55dc68]
V  [jvm.dll+0x560b4e]
V  [jvm.dll+0x380f73]
V  [jvm.dll+0x3805df]
C  0x000002acc1258cdd

Java frames: (J=compiled Java code, j=interpreted, Vv=VM code)
j  sun.security.ssl.SSLConfiguration.<clinit>()V+94 java.base@17.0.12
v  ~StubRoutines::call_stub
j  sun.security.ssl.TransportContext.<init>(Lsun/security/ssl/SSLContextImpl;Lsun/security/ssl/SSLTransport;Lsun/security/ssl/InputRecord;Lsun/security/ssl/OutputRecord;Z)V+3 java.base@17.0.12
j  sun.security.ssl.SSLSocketImpl.<init>(Lsun/security/ssl/SSLContextImpl;Ljava/net/Socket;Ljava/lang/String;IZ)V+108 java.base@17.0.12
j  sun.security.ssl.SSLSocketFactoryImpl.createSocket(Ljava/net/Socket;Ljava/lang/String;IZ)Ljava/net/Socket;+13 java.base@17.0.12
j  com.mysql.cj.protocol.ExportControlled.performTlsHandshake(Ljava/net/Socket;Lcom/mysql/cj/protocol/SocketConnection;Lcom/mysql/cj/ServerVersion;Lcom/mysql/cj/log/Log;)Ljava/net/Socket;+339
j  com.mysql.cj.protocol.StandardSocketFactory.performTlsHandshake(Lcom/mysql/cj/protocol/SocketConnection;Lcom/mysql/cj/protocol/ServerSession;Lcom/mysql/cj/log/Log;)Ljava/io/Closeable;+21
j  com.mysql.cj.protocol.a.NativeSocketConnection.performTlsHandshake(Lcom/mysql/cj/protocol/ServerSession;Lcom/mysql/cj/log/Log;)V+8
j  com.mysql.cj.protocol.a.NativeProtocol.negotiateSSLConnection()V+116
j  com.mysql.cj.protocol.a.NativeAuthenticationProvider.connect(Ljava/lang/String;Ljava/lang/String;Ljava/lang/String;)V+765
j  com.mysql.cj.protocol.a.NativeProtocol.connect(Ljava/lang/String;Ljava/lang/String;Ljava/lang/String;)V+11
j  com.mysql.cj.NativeSession.connect(Lcom/mysql/cj/conf/HostInfo;Ljava/lang/String;Ljava/lang/String;Ljava/lang/String;ILcom/mysql/cj/TransactionEventHandler;)V+110
j  com.mysql.cj.jdbc.ConnectionImpl.connectOneTryOnly(Z)V+32
j  com.mysql.cj.jdbc.ConnectionImpl.createNewIO(Z)V+27
j  com.mysql.cj.jdbc.ConnectionImpl.<init>(Lcom/mysql/cj/conf/HostInfo;)V+753
j  com.mysql.cj.jdbc.ConnectionImpl.getInstance(Lcom/mysql/cj/conf/HostInfo;)Lcom/mysql/cj/jdbc/JdbcConnection;+5
j  com.mysql.cj.jdbc.NonRegisteringDriver.connect(Ljava/lang/String;Ljava/util/Properties;)Ljava/sql/Connection;+72
j  com.zaxxer.hikari.util.DriverDataSource.getConnection(Ljava/lang/String;Ljava/lang/String;)Ljava/sql/Connection;+61
j  com.zaxxer.hikari.pool.PoolBase.newConnection()Ljava/sql/Connection;+49
j  com.zaxxer.hikari.pool.PoolBase.newPoolEntry()Lcom/zaxxer/hikari/pool/PoolEntry;+5
j  com.zaxxer.hikari.pool.HikariPool.createPoolEntry()Lcom/zaxxer/hikari/pool/PoolEntry;+1
j  com.zaxxer.hikari.pool.HikariPool.checkFailFast()V+20
j  com.zaxxer.hikari.pool.HikariPool.<init>(Lcom/zaxxer/hikari/HikariConfig;)V+127
j  com.zaxxer.hikari.HikariDataSource.getConnection()Ljava/sql/Connection;+82
j  org.hibernate.engine.jdbc.connections.internal.DatasourceConnectionProviderImpl.getConnection()Ljava/sql/Connection;+48
j  org.hibernate.engine.jdbc.env.internal.JdbcEnvironmentInitiator$ConnectionProviderJdbcConnectionAccess.obtainConnection()Ljava/sql/Connection;+4
j  org.hibernate.resource.transaction.backend.jdbc.internal.JdbcIsolationDelegate.delegateWork(Lorg/hibernate/jdbc/WorkExecutorVisitable;Z)Ljava/lang/Object;+6
j  org.hibernate.engine.jdbc.env.internal.JdbcEnvironmentInitiator.getJdbcEnvironmentUsingJdbcMetadata(Ljava/util/Map;Lorg/hibernate/service/spi/ServiceRegistryImplementor;Lorg/hibernate/engine/jdbc/dialect/spi/DialectFactory;Ljava/lang/String;Ljava/lang/Integer;Ljava/lang/Integer;Ljava/lang/String;)Lorg/hibernate/engine/jdbc/env/internal/JdbcEnvironmentImpl;+109
j  org.hibernate.engine.jdbc.env.internal.JdbcEnvironmentInitiator.initiateService(Ljava/util/Map;Lorg/hibernate/service/spi/ServiceRegistryImplementor;)Lorg/hibernate/engine/jdbc/env/spi/JdbcEnvironment;+123
j  org.hibernate.engine.jdbc.env.internal.JdbcEnvironmentInitiator.initiateService(Ljava/util/Map;Lorg/hibernate/service/spi/ServiceRegistryImplementor;)Lorg/hibernate/service/Service;+3
j  org.hibernate.boot.registry.internal.StandardServiceRegistryImpl.initiateService(Lorg/hibernate/service/spi/ServiceInitiator;)Lorg/hibernate/service/Service;+9
j  org.hibernate.service.internal.AbstractServiceRegistryImpl.createService(Lorg/hibernate/service/spi/ServiceBinding;)Lorg/hibernate/service/Service;+26
j  org.hibernate.service.internal.AbstractServiceRegistryImpl.initializeService(Lorg/hibernate/service/spi/ServiceBinding;)Lorg/hibernate/service/Service;+30
j  org.hibernate.service.internal.AbstractServiceRegistryImpl.getService(Ljava/lang/Class;)Lorg/hibernate/service/Service;+112
j  org.hibernate.boot.model.relational.Database.<init>(Lorg/hibernate/boot/spi/MetadataBuildingOptions;)V+10
j  org.hibernate.boot.internal.InFlightMetadataCollectorImpl.getDatabase()Lorg/hibernate/boot/model/relational/Database;+16
j  org.hibernate.boot.internal.InFlightMetadataCollectorImpl.<init>(Lorg/hibernate/boot/spi/BootstrapContext;Lorg/hibernate/boot/spi/MetadataBuildingOptions;)V+390
j  org.hibernate.boot.model.process.spi.MetadataBuildingProcess.complete(Lorg/hibernate/boot/model/process/spi/ManagedResources;Lorg/hibernate/boot/spi/BootstrapContext;Lorg/hibernate/boot/spi/MetadataBuildingOptions;)Lorg/hibernate/boot/spi/MetadataImplementor;+6
j  org.hibernate.jpa.boot.internal.EntityManagerFactoryBuilderImpl.metadata()Lorg/hibernate/boot/spi/MetadataImplementor;+30
j  org.hibernate.jpa.boot.internal.EntityManagerFactoryBuilderImpl.build()Ljakarta/persistence/EntityManagerFactory;+3
j  org.springframework.orm.jpa.vendor.SpringHibernateJpaPersistenceProvider.createContainerEntityManagerFactory(Ljakarta/persistence/spi/PersistenceUnitInfo;Ljava/util/Map;)Ljakarta/persistence/EntityManagerFactory;+59
j  org.springframework.orm.jpa.LocalContainerEntityManagerFactoryBean.createNativeEntityManagerFactory()Ljakarta/persistence/EntityManagerFactory;+111
j  org.springframework.orm.jpa.AbstractEntityManagerFactoryBean.buildNativeEntityManagerFactory()Ljakarta/persistence/EntityManagerFactory;+1
j  org.springframework.orm.jpa.AbstractEntityManagerFactoryBean.afterPropertiesSet()V+192
j  org.springframework.orm.jpa.LocalContainerEntityManagerFactoryBean.afterPropertiesSet()V+84
j  org.springframework.beans.factory.support.AbstractAutowireCapableBeanFactory.invokeInitMethods(Ljava/lang/String;Ljava/lang/Object;Lorg/springframework/beans/factory/support/RootBeanDefinition;)V+56
j  org.springframework.beans.factory.support.AbstractAutowireCapableBeanFactory.initializeBean(Ljava/lang/String;Ljava/lang/Object;Lorg/springframework/beans/factory/support/RootBeanDefinition;)Ljava/lang/Object;+34
j  org.springframework.beans.factory.support.AbstractAutowireCapableBeanFactory.doCreateBean(Ljava/lang/String;Lorg/springframework/beans/factory/support/RootBeanDefinition;[Ljava/lang/Object;)Ljava/lang/Object;+228
j  org.springframework.beans.factory.support.AbstractAutowireCapableBeanFactory.createBean(Ljava/lang/String;Lorg/springframework/beans/factory/support/RootBeanDefinition;[Ljava/lang/Object;)Ljava/lang/Object;+153
j  org.springframework.beans.factory.support.AbstractBeanFactory.lambda$doGetBean$0(Ljava/lang/String;Lorg/springframework/beans/factory/support/RootBeanDefinition;[Ljava/lang/Object;)Ljava/lang/Object;+4
j  org.springframework.beans.factory.support.AbstractBeanFactory$$Lambda$270+0x000002acca1b9ea8.getObject()Ljava/lang/Object;+16
j  org.springframework.beans.factory.support.DefaultSingletonBeanRegistry.getSingleton(Ljava/lang/String;Lorg/springframework/beans/factory/ObjectFactory;)Ljava/lang/Object;+114
J 2568 c1 org.springframework.beans.factory.support.AbstractBeanFactory.doGetBean(Ljava/lang/String;Ljava/lang/Class;[Ljava/lang/Object;Z)Ljava/lang/Object; (787 bytes) @ 0x000002acc17bbc44 [0x000002acc17bb680+0x00000000000005c4]
j  org.springframework.beans.factory.support.AbstractBeanFactory.getBean(Ljava/lang/String;)Ljava/lang/Object;+5
j  org.springframework.beans.factory.support.BeanDefinitionValueResolver.resolveReference(Ljava/lang/Object;Lorg/springframework/beans/factory/config/RuntimeBeanReference;)Ljava/lang/Object;+145
j  org.springframework.beans.factory.support.BeanDefinitionValueResolver.resolveValueIfNecessary(Ljava/lang/Object;Ljava/lang/Object;)Ljava/lang/Object;+15
j  org.springframework.beans.factory.support.ConstructorResolver.resolveConstructorArguments(Ljava/lang/String;Lorg/springframework/beans/factory/support/RootBeanDefinition;Lorg/springframework/beans/BeanWrapper;Lorg/springframework/beans/factory/config/ConstructorArgumentValues;Lorg/springframework/beans/factory/config/ConstructorArgumentValues;)I+182
j  org.springframework.beans.factory.support.ConstructorResolver.instantiateUsingFactoryMethod(Ljava/lang/String;Lorg/springframework/beans/factory/support/RootBeanDefinition;[Ljava/lang/Object;)Lorg/springframework/beans/BeanWrapper;+588
j  org.springframework.beans.factory.support.AbstractAutowireCapableBeanFactory.instantiateUsingFactoryMethod(Ljava/lang/String;Lorg/springframework/beans/factory/support/RootBeanDefinition;[Ljava/lang/Object;)Lorg/springframework/beans/BeanWrapper;+11
j  org.springframework.beans.factory.support.AbstractAutowireCapableBeanFactory.createBeanInstance(Ljava/lang/String;Lorg/springframework/beans/factory/support/RootBeanDefinition;[Ljava/lang/Object;)Lorg/springframework/beans/BeanWrapper;+93
j  org.springframework.beans.factory.support.AbstractAutowireCapableBeanFactory.doCreateBean(Ljava/lang/String;Lorg/springframework/beans/factory/support/RootBeanDefinition;[Ljava/lang/Object;)Ljava/lang/Object;+34
j  org.springframework.beans.factory.support.AbstractAutowireCapableBeanFactory.createBean(Ljava/lang/String;Lorg/springframework/beans/factory/support/RootBeanDefinition;[Ljava/lang/Object;)Ljava/lang/Object;+153
j  org.springframework.beans.factory.support.AbstractBeanFactory.lambda$doGetBean$0(Ljava/lang/String;Lorg/springframework/beans/factory/support/RootBeanDefinition;[Ljava/lang/Object;)Ljava/lang/Object;+4
j  org.springframework.beans.factory.support.AbstractBeanFactory$$Lambda$270+0x000002acca1b9ea8.getObject()Ljava/lang/Object;+16
j  org.springframework.beans.factory.support.DefaultSingletonBeanRegistry.getSingleton(Ljava/lang/String;Lorg/springframework/beans/factory/ObjectFactory;)Ljava/lang/Object;+114
J 2568 c1 org.springframework.beans.factory.support.AbstractBeanFactory.doGetBean(Ljava/lang/String;Ljava/lang/Class;[Ljava/lang/Object;Z)Ljava/lang/Object; (787 bytes) @ 0x000002acc17bbc44 [0x000002acc17bb680+0x00000000000005c4]
j  org.springframework.beans.factory.support.AbstractBeanFactory.getBean(Ljava/lang/String;)Ljava/lang/Object;+5
j  org.springframework.beans.factory.support.BeanDefinitionValueResolver.resolveReference(Ljava/lang/Object;Lorg/springframework/beans/factory/config/RuntimeBeanReference;)Ljava/lang/Object;+145
j  org.springframework.beans.factory.support.BeanDefinitionValueResolver.resolveValueIfNecessary(Ljava/lang/Object;Ljava/lang/Object;)Ljava/lang/Object;+15
j  org.springframework.beans.factory.support.AbstractAutowireCapableBeanFactory.applyPropertyValues(Ljava/lang/String;Lorg/springframework/beans/factory/config/BeanDefinition;Lorg/springframework/beans/BeanWrapper;Lorg/springframework/beans/PropertyValues;)V+274
j  org.springframework.beans.factory.support.AbstractAutowireCapableBeanFactory.populateBean(Ljava/lang/String;Lorg/springframework/beans/factory/support/RootBeanDefinition;Lorg/springframework/beans/BeanWrapper;)V+351
j  org.springframework.beans.factory.support.AbstractAutowireCapableBeanFactory.doCreateBean(Ljava/lang/String;Lorg/springframework/beans/factory/support/RootBeanDefinition;[Ljava/lang/Object;)Ljava/lang/Object;+220
j  org.springframework.beans.factory.support.AbstractAutowireCapableBeanFactory.createBean(Ljava/lang/String;Lorg/springframework/beans/factory/support/RootBeanDefinition;[Ljava/lang/Object;)Ljava/lang/Object;+153
j  org.springframework.beans.factory.support.AbstractBeanFactory.lambda$doGetBean$0(Ljava/lang/String;Lorg/springframework/beans/factory/support/RootBeanDefinition;[Ljava/lang/Object;)Ljava/lang/Object;+4
j  org.springframework.beans.factory.support.AbstractBeanFactory$$Lambda$270+0x000002acca1b9ea8.getObject()Ljava/lang/Object;+16
j  org.springframework.beans.factory.support.DefaultSingletonBeanRegistry.getSingleton(Ljava/lang/String;Lorg/springframework/beans/factory/ObjectFactory;)Ljava/lang/Object;+114
J 2568 c1 org.springframework.beans.factory.support.AbstractBeanFactory.doGetBean(Ljava/lang/String;Ljava/lang/Class;[Ljava/lang/Object;Z)Ljava/lang/Object; (787 bytes) @ 0x000002acc17bbc44 [0x000002acc17bb680+0x00000000000005c4]
j  org.springframework.beans.factory.support.AbstractBeanFactory.getBean(Ljava/lang/String;)Ljava/lang/Object;+5
j  org.springframework.beans.factory.config.DependencyDescriptor.resolveCandidate(Ljava/lang/String;Ljava/lang/Class;Lorg/springframework/beans/factory/BeanFactory;)Ljava/lang/Object;+2
j  org.springframework.beans.factory.support.DefaultListableBeanFactory.doResolveDependency(Lorg/springframework/beans/factory/config/DependencyDescriptor;Ljava/lang/String;Ljava/util/Set;Lorg/springframework/beans/TypeConverter;)Ljava/lang/Object;+473
j  org.springframework.beans.factory.support.DefaultListableBeanFactory.resolveDependency(Lorg/springframework/beans/factory/config/DependencyDescriptor;Ljava/lang/String;Ljava/util/Set;Lorg/springframework/beans/TypeConverter;)Ljava/lang/Object;+117
j  org.springframework.beans.factory.support.ConstructorResolver.resolveAutowiredArgument(Lorg/springframework/beans/factory/config/DependencyDescriptor;Ljava/lang/Class;Ljava/lang/String;Ljava/util/Set;Lorg/springframework/beans/TypeConverter;Z)Ljava/lang/Object;+53
j  org.springframework.beans.factory.support.ConstructorResolver.createArgumentArray(Ljava/lang/String;Lorg/springframework/beans/factory/support/RootBeanDefinition;Lorg/springframework/beans/factory/config/ConstructorArgumentValues;Lorg/springframework/beans/BeanWrapper;[Ljava/lang/Class;[Ljava/lang/String;Ljava/lang/reflect/Executable;ZZ)Lorg/springframework/beans/factory/support/ConstructorResolver$ArgumentsHolder;+420
j  org.springframework.beans.factory.support.ConstructorResolver.autowireConstructor(Ljava/lang/String;Lorg/springframework/beans/factory/support/RootBeanDefinition;[Ljava/lang/reflect/Constructor;[Ljava/lang/Object;)Lorg/springframework/beans/BeanWrapper;+530
j  org.springframework.beans.factory.support.AbstractAutowireCapableBeanFactory.autowireConstructor(Ljava/lang/String;Lorg/springframework/beans/factory/support/RootBeanDefinition;[Ljava/lang/reflect/Constructor;[Ljava/lang/Object;)Lorg/springframework/beans/BeanWrapper;+13
j  org.springframework.beans.factory.support.AbstractAutowireCapableBeanFactory.createBeanInstance(Ljava/lang/String;Lorg/springframework/beans/factory/support/RootBeanDefinition;[Ljava/lang/Object;)Lorg/springframework/beans/BeanWrapper;+213
j  org.springframework.beans.factory.support.AbstractAutowireCapableBeanFactory.doCreateBean(Ljava/lang/String;Lorg/springframework/beans/factory/support/RootBeanDefinition;[Ljava/lang/Object;)Ljava/lang/Object;+34
j  org.springframework.beans.factory.support.AbstractAutowireCapableBeanFactory.createBean(Ljava/lang/String;Lorg/springframework/beans/factory/support/RootBeanDefinition;[Ljava/lang/Object;)Ljava/lang/Object;+153
j  org.springframework.beans.factory.support.AbstractBeanFactory.lambda$doGetBean$0(Ljava/lang/String;Lorg/springframework/beans/factory/support/RootBeanDefinition;[Ljava/lang/Object;)Ljava/lang/Object;+4
j  org.springframework.beans.factory.support.AbstractBeanFactory$$Lambda$270+0x000002acca1b9ea8.getObject()Ljava/lang/Object;+16
j  org.springframework.beans.factory.support.DefaultSingletonBeanRegistry.getSingleton(Ljava/lang/String;Lorg/springframework/beans/factory/ObjectFactory;)Ljava/lang/Object;+114
J 2568 c1 org.springframework.beans.factory.support.AbstractBeanFactory.doGetBean(Ljava/lang/String;Ljava/lang/Class;[Ljava/lang/Object;Z)Ljava/lang/Object; (787 bytes) @ 0x000002acc17bbc44 [0x000002acc17bb680+0x00000000000005c4]
j  org.springframework.beans.factory.support.AbstractBeanFactory.getBean(Ljava/lang/String;)Ljava/lang/Object;+5
j  org.springframework.beans.factory.config.DependencyDescriptor.resolveCandidate(Ljava/lang/String;Ljava/lang/Class;Lorg/springframework/beans/factory/BeanFactory;)Ljava/lang/Object;+2
j  org.springframework.beans.factory.support.DefaultListableBeanFactory.doResolveDependency(Lorg/springframework/beans/factory/config/DependencyDescriptor;Ljava/lang/String;Ljava/util/Set;Lorg/springframework/beans/TypeConverter;)Ljava/lang/Object;+473
j  org.springframework.beans.factory.support.DefaultListableBeanFactory.resolveDependency(Lorg/springframework/beans/factory/config/DependencyDescriptor;Ljava/lang/String;Ljava/util/Set;Lorg/springframework/beans/TypeConverter;)Ljava/lang/Object;+117
j  org.springframework.beans.factory.support.ConstructorResolver.resolveAutowiredArgument(Lorg/springframework/beans/factory/config/DependencyDescriptor;Ljava/lang/Class;Ljava/lang/String;Ljava/util/Set;Lorg/springframework/beans/TypeConverter;Z)Ljava/lang/Object;+53
j  org.springframework.beans.factory.support.ConstructorResolver.createArgumentArray(Ljava/lang/String;Lorg/springframework/beans/factory/support/RootBeanDefinition;Lorg/springframework/beans/factory/config/ConstructorArgumentValues;Lorg/springframework/beans/BeanWrapper;[Ljava/lang/Class;[Ljava/lang/String;Ljava/lang/reflect/Executable;ZZ)Lorg/springframework/beans/factory/support/ConstructorResolver$ArgumentsHolder;+420
j  org.springframework.beans.factory.support.ConstructorResolver.autowireConstructor(Ljava/lang/String;Lorg/springframework/beans/factory/support/RootBeanDefinition;[Ljava/lang/reflect/Constructor;[Ljava/lang/Object;)Lorg/springframework/beans/BeanWrapper;+530
j  org.springframework.beans.factory.support.AbstractAutowireCapableBeanFactory.autowireConstructor(Ljava/lang/String;Lorg/springframework/beans/factory/support/RootBeanDefinition;[Ljava/lang/reflect/Constructor;[Ljava/lang/Object;)Lorg/springframework/beans/BeanWrapper;+13
j  org.springframework.beans.factory.support.AbstractAutowireCapableBeanFactory.createBeanInstance(Ljava/lang/String;Lorg/springframework/beans/factory/support/RootBeanDefinition;[Ljava/lang/Object;)Lorg/springframework/beans/BeanWrapper;+213
j  org.springframework.beans.factory.support.AbstractAutowireCapableBeanFactory.doCreateBean(Ljava/lang/String;Lorg/springframework/beans/factory/support/RootBeanDefinition;[Ljava/lang/Object;)Ljava/lang/Object;+34
j  org.springframework.beans.factory.support.AbstractAutowireCapableBeanFactory.createBean(Ljava/lang/String;Lorg/springframework/beans/factory/support/RootBeanDefinition;[Ljava/lang/Object;)Ljava/lang/Object;+153
j  org.springframework.beans.factory.support.AbstractBeanFactory.lambda$doGetBean$0(Ljava/lang/String;Lorg/springframework/beans/factory/support/RootBeanDefinition;[Ljava/lang/Object;)Ljava/lang/Object;+4
j  org.springframework.beans.factory.support.AbstractBeanFactory$$Lambda$270+0x000002acca1b9ea8.getObject()Ljava/lang/Object;+16
j  org.springframework.beans.factory.support.DefaultSingletonBeanRegistry.getSingleton(Ljava/lang/String;Lorg/springframework/beans/factory/ObjectFactory;)Ljava/lang/Object;+114
J 2568 c1 org.springframework.beans.factory.support.AbstractBeanFactory.doGetBean(Ljava/lang/String;Ljava/lang/Class;[Ljava/lang/Object;Z)Ljava/lang/Object; (787 bytes) @ 0x000002acc17bbc44 [0x000002acc17bb680+0x00000000000005c4]
j  org.springframework.beans.factory.support.AbstractBeanFactory.getBean(Ljava/lang/String;)Ljava/lang/Object;+5
j  org.springframework.beans.factory.support.ConstructorResolver.instantiateUsingFactoryMethod(Ljava/lang/String;Lorg/springframework/beans/factory/support/RootBeanDefinition;[Ljava/lang/Object;)Lorg/springframework/beans/BeanWrapper;+60
j  org.springframework.beans.factory.support.AbstractAutowireCapableBeanFactory.instantiateUsingFactoryMethod(Ljava/lang/String;Lorg/springframework/beans/factory/support/RootBeanDefinition;[Ljava/lang/Object;)Lorg/springframework/beans/BeanWrapper;+11
j  org.springframework.beans.factory.support.AbstractAutowireCapableBeanFactory.createBeanInstance(Ljava/lang/String;Lorg/springframework/beans/factory/support/RootBeanDefinition;[Ljava/lang/Object;)Lorg/springframework/beans/BeanWrapper;+93
j  org.springframework.beans.factory.support.AbstractAutowireCapableBeanFactory.doCreateBean(Ljava/lang/String;Lorg/springframework/beans/factory/support/RootBeanDefinition;[Ljava/lang/Object;)Ljava/lang/Object;+34
j  org.springframework.beans.factory.support.AbstractAutowireCapableBeanFactory.createBean(Ljava/lang/String;Lorg/springframework/beans/factory/support/RootBeanDefinition;[Ljava/lang/Object;)Ljava/lang/Object;+153
j  org.springframework.beans.factory.support.AbstractBeanFactory.lambda$doGetBean$0(Ljava/lang/String;Lorg/springframework/beans/factory/support/RootBeanDefinition;[Ljava/lang/Object;)Ljava/lang/Object;+4
j  org.springframework.beans.factory.support.AbstractBeanFactory$$Lambda$270+0x000002acca1b9ea8.getObject()Ljava/lang/Object;+16
j  org.springframework.beans.factory.support.DefaultSingletonBeanRegistry.getSingleton(Ljava/lang/String;Lorg/springframework/beans/factory/ObjectFactory;)Ljava/lang/Object;+114
J 2568 c1 org.springframework.beans.factory.support.AbstractBeanFactory.doGetBean(Ljava/lang/String;Ljava/lang/Class;[Ljava/lang/Object;Z)Ljava/lang/Object; (787 bytes) @ 0x000002acc17bbc44 [0x000002acc17bb680+0x00000000000005c4]
J 2574 c1 org.springframework.beans.factory.support.AbstractBeanFactory.getBean(Ljava/lang/String;Ljava/lang/Class;)Ljava/lang/Object; (9 bytes) @ 0x000002acc17c0ce4 [0x000002acc17c0ca0+0x0000000000000044]
j  org.springframework.boot.web.servlet.ServletContextInitializerBeans.getOrderedBeansOfType(Lorg/springframework/beans/factory/ListableBeanFactory;Ljava/lang/Class;Lorg/springframework/boot/web/servlet/ServletContextInitializerBeans$Seen;)Ljava/util/List;+68
j  org.springframework.boot.web.servlet.ServletContextInitializerBeans.addAsRegistrationBean(Lorg/springframework/beans/factory/ListableBeanFactory;Ljava/lang/Class;Ljava/lang/Class;Lorg/springframework/boot/web/servlet/ServletContextInitializerBeans$RegistrationBeanAdapter;)V+7
j  org.springframework.boot.web.servlet.ServletContextInitializerBeans.addAsRegistrationBean(Lorg/springframework/beans/factory/ListableBeanFactory;Ljava/lang/Class;Lorg/springframework/boot/web/servlet/ServletContextInitializerBeans$RegistrationBeanAdapter;)V+5
j  org.springframework.boot.web.servlet.ServletContextInitializerBeans.addAdaptableBeans(Lorg/springframework/beans/factory/ListableBeanFactory;)V+32
j  org.springframework.boot.web.servlet.ServletContextInitializerBeans.<init>(Lorg/springframework/beans/factory/ListableBeanFactory;[Ljava/lang/Class;)V+54
j  org.springframework.boot.web.servlet.context.ServletWebServerApplicationContext.getServletContextInitializerBeans()Ljava/util/Collection;+12
j  org.springframework.boot.web.servlet.context.ServletWebServerApplicationContext.selfInitialize(Ljakarta/servlet/ServletContext;)V+19
j  org.springframework.boot.web.servlet.context.ServletWebServerApplicationContext$$Lambda$725+0x000002acca3df850.onStartup(Ljakarta/servlet/ServletContext;)V+5
j  org.springframework.boot.web.embedded.tomcat.TomcatStarter.onStartup(Ljava/util/Set;Ljakarta/servlet/ServletContext;)V+28
j  org.apache.catalina.core.StandardContext.startInternal()V+1050
j  org.apache.catalina.util.LifecycleBase.start()V+210
j  org.apache.catalina.core.ContainerBase$StartChild.call()Ljava/lang/Void;+4
j  org.apache.catalina.core.ContainerBase$StartChild.call()Ljava/lang/Object;+1
j  java.util.concurrent.FutureTask.run()V+39 java.base@17.0.12
j  org.apache.tomcat.util.threads.InlineExecutorService.execute(Ljava/lang/Runnable;)V+38
j  java.util.concurrent.AbstractExecutorService.submit(Ljava/util/concurrent/Callable;)Ljava/util/concurrent/Future;+20 java.base@17.0.12
j  org.apache.catalina.core.ContainerBase.startInternal()V+116
j  org.apache.catalina.core.StandardHost.startInternal()V+179
j  org.apache.catalina.util.LifecycleBase.start()V+210
j  org.apache.catalina.core.ContainerBase$StartChild.call()Ljava/lang/Void;+4
j  org.apache.catalina.core.ContainerBase$StartChild.call()Ljava/lang/Object;+1
j  java.util.concurrent.FutureTask.run()V+39 java.base@17.0.12
j  org.apache.tomcat.util.threads.InlineExecutorService.execute(Ljava/lang/Runnable;)V+38
j  java.util.concurrent.AbstractExecutorService.submit(Ljava/util/concurrent/Callable;)Ljava/util/concurrent/Future;+20 java.base@17.0.12
j  org.apache.catalina.core.ContainerBase.startInternal()V+116
j  org.apache.catalina.core.StandardEngine.startInternal()V+38
j  org.apache.catalina.util.LifecycleBase.start()V+210
j  org.apache.catalina.core.StandardService.startInternal()V+57
j  org.apache.catalina.util.LifecycleBase.start()V+210
j  org.apache.catalina.core.StandardServer.startInternal()V+84
j  org.apache.catalina.util.LifecycleBase.start()V+210
j  org.apache.catalina.startup.Tomcat.start()V+9
j  org.springframework.boot.web.embedded.tomcat.TomcatWebServer.initialize()V+55
j  org.springframework.boot.web.embedded.tomcat.TomcatWebServer.<init>(Lorg/apache/catalina/startup/Tomcat;ZLorg/springframework/boot/web/server/Shutdown;)V+66
j  org.springframework.boot.web.embedded.tomcat.TomcatServletWebServerFactory.getTomcatWebServer(Lorg/apache/catalina/startup/Tomcat;)Lorg/springframework/boot/web/embedded/tomcat/TomcatWebServer;+21
j  org.springframework.boot.web.embedded.tomcat.TomcatServletWebServerFactory.getWebServer([Lorg/springframework/boot/web/servlet/ServletContextInitializer;)Lorg/springframework/boot/web/server/WebServer;+226
j  org.springframework.boot.web.servlet.context.ServletWebServerApplicationContext.createWebServer()V+67
j  org.springframework.boot.web.servlet.context.ServletWebServerApplicationContext.onRefresh()V+5
j  org.springframework.context.support.AbstractApplicationContext.refresh()V+85
j  org.springframework.boot.web.servlet.context.ServletWebServerApplicationContext.refresh()V+1
j  org.springframework.boot.SpringApplication.refresh(Lorg/springframework/context/ConfigurableApplicationContext;)V+1
j  org.springframework.boot.SpringApplication.refreshContext(Lorg/springframework/context/ConfigurableApplicationContext;)V+16
j  org.springframework.boot.SpringApplication.run([Ljava/lang/String;)Lorg/springframework/context/ConfigurableApplicationContext;+110
j  org.springframework.boot.SpringApplication.run([Ljava/lang/Class;[Ljava/lang/String;)Lorg/springframework/context/ConfigurableApplicationContext;+9
j  org.springframework.boot.SpringApplication.run(Ljava/lang/Class;[Ljava/lang/String;)Lorg/springframework/context/ConfigurableApplicationContext;+9
j  rw.hotel.venue.VenueApplication.main([Ljava/lang/String;)V+3
v  ~StubRoutines::call_stub

---------------  P R O C E S S  ---------------

Threads class SMR info:
_java_thread_list=0x000002ad0eeebe10, length=13, elements={
0x000002acb9976920, 0x000002acc8403f00, 0x000002acc8404d80, 0x000002acc8417420,
0x000002acc84180a0, 0x000002acc8419a70, 0x000002acc841a430, 0x000002acc841bdc0,
0x000002acc841c6d0, 0x000002acc863c430, 0x000002acc863d770, 0x000002acc8648fa0,
0x000002ad0eac04b0
}

Java Threads: ( => current thread )
=>0x000002acb9976920 JavaThread "main" [_thread_in_vm, id=14760, stack(0x000000e80e400000,0x000000e80e500000)]
  0x000002acc8403f00 JavaThread "Reference Handler" daemon [_thread_blocked, id=8832, stack(0x000000e80eb00000,0x000000e80ec00000)]
  0x000002acc8404d80 JavaThread "Finalizer" daemon [_thread_blocked, id=13324, stack(0x000000e80ec00000,0x000000e80ed00000)]
  0x000002acc8417420 JavaThread "Signal Dispatcher" daemon [_thread_blocked, id=8076, stack(0x000000e80ed00000,0x000000e80ee00000)]
  0x000002acc84180a0 JavaThread "Attach Listener" daemon [_thread_blocked, id=1368, stack(0x000000e80ee00000,0x000000e80ef00000)]
  0x000002acc8419a70 JavaThread "Service Thread" daemon [_thread_blocked, id=4784, stack(0x000000e80ef00000,0x000000e80f000000)]
  0x000002acc841a430 JavaThread "Monitor Deflation Thread" daemon [_thread_blocked, id=9148, stack(0x000000e80f000000,0x000000e80f100000)]
  0x000002acc841bdc0 JavaThread "C1 CompilerThread0" daemon [_thread_blocked, id=2152, stack(0x000000e80f100000,0x000000e80f200000)]
  0x000002acc841c6d0 JavaThread "Sweeper thread" daemon [_thread_blocked, id=6844, stack(0x000000e80f200000,0x000000e80f300000)]
  0x000002acc863c430 JavaThread "Notification Thread" daemon [_thread_blocked, id=6204, stack(0x000000e80f300000,0x000000e80f400000)]
  0x000002acc863d770 JavaThread "Common-Cleaner" daemon [_thread_blocked, id=11804, stack(0x000000e80f500000,0x000000e80f600000)]
  0x000002acc8648fa0 JavaThread "C1 CompilerThread1" daemon [_thread_blocked, id=10636, stack(0x000000e80f600000,0x000000e80f700000)]
  0x000002ad0eac04b0 JavaThread "mysql-cj-abandoned-connection-cleanup" daemon [_thread_blocked, id=7156, stack(0x000000e80f900000,0x000000e80fa00000)]

Other Threads:
  0x000002acc83fda30 VMThread "VM Thread" [stack: 0x000000e80ea00000,0x000000e80eb00000] [id=10980]
  0x000002acc863c910 WatcherThread [stack: 0x000000e80f400000,0x000000e80f500000] [id=12928]
  0x000002acb99b60a0 GCTaskThread "GC Thread#0" [stack: 0x000000e80e500000,0x000000e80e600000] [id=248]
  0x000002acc8997c50 GCTaskThread "GC Thread#1" [stack: 0x000000e80f700000,0x000000e80f800000] [id=15348]
  0x000002acb99c1a20 ConcurrentGCThread "G1 Main Marker" [stack: 0x000000e80e600000,0x000000e80e700000] [id=14840]
  0x000002acb99c2bd0 ConcurrentGCThread "G1 Conc#0" [stack: 0x000000e80e700000,0x000000e80e800000] [id=11948]
  0x000002acb99f7a30 ConcurrentGCThread "G1 Refine#0" [stack: 0x000000e80e800000,0x000000e80e900000] [id=11752]
  0x000002ad0eec7640 ConcurrentGCThread "G1 Refine#1" [stack: 0x000000e80f800000,0x000000e80f900000] [id=728]
  0x000002acb99f8460 ConcurrentGCThread "G1 Service" [stack: 0x000000e80e900000,0x000000e80ea00000] [id=6764]

Threads with active compile tasks:

VM state: not at safepoint (normal execution)

VM Mutex/Monitor currently owned by a thread:  ([mutex/lock_event])
[0x000002acb996faa0] Metaspace_lock - owner thread: 0x000002acb9976920

Heap address: 0x00000000c3000000, size: 976 MB, Compressed Oops mode: 32-bit

CDS archive(s) mapped at: [0x000002acc9000000-0x000002acc9bd0000-0x000002acc9bd0000), size 12386304, SharedBaseAddress: 0x000002acc9000000, ArchiveRelocationMode: 1.
Compressed class space mapped at: 0x000002acca000000-0x000002ad0a000000, reserved size: 1073741824
Narrow klass base: 0x000002acc9000000, Narrow klass shift: 0, Narrow klass range: 0x100000000

GC Precious Log:
 CPUs: 2 total, 2 available
 Memory: 3899M
 Large Page Support: Disabled
 NUMA Support: Disabled
 Compressed Oops: Enabled (32-bit)
 Heap Region Size: 1M
 Heap Min Capacity: 8M
 Heap Initial Capacity: 62M
 Heap Max Capacity: 976M
 Pre-touch: Disabled
 Parallel Workers: 2
 Concurrent Workers: 1
 Concurrent Refinement Workers: 2
 Periodic GC: Disabled

Heap:
 garbage-first heap   total 55296K, used 29409K [0x00000000c3000000, 0x0000000100000000)
  region size 1024K, 12 young (12288K), 2 survivors (2048K)
 Metaspace       used 39572K, committed 40000K, reserved 1114112K
  class space    used 5675K, committed 5888K, reserved 1048576K

Heap Regions: E=young(eden), S=young(survivor), O=old, HS=humongous(starts), HC=humongous(continues), CS=collection set, F=free, OA=open archive, CA=closed archive, TAMS=top-at-mark-start (previous, next)
|   0|0x00000000c3000000, 0x00000000c3100000, 0x00000000c3100000|100%|HS|  |TAMS 0x00000000c3100000, 0x00000000c3000000| Complete 
|   1|0x00000000c3100000, 0x00000000c3200000, 0x00000000c3200000|100%| O|  |TAMS 0x00000000c3200000, 0x00000000c3100000| Untracked 
|   2|0x00000000c3200000, 0x00000000c3300000, 0x00000000c3300000|100%| O|  |TAMS 0x00000000c3300000, 0x00000000c3200000| Untracked 
|   3|0x00000000c3300000, 0x00000000c3400000, 0x00000000c3400000|100%| O|  |TAMS 0x00000000c3400000, 0x00000000c3300000| Untracked 
|   4|0x00000000c3400000, 0x00000000c3500000, 0x00000000c3500000|100%| O|  |TAMS 0x00000000c3500000, 0x00000000c3400000| Untracked 
|   5|0x00000000c3500000, 0x00000000c3600000, 0x00000000c3600000|100%| O|  |TAMS 0x00000000c3600000, 0x00000000c3500000| Untracked 
|   6|0x00000000c3600000, 0x00000000c3700000, 0x00000000c3700000|100%| O|  |TAMS 0x00000000c3700000, 0x00000000c3600000| Untracked 
|   7|0x00000000c3700000, 0x00000000c3800000, 0x00000000c3800000|100%| O|  |TAMS 0x00000000c3800000, 0x00000000c3700000| Untracked 
|   8|0x00000000c3800000, 0x00000000c3900000, 0x00000000c3900000|100%| O|  |TAMS 0x00000000c3900000, 0x00000000c3800000| Untracked 
|   9|0x00000000c3900000, 0x00000000c3a00000, 0x00000000c3a00000|100%| O|  |TAMS 0x00000000c3a00000, 0x00000000c3900000| Untracked 
|  10|0x00000000c3a00000, 0x00000000c3b00000, 0x00000000c3b00000|100%| O|  |TAMS 0x00000000c3a00000, 0x00000000c3a00000| Untracked 
|  11|0x00000000c3b00000, 0x00000000c3c00000, 0x00000000c3c00000|100%| O|  |TAMS 0x00000000c3c00000, 0x00000000c3b00000| Untracked 
|  12|0x00000000c3c00000, 0x00000000c3d00000, 0x00000000c3d00000|100%| O|  |TAMS 0x00000000c3d00000, 0x00000000c3c00000| Untracked 
|  13|0x00000000c3d00000, 0x00000000c3e00000, 0x00000000c3e00000|100%| O|  |TAMS 0x00000000c3e00000, 0x00000000c3d00000| Complete 
|  14|0x00000000c3e00000, 0x00000000c3f00000, 0x00000000c3f00000|100%| O|  |TAMS 0x00000000c3f00000, 0x00000000c3e00000| Untracked 
|  15|0x00000000c3f00000, 0x00000000c4000000, 0x00000000c4000000|100%| O|  |TAMS 0x00000000c4000000, 0x00000000c3f00000| Untracked 
|  16|0x00000000c4000000, 0x00000000c4100000, 0x00000000c4100000|100%| O|  |TAMS 0x00000000c4100000, 0x00000000c4000000| Untracked 
|  17|0x00000000c4100000, 0x00000000c4200000, 0x00000000c4200000|100%| O|  |TAMS 0x00000000c41a9a00, 0x00000000c4100000| Untracked 
|  18|0x00000000c4200000, 0x00000000c4212a00, 0x00000000c4300000|  7%| O|  |TAMS 0x00000000c4200000, 0x00000000c4200000| Untracked 
|  19|0x00000000c4300000, 0x00000000c4300000, 0x00000000c4400000|  0%| F|  |TAMS 0x00000000c4300000, 0x00000000c4300000| Untracked 
|  20|0x00000000c4400000, 0x00000000c4400000, 0x00000000c4500000|  0%| F|  |TAMS 0x00000000c4400000, 0x00000000c4400000| Untracked 
|  21|0x00000000c4500000, 0x00000000c4500000, 0x00000000c4600000|  0%| F|  |TAMS 0x00000000c4500000, 0x00000000c4500000| Untracked 
|  22|0x00000000c4600000, 0x00000000c4600000, 0x00000000c4700000|  0%| F|  |TAMS 0x00000000c4600000, 0x00000000c4600000| Untracked 
|  23|0x00000000c4700000, 0x00000000c4700000, 0x00000000c4800000|  0%| F|  |TAMS 0x00000000c4700000, 0x00000000c4700000| Untracked 
|  24|0x00000000c4800000, 0x00000000c4800000, 0x00000000c4900000|  0%| F|  |TAMS 0x00000000c4800000, 0x00000000c4800000| Untracked 
|  25|0x00000000c4900000, 0x00000000c4900000, 0x00000000c4a00000|  0%| F|  |TAMS 0x00000000c4900000, 0x00000000c4900000| Untracked 
|  26|0x00000000c4a00000, 0x00000000c4a00000, 0x00000000c4b00000|  0%| F|  |TAMS 0x00000000c4a00000, 0x00000000c4a00000| Untracked 
|  27|0x00000000c4b00000, 0x00000000c4b00000, 0x00000000c4c00000|  0%| F|  |TAMS 0x00000000c4b00000, 0x00000000c4b00000| Untracked 
|  28|0x00000000c4c00000, 0x00000000c4c00000, 0x00000000c4d00000|  0%| F|  |TAMS 0x00000000c4c00000, 0x00000000c4c00000| Untracked 
|  29|0x00000000c4d00000, 0x00000000c4d00000, 0x00000000c4e00000|  0%| F|  |TAMS 0x00000000c4d00000, 0x00000000c4d00000| Untracked 
|  30|0x00000000c4e00000, 0x00000000c4e00000, 0x00000000c4f00000|  0%| F|  |TAMS 0x00000000c4e00000, 0x00000000c4e00000| Untracked 
|  31|0x00000000c4f00000, 0x00000000c4f00000, 0x00000000c5000000|  0%| F|  |TAMS 0x00000000c4f00000, 0x00000000c4f00000| Untracked 
|  32|0x00000000c5000000, 0x00000000c5000000, 0x00000000c5100000|  0%| F|  |TAMS 0x00000000c5000000, 0x00000000c5000000| Untracked 
|  33|0x00000000c5100000, 0x00000000c5100000, 0x00000000c5200000|  0%| F|  |TAMS 0x00000000c5100000, 0x00000000c5100000| Untracked 
|  34|0x00000000c5200000, 0x00000000c5200000, 0x00000000c5300000|  0%| F|  |TAMS 0x00000000c5200000, 0x00000000c5200000| Untracked 
|  35|0x00000000c5300000, 0x00000000c5300000, 0x00000000c5400000|  0%| F|  |TAMS 0x00000000c5300000, 0x00000000c5300000| Untracked 
|  36|0x00000000c5400000, 0x00000000c5400000, 0x00000000c5500000|  0%| F|  |TAMS 0x00000000c5400000, 0x00000000c5400000| Untracked 
|  37|0x00000000c5500000, 0x00000000c5500000, 0x00000000c5600000|  0%| F|  |TAMS 0x00000000c5500000, 0x00000000c5500000| Untracked 
|  38|0x00000000c5600000, 0x00000000c5600000, 0x00000000c5700000|  0%| F|  |TAMS 0x00000000c5600000, 0x00000000c5600000| Untracked 
|  39|0x00000000c5700000, 0x00000000c5700000, 0x00000000c5800000|  0%| F|  |TAMS 0x00000000c5700000, 0x00000000c5700000| Untracked 
|  40|0x00000000c5800000, 0x00000000c5800000, 0x00000000c5900000|  0%| F|  |TAMS 0x00000000c5800000, 0x00000000c5800000| Untracked 
|  41|0x00000000c5900000, 0x00000000c5900000, 0x00000000c5a00000|  0%| F|  |TAMS 0x00000000c5900000, 0x00000000c5900000| Untracked 
|  42|0x00000000c5a00000, 0x00000000c5a6b0d8, 0x00000000c5b00000| 41%| E|  |TAMS 0x00000000c5a00000, 0x00000000c5a00000| Complete 
|  43|0x00000000c5b00000, 0x00000000c5ba5df8, 0x00000000c5c00000| 64%| S|CS|TAMS 0x00000000c5b00000, 0x00000000c5b00000| Complete 
|  44|0x00000000c5c00000, 0x00000000c5d00000, 0x00000000c5d00000|100%| S|CS|TAMS 0x00000000c5c00000, 0x00000000c5c00000| Complete 
|  45|0x00000000c5d00000, 0x00000000c5e00000, 0x00000000c5e00000|100%| E|CS|TAMS 0x00000000c5d00000, 0x00000000c5d00000| Complete 
|  46|0x00000000c5e00000, 0x00000000c5f00000, 0x00000000c5f00000|100%| E|CS|TAMS 0x00000000c5e00000, 0x00000000c5e00000| Complete 
|  47|0x00000000c5f00000, 0x00000000c6000000, 0x00000000c6000000|100%| E|CS|TAMS 0x00000000c5f00000, 0x00000000c5f00000| Complete 
|  48|0x00000000c6000000, 0x00000000c6100000, 0x00000000c6100000|100%| E|CS|TAMS 0x00000000c6000000, 0x00000000c6000000| Complete 
|  59|0x00000000c6b00000, 0x00000000c6c00000, 0x00000000c6c00000|100%| E|CS|TAMS 0x00000000c6b00000, 0x00000000c6b00000| Complete 
|  60|0x00000000c6c00000, 0x00000000c6d00000, 0x00000000c6d00000|100%| E|CS|TAMS 0x00000000c6c00000, 0x00000000c6c00000| Complete 
|  61|0x00000000c6d00000, 0x00000000c6e00000, 0x00000000c6e00000|100%| E|CS|TAMS 0x00000000c6d00000, 0x00000000c6d00000| Complete 
|  62|0x00000000c6e00000, 0x00000000c6f00000, 0x00000000c6f00000|100%| E|CS|TAMS 0x00000000c6e00000, 0x00000000c6e00000| Complete 
|  74|0x00000000c7a00000, 0x00000000c7b00000, 0x00000000c7b00000|100%| E|CS|TAMS 0x00000000c7a00000, 0x00000000c7a00000| Complete 

Card table byte_map: [0x000002acb9560000,0x000002acb9750000] _byte_map_base: 0x000002acb8f48000

Marking Bits (Prev, Next): (CMBitMap*) 0x000002acb99b76d0, (CMBitMap*) 0x000002acb99b7710
 Prev Bits: [0x000002acc4240000, 0x000002acc5180000)
 Next Bits: [0x000002acc5180000, 0x000002acc60c0000)

Polling page: 0x000002acb78f0000

Metaspace:

Usage:
  Non-class:     33.10 MB used.
      Class:      5.54 MB used.
       Both:     38.64 MB used.

Virtual space:
  Non-class space:       64.00 MB reserved,      33.31 MB ( 52%) committed,  1 nodes.
      Class space:        1.00 GB reserved,       5.75 MB ( <1%) committed,  1 nodes.
             Both:        1.06 GB reserved,      39.06 MB (  4%) committed. 

Chunk freelists:
   Non-Class:  14.29 MB
       Class:  10.08 MB
        Both:  24.36 MB

MaxMetaspaceSize: unlimited
CompressedClassSpaceSize: 1.00 GB
Initial GC threshold: 21.00 MB
Current GC threshold: 58.88 MB
CDS: on
MetaspaceReclaimPolicy: balanced
 - commit_granule_bytes: 65536.
 - commit_granule_words: 8192.
 - virtual_space_node_default_size: 8388608.
 - enlarge_chunks_in_place: 1.
 - new_chunks_are_fully_committed: 0.
 - uncommit_free_chunks: 1.
 - use_allocation_guard: 0.
 - handle_deallocations: 1.


Internal statistics:

num_allocs_failed_limit: 6.
num_arena_births: 532.
num_arena_deaths: 0.
num_vsnodes_births: 2.
num_vsnodes_deaths: 0.
num_space_committed: 625.
num_space_uncommitted: 0.
num_chunks_returned_to_freelist: 6.
num_chunks_taken_from_freelist: 1953.
num_chunk_merges: 6.
num_chunk_splits: 1392.
num_chunks_enlarged: 1070.
num_inconsistent_stats: 0.

CodeCache: size=49152Kb used=7987Kb max_used=7987Kb free=41165Kb
 bounds [0x000002acc1240000, 0x000002acc1a10000, 0x000002acc4240000]
 total_blobs=4584 nmethods=4045 adapters=466
 compilation: enabled
              stopped_count=0, restarted_count=0
 full_count=0

Compilation events (20 events):
Event: 6.500 Thread 0x000002acc841bdc0 nmethod 4035 0x000002acc1a08710 code [0x000002acc1a088a0, 0x000002acc1a08988]
Event: 6.500 Thread 0x000002acc841bdc0 4037       1       sun.security.ssl.CipherSuite::supports (11 bytes)
Event: 6.500 Thread 0x000002acc8648fa0 nmethod 4036 0x000002acc1a08a10 code [0x000002acc1a08bc0, 0x000002acc1a08da8]
Event: 6.500 Thread 0x000002acc841bdc0 nmethod 4037 0x000002acc1a08f10 code [0x000002acc1a090a0, 0x000002acc1a09188]
Event: 6.501 Thread 0x000002acc8648fa0 4038       1       java.util.RegularEnumSet::isEmpty (15 bytes)
Event: 6.501 Thread 0x000002acc8648fa0 nmethod 4038 0x000002acc1a09210 code [0x000002acc1a093a0, 0x000002acc1a09498]
Event: 6.501 Thread 0x000002acc841bdc0 4039       1       sun.security.util.DisabledAlgorithmConstraints::permits (70 bytes)
Event: 6.501 Thread 0x000002acc8648fa0 4040   !   1       sun.security.util.DisabledAlgorithmConstraints::cachedCheckAlgorithm (116 bytes)
Event: 6.501 Thread 0x000002acc841bdc0 nmethod 4039 0x000002acc1a09510 code [0x000002acc1a09700, 0x000002acc1a09a68]
Event: 6.502 Thread 0x000002acc841bdc0 4041       1       sun.security.ssl.SSLAlgorithmConstraints::permits (96 bytes)
Event: 6.502 Thread 0x000002acc8648fa0 nmethod 4040 0x000002acc1a09c10 code [0x000002acc1a09e00, 0x000002acc1a0a4c8]
Event: 6.502 Thread 0x000002acc8648fa0 4042       1       sun.security.ssl.CipherSuite::isAvailable (52 bytes)
Event: 6.502 Thread 0x000002acc841bdc0 nmethod 4041 0x000002acc1a0a790 code [0x000002acc1a0a960, 0x000002acc1a0ab78]
Event: 6.502 Thread 0x000002acc8648fa0 nmethod 4042 0x000002acc1a0ac90 code [0x000002acc1a0ae40, 0x000002acc1a0afb8]
Event: 6.505 Thread 0x000002acc841bdc0 4043   !   1       java.security.Provider::getService (173 bytes)
Event: 6.505 Thread 0x000002acc8648fa0 4044       1       java.security.Provider$ServiceKey::matches (22 bytes)
Event: 6.505 Thread 0x000002acc8648fa0 nmethod 4044 0x000002acc1a0b090 code [0x000002acc1a0b220, 0x000002acc1a0b318]
Event: 6.505 Thread 0x000002acc841bdc0 nmethod 4043 0x000002acc1a0b390 code [0x000002acc1a0b5a0, 0x000002acc1a0bb28]
Event: 6.539 Thread 0x000002acc8648fa0 4045       1       java.lang.System::getProperty (25 bytes)
Event: 6.540 Thread 0x000002acc8648fa0 nmethod 4045 0x000002acc1a0c410 code [0x000002acc1a0c600, 0x000002acc1a0c9c8]

GC Heap History (20 events):
Event: 0.870 GC heap before
{Heap before GC invocations=2 (full 0):
 garbage-first heap   total 63488K, used 13228K [0x00000000c3000000, 0x0000000100000000)
  region size 1024K, 9 young (9216K), 1 survivors (1024K)
 Metaspace       used 4103K, committed 4288K, reserved 1114112K
  class space    used 539K, committed 640K, reserved 1048576K
}
Event: 0.873 GC heap after
{Heap after GC invocations=3 (full 0):
 garbage-first heap   total 63488K, used 6696K [0x00000000c3000000, 0x0000000100000000)
  region size 1024K, 2 young (2048K), 2 survivors (2048K)
 Metaspace       used 4103K, committed 4288K, reserved 1114112K
  class space    used 539K, committed 640K, reserved 1048576K
}
Event: 1.627 GC heap before
{Heap before GC invocations=3 (full 0):
 garbage-first heap   total 63488K, used 33320K [0x00000000c3000000, 0x0000000100000000)
  region size 1024K, 28 young (28672K), 2 survivors (2048K)
 Metaspace       used 9567K, committed 9856K, reserved 1114112K
  class space    used 1386K, committed 1536K, reserved 1048576K
}
Event: 1.636 GC heap after
{Heap after GC invocations=4 (full 0):
 garbage-first heap   total 63488K, used 8728K [0x00000000c3000000, 0x0000000100000000)
  region size 1024K, 4 young (4096K), 4 survivors (4096K)
 Metaspace       used 9567K, committed 9856K, reserved 1114112K
  class space    used 1386K, committed 1536K, reserved 1048576K
}
Event: 2.221 GC heap before
{Heap before GC invocations=4 (full 0):
 garbage-first heap   total 63488K, used 38424K [0x00000000c3000000, 0x0000000100000000)
  region size 1024K, 34 young (34816K), 4 survivors (4096K)
 Metaspace       used 15622K, committed 15872K, reserved 1114112K
  class space    used 2175K, committed 2304K, reserved 1048576K
}
Event: 2.234 GC heap after
{Heap after GC invocations=5 (full 0):
 garbage-first heap   total 63488K, used 11310K [0x00000000c3000000, 0x0000000100000000)
  region size 1024K, 5 young (5120K), 5 survivors (5120K)
 Metaspace       used 15622K, committed 15872K, reserved 1114112K
  class space    used 2175K, committed 2304K, reserved 1048576K
}
Event: 3.039 GC heap before
{Heap before GC invocations=5 (full 0):
 garbage-first heap   total 63488K, used 41006K [0x00000000c3000000, 0x0000000100000000)
  region size 1024K, 35 young (35840K), 5 survivors (5120K)
 Metaspace       used 19540K, committed 19840K, reserved 1114112K
  class space    used 2748K, committed 2880K, reserved 1048576K
}
Event: 3.053 GC heap after
{Heap after GC invocations=6 (full 0):
 garbage-first heap   total 76800K, used 13765K [0x00000000c3000000, 0x0000000100000000)
  region size 1024K, 5 young (5120K), 5 survivors (5120K)
 Metaspace       used 19540K, committed 19840K, reserved 1114112K
  class space    used 2748K, committed 2880K, reserved 1048576K
}
Event: 3.421 GC heap before
{Heap before GC invocations=6 (full 0):
 garbage-first heap   total 76800K, used 25029K [0x00000000c3000000, 0x0000000100000000)
  region size 1024K, 17 young (17408K), 5 survivors (5120K)
 Metaspace       used 21257K, committed 21504K, reserved 1114112K
  class space    used 2982K, committed 3072K, reserved 1048576K
}
Event: 3.434 GC heap after
{Heap after GC invocations=7 (full 0):
 garbage-first heap   total 76800K, used 14904K [0x00000000c3000000, 0x0000000100000000)
  region size 1024K, 4 young (4096K), 4 survivors (4096K)
 Metaspace       used 21257K, committed 21504K, reserved 1114112K
  class space    used 2982K, committed 3072K, reserved 1048576K
}
Event: 4.366 GC heap before
{Heap before GC invocations=8 (full 0):
 garbage-first heap   total 55296K, used 43576K [0x00000000c3000000, 0x0000000100000000)
  region size 1024K, 32 young (32768K), 4 survivors (4096K)
 Metaspace       used 25396K, committed 25792K, reserved 1114112K
  class space    used 3689K, committed 3840K, reserved 1048576K
}
Event: 4.381 GC heap after
{Heap after GC invocations=9 (full 0):
 garbage-first heap   total 55296K, used 17815K [0x00000000c3000000, 0x0000000100000000)
  region size 1024K, 4 young (4096K), 4 survivors (4096K)
 Metaspace       used 25396K, committed 25792K, reserved 1114112K
  class space    used 3689K, committed 3840K, reserved 1048576K
}
Event: 4.403 GC heap before
{Heap before GC invocations=9 (full 0):
 garbage-first heap   total 55296K, used 18839K [0x00000000c3000000, 0x0000000100000000)
  region size 1024K, 5 young (5120K), 4 survivors (4096K)
 Metaspace       used 25515K, committed 25920K, reserved 1114112K
  class space    used 3722K, committed 3904K, reserved 1048576K
}
Event: 4.413 GC heap after
{Heap after GC invocations=10 (full 0):
 garbage-first heap   total 55296K, used 17570K [0x00000000c3000000, 0x0000000100000000)
  region size 1024K, 1 young (1024K), 1 survivors (1024K)
 Metaspace       used 25515K, committed 25920K, reserved 1114112K
  class space    used 3722K, committed 3904K, reserved 1048576K
}
Event: 5.102 GC heap before
{Heap before GC invocations=10 (full 0):
 garbage-first heap   total 55296K, used 41122K [0x00000000c3000000, 0x0000000100000000)
  region size 1024K, 24 young (24576K), 1 survivors (1024K)
 Metaspace       used 28761K, committed 29184K, reserved 1114112K
  class space    used 4123K, committed 4288K, reserved 1048576K
}
Event: 5.108 GC heap after
{Heap after GC invocations=11 (full 0):
 garbage-first heap   total 55296K, used 18546K [0x00000000c3000000, 0x0000000100000000)
  region size 1024K, 2 young (2048K), 2 survivors (2048K)
 Metaspace       used 28761K, committed 29184K, reserved 1114112K
  class space    used 4123K, committed 4288K, reserved 1048576K
}
Event: 5.810 GC heap before
{Heap before GC invocations=11 (full 0):
 garbage-first heap   total 55296K, used 40050K [0x00000000c3000000, 0x0000000100000000)
  region size 1024K, 24 young (24576K), 2 survivors (2048K)
 Metaspace       used 33629K, committed 34112K, reserved 1114112K
  class space    used 4855K, committed 5056K, reserved 1048576K
}
Event: 5.817 GC heap after
{Heap after GC invocations=12 (full 0):
 garbage-first heap   total 55296K, used 19661K [0x00000000c3000000, 0x0000000100000000)
  region size 1024K, 3 young (3072K), 3 survivors (3072K)
 Metaspace       used 33629K, committed 34112K, reserved 1114112K
  class space    used 4855K, committed 5056K, reserved 1048576K
}
Event: 6.089 GC heap before
{Heap before GC invocations=12 (full 0):
 garbage-first heap   total 55296K, used 27853K [0x00000000c3000000, 0x0000000100000000)
  region size 1024K, 12 young (12288K), 3 survivors (3072K)
 Metaspace       used 35546K, committed 35968K, reserved 1114112K
  class space    used 5210K, committed 5376K, reserved 1048576K
}
Event: 6.098 GC heap after
{Heap after GC invocations=13 (full 0):
 garbage-first heap   total 55296K, used 20193K [0x00000000c3000000, 0x0000000100000000)
  region size 1024K, 2 young (2048K), 2 survivors (2048K)
 Metaspace       used 35546K, committed 35968K, reserved 1114112K
  class space    used 5210K, committed 5376K, reserved 1048576K
}

Deoptimization events (0 events):
No events

Classes unloaded (0 events):
No events

Classes redefined (0 events):
No events

Internal exceptions (20 events):
Event: 4.150 Thread 0x000002acb9976920 Exception <a 'java/lang/NoSuchMethodError'{0x00000000c4dc05c0}: 'int java.lang.invoke.DirectMethodHandle$Holder.invokeSpecialIFC(java.lang.Object, java.lang.Object, java.lang.Object)'> (0x00000000c4dc05c0) 
thrown [s\open\src\hotspot\share\interpreter\linkResolver.cpp, line 759]
Event: 4.180 Thread 0x000002acb9976920 Exception <a 'java/lang/NoSuchMethodError'{0x00000000c4cba560}: 'java.lang.Object java.lang.invoke.DirectMethodHandle$Holder.invokeSpecialIFC(java.lang.Object, java.lang.Object, java.lang.Object)'> (0x00000000c4cba560) 
thrown [s\open\src\hotspot\share\interpreter\linkResolver.cpp, line 759]
Event: 4.346 Thread 0x000002acb9976920 Exception <a 'java/lang/NoSuchMethodError'{0x00000000c460b9e8}: 'void java.lang.invoke.DirectMethodHandle$Holder.invokeInterface(java.lang.Object, java.lang.Object, int)'> (0x00000000c460b9e8) 
thrown [s\open\src\hotspot\share\interpreter\linkResolver.cpp, line 759]
Event: 4.352 Thread 0x000002acb9976920 Exception <a 'java/lang/IncompatibleClassChangeError'{0x00000000c465baa0}: Found class java.lang.Object, but interface was expected> (0x00000000c465baa0) 
thrown [s\open\src\hotspot\share\interpreter\linkResolver.cpp, line 826]
Event: 4.354 Thread 0x000002acb9976920 Exception <a 'java/lang/NoSuchMethodError'{0x00000000c467eee0}: 'void java.lang.invoke.DirectMethodHandle$Holder.invokeStatic(java.lang.Object, int, java.lang.Object)'> (0x00000000c467eee0) 
thrown [s\open\src\hotspot\share\interpreter\linkResolver.cpp, line 759]
Event: 4.360 Thread 0x000002acb9976920 Exception <a 'java/lang/NoSuchMethodError'{0x00000000c46bae10}: 'void java.lang.invoke.DirectMethodHandle$Holder.invokeVirtual(java.lang.Object, java.lang.Object, int)'> (0x00000000c46bae10) 
thrown [s\open\src\hotspot\share\interpreter\linkResolver.cpp, line 759]
Event: 4.361 Thread 0x000002acb9976920 Exception <a 'java/lang/NoSuchMethodError'{0x00000000c46c1058}: 'void java.lang.invoke.DirectMethodHandle$Holder.invokeStatic(java.lang.Object, java.lang.Object, java.lang.Object, int, java.lang.Object)'> (0x00000000c46c1058) 
thrown [s\open\src\hotspot\share\interpreter\linkResolver.cpp, line 759]
Event: 4.362 Thread 0x000002acb9976920 Exception <a 'java/lang/NoSuchMethodError'{0x00000000c46c84d8}: 'java.lang.Object java.lang.invoke.DirectMethodHandle$Holder.newInvokeSpecial(java.lang.Object, java.lang.Object, java.lang.Object, int)'> (0x00000000c46c84d8) 
thrown [s\open\src\hotspot\share\interpreter\linkResolver.cpp, line 759]
Event: 4.362 Thread 0x000002acb9976920 Exception <a 'java/lang/NoSuchMethodError'{0x00000000c46cc7c0}: 'java.lang.Object java.lang.invoke.DirectMethodHandle$Holder.invokeSpecial(java.lang.Object, java.lang.Object, java.lang.Object, java.lang.Object, int)'> (0x00000000c46cc7c0) 
thrown [s\open\src\hotspot\share\interpreter\linkResolver.cpp, line 759]
Event: 4.362 Thread 0x000002acb9976920 Exception <a 'java/lang/NoSuchMethodError'{0x00000000c46d0388}: 'java.lang.Object java.lang.invoke.Invokers$Holder.linkToTargetMethod(java.lang.Object, java.lang.Object, int, java.lang.Object)'> (0x00000000c46d0388) 
thrown [s\open\src\hotspot\share\interpreter\linkResolver.cpp, line 759]
Event: 4.552 Thread 0x000002acb9976920 Exception <a 'java/lang/NoSuchMethodError'{0x00000000c5e36f80}: 'java.lang.Object java.lang.invoke.DirectMethodHandle$Holder.invokeStaticInit(java.lang.Object, int, int, int, int)'> (0x00000000c5e36f80) 
thrown [s\open\src\hotspot\share\interpreter\linkResolver.cpp, line 759]
Event: 4.622 Thread 0x000002acb9976920 Exception <a 'java/lang/NoSuchMethodError'{0x00000000c5e77140}: 'java.lang.Object java.lang.invoke.DirectMethodHandle$Holder.invokeStaticInit(java.lang.Object, java.lang.Object, int, int, int, int)'> (0x00000000c5e77140) 
thrown [s\open\src\hotspot\share\interpreter\linkResolver.cpp, line 759]
Event: 4.814 Thread 0x000002acb9976920 Exception <a 'java/lang/NoSuchMethodError'{0x00000000c59b8fd0}: 'java.lang.Object java.lang.invoke.DirectMethodHandle$Holder.invokeSpecial(java.lang.Object, java.lang.Object, long, java.lang.Object, java.lang.Object, java.lang.Object, java.lang.Object, java.lang.Object, java.lang.Object)'> (0x00000000c59b8fd0) 
thrown [s\open\src\hotspot\share\interpreter\linkResolver.cpp, line 759]
Event: 4.814 Thread 0x000002acb9976920 Exception <a 'java/lang/NoSuchMethodError'{0x00000000c59bdaf8}: 'java.lang.Object java.lang.invoke.DelegatingMethodHandle$Holder.reinvoke_L(java.lang.Object, long, java.lang.Object, java.lang.Object, java.lang.Object, java.lang.Object, java.lang.Object, java.lang.Object)'> (0x00000000c59bdaf8) 
thrown [s\open\src\hotspot\share\interpreter\linkResolver.cpp, line 759]
Event: 4.901 Thread 0x000002acb9976920 Exception <a 'java/io/FileNotFoundException'{0x00000000c5721200}> (0x00000000c5721200) 
thrown [s\open\src\hotspot\share\prims\jni.cpp, line 516]
Event: 4.943 Thread 0x000002acb9976920 Exception <a 'java/lang/NoSuchMethodError'{0x00000000c56c6060}: 'int java.lang.invoke.DirectMethodHandle$Holder.invokeInterface(java.lang.Object, java.lang.Object, java.lang.Object, java.lang.Object)'> (0x00000000c56c6060) 
thrown [s\open\src\hotspot\share\interpreter\linkResolver.cpp, line 759]
Event: 5.202 Thread 0x000002acb9976920 Exception <a 'sun/nio/fs/WindowsException'{0x00000000c6b4c318}> (0x00000000c6b4c318) 
thrown [s\open\src\hotspot\share\prims\jni.cpp, line 516]
Event: 6.104 Thread 0x000002acb9976920 Exception <a 'java/lang/NoSuchMethodError'{0x00000000c7a03948}: 'int java.lang.invoke.DirectMethodHandle$Holder.invokeStatic(java.lang.Object)'> (0x00000000c7a03948) 
thrown [s\open\src\hotspot\share\interpreter\linkResolver.cpp, line 759]
Event: 6.438 Thread 0x000002acb9976920 Exception <a 'sun/nio/fs/WindowsException'{0x00000000c5d49f30}> (0x00000000c5d49f30) 
thrown [s\open\src\hotspot\share\prims\jni.cpp, line 516]
Event: 6.459 Thread 0x000002acb9976920 Exception <a 'java/lang/NoSuchMethodError'{0x00000000c5d6cf30}: 'int java.lang.invoke.DirectMethodHandle$Holder.invokeStaticInit(java.lang.Object, java.lang.Object, java.lang.Object, java.lang.Object)'> (0x00000000c5d6cf30) 
thrown [s\open\src\hotspot\share\interpreter\linkResolver.cpp, line 759]

VM Operations (20 events):
Event: 5.082 Executing VM operation: HandshakeAllThreads
Event: 5.082 Executing VM operation: HandshakeAllThreads done
Event: 5.102 Executing VM operation: G1CollectForAllocation
Event: 5.108 Executing VM operation: G1CollectForAllocation done
Event: 5.809 Executing VM operation: G1CollectForAllocation
Event: 5.818 Executing VM operation: G1CollectForAllocation done
Event: 6.089 Executing VM operation: CollectForMetadataAllocation
Event: 6.098 Executing VM operation: CollectForMetadataAllocation done
Event: 6.137 Executing VM operation: G1Concurrent
Event: 6.143 Executing VM operation: G1Concurrent done
Event: 6.162 Executing VM operation: G1Concurrent
Event: 6.162 Executing VM operation: G1Concurrent done
Event: 6.372 Executing VM operation: HandshakeAllThreads
Event: 6.372 Executing VM operation: HandshakeAllThreads done
Event: 6.377 Executing VM operation: HandshakeAllThreads
Event: 6.377 Executing VM operation: HandshakeAllThreads done
Event: 6.441 Executing VM operation: HandshakeAllThreads
Event: 6.441 Executing VM operation: HandshakeAllThreads done
Event: 6.449 Executing VM operation: HandshakeAllThreads
Event: 6.449 Executing VM operation: HandshakeAllThreads done

Events (20 events):
Event: 6.537 loading class sun/security/ssl/CertificateStatus$CertificateStatusProducer done
Event: 6.537 loading class sun/security/ssl/CertificateStatus$CertificateStatusAbsence
Event: 6.537 loading class sun/security/ssl/HandshakeAbsence
Event: 6.537 loading class sun/security/ssl/HandshakeAbsence done
Event: 6.537 loading class sun/security/ssl/CertificateStatus$CertificateStatusAbsence done
Event: 6.537 loading class sun/security/ssl/KeyUpdate
Event: 6.537 loading class sun/security/ssl/KeyUpdate done
Event: 6.537 loading class sun/security/ssl/KeyUpdate$KeyUpdateKickstartProducer
Event: 6.537 loading class sun/security/ssl/KeyUpdate$KeyUpdateKickstartProducer done
Event: 6.538 loading class sun/security/ssl/KeyUpdate$KeyUpdateConsumer
Event: 6.538 loading class sun/security/ssl/KeyUpdate$KeyUpdateConsumer done
Event: 6.538 loading class sun/security/ssl/KeyUpdate$KeyUpdateProducer
Event: 6.538 loading class sun/security/ssl/KeyUpdate$KeyUpdateProducer done
Event: 6.538 loading class sun/security/ssl/SSLCipher$SSLWriteCipher
Event: 6.538 loading class sun/security/ssl/SSLCipher$SSLWriteCipher done
Event: 6.538 loading class sun/security/ssl/SSLCipher$NullWriteCipherGenerator$NullWriteCipher
Event: 6.538 loading class sun/security/ssl/SSLCipher$NullWriteCipherGenerator$NullWriteCipher done
Event: 6.538 loading class sun/security/ssl/SSLConfiguration
Event: 6.539 loading class sun/security/ssl/SSLConfiguration done
Event: 6.539 loading class javax/crypto/KeyGenerator


Dynamic libraries:
0x00007ff625380000 - 0x00007ff625390000 	C:\Program Files\Java\jdk-17\bin\java.exe
0x00007ffe58cf0000 - 0x00007ffe58ee8000 	C:\Windows\SYSTEM32\ntdll.dll
0x00007ffe56d90000 - 0x00007ffe56e4f000 	C:\Windows\System32\KERNEL32.DLL
0x00007ffe565d0000 - 0x00007ffe568a2000 	C:\Windows\System32\KERNELBASE.dll
0x00007ffe568b0000 - 0x00007ffe569b0000 	C:\Windows\System32\ucrtbase.dll
0x00007ffe4f050000 - 0x00007ffe4f069000 	C:\Program Files\Java\jdk-17\bin\jli.dll
0x00007ffe4ea70000 - 0x00007ffe4ea8b000 	C:\Program Files\Java\jdk-17\bin\VCRUNTIME140.dll
0x00007ffe586e0000 - 0x00007ffe5878e000 	C:\Windows\System32\ADVAPI32.dll
0x00007ffe57db0000 - 0x00007ffe57e4e000 	C:\Windows\System32\msvcrt.dll
0x00007ffe57bb0000 - 0x00007ffe57c4c000 	C:\Windows\System32\sechost.dll
0x00007ffe58af0000 - 0x00007ffe58c15000 	C:\Windows\System32\RPCRT4.dll
0x00007ffe58220000 - 0x00007ffe583c1000 	C:\Windows\System32\USER32.dll
0x00007ffe565a0000 - 0x00007ffe565c2000 	C:\Windows\System32\win32u.dll
0x00007ffe56e60000 - 0x00007ffe56e8b000 	C:\Windows\System32\GDI32.dll
0x00007ffe56bf0000 - 0x00007ffe56cff000 	C:\Windows\System32\gdi32full.dll
0x00007ffe56ae0000 - 0x00007ffe56b7d000 	C:\Windows\System32\msvcp_win.dll
0x00007ffe43c10000 - 0x00007ffe43eaa000 	C:\Windows\WinSxS\amd64_microsoft.windows.common-controls_6595b64144ccf1df_6.0.19041.1110_none_60b5254171f9507e\COMCTL32.dll
0x00007ffe4aea0000 - 0x00007ffe4aeaa000 	C:\Windows\SYSTEM32\VERSION.dll
0x00007ffe57b60000 - 0x00007ffe57b92000 	C:\Windows\System32\IMM32.DLL
0x00007ffe51180000 - 0x00007ffe5118c000 	C:\Program Files\Java\jdk-17\bin\vcruntime140_1.dll
0x00007ffe2fff0000 - 0x00007ffe3007e000 	C:\Program Files\Java\jdk-17\bin\msvcp140.dll
0x00007ffe0e830000 - 0x00007ffe0f410000 	C:\Program Files\Java\jdk-17\bin\server\jvm.dll
0x00007ffe58480000 - 0x00007ffe58488000 	C:\Windows\System32\PSAPI.DLL
0x00007ffe3fec0000 - 0x00007ffe3fec9000 	C:\Windows\SYSTEM32\WSOCK32.dll
0x00007ffe58610000 - 0x00007ffe5867b000 	C:\Windows\System32\WS2_32.dll
0x00007ffe363b0000 - 0x00007ffe363d7000 	C:\Windows\SYSTEM32\WINMM.dll
0x00007ffe54c00000 - 0x00007ffe54c12000 	C:\Windows\SYSTEM32\kernel.appcore.dll
0x00007ffe51140000 - 0x00007ffe5114a000 	C:\Program Files\Java\jdk-17\bin\jimage.dll
0x00007ffe54910000 - 0x00007ffe54af4000 	C:\Windows\SYSTEM32\DBGHELP.DLL
0x00007ffe3c390000 - 0x00007ffe3c3c5000 	C:\Windows\SYSTEM32\dbgcore.DLL
0x00007ffe56510000 - 0x00007ffe56592000 	C:\Windows\System32\bcryptPrimitives.dll
0x00007ffe47740000 - 0x00007ffe47765000 	C:\Program Files\Java\jdk-17\bin\java.dll
0x00007ffe2f9c0000 - 0x00007ffe2fa97000 	C:\Program Files\Java\jdk-17\bin\jsvml.dll
0x00007ffe57410000 - 0x00007ffe57b54000 	C:\Windows\System32\SHELL32.dll
0x00007ffe540a0000 - 0x00007ffe54832000 	C:\Windows\SYSTEM32\windows.storage.dll
0x00007ffe58790000 - 0x00007ffe58ae5000 	C:\Windows\System32\combase.dll
0x00007ffe55da0000 - 0x00007ffe55dd0000 	C:\Windows\SYSTEM32\Wldp.dll
0x00007ffe583d0000 - 0x00007ffe5847d000 	C:\Windows\System32\SHCORE.dll
0x00007ffe58680000 - 0x00007ffe586d5000 	C:\Windows\System32\shlwapi.dll
0x00007ffe562f0000 - 0x00007ffe5630f000 	C:\Windows\SYSTEM32\profapi.dll
0x00007ffe4ea20000 - 0x00007ffe4ea39000 	C:\Program Files\Java\jdk-17\bin\net.dll
0x00007ffe44bd0000 - 0x00007ffe44cdc000 	C:\Windows\SYSTEM32\WINHTTP.dll
0x00007ffe55a90000 - 0x00007ffe55afa000 	C:\Windows\system32\mswsock.dll
0x00007ffe4e860000 - 0x00007ffe4e876000 	C:\Program Files\Java\jdk-17\bin\nio.dll
0x00007ffe4e2a0000 - 0x00007ffe4e2b8000 	C:\Program Files\Java\jdk-17\bin\zip.dll
0x00007ffe4ea50000 - 0x00007ffe4ea5e000 	C:\Program Files\Java\jdk-17\bin\sunmscapi.dll
0x00007ffe563b0000 - 0x00007ffe56506000 	C:\Windows\System32\CRYPT32.dll
0x00007ffe55e10000 - 0x00007ffe55e37000 	C:\Windows\SYSTEM32\ncrypt.dll
0x00007ffe55dd0000 - 0x00007ffe55e0b000 	C:\Windows\SYSTEM32\NTASN1.dll
0x00007ffe55d00000 - 0x00007ffe55d18000 	C:\Windows\SYSTEM32\CRYPTSP.dll
0x00007ffe553b0000 - 0x00007ffe553e4000 	C:\Windows\system32\rsaenh.dll
0x00007ffe569b0000 - 0x00007ffe569d7000 	C:\Windows\System32\bcrypt.dll
0x00007ffe56270000 - 0x00007ffe5629e000 	C:\Windows\SYSTEM32\USERENV.dll
0x00007ffe55cf0000 - 0x00007ffe55cfc000 	C:\Windows\SYSTEM32\CRYPTBASE.dll
0x00007ffe55780000 - 0x00007ffe557bb000 	C:\Windows\SYSTEM32\IPHLPAPI.DLL
0x00007ffe57ba0000 - 0x00007ffe57ba8000 	C:\Windows\System32\NSI.dll
0x00007ffe441f0000 - 0x00007ffe44207000 	C:\Windows\SYSTEM32\dhcpcsvc6.DLL
0x00007ffe442f0000 - 0x00007ffe4430d000 	C:\Windows\SYSTEM32\dhcpcsvc.DLL
0x00007ffe557c0000 - 0x00007ffe5588a000 	C:\Windows\SYSTEM32\DNSAPI.dll
0x00007ffe4dec0000 - 0x00007ffe4deca000 	C:\Program Files\Java\jdk-17\bin\management.dll
0x00007ffe4deb0000 - 0x00007ffe4debb000 	C:\Program Files\Java\jdk-17\bin\management_ext.dll
0x00007ffe4f030000 - 0x00007ffe4f040000 	C:\Program Files\Java\jdk-17\bin\verify.dll
0x00007ffe4b7e0000 - 0x00007ffe4b7ea000 	C:\Windows\System32\rasadhlp.dll
0x00007ffe41030000 - 0x00007ffe410b0000 	C:\Windows\System32\fwpuclnt.dll

dbghelp: loaded successfully - version: 4.0.5 - missing functions: none
symbol engine: initialized successfully - sym options: 0x614 - pdb path: .;C:\Program Files\Java\jdk-17\bin;C:\Windows\SYSTEM32;C:\Windows\WinSxS\amd64_microsoft.windows.common-controls_6595b64144ccf1df_6.0.19041.1110_none_60b5254171f9507e;C:\Program Files\Java\jdk-17\bin\server

VM Arguments:
jvm_args: -XX:TieredStopAtLevel=1 
java_command: rw.hotel.venue.VenueApplication
java_class_path (initial): C:\Users\Sabine\Desktop\Project\venue\venue\target\classes;C:\Users\Sabine\.m2\repository\org\aspectj\aspectjweaver\1.9.22.1\aspectjweaver-1.9.22.1.jar;C:\Users\Sabine\.m2\repository\com\zaxxer\HikariCP\5.1.0\HikariCP-5.1.0.jar;C:\Users\Sabine\.m2\repository\org\springframework\spring-jdbc\6.1.13\spring-jdbc-6.1.13.jar;C:\Users\Sabine\.m2\repository\org\hibernate\orm\hibernate-core\6.5.3.Final\hibernate-core-6.5.3.Final.jar;C:\Users\Sabine\.m2\repository\jakarta\persistence\jakarta.persistence-api\3.1.0\jakarta.persistence-api-3.1.0.jar;C:\Users\Sabine\.m2\repository\jakarta\transaction\jakarta.transaction-api\2.0.1\jakarta.transaction-api-2.0.1.jar;C:\Users\Sabine\.m2\repository\org\jboss\logging\jboss-logging\3.5.3.Final\jboss-logging-3.5.3.Final.jar;C:\Users\Sabine\.m2\repository\org\hibernate\common\hibernate-commons-annotations\6.0.6.Final\hibernate-commons-annotations-6.0.6.Final.jar;C:\Users\Sabine\.m2\repository\io\smallrye\jandex\3.1.2\jandex-3.1.2.jar;C:\Users\Sabine\.m2\repository\com\fasterxml\classmate\1.7.0\classmate-1.7.0.jar;C:\Users\Sabine\.m2\repository\net\bytebuddy\byte-buddy\1.14.19\byte-buddy-1.14.19.jar;C:\Users\Sabine\.m2\repository\org\glassfish\jaxb\jaxb-runtime\4.0.5\jaxb-runtime-4.0.5.jar;C:\Users\Sabine\.m2\repository\org\glassfish\jaxb\jaxb-core\4.0.5\jaxb-core-4.0.5.jar;C:\Users\Sabine\.m2\repository\org\eclipse\angus\angus-activation\2.0.2\angus-activation-2.0.2.jar;C:\Users\Sabine\.m2\repository\org\glassfish\jaxb\txw2\4.0.5\txw2-4.0.5.jar;C:\Users\Sabine\.m2\repository\com\sun\istack\istack-commons-runtime\4.1.2\istack-commons-runtime-4.1.2.jar;C:\Users\Sabine\.m2\repository\jakarta\inject\jakarta.inject-api\2.0.1\jakarta.inject-api-2.0.1.jar;C:\Users\Sabine\.m2\repository\org\antlr\antlr4-runtime\4.13.0\antlr4-runtime-4.13.0.jar;C:\Users\Sabine\.m2\repository\org\springframework\data\spring-data-jpa\3.3.4\spring-data-jpa-3.3.4.jar;C:\Users\Sabine\.m2\repository\org\springframework\data\spring-data-commo
Launcher Type: SUN_STANDARD

[Global flags]
     intx CICompilerCount                          = 2                                         {product} {ergonomic}
     uint ConcGCThreads                            = 1                                         {product} {ergonomic}
     uint G1ConcRefinementThreads                  = 2                                         {product} {ergonomic}
   size_t G1HeapRegionSize                         = 1048576                                   {product} {ergonomic}
    uintx GCDrainStackTargetSize                   = 64                                        {product} {ergonomic}
   size_t InitialHeapSize                          = 65011712                                  {product} {ergonomic}
   size_t MarkStackSize                            = 4194304                                   {product} {ergonomic}
   size_t MaxHeapSize                              = 1023410176                                {product} {ergonomic}
   size_t MaxNewSize                               = 613416960                                 {product} {ergonomic}
   size_t MinHeapDeltaBytes                        = 1048576                                   {product} {ergonomic}
   size_t MinHeapSize                              = 8388608                                   {product} {ergonomic}
    uintx NonProfiledCodeHeapSize                  = 0                                      {pd product} {ergonomic}
     bool ProfileInterpreter                       = false                                  {pd product} {command line}
    uintx ProfiledCodeHeapSize                     = 0                                      {pd product} {ergonomic}
   size_t SoftMaxHeapSize                          = 1023410176                             {manageable} {ergonomic}
     intx TieredStopAtLevel                        = 1                                         {product} {command line}
     bool UseCompressedClassPointers               = true                           {product lp64_product} {ergonomic}
     bool UseCompressedOops                        = true                           {product lp64_product} {ergonomic}
     bool UseG1GC                                  = true                                      {product} {ergonomic}
     bool UseLargePagesIndividualAllocation        = false                                  {pd product} {ergonomic}

Logging:
Log output configuration:
 #0: stdout all=warning uptime,level,tags
 #1: stderr all=off uptime,level,tags

Environment Variables:
JAVA_HOME=C:\Program Files\Java\jdk-17\bin
PATH=C:\Users\Sabine\bin;C:\Program Files\Git\mingw64\bin;C:\Program Files\Git\usr\local\bin;C:\Program Files\Git\usr\bin;C:\Program Files\Git\usr\bin;C:\Program Files\Git\mingw64\bin;C:\Program Files\Git\usr\bin;C:\Users\Sabine\bin;C:\Program Files\Common Files\Oracle\Java\javapath;C:\oraclexe\app\oracle\product\11.2.0\server\bin;C:\Windows\system32;C:\Windows;C:\Windows\System32\Wbem;C:\Windows\System32\WindowsPowerShell\v1.0;C:\Windows\System32\OpenSSH;C:\flutter\bin;C:\Program Files\TortoiseSVN\bin;C:\Program Files\Git\cmd;C:\Users\Sabine\AppData\Local\Programs\Microsoft VS Code\bin;C:\Program Files\apache-maven-3.8.8\bin;C:\Program Files\MySQL\MySQL Server 8.0\bin;C:\Program Files\Java\jdk-17\bin;C:\Program Files\Git\usr\bin\vendor_perl;C:\Program Files\Git\usr\bin\core_perl
USERNAME=Sabine
SHELL=C:\Program Files\Git\usr\bin\bash.exe
DISPLAY=needs-to-be-defined
LANG=en_US.UTF-8
OS=Windows_NT
PROCESSOR_IDENTIFIER=Intel64 Family 6 Model 122 Stepping 8, GenuineIntel



---------------  S Y S T E M  ---------------

OS:
 Windows 10 , 64 bit Build 19041 (10.0.19041.2364)
OS uptime: 6 days 20:28 hours

CPU: total 2 (initial active 2) (2 cores per cpu, 1 threads per core) family 6 model 122 stepping 8 microcode 0xc, cx8, cmov, fxsr, mmx, 3dnowpref, sse, sse2, sse3, ssse3, sse4.1, sse4.2, popcnt, tsc, tscinvbit, aes, erms, clmul, sha, clflush, clflushopt

Memory: 4k page, system-wide physical 3899M (279M free)
TotalPageFile size 8587M (AvailPageFile size 1M)
current process WorkingSet (physical memory assigned to process): 153M, peak: 153M
current process commit charge ("private bytes"): 181M, peak: 181M

vm_info: Java HotSpot(TM) 64-Bit Server VM (17.0.12+8-LTS-286) for windows-amd64 JRE (17.0.12+8-LTS-286), built on Jun  5 2024 06:46:59 by "mach5one" with MS VC++ 17.6 (VS2022)

END.
