#
# There is insufficient memory for the Java Runtime Environment to continue.
# Native memory allocation (malloc) failed to allocate 868896 bytes. Error detail: Chunk::new
# Possible reasons:
#   The system is out of physical RAM or swap space
#   This process is running with CompressedOops enabled, and the Java Heap may be blocking the growth of the native heap
# Possible solutions:
#   Reduce memory load on the system
#   Increase physical memory or swap space
#   Check if swap backing store is full
#   Decrease Java heap size (-Xmx/-Xms)
#   Decrease number of Java threads
#   Decrease Java thread stack sizes (-Xss)
#   Set larger code cache with -XX:ReservedCodeCacheSize=
#   JVM is running with Unscaled Compressed Oops mode in which the Java heap is
#     placed in the first 4GB address space. The Java Heap base address is the
#     maximum limit for the native heap growth. Please use -XX:HeapBaseMinAddress
#     to set the Java Heap base and to place the Java Heap above 4GB virtual address.
# This output file may be truncated or incomplete.
#
#  Out of Memory Error (arena.cpp:191), pid=1176, tid=9280
#
# JRE version: OpenJDK Runtime Environment Temurin-17.0.12+7 (17.0.12+7) (build 17.0.12+7)
# Java VM: OpenJDK 64-Bit Server VM Temurin-17.0.12+7 (17.0.12+7, mixed mode, tiered, compressed oops, compressed class ptrs, parallel gc, windows-amd64)
# No core dump will be written. Minidumps are not enabled by default on client versions of Windows
#

---------------  S U M M A R Y ------------

Command Line: --add-modules=ALL-SYSTEM --add-opens=java.base/java.util=ALL-UNNAMED --add-opens=java.base/java.lang=ALL-UNNAMED --add-opens=java.base/sun.nio.fs=ALL-UNNAMED -Declipse.application=org.eclipse.jdt.ls.core.id1 -Dosgi.bundles.defaultStartLevel=4 -Declipse.product=org.eclipse.jdt.ls.core.product -Djava.import.generatesMetadataFilesAtProjectRoot=false -DDetectVMInstallationsJob.disabled=true -Dfile.encoding=utf8 -XX:+UseParallelGC -XX:GCTimeRatio=4 -XX:AdaptiveSizePolicyWeight=90 -Dsun.zip.disableMemoryMapping=true -Xmx1G -Xms100m -Xlog:disable -javaagent:c:\Users\Sabine\.vscode\extensions\redhat.java-1.35.1-win32-x64\lombok\lombok-1.18.33.jar -XX:+HeapDumpOnOutOfMemoryError -XX:HeapDumpPath=c:\Users\Sabine\AppData\Roaming\Code\User\workspaceStorage\77a0d4b9be1ea7bffd0f07714f41a956\redhat.java -Daether.dependencyCollector.impl=bf c:\Users\Sabine\.vscode\extensions\redhat.java-1.35.1-win32-x64\server\plugins\org.eclipse.equinox.launcher_1.6.900.v20240613-2009.jar -configuration c:\Users\Sabine\AppData\Roaming\Code\User\globalStorage\redhat.java\1.35.1\config_win -data c:\Users\Sabine\AppData\Roaming\Code\User\workspaceStorage\77a0d4b9be1ea7bffd0f07714f41a956\redhat.java\jdt_ws --pipe=\\.\pipe\lsp-006abd147bb4e9ff1a5dce590dab83f4-sock

Host: Intel(R) Celeron(R) N4020 CPU @ 1.10GHz, 2 cores, 3G,  Windows 10 , 64 bit Build 19041 (10.0.19041.2364)
Time: Fri Nov  1 12:25:36 2024 Egypt Standard Time elapsed time: 125.972824 seconds (0d 0h 2m 5s)

---------------  T H R E A D  ---------------

Current thread (0x000001eac97e42c0):  JavaThread "C2 CompilerThread0" daemon [_thread_in_native, id=9280, stack(0x0000000f46100000,0x0000000f46200000)]


Current CompileTask:
C2: 125972 12713   !   4       org.eclipse.jdt.internal.core.builder.ClasspathMultiReleaseJar::findClass (219 bytes)

Stack: [0x0000000f46100000,0x0000000f46200000]
Native frames: (J=compiled Java code, j=interpreted, Vv=VM code, C=native code)
V  [jvm.dll+0x67f929]
V  [jvm.dll+0x8371ba]
V  [jvm.dll+0x838c7e]
V  [jvm.dll+0x8392e3]
V  [jvm.dll+0x24834f]
V  [jvm.dll+0xac9d4]
V  [jvm.dll+0xad01c]
V  [jvm.dll+0x2af96f]
V  [jvm.dll+0x5868d7]
V  [jvm.dll+0x2231c2]
V  [jvm.dll+0x2235bf]
V  [jvm.dll+0x21c6e0]
V  [jvm.dll+0x219be1]
V  [jvm.dll+0x1a58bd]
V  [jvm.dll+0x229a2d]
V  [jvm.dll+0x227bdc]
V  [jvm.dll+0x7ec1f7]
V  [jvm.dll+0x7e65dc]
V  [jvm.dll+0x67e7f7]
C  [ucrtbase.dll+0x21bb2]
C  [KERNEL32.DLL+0x17614]
C  [ntdll.dll+0x526a1]


---------------  P R O C E S S  ---------------

Threads class SMR info:
_java_thread_list=0x000001ead0627530, length=35, elements={
0x000001eab59b5060, 0x000001eac97b2740, 0x000001eac97b3580, 0x000001eac97df280,
0x000001eac97dfe40, 0x000001eac97e2c10, 0x000001eac97e35d0, 0x000001eac97e42c0,
0x000001eac984d6a0, 0x000001eac984fcc0, 0x000001eace37e350, 0x000001eace6d6ca0,
0x000001eacea1ac10, 0x000001eace86c100, 0x000001eace86c5e0, 0x000001eacecb59d0,
0x000001eacf321390, 0x000001eace981a30, 0x000001eace982960, 0x000001eace981f40,
0x000001eace982e70, 0x000001eace982450, 0x000001eacfaca190, 0x000001eacfacabb0,
0x000001eacfac5fc0, 0x000001eacfac69e0, 0x000001eacfac8330, 0x000001eacfacc500,
0x000001eacfac64d0, 0x000001eacfacb0c0, 0x000001eacfacbff0, 0x000001eacfac5090,
0x000001eacfac8840, 0x000001eacfac9260, 0x000001eacfaca6a0
}

Java Threads: ( => current thread )
  0x000001eab59b5060 JavaThread "main" [_thread_blocked, id=4376, stack(0x0000000f45800000,0x0000000f45900000)]
  0x000001eac97b2740 JavaThread "Reference Handler" daemon [_thread_blocked, id=2716, stack(0x0000000f45b00000,0x0000000f45c00000)]
  0x000001eac97b3580 JavaThread "Finalizer" daemon [_thread_blocked, id=11848, stack(0x0000000f45c00000,0x0000000f45d00000)]
  0x000001eac97df280 JavaThread "Signal Dispatcher" daemon [_thread_blocked, id=5048, stack(0x0000000f45d00000,0x0000000f45e00000)]
  0x000001eac97dfe40 JavaThread "Attach Listener" daemon [_thread_blocked, id=13508, stack(0x0000000f45e00000,0x0000000f45f00000)]
  0x000001eac97e2c10 JavaThread "Service Thread" daemon [_thread_blocked, id=12980, stack(0x0000000f45f00000,0x0000000f46000000)]
  0x000001eac97e35d0 JavaThread "Monitor Deflation Thread" daemon [_thread_blocked, id=2380, stack(0x0000000f46000000,0x0000000f46100000)]
=>0x000001eac97e42c0 JavaThread "C2 CompilerThread0" daemon [_thread_in_native, id=9280, stack(0x0000000f46100000,0x0000000f46200000)]
  0x000001eac984d6a0 JavaThread "C1 CompilerThread0" daemon [_thread_blocked, id=11696, stack(0x0000000f46200000,0x0000000f46300000)]
  0x000001eac984fcc0 JavaThread "Sweeper thread" daemon [_thread_blocked, id=13012, stack(0x0000000f46300000,0x0000000f46400000)]
  0x000001eace37e350 JavaThread "Common-Cleaner" daemon [_thread_blocked, id=12728, stack(0x0000000f46400000,0x0000000f46500000)]
  0x000001eace6d6ca0 JavaThread "Notification Thread" daemon [_thread_blocked, id=8624, stack(0x0000000f46500000,0x0000000f46600000)]
  0x000001eacea1ac10 JavaThread "Active Thread: Equinox Container: 08cf84f7-4f82-4a1c-a007-5369b9bff06c" [_thread_blocked, id=5424, stack(0x0000000f46800000,0x0000000f46900000)]
  0x000001eace86c100 JavaThread "Framework Event Dispatcher: Equinox Container: 08cf84f7-4f82-4a1c-a007-5369b9bff06c" daemon [_thread_blocked, id=14768, stack(0x0000000f46900000,0x0000000f46a00000)]
  0x000001eace86c5e0 JavaThread "Start Level: Equinox Container: 08cf84f7-4f82-4a1c-a007-5369b9bff06c" daemon [_thread_blocked, id=9324, stack(0x0000000f46a00000,0x0000000f46b00000)]
  0x000001eacecb59d0 JavaThread "Bundle File Closer" daemon [_thread_blocked, id=8628, stack(0x0000000f46b00000,0x0000000f46c00000)]
  0x000001eacf321390 JavaThread "SCR Component Actor" daemon [_thread_blocked, id=7984, stack(0x0000000f46c00000,0x0000000f46d00000)]
  0x000001eace981a30 JavaThread "Worker-JM" [_thread_blocked, id=3116, stack(0x0000000f46e00000,0x0000000f46f00000)]
  0x000001eace982960 JavaThread "JNA Cleaner" daemon [_thread_blocked, id=14568, stack(0x0000000f46f00000,0x0000000f47000000)]
  0x000001eace981f40 JavaThread "Worker-0: Initialize workspace" [_thread_blocked, id=7144, stack(0x0000000f47000000,0x0000000f47100000)]
  0x000001eace982e70 JavaThread "Worker-1: Java indexing... " [_thread_blocked, id=7792, stack(0x0000000f47100000,0x0000000f47200000)]
  0x000001eace982450 JavaThread "Worker-2: Building" [_thread_in_vm, id=12040, stack(0x0000000f47200000,0x0000000f47300000)]
  0x000001eacfaca190 JavaThread "Java indexing" daemon [_thread_in_Java, id=3864, stack(0x0000000f46d00000,0x0000000f46e00000)]
  0x000001eacfacabb0 JavaThread "Worker-3" [_thread_blocked, id=12940, stack(0x0000000f47300000,0x0000000f47400000)]
  0x000001eacfac5fc0 JavaThread "Thread-2" daemon [_thread_in_native, id=4196, stack(0x0000000f47400000,0x0000000f47500000)]
  0x000001eacfac69e0 JavaThread "Thread-3" daemon [_thread_in_native, id=3520, stack(0x0000000f47500000,0x0000000f47600000)]
  0x000001eacfac8330 JavaThread "Thread-4" daemon [_thread_in_native, id=9608, stack(0x0000000f47600000,0x0000000f47700000)]
  0x000001eacfacc500 JavaThread "pool-2-thread-1" [_thread_blocked, id=14904, stack(0x0000000f47700000,0x0000000f47800000)]
  0x000001eacfac64d0 JavaThread "WorkspaceEventsHandler" [_thread_blocked, id=3812, stack(0x0000000f47800000,0x0000000f47900000)]
  0x000001eacfacb0c0 JavaThread "pool-1-thread-1" [_thread_blocked, id=10712, stack(0x0000000f47900000,0x0000000f47a00000)]
  0x000001eacfacbff0 JavaThread "Worker-4" [_thread_blocked, id=14264, stack(0x0000000f47d00000,0x0000000f47e00000)]
  0x000001eacfac5090 JavaThread "Worker-5" [_thread_blocked, id=5128, stack(0x0000000f47f00000,0x0000000f48000000)]
  0x000001eacfac8840 JavaThread "Thread-26" [_thread_blocked, id=13132, stack(0x0000000f48b00000,0x0000000f48c00000)]
  0x000001eacfac9260 JavaThread "ForkJoinPool.commonPool-worker-1" daemon [_thread_blocked, id=13332, stack(0x0000000f48000000,0x0000000f48100000)]
  0x000001eacfaca6a0 JavaThread "Thread-31" [_thread_blocked, id=4320, stack(0x0000000f45600000,0x0000000f45700000)]

Other Threads:
  0x000001eac979b700 VMThread "VM Thread" [stack: 0x0000000f45a00000,0x0000000f45b00000] [id=13116]
  0x000001eace58fed0 WatcherThread [stack: 0x0000000f46600000,0x0000000f46700000] [id=15144]
  0x000001eab59c95d0 GCTaskThread "GC Thread#0" [stack: 0x0000000f45900000,0x0000000f45a00000] [id=5992]
  0x000001eacea91080 GCTaskThread "GC Thread#1" [stack: 0x0000000f46700000,0x0000000f46800000] [id=8684]

Threads with active compile tasks:
C2 CompilerThread0   126024 12713   !   4       org.eclipse.jdt.internal.core.builder.ClasspathMultiReleaseJar::findClass (219 bytes)

VM state: not at safepoint (normal execution)

VM Mutex/Monitor currently owned by a thread: None

Heap address: 0x00000000c0000000, size: 1024 MB, Compressed Oops mode: 32-bit

CDS archive(s) not mapped
Compressed class space mapped at: 0x0000000100000000-0x0000000140000000, reserved size: 1073741824
Narrow klass base: 0x0000000000000000, Narrow klass shift: 3, Narrow klass range: 0x140000000

GC Precious Log:
 CPUs: 2 total, 2 available
 Memory: 3899M
 Large Page Support: Disabled
 NUMA Support: Disabled
 Compressed Oops: Enabled (32-bit)
 Alignments: Space 512K, Generation 512K, Heap 2M
 Heap Min Capacity: 100M
 Heap Initial Capacity: 100M
 Heap Max Capacity: 1G
 Pre-touch: Disabled
 Parallel Workers: 2

Heap:
 PSYoungGen      total 22016K, used 15909K [0x00000000eab00000, 0x00000000eca80000, 0x0000000100000000)
  eden space 12800K, 52% used [0x00000000eab00000,0x00000000eb18d918,0x00000000eb780000)
  from space 9216K, 99% used [0x00000000ec180000,0x00000000eca7bc68,0x00000000eca80000)
  to   space 7168K, 0% used [0x00000000eb780000,0x00000000eb780000,0x00000000ebe80000)
 ParOldGen       total 401408K, used 341650K [0x00000000c0000000, 0x00000000d8800000, 0x00000000eab00000)
  object space 401408K, 85% used [0x00000000c0000000,0x00000000d4da4a38,0x00000000d8800000)
 Metaspace       used 79646K, committed 80960K, reserved 1179648K
  class space    used 8314K, committed 8832K, reserved 1048576K

Card table byte_map: [0x000001eab5370000,0x000001eab5580000] _byte_map_base: 0x000001eab4d70000

Marking Bits: (ParMarkBitMap*) 0x00007fff2ede58b0
 Begin Bits: [0x000001eac7660000, 0x000001eac8660000)
 End Bits:   [0x000001eac8660000, 0x000001eac9660000)

Polling page: 0x000001eab39b0000

Metaspace:

Usage:
  Non-class:     69.66 MB used.
      Class:      8.12 MB used.
       Both:     77.78 MB used.

Virtual space:
  Non-class space:      128.00 MB reserved,      70.44 MB ( 55%) committed,  2 nodes.
      Class space:        1.00 GB reserved,       8.62 MB ( <1%) committed,  1 nodes.
             Both:        1.12 GB reserved,      79.06 MB (  7%) committed. 

Chunk freelists:
   Non-Class:  9.17 MB
       Class:  7.26 MB
        Both:  16.43 MB

MaxMetaspaceSize: unlimited
CompressedClassSpaceSize: 1.00 GB
Initial GC threshold: 21.00 MB
Current GC threshold: 130.44 MB
CDS: off
MetaspaceReclaimPolicy: balanced
 - commit_granule_bytes: 65536.
 - commit_granule_words: 8192.
 - virtual_space_node_default_size: 8388608.
 - enlarge_chunks_in_place: 1.
 - new_chunks_are_fully_committed: 0.
 - uncommit_free_chunks: 1.
 - use_allocation_guard: 0.
 - handle_deallocations: 1.


Internal statistics:

num_allocs_failed_limit: 9.
num_arena_births: 944.
num_arena_deaths: 14.
num_vsnodes_births: 3.
num_vsnodes_deaths: 0.
num_space_committed: 1265.
num_space_uncommitted: 0.
num_chunks_returned_to_freelist: 23.
num_chunks_taken_from_freelist: 4212.
num_chunk_merges: 13.
num_chunk_splits: 2549.
num_chunks_enlarged: 1422.
num_inconsistent_stats: 0.

CodeHeap 'non-profiled nmethods': size=120064Kb used=7647Kb max_used=7647Kb free=112416Kb
 bounds [0x000001eac0120000, 0x000001eac08a0000, 0x000001eac7660000]
CodeHeap 'profiled nmethods': size=120000Kb used=24485Kb max_used=24485Kb free=95514Kb
 bounds [0x000001eab8660000, 0x000001eab9e50000, 0x000001eabfb90000]
CodeHeap 'non-nmethods': size=5696Kb used=1410Kb max_used=1515Kb free=4285Kb
 bounds [0x000001eabfb90000, 0x000001eabfe00000, 0x000001eac0120000]
 total_blobs=11451 nmethods=10680 adapters=685
 compilation: enabled
              stopped_count=0, restarted_count=0
 full_count=0

Compilation events (20 events):
Event: 125.751 Thread 0x000001eac984d6a0 nmethod 12707 0x000001eab9e3fa10 code [0x000001eab9e3ff00, 0x000001eab9e42ed8]
Event: 125.754 Thread 0x000001eac97e42c0 12708       4       java.lang.ClassLoader::getClassLoadingLock (35 bytes)
Event: 125.756 Thread 0x000001eac97e42c0 nmethod 12708 0x000001eac0664a90 code [0x000001eac0664c20, 0x000001eac0664d48]
Event: 125.758 Thread 0x000001eac984d6a0 12709       1       org.eclipse.jdt.internal.compiler.lookup.ModuleBinding::kind (3 bytes)
Event: 125.758 Thread 0x000001eac984d6a0 nmethod 12709 0x000001eac0664590 code [0x000001eac0664720, 0x000001eac06647f8]
Event: 125.759 Thread 0x000001eac984d6a0 12710       3       org.eclipse.jdt.internal.compiler.lookup.LookupEnvironment::askForType (393 bytes)
Event: 125.761 Thread 0x000001eac984d6a0 nmethod 12710 0x000001eab9e44190 code [0x000001eab9e44520, 0x000001eab9e463a8]
Event: 125.761 Thread 0x000001eac984d6a0 12711       3       org.eclipse.jdt.internal.compiler.lookup.LookupEnvironment$$Lambda$573/0x00000001008264a0::apply (16 bytes)
Event: 125.762 Thread 0x000001eac97e42c0 12713   !   4       org.eclipse.jdt.internal.core.builder.ClasspathMultiReleaseJar::findClass (219 bytes)
Event: 125.762 Thread 0x000001eac984d6a0 nmethod 12711 0x000001eab9ac4190 code [0x000001eab9ac4360, 0x000001eab9ac4758]
Event: 125.762 Thread 0x000001eac984d6a0 12712       3       org.eclipse.jdt.internal.compiler.lookup.LookupEnvironment::lambda$0 (12 bytes)
Event: 125.762 Thread 0x000001eac984d6a0 nmethod 12712 0x000001eab9ae5110 code [0x000001eab9ae52c0, 0x000001eab9ae5538]
Event: 125.764 Thread 0x000001eac984d6a0 12715       3       org.eclipse.jdt.internal.core.builder.NameEnvironment::findType (34 bytes)
Event: 125.765 Thread 0x000001eac984d6a0 nmethod 12715 0x000001eab9e46e10 code [0x000001eab9e47040, 0x000001eab9e47608]
Event: 125.889 Thread 0x000001eac984d6a0 12716       3       org.eclipse.jdt.internal.compiler.lookup.LookupEnvironment::getType (10 bytes)
Event: 125.889 Thread 0x000001eac984d6a0 nmethod 12716 0x000001eab8f1f410 code [0x000001eab8f1f5c0, 0x000001eab8f1f708]
Event: 125.896 Thread 0x000001eac984d6a0 12717       3       org.eclipse.jdt.internal.core.builder.NameEnvironment$$Lambda$678/0x0000000100891f08::test (14 bytes)
Event: 125.897 Thread 0x000001eac984d6a0 nmethod 12717 0x000001eab9ac3c10 code [0x000001eab9ac3dc0, 0x000001eab9ac4068]
Event: 125.908 Thread 0x000001eac984d6a0 12719       3       org.eclipse.jdt.internal.compiler.apt.model.ElementsImpl9::getTypeElement (192 bytes)
Event: 125.909 Thread 0x000001eac984d6a0 nmethod 12719 0x000001eab9e47910 code [0x000001eab9e47ba0, 0x000001eab9e48998]

GC Heap History (20 events):
Event: 120.826 GC heap before
{Heap before GC invocations=287 (full 12):
 PSYoungGen      total 17920K, used 17892K [0x00000000eab00000, 0x00000000ec800000, 0x0000000100000000)
  eden space 12288K, 100% used [0x00000000eab00000,0x00000000eb700000,0x00000000eb700000)
  from space 5632K, 99% used [0x00000000eb700000,0x00000000ebc791b0,0x00000000ebc80000)
  to   space 8192K, 0% used [0x00000000ec000000,0x00000000ec000000,0x00000000ec800000)
 ParOldGen       total 330240K, used 309997K [0x00000000c0000000, 0x00000000d4280000, 0x00000000eab00000)
  object space 330240K, 93% used [0x00000000c0000000,0x00000000d2ebb438,0x00000000d4280000)
 Metaspace       used 78819K, committed 80064K, reserved 1179648K
  class space    used 8239K, committed 8768K, reserved 1048576K
}
Event: 120.836 GC heap after
{Heap after GC invocations=287 (full 12):
 PSYoungGen      total 18432K, used 6012K [0x00000000eab00000, 0x00000000ec600000, 0x0000000100000000)
  eden space 12288K, 0% used [0x00000000eab00000,0x00000000eab00000,0x00000000eb700000)
  from space 6144K, 97% used [0x00000000ec000000,0x00000000ec5df260,0x00000000ec600000)
  to   space 6656K, 0% used [0x00000000eb900000,0x00000000eb900000,0x00000000ebf80000)
 ParOldGen       total 330240K, used 313392K [0x00000000c0000000, 0x00000000d4280000, 0x00000000eab00000)
  object space 330240K, 94% used [0x00000000c0000000,0x00000000d320c0e8,0x00000000d4280000)
 Metaspace       used 78819K, committed 80064K, reserved 1179648K
  class space    used 8239K, committed 8768K, reserved 1048576K
}
Event: 120.905 GC heap before
{Heap before GC invocations=288 (full 12):
 PSYoungGen      total 18432K, used 18300K [0x00000000eab00000, 0x00000000ec600000, 0x0000000100000000)
  eden space 12288K, 100% used [0x00000000eab00000,0x00000000eb700000,0x00000000eb700000)
  from space 6144K, 97% used [0x00000000ec000000,0x00000000ec5df260,0x00000000ec600000)
  to   space 6656K, 0% used [0x00000000eb900000,0x00000000eb900000,0x00000000ebf80000)
 ParOldGen       total 330240K, used 313392K [0x00000000c0000000, 0x00000000d4280000, 0x00000000eab00000)
  object space 330240K, 94% used [0x00000000c0000000,0x00000000d320c0e8,0x00000000d4280000)
 Metaspace       used 78819K, committed 80064K, reserved 1179648K
  class space    used 8239K, committed 8768K, reserved 1048576K
}
Event: 120.913 GC heap after
{Heap after GC invocations=288 (full 12):
 PSYoungGen      total 19968K, used 6645K [0x00000000eab00000, 0x00000000ecf00000, 0x0000000100000000)
  eden space 13312K, 0% used [0x00000000eab00000,0x00000000eab00000,0x00000000eb800000)
  from space 6656K, 99% used [0x00000000eb900000,0x00000000ebf7d420,0x00000000ebf80000)
  to   space 11776K, 0% used [0x00000000ec380000,0x00000000ec380000,0x00000000ecf00000)
 ParOldGen       total 330240K, used 317254K [0x00000000c0000000, 0x00000000d4280000, 0x00000000eab00000)
  object space 330240K, 96% used [0x00000000c0000000,0x00000000d35d1ad8,0x00000000d4280000)
 Metaspace       used 78819K, committed 80064K, reserved 1179648K
  class space    used 8239K, committed 8768K, reserved 1048576K
}
Event: 120.964 GC heap before
{Heap before GC invocations=289 (full 12):
 PSYoungGen      total 19968K, used 19899K [0x00000000eab00000, 0x00000000ecf00000, 0x0000000100000000)
  eden space 13312K, 99% used [0x00000000eab00000,0x00000000eb7f1b90,0x00000000eb800000)
  from space 6656K, 99% used [0x00000000eb900000,0x00000000ebf7d420,0x00000000ebf80000)
  to   space 11776K, 0% used [0x00000000ec380000,0x00000000ec380000,0x00000000ecf00000)
 ParOldGen       total 330240K, used 317254K [0x00000000c0000000, 0x00000000d4280000, 0x00000000eab00000)
  object space 330240K, 96% used [0x00000000c0000000,0x00000000d35d1ad8,0x00000000d4280000)
 Metaspace       used 78819K, committed 80064K, reserved 1179648K
  class space    used 8239K, committed 8768K, reserved 1048576K
}
Event: 120.975 GC heap after
{Heap after GC invocations=289 (full 12):
 PSYoungGen      total 23040K, used 8095K [0x00000000eab00000, 0x00000000ecb80000, 0x0000000100000000)
  eden space 14848K, 0% used [0x00000000eab00000,0x00000000eab00000,0x00000000eb980000)
  from space 8192K, 98% used [0x00000000ec380000,0x00000000ecb67c48,0x00000000ecb80000)
  to   space 9216K, 0% used [0x00000000eb980000,0x00000000eb980000,0x00000000ec280000)
 ParOldGen       total 330240K, used 321080K [0x00000000c0000000, 0x00000000d4280000, 0x00000000eab00000)
  object space 330240K, 97% used [0x00000000c0000000,0x00000000d398e180,0x00000000d4280000)
 Metaspace       used 78819K, committed 80064K, reserved 1179648K
  class space    used 8239K, committed 8768K, reserved 1048576K
}
Event: 121.038 GC heap before
{Heap before GC invocations=290 (full 12):
 PSYoungGen      total 23040K, used 22924K [0x00000000eab00000, 0x00000000ecb80000, 0x0000000100000000)
  eden space 14848K, 99% used [0x00000000eab00000,0x00000000eb97b5b0,0x00000000eb980000)
  from space 8192K, 98% used [0x00000000ec380000,0x00000000ecb67c48,0x00000000ecb80000)
  to   space 9216K, 0% used [0x00000000eb980000,0x00000000eb980000,0x00000000ec280000)
 ParOldGen       total 330240K, used 321080K [0x00000000c0000000, 0x00000000d4280000, 0x00000000eab00000)
  object space 330240K, 97% used [0x00000000c0000000,0x00000000d398e180,0x00000000d4280000)
 Metaspace       used 78819K, committed 80064K, reserved 1179648K
  class space    used 8239K, committed 8768K, reserved 1048576K
}
Event: 121.048 GC heap after
{Heap after GC invocations=290 (full 12):
 PSYoungGen      total 24064K, used 9215K [0x00000000eab00000, 0x00000000ecb80000, 0x0000000100000000)
  eden space 14848K, 0% used [0x00000000eab00000,0x00000000eab00000,0x00000000eb980000)
  from space 9216K, 99% used [0x00000000eb980000,0x00000000ec27fde0,0x00000000ec280000)
  to   space 8192K, 0% used [0x00000000ec380000,0x00000000ec380000,0x00000000ecb80000)
 ParOldGen       total 330240K, used 325357K [0x00000000c0000000, 0x00000000d4280000, 0x00000000eab00000)
  object space 330240K, 98% used [0x00000000c0000000,0x00000000d3dbb6d0,0x00000000d4280000)
 Metaspace       used 78819K, committed 80064K, reserved 1179648K
  class space    used 8239K, committed 8768K, reserved 1048576K
}
Event: 121.943 GC heap before
{Heap before GC invocations=291 (full 12):
 PSYoungGen      total 24064K, used 24063K [0x00000000eab00000, 0x00000000ecb80000, 0x0000000100000000)
  eden space 14848K, 99% used [0x00000000eab00000,0x00000000eb97fff0,0x00000000eb980000)
  from space 9216K, 99% used [0x00000000eb980000,0x00000000ec27fde0,0x00000000ec280000)
  to   space 8192K, 0% used [0x00000000ec380000,0x00000000ec380000,0x00000000ecb80000)
 ParOldGen       total 330240K, used 325357K [0x00000000c0000000, 0x00000000d4280000, 0x00000000eab00000)
  object space 330240K, 98% used [0x00000000c0000000,0x00000000d3dbb6d0,0x00000000d4280000)
 Metaspace       used 78874K, committed 80128K, reserved 1179648K
  class space    used 8243K, committed 8768K, reserved 1048576K
}
Event: 121.958 GC heap after
{Heap after GC invocations=291 (full 12):
 PSYoungGen      total 23040K, used 8189K [0x00000000eab00000, 0x00000000ecb80000, 0x0000000100000000)
  eden space 14848K, 0% used [0x00000000eab00000,0x00000000eab00000,0x00000000eb980000)
  from space 8192K, 99% used [0x00000000ec380000,0x00000000ecb7f598,0x00000000ecb80000)
  to   space 9216K, 0% used [0x00000000eb980000,0x00000000eb980000,0x00000000ec280000)
 ParOldGen       total 331776K, used 331586K [0x00000000c0000000, 0x00000000d4400000, 0x00000000eab00000)
  object space 331776K, 99% used [0x00000000c0000000,0x00000000d43d09c8,0x00000000d4400000)
 Metaspace       used 78874K, committed 80128K, reserved 1179648K
  class space    used 8243K, committed 8768K, reserved 1048576K
}
Event: 121.958 GC heap before
{Heap before GC invocations=292 (full 13):
 PSYoungGen      total 23040K, used 8189K [0x00000000eab00000, 0x00000000ecb80000, 0x0000000100000000)
  eden space 14848K, 0% used [0x00000000eab00000,0x00000000eab00000,0x00000000eb980000)
  from space 8192K, 99% used [0x00000000ec380000,0x00000000ecb7f598,0x00000000ecb80000)
  to   space 9216K, 0% used [0x00000000eb980000,0x00000000eb980000,0x00000000ec280000)
 ParOldGen       total 331776K, used 331586K [0x00000000c0000000, 0x00000000d4400000, 0x00000000eab00000)
  object space 331776K, 99% used [0x00000000c0000000,0x00000000d43d09c8,0x00000000d4400000)
 Metaspace       used 78874K, committed 80128K, reserved 1179648K
  class space    used 8243K, committed 8768K, reserved 1048576K
}
Event: 122.922 GC heap after
{Heap after GC invocations=292 (full 13):
 PSYoungGen      total 23040K, used 2495K [0x00000000eab00000, 0x00000000ecb80000, 0x0000000100000000)
  eden space 14848K, 0% used [0x00000000eab00000,0x00000000eab00000,0x00000000eb980000)
  from space 8192K, 30% used [0x00000000ec380000,0x00000000ec5efd00,0x00000000ecb80000)
  to   space 9216K, 0% used [0x00000000eb980000,0x00000000eb980000,0x00000000ec280000)
 ParOldGen       total 331776K, used 331709K [0x00000000c0000000, 0x00000000d4400000, 0x00000000eab00000)
  object space 331776K, 99% used [0x00000000c0000000,0x00000000d43ef680,0x00000000d4400000)
 Metaspace       used 78874K, committed 80128K, reserved 1179648K
  class space    used 8243K, committed 8768K, reserved 1048576K
}
Event: 123.574 GC heap before
{Heap before GC invocations=293 (full 14):
 PSYoungGen      total 23040K, used 17106K [0x00000000eab00000, 0x00000000ecb80000, 0x0000000100000000)
  eden space 14848K, 98% used [0x00000000eab00000,0x00000000eb944dd0,0x00000000eb980000)
  from space 8192K, 30% used [0x00000000ec380000,0x00000000ec5efd00,0x00000000ecb80000)
  to   space 9216K, 0% used [0x00000000eb980000,0x00000000eb980000,0x00000000ec280000)
 ParOldGen       total 331776K, used 331709K [0x00000000c0000000, 0x00000000d4400000, 0x00000000eab00000)
  object space 331776K, 99% used [0x00000000c0000000,0x00000000d43ef680,0x00000000d4400000)
 Metaspace       used 78999K, committed 80256K, reserved 1179648K
  class space    used 8251K, committed 8768K, reserved 1048576K
}
Event: 124.176 GC heap after
{Heap after GC invocations=293 (full 14):
 PSYoungGen      total 24064K, used 8473K [0x00000000eab00000, 0x00000000ed780000, 0x0000000100000000)
  eden space 14848K, 57% used [0x00000000eab00000,0x00000000eb3467e0,0x00000000eb980000)
  from space 9216K, 0% used [0x00000000eb980000,0x00000000eb980000,0x00000000ec280000)
  to   space 8192K, 0% used [0x00000000ec380000,0x00000000ec380000,0x00000000ecb80000)
 ParOldGen       total 401408K, used 331318K [0x00000000c0000000, 0x00000000d8800000, 0x00000000eab00000)
  object space 401408K, 82% used [0x00000000c0000000,0x00000000d438db88,0x00000000d8800000)
 Metaspace       used 78999K, committed 80256K, reserved 1179648K
  class space    used 8251K, committed 8768K, reserved 1048576K
}
Event: 124.529 GC heap before
{Heap before GC invocations=294 (full 14):
 PSYoungGen      total 24064K, used 14848K [0x00000000eab00000, 0x00000000ed780000, 0x0000000100000000)
  eden space 14848K, 100% used [0x00000000eab00000,0x00000000eb980000,0x00000000eb980000)
  from space 9216K, 0% used [0x00000000eb980000,0x00000000eb980000,0x00000000ec280000)
  to   space 8192K, 0% used [0x00000000ec380000,0x00000000ec380000,0x00000000ecb80000)
 ParOldGen       total 401408K, used 331318K [0x00000000c0000000, 0x00000000d8800000, 0x00000000eab00000)
  object space 401408K, 82% used [0x00000000c0000000,0x00000000d438db88,0x00000000d8800000)
 Metaspace       used 79171K, committed 80384K, reserved 1179648K
  class space    used 8257K, committed 8768K, reserved 1048576K
}
Event: 124.617 GC heap after
{Heap after GC invocations=294 (full 14):
 PSYoungGen      total 20992K, used 8184K [0x00000000eab00000, 0x00000000ed280000, 0x0000000100000000)
  eden space 12800K, 0% used [0x00000000eab00000,0x00000000eab00000,0x00000000eb780000)
  from space 8192K, 99% used [0x00000000ec380000,0x00000000ecb7e358,0x00000000ecb80000)
  to   space 12288K, 0% used [0x00000000eb780000,0x00000000eb780000,0x00000000ec380000)
 ParOldGen       total 401408K, used 334130K [0x00000000c0000000, 0x00000000d8800000, 0x00000000eab00000)
  object space 401408K, 83% used [0x00000000c0000000,0x00000000d464cb88,0x00000000d8800000)
 Metaspace       used 79171K, committed 80384K, reserved 1179648K
  class space    used 8257K, committed 8768K, reserved 1048576K
}
Event: 125.391 GC heap before
{Heap before GC invocations=295 (full 14):
 PSYoungGen      total 20992K, used 20984K [0x00000000eab00000, 0x00000000ed280000, 0x0000000100000000)
  eden space 12800K, 100% used [0x00000000eab00000,0x00000000eb780000,0x00000000eb780000)
  from space 8192K, 99% used [0x00000000ec380000,0x00000000ecb7e358,0x00000000ecb80000)
  to   space 12288K, 0% used [0x00000000eb780000,0x00000000eb780000,0x00000000ec380000)
 ParOldGen       total 401408K, used 334130K [0x00000000c0000000, 0x00000000d8800000, 0x00000000eab00000)
  object space 401408K, 83% used [0x00000000c0000000,0x00000000d464cb88,0x00000000d8800000)
 Metaspace       used 79319K, committed 80640K, reserved 1179648K
  class space    used 8265K, committed 8768K, reserved 1048576K
}
Event: 125.414 GC heap after
{Heap after GC invocations=295 (full 14):
 PSYoungGen      total 19968K, used 7047K [0x00000000eab00000, 0x00000000eca80000, 0x0000000100000000)
  eden space 12800K, 0% used [0x00000000eab00000,0x00000000eab00000,0x00000000eb780000)
  from space 7168K, 98% used [0x00000000eb780000,0x00000000ebe61cc0,0x00000000ebe80000)
  to   space 9216K, 0% used [0x00000000ec180000,0x00000000ec180000,0x00000000eca80000)
 ParOldGen       total 401408K, used 340882K [0x00000000c0000000, 0x00000000d8800000, 0x00000000eab00000)
  object space 401408K, 84% used [0x00000000c0000000,0x00000000d4ce4a38,0x00000000d8800000)
 Metaspace       used 79319K, committed 80640K, reserved 1179648K
  class space    used 8265K, committed 8768K, reserved 1048576K
}
Event: 125.933 GC heap before
{Heap before GC invocations=296 (full 14):
 PSYoungGen      total 19968K, used 19847K [0x00000000eab00000, 0x00000000eca80000, 0x0000000100000000)
  eden space 12800K, 100% used [0x00000000eab00000,0x00000000eb780000,0x00000000eb780000)
  from space 7168K, 98% used [0x00000000eb780000,0x00000000ebe61cc0,0x00000000ebe80000)
  to   space 9216K, 0% used [0x00000000ec180000,0x00000000ec180000,0x00000000eca80000)
 ParOldGen       total 401408K, used 340882K [0x00000000c0000000, 0x00000000d8800000, 0x00000000eab00000)
  object space 401408K, 84% used [0x00000000c0000000,0x00000000d4ce4a38,0x00000000d8800000)
 Metaspace       used 79609K, committed 80896K, reserved 1179648K
  class space    used 8305K, committed 8832K, reserved 1048576K
}
Event: 125.950 GC heap after
{Heap after GC invocations=296 (full 14):
 PSYoungGen      total 22016K, used 9199K [0x00000000eab00000, 0x00000000eca80000, 0x0000000100000000)
  eden space 12800K, 0% used [0x00000000eab00000,0x00000000eab00000,0x00000000eb780000)
  from space 9216K, 99% used [0x00000000ec180000,0x00000000eca7bc68,0x00000000eca80000)
  to   space 7168K, 0% used [0x00000000eb780000,0x00000000eb780000,0x00000000ebe80000)
 ParOldGen       total 401408K, used 341650K [0x00000000c0000000, 0x00000000d8800000, 0x00000000eab00000)
  object space 401408K, 85% used [0x00000000c0000000,0x00000000d4da4a38,0x00000000d8800000)
 Metaspace       used 79609K, committed 80896K, reserved 1179648K
  class space    used 8305K, committed 8832K, reserved 1048576K
}

Dll operation events (12 events):
Event: 0.015 Loaded shared library c:\Users\Sabine\.vscode\extensions\redhat.java-1.35.1-win32-x64\jre\17.0.12-win32-x86_64\bin\java.dll
Event: 0.980 Loaded shared library c:\Users\Sabine\.vscode\extensions\redhat.java-1.35.1-win32-x64\jre\17.0.12-win32-x86_64\bin\zip.dll
Event: 0.986 Loaded shared library C:\Users\Sabine\.vscode\extensions\redhat.java-1.35.1-win32-x64\jre\17.0.12-win32-x86_64\bin\instrument.dll
Event: 1.066 Loaded shared library C:\Users\Sabine\.vscode\extensions\redhat.java-1.35.1-win32-x64\jre\17.0.12-win32-x86_64\bin\net.dll
Event: 1.069 Loaded shared library C:\Users\Sabine\.vscode\extensions\redhat.java-1.35.1-win32-x64\jre\17.0.12-win32-x86_64\bin\nio.dll
Event: 1.082 Loaded shared library C:\Users\Sabine\.vscode\extensions\redhat.java-1.35.1-win32-x64\jre\17.0.12-win32-x86_64\bin\zip.dll
Event: 1.132 Loaded shared library C:\Users\Sabine\.vscode\extensions\redhat.java-1.35.1-win32-x64\jre\17.0.12-win32-x86_64\bin\jimage.dll
Event: 1.391 Loaded shared library c:\Users\Sabine\.vscode\extensions\redhat.java-1.35.1-win32-x64\jre\17.0.12-win32-x86_64\bin\verify.dll
Event: 8.908 Loaded shared library C:\Users\Sabine\AppData\Roaming\Code\User\globalStorage\redhat.java\1.35.1\config_win\org.eclipse.equinox.launcher\org.eclipse.equinox.launcher.win32.win32.x86_64_1.2.1100.v20240722-2106\eclipse_11904.dll
Event: 17.209 Loaded shared library C:\Users\Sabine\AppData\Local\Temp\jna--1826142292\jna13495105128090187525.dll
Event: 45.261 Loaded shared library C:\Users\Sabine\.vscode\extensions\redhat.java-1.35.1-win32-x64\jre\17.0.12-win32-x86_64\bin\sunmscapi.dll
Event: 45.845 Loaded shared library C:\Users\Sabine\.vscode\extensions\redhat.java-1.35.1-win32-x64\jre\17.0.12-win32-x86_64\bin\extnet.dll

Deoptimization events (20 events):
Event: 124.925 Thread 0x000001eace982450 Uncommon trap: trap_request=0xffffff45 fr.pc=0x000001eac08775f8 relative=0x0000000000000078
Event: 124.925 Thread 0x000001eace982450 Uncommon trap: reason=unstable_if action=reinterpret pc=0x000001eac08775f8 method=org.eclipse.jdt.internal.compiler.lookup.BinaryTypeBinding.isPrototype()Z @ 5 c2
Event: 124.925 Thread 0x000001eace982450 DEOPT PACKING pc=0x000001eac08775f8 sp=0x0000000f472fdd40
Event: 124.925 Thread 0x000001eace982450 DEOPT UNPACKING pc=0x000001eabfbe669d sp=0x0000000f472fdc78 mode 2
Event: 125.178 Thread 0x000001eace982450 Uncommon trap: trap_request=0xffffff45 fr.pc=0x000001eac06d9f74 relative=0x0000000000008b54
Event: 125.178 Thread 0x000001eace982450 Uncommon trap: reason=unstable_if action=reinterpret pc=0x000001eac06d9f74 method=org.eclipse.jdt.internal.compiler.lookup.BinaryTypeBinding.createMethod(Lorg/eclipse/jdt/internal/compiler/env/IBinaryMethod;Lorg/eclipse/jdt/internal/compiler/env/IBinaryTy
Event: 125.178 Thread 0x000001eace982450 DEOPT PACKING pc=0x000001eac06d9f74 sp=0x0000000f472fb4b0
Event: 125.178 Thread 0x000001eace982450 DEOPT UNPACKING pc=0x000001eabfbe669d sp=0x0000000f472fb4e0 mode 2
Event: 125.195 Thread 0x000001eace982450 Uncommon trap: trap_request=0xffffff45 fr.pc=0x000001eac087b2a8 relative=0x00000000000001c8
Event: 125.195 Thread 0x000001eace982450 Uncommon trap: reason=unstable_if action=reinterpret pc=0x000001eac087b2a8 method=org.eclipse.jdt.internal.compiler.lookup.ReferenceBinding.isStatic()Z @ 21 c2
Event: 125.195 Thread 0x000001eace982450 DEOPT PACKING pc=0x000001eac087b2a8 sp=0x0000000f472fa550
Event: 125.195 Thread 0x000001eace982450 DEOPT UNPACKING pc=0x000001eabfbe669d sp=0x0000000f472fa470 mode 2
Event: 125.747 Thread 0x000001eace982450 Uncommon trap: trap_request=0xffffff45 fr.pc=0x000001eac0887e50 relative=0x0000000000004e10
Event: 125.747 Thread 0x000001eace982450 Uncommon trap: reason=unstable_if action=reinterpret pc=0x000001eac0887e50 method=org.eclipse.jdt.internal.core.builder.ClasspathMultiReleaseJar.findClass(Ljava/lang/String;Ljava/lang/String;Ljava/lang/String;Ljava/lang/String;ZLjava/util/function/Predica
Event: 125.747 Thread 0x000001eace982450 DEOPT PACKING pc=0x000001eac0887e50 sp=0x0000000f472fd930
Event: 125.747 Thread 0x000001eace982450 DEOPT UNPACKING pc=0x000001eabfbe669d sp=0x0000000f472fd958 mode 2
Event: 125.912 Thread 0x000001eace982450 Uncommon trap: trap_request=0xffffffde fr.pc=0x000001eac07cb970 relative=0x0000000000000070
Event: 125.912 Thread 0x000001eace982450 Uncommon trap: reason=class_check action=maybe_recompile pc=0x000001eac07cb970 method=java.util.Collections$UnmodifiableMap.isEmpty()Z @ 4 c2
Event: 125.912 Thread 0x000001eace982450 DEOPT PACKING pc=0x000001eac07cb970 sp=0x0000000f472fe5b0
Event: 125.912 Thread 0x000001eace982450 DEOPT UNPACKING pc=0x000001eabfbe669d sp=0x0000000f472fe540 mode 2

Classes loaded (20 events):
Event: 88.115 Loading class java/util/stream/ReduceOps$2
Event: 88.115 Loading class java/util/stream/ReduceOps$2 done
Event: 88.115 Loading class java/util/stream/ReduceOps$2ReducingSink
Event: 88.116 Loading class java/util/stream/ReduceOps$2ReducingSink done
Event: 92.654 Loading class sun/nio/fs/WindowsFileCopy
Event: 92.655 Loading class sun/nio/fs/WindowsFileCopy done
Event: 100.578 Loading class sun/nio/cs/ISO_8859_1$Decoder
Event: 100.579 Loading class sun/nio/cs/ISO_8859_1$Decoder done
Event: 123.524 Loading class java/nio/file/Files$2
Event: 123.525 Loading class java/nio/file/Files$2 done
Event: 125.633 Loading class jdk/internal/module/IllegalAccessLogger
Event: 125.633 Loading class jdk/internal/module/IllegalAccessLogger done
Event: 125.722 Loading class java/util/EnumMap$EntrySet
Event: 125.723 Loading class java/util/EnumMap$EntrySet done
Event: 125.723 Loading class java/util/EnumMap$EntryIterator
Event: 125.723 Loading class java/util/EnumMap$EnumMapIterator
Event: 125.723 Loading class java/util/EnumMap$EnumMapIterator done
Event: 125.723 Loading class java/util/EnumMap$EntryIterator done
Event: 125.723 Loading class java/util/EnumMap$EntryIterator$Entry
Event: 125.723 Loading class java/util/EnumMap$EntryIterator$Entry done

Classes unloaded (7 events):
Event: 16.308 Thread 0x000001eac979b700 Unloading class 0x000000010024a800 'java/lang/invoke/LambdaForm$MH+0x000000010024a800'
Event: 16.308 Thread 0x000001eac979b700 Unloading class 0x000000010024a400 'java/lang/invoke/LambdaForm$MH+0x000000010024a400'
Event: 16.308 Thread 0x000001eac979b700 Unloading class 0x000000010024a000 'java/lang/invoke/LambdaForm$MH+0x000000010024a000'
Event: 16.308 Thread 0x000001eac979b700 Unloading class 0x0000000100249c00 'java/lang/invoke/LambdaForm$MH+0x0000000100249c00'
Event: 16.308 Thread 0x000001eac979b700 Unloading class 0x0000000100249800 'java/lang/invoke/LambdaForm$BMH+0x0000000100249800'
Event: 16.308 Thread 0x000001eac979b700 Unloading class 0x0000000100249400 'java/lang/invoke/LambdaForm$DMH+0x0000000100249400'
Event: 16.308 Thread 0x000001eac979b700 Unloading class 0x0000000100244800 'java/lang/invoke/LambdaForm$DMH+0x0000000100244800'

Classes redefined (0 events):
No events

Internal exceptions (20 events):
Event: 118.262 Thread 0x000001eace981f40 Exception <a 'sun/nio/fs/WindowsException'{0x00000000eac01278}> (0x00000000eac01278) 
thrown [s\src\hotspot\share\prims\jni.cpp, line 516]
Event: 118.262 Thread 0x000001eace981f40 Exception <a 'sun/nio/fs/WindowsException'{0x00000000eac018b0}> (0x00000000eac018b0) 
thrown [s\src\hotspot\share\prims\jni.cpp, line 516]
Event: 118.263 Thread 0x000001eace981f40 Exception <a 'sun/nio/fs/WindowsException'{0x00000000eac02df0}> (0x00000000eac02df0) 
thrown [s\src\hotspot\share\prims\jni.cpp, line 516]
Event: 118.263 Thread 0x000001eace981f40 Exception <a 'sun/nio/fs/WindowsException'{0x00000000eac03678}> (0x00000000eac03678) 
thrown [s\src\hotspot\share\prims\jni.cpp, line 516]
Event: 118.274 Thread 0x000001eace981f40 Exception <a 'sun/nio/fs/WindowsException'{0x00000000eac22280}> (0x00000000eac22280) 
thrown [s\src\hotspot\share\prims\jni.cpp, line 516]
Event: 118.274 Thread 0x000001eace981f40 Exception <a 'sun/nio/fs/WindowsException'{0x00000000eac22b60}> (0x00000000eac22b60) 
thrown [s\src\hotspot\share\prims\jni.cpp, line 516]
Event: 119.945 Thread 0x000001eace981f40 Exception <a 'sun/nio/fs/WindowsException'{0x00000000eab3ff58}> (0x00000000eab3ff58) 
thrown [s\src\hotspot\share\prims\jni.cpp, line 516]
Event: 119.945 Thread 0x000001eace981f40 Exception <a 'sun/nio/fs/WindowsException'{0x00000000eab40590}> (0x00000000eab40590) 
thrown [s\src\hotspot\share\prims\jni.cpp, line 516]
Event: 119.960 Thread 0x000001eace981f40 Exception <a 'sun/nio/fs/WindowsException'{0x00000000eab41048}> (0x00000000eab41048) 
thrown [s\src\hotspot\share\prims\jni.cpp, line 516]
Event: 119.961 Thread 0x000001eace981f40 Exception <a 'sun/nio/fs/WindowsException'{0x00000000eab41680}> (0x00000000eab41680) 
thrown [s\src\hotspot\share\prims\jni.cpp, line 516]
Event: 119.962 Thread 0x000001eace981f40 Exception <a 'sun/nio/fs/WindowsException'{0x00000000eabab658}> (0x00000000eabab658) 
thrown [s\src\hotspot\share\prims\jni.cpp, line 516]
Event: 119.965 Thread 0x000001eace981f40 Exception <a 'sun/nio/fs/WindowsException'{0x00000000eababc90}> (0x00000000eababc90) 
thrown [s\src\hotspot\share\prims\jni.cpp, line 516]
Event: 119.976 Thread 0x000001eace981f40 Exception <a 'sun/nio/fs/WindowsException'{0x00000000eabca100}> (0x00000000eabca100) 
thrown [s\src\hotspot\share\prims\jni.cpp, line 516]
Event: 119.976 Thread 0x000001eace981f40 Exception <a 'sun/nio/fs/WindowsException'{0x00000000eabca9e0}> (0x00000000eabca9e0) 
thrown [s\src\hotspot\share\prims\jni.cpp, line 516]
Event: 121.908 Thread 0x000001eace982450 Exception <a 'java/lang/NoSuchMethodError'{0x00000000eb81d6e0}: 'int java.lang.invoke.DirectMethodHandle$Holder.invokeStatic(java.lang.Object)'> (0x00000000eb81d6e0) 
thrown [s\src\hotspot\share\interpreter\linkResolver.cpp, line 759]
Event: 122.979 Thread 0x000001eace982450 Exception <a 'sun/nio/fs/WindowsException'{0x00000000ead542e0}> (0x00000000ead542e0) 
thrown [s\src\hotspot\share\prims\jni.cpp, line 516]
Event: 122.979 Thread 0x000001eace982450 Exception <a 'sun/nio/fs/WindowsException'{0x00000000ead54b88}> (0x00000000ead54b88) 
thrown [s\src\hotspot\share\prims\jni.cpp, line 516]
Event: 122.980 Thread 0x000001eace982450 Exception <a 'sun/nio/fs/WindowsException'{0x00000000ead55448}> (0x00000000ead55448) 
thrown [s\src\hotspot\share\prims\jni.cpp, line 516]
Event: 122.982 Thread 0x000001eace982450 Exception <a 'sun/nio/fs/WindowsException'{0x00000000ead58cd0}> (0x00000000ead58cd0) 
thrown [s\src\hotspot\share\prims\jni.cpp, line 516]
Event: 125.744 Thread 0x000001eace982450 Exception <a 'java/lang/reflect/InvocationTargetException'{0x00000000eb052e38}> (0x00000000eb052e38) 
thrown [s\src\hotspot\share\runtime\reflection.cpp, line 1128]

VM Operations (20 events):
Event: 120.826 Executing VM operation: ParallelGCFailedAllocation
Event: 120.836 Executing VM operation: ParallelGCFailedAllocation done
Event: 120.905 Executing VM operation: ParallelGCFailedAllocation
Event: 120.913 Executing VM operation: ParallelGCFailedAllocation done
Event: 120.964 Executing VM operation: ParallelGCFailedAllocation
Event: 120.975 Executing VM operation: ParallelGCFailedAllocation done
Event: 121.038 Executing VM operation: ParallelGCFailedAllocation
Event: 121.048 Executing VM operation: ParallelGCFailedAllocation done
Event: 121.942 Executing VM operation: ParallelGCFailedAllocation
Event: 122.957 Executing VM operation: ParallelGCFailedAllocation done
Event: 123.566 Executing VM operation: ParallelGCFailedAllocation
Event: 124.206 Executing VM operation: ParallelGCFailedAllocation done
Event: 124.524 Executing VM operation: ParallelGCFailedAllocation
Event: 124.617 Executing VM operation: ParallelGCFailedAllocation done
Event: 125.313 Executing VM operation: HandshakeAllThreads
Event: 125.342 Executing VM operation: HandshakeAllThreads done
Event: 125.368 Executing VM operation: ParallelGCFailedAllocation
Event: 125.420 Executing VM operation: ParallelGCFailedAllocation done
Event: 125.915 Executing VM operation: ParallelGCFailedAllocation
Event: 125.955 Executing VM operation: ParallelGCFailedAllocation done

Events (20 events):
Event: 125.347 Thread 0x000001eac984fcc0 flushing nmethod 0x000001eab8721610
Event: 125.347 Thread 0x000001eac984fcc0 flushing nmethod 0x000001eab8791510
Event: 125.350 Thread 0x000001eac984fcc0 flushing nmethod 0x000001eab89e2110
Event: 125.353 Thread 0x000001eac984fcc0 flushing nmethod 0x000001eab8de5010
Event: 125.353 Thread 0x000001eac984fcc0 flushing nmethod 0x000001eab8e01010
Event: 125.353 Thread 0x000001eac984fcc0 flushing nmethod 0x000001eab8e44f90
Event: 125.354 Thread 0x000001eac984fcc0 flushing nmethod 0x000001eab8f1f410
Event: 125.357 Thread 0x000001eac984fcc0 flushing nmethod 0x000001eab92bd390
Event: 125.357 Thread 0x000001eac984fcc0 flushing nmethod 0x000001eab9369c90
Event: 125.358 Thread 0x000001eac984fcc0 flushing nmethod 0x000001eab93d1310
Event: 125.358 Thread 0x000001eac984fcc0 flushing nmethod 0x000001eab93edb90
Event: 125.362 Thread 0x000001eac984fcc0 flushing nmethod 0x000001eab990b690
Event: 125.362 Thread 0x000001eac984fcc0 flushing nmethod 0x000001eab996ab90
Event: 125.363 Thread 0x000001eac984fcc0 flushing nmethod 0x000001eab9a50690
Event: 125.363 Thread 0x000001eac984fcc0 flushing nmethod 0x000001eab9ac3890
Event: 125.363 Thread 0x000001eac984fcc0 flushing nmethod 0x000001eab9ac4410
Event: 125.363 Thread 0x000001eac984fcc0 flushing nmethod 0x000001eab9ae5110
Event: 125.363 Thread 0x000001eac984fcc0 flushing nmethod 0x000001eab9aea090
Event: 125.363 Thread 0x000001eac984fcc0 flushing nmethod 0x000001eab9aea510
Event: 125.363 Thread 0x000001eac984fcc0 flushing nmethod 0x000001eab9b2a110


Dynamic libraries:
0x00007ff75e460000 - 0x00007ff75e46e000 	c:\Users\Sabine\.vscode\extensions\redhat.java-1.35.1-win32-x64\jre\17.0.12-win32-x86_64\bin\java.exe
0x00007fff93a90000 - 0x00007fff93c88000 	C:\Windows\SYSTEM32\ntdll.dll
0x00007fff936c0000 - 0x00007fff9377f000 	C:\Windows\System32\KERNEL32.DLL
0x00007fff911e0000 - 0x00007fff914b2000 	C:\Windows\System32\KERNELBASE.dll
0x00007fff91560000 - 0x00007fff91660000 	C:\Windows\System32\ucrtbase.dll
0x00007fff7c7d0000 - 0x00007fff7c7e7000 	c:\Users\Sabine\.vscode\extensions\redhat.java-1.35.1-win32-x64\jre\17.0.12-win32-x86_64\bin\jli.dll
0x00007fff92f20000 - 0x00007fff930c1000 	C:\Windows\System32\USER32.dll
0x00007fff91970000 - 0x00007fff91992000 	C:\Windows\System32\win32u.dll
0x00007fff93430000 - 0x00007fff9345b000 	C:\Windows\System32\GDI32.dll
0x00007fff91700000 - 0x00007fff9180f000 	C:\Windows\System32\gdi32full.dll
0x00007fff914c0000 - 0x00007fff9155d000 	C:\Windows\System32\msvcp_win.dll
0x00007fff7c6b0000 - 0x00007fff7c6cb000 	c:\Users\Sabine\.vscode\extensions\redhat.java-1.35.1-win32-x64\jre\17.0.12-win32-x86_64\bin\VCRUNTIME140.dll
0x00007fff7fdc0000 - 0x00007fff8005a000 	C:\Windows\WinSxS\amd64_microsoft.windows.common-controls_6595b64144ccf1df_6.0.19041.1110_none_60b5254171f9507e\COMCTL32.dll
0x00007fff92c40000 - 0x00007fff92cde000 	C:\Windows\System32\msvcrt.dll
0x00007fff92e70000 - 0x00007fff92ea2000 	C:\Windows\System32\IMM32.DLL
0x00007fff7e920000 - 0x00007fff7e92c000 	c:\Users\Sabine\.vscode\extensions\redhat.java-1.35.1-win32-x64\jre\17.0.12-win32-x86_64\bin\vcruntime140_1.dll
0x00007fff6db20000 - 0x00007fff6dbad000 	c:\Users\Sabine\.vscode\extensions\redhat.java-1.35.1-win32-x64\jre\17.0.12-win32-x86_64\bin\msvcp140.dll
0x00007fff2e240000 - 0x00007fff2eeaa000 	c:\Users\Sabine\.vscode\extensions\redhat.java-1.35.1-win32-x64\jre\17.0.12-win32-x86_64\bin\server\jvm.dll
0x00007fff93970000 - 0x00007fff93a1e000 	C:\Windows\System32\ADVAPI32.dll
0x00007fff929f0000 - 0x00007fff92a8c000 	C:\Windows\System32\sechost.dll
0x00007fff92d40000 - 0x00007fff92e65000 	C:\Windows\System32\RPCRT4.dll
0x00007fff92eb0000 - 0x00007fff92f1b000 	C:\Windows\System32\WS2_32.dll
0x00007fff90f10000 - 0x00007fff90f5b000 	C:\Windows\SYSTEM32\POWRPROF.dll
0x00007fff6fbb0000 - 0x00007fff6fbd7000 	C:\Windows\SYSTEM32\WINMM.dll
0x00007fff87d30000 - 0x00007fff87d3a000 	C:\Windows\SYSTEM32\VERSION.dll
0x00007fff90ec0000 - 0x00007fff90ed2000 	C:\Windows\SYSTEM32\UMPDC.dll
0x00007fff8f9a0000 - 0x00007fff8f9b2000 	C:\Windows\SYSTEM32\kernel.appcore.dll
0x00007fff7c8d0000 - 0x00007fff7c8da000 	c:\Users\Sabine\.vscode\extensions\redhat.java-1.35.1-win32-x64\jre\17.0.12-win32-x86_64\bin\jimage.dll
0x00007fff8f6b0000 - 0x00007fff8f894000 	C:\Windows\SYSTEM32\DBGHELP.DLL
0x00007fff809e0000 - 0x00007fff80a15000 	C:\Windows\SYSTEM32\dbgcore.DLL
0x00007fff91150000 - 0x00007fff911d2000 	C:\Windows\System32\bcryptPrimitives.dll
0x00007fff7c8a0000 - 0x00007fff7c8ae000 	c:\Users\Sabine\.vscode\extensions\redhat.java-1.35.1-win32-x64\jre\17.0.12-win32-x86_64\bin\instrument.dll
0x00007fff7c620000 - 0x00007fff7c645000 	c:\Users\Sabine\.vscode\extensions\redhat.java-1.35.1-win32-x64\jre\17.0.12-win32-x86_64\bin\java.dll
0x00007fff7c600000 - 0x00007fff7c618000 	c:\Users\Sabine\.vscode\extensions\redhat.java-1.35.1-win32-x64\jre\17.0.12-win32-x86_64\bin\zip.dll
0x00007fff91aa0000 - 0x00007fff921e4000 	C:\Windows\System32\SHELL32.dll
0x00007fff8ee40000 - 0x00007fff8f5d2000 	C:\Windows\SYSTEM32\windows.storage.dll
0x00007fff930d0000 - 0x00007fff93425000 	C:\Windows\System32\combase.dll
0x00007fff90b30000 - 0x00007fff90b60000 	C:\Windows\SYSTEM32\Wldp.dll
0x00007fff93780000 - 0x00007fff9382d000 	C:\Windows\System32\SHCORE.dll
0x00007fff92ce0000 - 0x00007fff92d35000 	C:\Windows\System32\shlwapi.dll
0x00007fff91090000 - 0x00007fff910af000 	C:\Windows\SYSTEM32\profapi.dll
0x00007fff7c5d0000 - 0x00007fff7c5e9000 	C:\Users\Sabine\.vscode\extensions\redhat.java-1.35.1-win32-x64\jre\17.0.12-win32-x86_64\bin\net.dll
0x00007fff81f00000 - 0x00007fff8200c000 	C:\Windows\SYSTEM32\WINHTTP.dll
0x00007fff90830000 - 0x00007fff9089a000 	C:\Windows\system32\mswsock.dll
0x00007fff78d00000 - 0x00007fff78d16000 	C:\Users\Sabine\.vscode\extensions\redhat.java-1.35.1-win32-x64\jre\17.0.12-win32-x86_64\bin\nio.dll
0x00007fff7c6a0000 - 0x00007fff7c6b0000 	c:\Users\Sabine\.vscode\extensions\redhat.java-1.35.1-win32-x64\jre\17.0.12-win32-x86_64\bin\verify.dll
0x00007fff6d990000 - 0x00007fff6d9d5000 	C:\Users\Sabine\AppData\Roaming\Code\User\globalStorage\redhat.java\1.35.1\config_win\org.eclipse.equinox.launcher\org.eclipse.equinox.launcher.win32.win32.x86_64_1.2.1100.v20240722-2106\eclipse_11904.dll
0x00007fff92280000 - 0x00007fff923aa000 	C:\Windows\System32\ole32.dll
0x00007fff90a20000 - 0x00007fff90a38000 	C:\Windows\SYSTEM32\CRYPTSP.dll
0x00007fff90150000 - 0x00007fff90184000 	C:\Windows\system32\rsaenh.dll
0x00007fff91660000 - 0x00007fff91687000 	C:\Windows\System32\bcrypt.dll
0x00007fff91010000 - 0x00007fff9103e000 	C:\Windows\SYSTEM32\USERENV.dll
0x00007fff90cc0000 - 0x00007fff90ccc000 	C:\Windows\SYSTEM32\CRYPTBASE.dll
0x00007fff90520000 - 0x00007fff9055b000 	C:\Windows\SYSTEM32\IPHLPAPI.DLL
0x00007fff93830000 - 0x00007fff93838000 	C:\Windows\System32\NSI.dll
0x00007fff81c60000 - 0x00007fff81c77000 	C:\Windows\SYSTEM32\dhcpcsvc6.DLL
0x00007fff82220000 - 0x00007fff8223d000 	C:\Windows\SYSTEM32\dhcpcsvc.DLL
0x00007fff90560000 - 0x00007fff9062a000 	C:\Windows\SYSTEM32\DNSAPI.dll
0x00007fff7c6e0000 - 0x00007fff7c729000 	C:\Users\Sabine\AppData\Local\Temp\jna--1826142292\jna13495105128090187525.dll
0x00007fff92210000 - 0x00007fff92218000 	C:\Windows\System32\PSAPI.DLL
0x00007fff8bbc0000 - 0x00007fff8bbce000 	C:\Users\Sabine\.vscode\extensions\redhat.java-1.35.1-win32-x64\jre\17.0.12-win32-x86_64\bin\sunmscapi.dll
0x00007fff91810000 - 0x00007fff91966000 	C:\Windows\System32\CRYPT32.dll
0x00007fff90ba0000 - 0x00007fff90bc7000 	C:\Windows\SYSTEM32\ncrypt.dll
0x00007fff90b60000 - 0x00007fff90b9b000 	C:\Windows\SYSTEM32\NTASN1.dll
0x00007fff87d40000 - 0x00007fff87d4a000 	C:\Windows\System32\rasadhlp.dll
0x00007fff75d10000 - 0x00007fff75d90000 	C:\Windows\System32\fwpuclnt.dll
0x00007fff8bbb0000 - 0x00007fff8bbb9000 	C:\Users\Sabine\.vscode\extensions\redhat.java-1.35.1-win32-x64\jre\17.0.12-win32-x86_64\bin\extnet.dll

dbghelp: loaded successfully - version: 4.0.5 - missing functions: none
symbol engine: initialized successfully - sym options: 0x614 - pdb path: .;c:\Users\Sabine\.vscode\extensions\redhat.java-1.35.1-win32-x64\jre\17.0.12-win32-x86_64\bin;C:\Windows\SYSTEM32;C:\Windows\WinSxS\amd64_microsoft.windows.common-controls_6595b64144ccf1df_6.0.19041.1110_none_60b5254171f9507e;c:\Users\Sabine\.vscode\extensions\redhat.java-1.35.1-win32-x64\jre\17.0.12-win32-x86_64\bin\server;C:\Users\Sabine\AppData\Roaming\Code\User\globalStorage\redhat.java\1.35.1\config_win\org.eclipse.equinox.launcher\org.eclipse.equinox.launcher.win32.win32.x86_64_1.2.1100.v20240722-2106;C:\Users\Sabine\AppData\Local\Temp\jna--1826142292

VM Arguments:
jvm_args: --add-modules=ALL-SYSTEM --add-opens=java.base/java.util=ALL-UNNAMED --add-opens=java.base/java.lang=ALL-UNNAMED --add-opens=java.base/sun.nio.fs=ALL-UNNAMED -Declipse.application=org.eclipse.jdt.ls.core.id1 -Dosgi.bundles.defaultStartLevel=4 -Declipse.product=org.eclipse.jdt.ls.core.product -Djava.import.generatesMetadataFilesAtProjectRoot=false -DDetectVMInstallationsJob.disabled=true -Dfile.encoding=utf8 -XX:+UseParallelGC -XX:GCTimeRatio=4 -XX:AdaptiveSizePolicyWeight=90 -Dsun.zip.disableMemoryMapping=true -Xmx1G -Xms100m -Xlog:disable -javaagent:c:\Users\Sabine\.vscode\extensions\redhat.java-1.35.1-win32-x64\lombok\lombok-1.18.33.jar -XX:+HeapDumpOnOutOfMemoryError -XX:HeapDumpPath=c:\Users\Sabine\AppData\Roaming\Code\User\workspaceStorage\77a0d4b9be1ea7bffd0f07714f41a956\redhat.java -Daether.dependencyCollector.impl=bf 
java_command: c:\Users\Sabine\.vscode\extensions\redhat.java-1.35.1-win32-x64\server\plugins\org.eclipse.equinox.launcher_1.6.900.v20240613-2009.jar -configuration c:\Users\Sabine\AppData\Roaming\Code\User\globalStorage\redhat.java\1.35.1\config_win -data c:\Users\Sabine\AppData\Roaming\Code\User\workspaceStorage\77a0d4b9be1ea7bffd0f07714f41a956\redhat.java\jdt_ws --pipe=\\.\pipe\lsp-006abd147bb4e9ff1a5dce590dab83f4-sock
java_class_path (initial): c:\Users\Sabine\.vscode\extensions\redhat.java-1.35.1-win32-x64\server\plugins\org.eclipse.equinox.launcher_1.6.900.v20240613-2009.jar
Launcher Type: SUN_STANDARD

[Global flags]
    uintx AdaptiveSizePolicyWeight                 = 90                                        {product} {command line}
     intx CICompilerCount                          = 2                                         {product} {ergonomic}
    uintx GCTimeRatio                              = 4                                         {product} {command line}
     bool HeapDumpOnOutOfMemoryError               = true                                   {manageable} {command line}
    ccstr HeapDumpPath                             = c:\Users\Sabine\AppData\Roaming\Code\User\workspaceStorage\77a0d4b9be1ea7bffd0f07714f41a956\redhat.java         {manageable} {command line}
   size_t InitialHeapSize                          = 104857600                                 {product} {command line}
   size_t MaxHeapSize                              = 1073741824                                {product} {command line}
   size_t MaxNewSize                               = 357564416                                 {product} {ergonomic}
   size_t MinHeapDeltaBytes                        = 524288                                    {product} {ergonomic}
   size_t MinHeapSize                              = 104857600                                 {product} {command line}
   size_t NewSize                                  = 34603008                                  {product} {ergonomic}
    uintx NonNMethodCodeHeapSize                   = 5826188                                {pd product} {ergonomic}
    uintx NonProfiledCodeHeapSize                  = 122916026                              {pd product} {ergonomic}
   size_t OldSize                                  = 70254592                                  {product} {ergonomic}
    uintx ProfiledCodeHeapSize                     = 122916026                              {pd product} {ergonomic}
    uintx ReservedCodeCacheSize                    = 251658240                              {pd product} {ergonomic}
     bool SegmentedCodeCache                       = true                                      {product} {ergonomic}
   size_t SoftMaxHeapSize                          = 1073741824                             {manageable} {ergonomic}
     bool UseCompressedClassPointers               = true                           {product lp64_product} {ergonomic}
     bool UseCompressedOops                        = true                           {product lp64_product} {ergonomic}
     bool UseLargePagesIndividualAllocation        = false                                  {pd product} {ergonomic}
     bool UseParallelGC                            = true                                      {product} {command line}

Logging:
Log output configuration:
 #0: stdout all=off uptime,level,tags
 #1: stderr all=off uptime,level,tags

Environment Variables:
JAVA_HOME=C:\Program Files\Java\jdk-17\bin
PATH=C:\Program Files\Common Files\Oracle\Java\javapath;C:\oraclexe\app\oracle\product\11.2.0\server\bin;;C:\Windows\system32;C:\Windows;C:\Windows\System32\Wbem;C:\Windows\System32\WindowsPowerShell\v1.0\;C:\Windows\System32\OpenSSH\;C:\flutter\bin;C:\Program Files\TortoiseSVN\bin;C:\Program Files\Git\cmd;C:\Program Files\nodejs\;C:\Users\Sabine\AppData\Local\Programs\Microsoft VS Code\bin;C:\Program Files\apache-maven-3.8.8\bin;C:\Program Files\MySQL\MySQL Server 8.0\bin;C:\Program Files\Java\jdk-17\bin;C:\Users\Sabine\AppData\Roaming\npm
USERNAME=Sabine
OS=Windows_NT
PROCESSOR_IDENTIFIER=Intel64 Family 6 Model 122 Stepping 8, GenuineIntel
TMP=C:\Users\Sabine\AppData\Local\Temp
TEMP=C:\Users\Sabine\AppData\Local\Temp



Periodic native trim disabled


---------------  S Y S T E M  ---------------

OS:
 Windows 10 , 64 bit Build 19041 (10.0.19041.2364)
OS uptime: 5 days 0:14 hours

CPU: total 2 (initial active 2) (2 cores per cpu, 1 threads per core) family 6 model 122 stepping 8 microcode 0xc, cx8, cmov, fxsr, mmx, 3dnowpref, sse, sse2, sse3, ssse3, sse4.1, sse4.2, popcnt, tsc, tscinvbit, aes, erms, clmul, sha, clflush, clflushopt
Processor Information for all 2 processors :
  Max Mhz: 1101, Current Mhz: 1101, Mhz Limit: 1101

Memory: 4k page, system-wide physical 3899M (296M free)
TotalPageFile size 8198M (AvailPageFile size 4M)
current process WorkingSet (physical memory assigned to process): 681M, peak: 681M
current process commit charge ("private bytes"): 661M, peak: 954M

vm_info: OpenJDK 64-Bit Server VM (17.0.12+7) for windows-amd64 JRE (17.0.12+7), built on Jul 16 2024 22:08:24 by "admin" with MS VC++ 16.10 / 16.11 (VS2019)

END.
