#
# There is insufficient memory for the Java Runtime Environment to continue.
# Native memory allocation (mmap) failed to map 4194304 bytes for G1 virtual space
# Possible reasons:
#   The system is out of physical RAM or swap space
#   The process is running with CompressedOops enabled, and the Java Heap may be blocking the growth of the native heap
# Possible solutions:
#   Reduce memory load on the system
#   Increase physical memory or swap space
#   Check if swap backing store is full
#   Decrease Java heap size (-Xmx/-Xms)
#   Decrease number of Java threads
#   Decrease Java thread stack sizes (-Xss)
#   Set larger code cache with -XX:ReservedCodeCacheSize=
#   JVM is running with Unscaled Compressed Oops mode in which the Java heap is
#     placed in the first 4GB address space. The Java Heap base address is the
#     maximum limit for the native heap growth. Please use -XX:HeapBaseMinAddress
#     to set the Java Heap base and to place the Java Heap above 4GB virtual address.
# This output file may be truncated or incomplete.
#
#  Out of Memory Error (os_windows.cpp:3548), pid=10268, tid=3280
#
# JRE version: Java(TM) SE Runtime Environment (17.0.12+8) (build 17.0.12+8-LTS-286)
# Java VM: Java HotSpot(TM) 64-Bit Server VM (17.0.12+8-LTS-286, mixed mode, emulated-client, sharing, tiered, compressed oops, compressed class ptrs, g1 gc, windows-amd64)
# No core dump will be written. Minidumps are not enabled by default on client versions of Windows
#

---------------  S U M M A R Y ------------

Command Line: -XX:TieredStopAtLevel=1 rw.hotel.venue.VenueApplication

Host: Intel(R) Celeron(R) N4020 CPU @ 1.10GHz, 2 cores, 3G,  Windows 10 , 64 bit Build 19041 (10.0.19041.2364)
Time: Fri Oct 18 11:21:37 2024 Egypt Standard Time elapsed time: 5.033433 seconds (0d 0h 0m 5s)

---------------  T H R E A D  ---------------

Current thread (0x000002aa1cc39140):  VMThread "VM Thread" [stack: 0x000000b731800000,0x000000b731900000] [id=3280]

Stack: [0x000000b731800000,0x000000b731900000]
Native frames: (J=compiled Java code, j=interpreted, Vv=VM code, C=native code)
V  [jvm.dll+0x67a04a]
V  [jvm.dll+0x7da4ed]
V  [jvm.dll+0x7dbe33]
V  [jvm.dll+0x7dc4a3]
V  [jvm.dll+0x24508f]
V  [jvm.dll+0x677089]
V  [jvm.dll+0x66bd32]
V  [jvm.dll+0x301fa6]
V  [jvm.dll+0x309546]
V  [jvm.dll+0x359d2e]
V  [jvm.dll+0x359f5f]
V  [jvm.dll+0x2d9078]
V  [jvm.dll+0x2d74ad]
V  [jvm.dll+0x2d6afc]
V  [jvm.dll+0x31a65b]
V  [jvm.dll+0x7e0d9b]
V  [jvm.dll+0x7e1ad4]
V  [jvm.dll+0x7e1fed]
V  [jvm.dll+0x7e23c4]
V  [jvm.dll+0x7e2490]
V  [jvm.dll+0x78abea]
V  [jvm.dll+0x678f35]
C  [ucrtbase.dll+0x21bb2]
C  [KERNEL32.DLL+0x17614]
C  [ntdll.dll+0x526a1]

VM_Operation (0x000000b7312f8e20): G1CollectForAllocation, mode: safepoint, requested by thread 0x000002aa0e1b7200


---------------  P R O C E S S  ---------------

Threads class SMR info:
_java_thread_list=0x000002aa6343dc70, length=13, elements={
0x000002aa0e1b7200, 0x000002aa1cc3f4f0, 0x000002aa1cc40b10, 0x000002aa1cc543d0,
0x000002aa1cc55050, 0x000002aa1cc571c0, 0x000002aa1cc58320, 0x000002aa1cc7d960,
0x000002aa1cc7ea10, 0x000002aa62060ac0, 0x000002aa62061150, 0x000002aa6206c8d0,
0x000002aa632d9340
}

Java Threads: ( => current thread )
  0x000002aa0e1b7200 JavaThread "main" [_thread_blocked, id=13428, stack(0x000000b731200000,0x000000b731300000)]
  0x000002aa1cc3f4f0 JavaThread "Reference Handler" daemon [_thread_blocked, id=11504, stack(0x000000b731900000,0x000000b731a00000)]
  0x000002aa1cc40b10 JavaThread "Finalizer" daemon [_thread_blocked, id=14296, stack(0x000000b731a00000,0x000000b731b00000)]
  0x000002aa1cc543d0 JavaThread "Signal Dispatcher" daemon [_thread_blocked, id=13852, stack(0x000000b731b00000,0x000000b731c00000)]
  0x000002aa1cc55050 JavaThread "Attach Listener" daemon [_thread_blocked, id=6576, stack(0x000000b731c00000,0x000000b731d00000)]
  0x000002aa1cc571c0 JavaThread "Service Thread" daemon [_thread_blocked, id=5032, stack(0x000000b731d00000,0x000000b731e00000)]
  0x000002aa1cc58320 JavaThread "Monitor Deflation Thread" daemon [_thread_blocked, id=9224, stack(0x000000b731e00000,0x000000b731f00000)]
  0x000002aa1cc7d960 JavaThread "C1 CompilerThread0" daemon [_thread_blocked, id=11144, stack(0x000000b731f00000,0x000000b732000000)]
  0x000002aa1cc7ea10 JavaThread "Sweeper thread" daemon [_thread_blocked, id=13872, stack(0x000000b732000000,0x000000b732100000)]
  0x000002aa62060ac0 JavaThread "Notification Thread" daemon [_thread_blocked, id=9824, stack(0x000000b732100000,0x000000b732200000)]
  0x000002aa62061150 JavaThread "Common-Cleaner" daemon [_thread_blocked, id=8540, stack(0x000000b732300000,0x000000b732400000)]
  0x000002aa6206c8d0 JavaThread "C1 CompilerThread1" daemon [_thread_blocked, id=13968, stack(0x000000b732400000,0x000000b732500000)]
  0x000002aa632d9340 JavaThread "mysql-cj-abandoned-connection-cleanup" daemon [_thread_blocked, id=11324, stack(0x000000b732700000,0x000000b732800000)]

Other Threads:
=>0x000002aa1cc39140 VMThread "VM Thread" [stack: 0x000000b731800000,0x000000b731900000] [id=3280]
  0x000002aa0e209460 WatcherThread [stack: 0x000000b732200000,0x000000b732300000] [id=14904]
  0x000002aa0e1f6980 GCTaskThread "GC Thread#0" [stack: 0x000000b731300000,0x000000b731400000] [id=14848]
  0x000002aa62387e10 GCTaskThread "GC Thread#1" [stack: 0x000000b732500000,0x000000b732600000] [id=14128]
  0x000002aa0e2012f0 ConcurrentGCThread "G1 Main Marker" [stack: 0x000000b731400000,0x000000b731500000] [id=7340]
  0x000002aa0e2024a0 ConcurrentGCThread "G1 Conc#0" [stack: 0x000000b731500000,0x000000b731600000] [id=7784]
  0x000002aa0e239080 ConcurrentGCThread "G1 Refine#0" [stack: 0x000000b731600000,0x000000b731700000] [id=2256]
  0x000002aa632d9050 ConcurrentGCThread "G1 Refine#1" [stack: 0x000000b732600000,0x000000b732700000] [id=5056]
  0x000002aa0e239ab0 ConcurrentGCThread "G1 Service" [stack: 0x000000b731700000,0x000000b731800000] [id=2720]

Threads with active compile tasks:

VM state: at safepoint (normal execution)

VM Mutex/Monitor currently owned by a thread:  ([mutex/lock_event])
[0x000002aa0e1b1cb0] Threads_lock - owner thread: 0x000002aa1cc39140
[0x000002aa0e1b2130] Heap_lock - owner thread: 0x000002aa0e1b7200

Heap address: 0x00000000c3000000, size: 976 MB, Compressed Oops mode: 32-bit

CDS archive(s) mapped at: [0x000002aa1d000000-0x000002aa1dbd0000-0x000002aa1dbd0000), size 12386304, SharedBaseAddress: 0x000002aa1d000000, ArchiveRelocationMode: 1.
Compressed class space mapped at: 0x000002aa1e000000-0x000002aa5e000000, reserved size: 1073741824
Narrow klass base: 0x000002aa1d000000, Narrow klass shift: 0, Narrow klass range: 0x100000000

GC Precious Log:
 CPUs: 2 total, 2 available
 Memory: 3899M
 Large Page Support: Disabled
 NUMA Support: Disabled
 Compressed Oops: Enabled (32-bit)
 Heap Region Size: 1M
 Heap Min Capacity: 8M
 Heap Initial Capacity: 62M
 Heap Max Capacity: 976M
 Pre-touch: Disabled
 Parallel Workers: 2
 Concurrent Workers: 1
 Concurrent Refinement Workers: 2
 Periodic GC: Disabled

Heap:
 garbage-first heap   total 72704K, used 18417K [0x00000000c3000000, 0x0000000100000000)
  region size 1024K, 2 young (2048K), 2 survivors (2048K)
 Metaspace       used 28802K, committed 29248K, reserved 1114112K
  class space    used 4132K, committed 4352K, reserved 1048576K

Heap Regions: E=young(eden), S=young(survivor), O=old, HS=humongous(starts), HC=humongous(continues), CS=collection set, F=free, OA=open archive, CA=closed archive, TAMS=top-at-mark-start (previous, next)
|   0|0x00000000c3000000, 0x00000000c3100000, 0x00000000c3100000|100%|HS|  |TAMS 0x00000000c3100000, 0x00000000c3000000| Complete 
|   1|0x00000000c3100000, 0x00000000c3200000, 0x00000000c3200000|100%| O|  |TAMS 0x00000000c3200000, 0x00000000c3100000| Untracked 
|   2|0x00000000c3200000, 0x00000000c3300000, 0x00000000c3300000|100%| O|  |TAMS 0x00000000c3300000, 0x00000000c3200000| Untracked 
|   3|0x00000000c3300000, 0x00000000c3400000, 0x00000000c3400000|100%| O|  |TAMS 0x00000000c3400000, 0x00000000c3300000| Untracked 
|   4|0x00000000c3400000, 0x00000000c3500000, 0x00000000c3500000|100%| O|  |TAMS 0x00000000c3500000, 0x00000000c3400000| Untracked 
|   5|0x00000000c3500000, 0x00000000c3600000, 0x00000000c3600000|100%| O|  |TAMS 0x00000000c3600000, 0x00000000c3500000| Untracked 
|   6|0x00000000c3600000, 0x00000000c3700000, 0x00000000c3700000|100%| O|  |TAMS 0x00000000c3700000, 0x00000000c3600000| Untracked 
|   7|0x00000000c3700000, 0x00000000c3800000, 0x00000000c3800000|100%| O|  |TAMS 0x00000000c37e5a00, 0x00000000c3700000| Untracked 
|   8|0x00000000c3800000, 0x00000000c3900000, 0x00000000c3900000|100%| O|  |TAMS 0x00000000c3800000, 0x00000000c3800000| Untracked 
|   9|0x00000000c3900000, 0x00000000c3a00000, 0x00000000c3a00000|100%| O|  |TAMS 0x00000000c3900000, 0x00000000c3900000| Untracked 
|  10|0x00000000c3a00000, 0x00000000c3b00000, 0x00000000c3b00000|100%| O|  |TAMS 0x00000000c3a00000, 0x00000000c3a00000| Untracked 
|  11|0x00000000c3b00000, 0x00000000c3c00000, 0x00000000c3c00000|100%| O|  |TAMS 0x00000000c3b00000, 0x00000000c3b00000| Untracked 
|  12|0x00000000c3c00000, 0x00000000c3d00000, 0x00000000c3d00000|100%| O|  |TAMS 0x00000000c3c00000, 0x00000000c3c00000| Untracked 
|  13|0x00000000c3d00000, 0x00000000c3d00000, 0x00000000c3e00000|  0%| F|  |TAMS 0x00000000c3d00000, 0x00000000c3d00000| Untracked 
|  14|0x00000000c3e00000, 0x00000000c3f00000, 0x00000000c3f00000|100%| O|  |TAMS 0x00000000c3e00000, 0x00000000c3e00000| Untracked 
|  15|0x00000000c3f00000, 0x00000000c4000000, 0x00000000c4000000|100%| O|  |TAMS 0x00000000c3f00000, 0x00000000c3f00000| Untracked 
|  16|0x00000000c4000000, 0x00000000c4100000, 0x00000000c4100000|100%| O|  |TAMS 0x00000000c4000000, 0x00000000c4000000| Untracked 
|  17|0x00000000c4100000, 0x00000000c4174e00, 0x00000000c4200000| 45%| O|  |TAMS 0x00000000c4100000, 0x00000000c4100000| Untracked 
|  18|0x00000000c4200000, 0x00000000c4200000, 0x00000000c4300000|  0%| F|  |TAMS 0x00000000c4200000, 0x00000000c4200000| Untracked 
|  19|0x00000000c4300000, 0x00000000c4300000, 0x00000000c4400000|  0%| F|  |TAMS 0x00000000c4300000, 0x00000000c4300000| Untracked 
|  20|0x00000000c4400000, 0x00000000c4400000, 0x00000000c4500000|  0%| F|  |TAMS 0x00000000c4400000, 0x00000000c4400000| Untracked 
|  21|0x00000000c4500000, 0x00000000c4500000, 0x00000000c4600000|  0%| F|  |TAMS 0x00000000c4500000, 0x00000000c4500000| Untracked 
|  22|0x00000000c4600000, 0x00000000c4600000, 0x00000000c4700000|  0%| F|  |TAMS 0x00000000c4600000, 0x00000000c4600000| Untracked 
|  23|0x00000000c4700000, 0x00000000c4700000, 0x00000000c4800000|  0%| F|  |TAMS 0x00000000c4700000, 0x00000000c4700000| Untracked 
|  24|0x00000000c4800000, 0x00000000c4800000, 0x00000000c4900000|  0%| F|  |TAMS 0x00000000c4800000, 0x00000000c4800000| Untracked 
|  25|0x00000000c4900000, 0x00000000c4900000, 0x00000000c4a00000|  0%| F|  |TAMS 0x00000000c4900000, 0x00000000c4900000| Untracked 
|  26|0x00000000c4a00000, 0x00000000c4a00000, 0x00000000c4b00000|  0%| F|  |TAMS 0x00000000c4a00000, 0x00000000c4a00000| Untracked 
|  27|0x00000000c4b00000, 0x00000000c4b00000, 0x00000000c4c00000|  0%| F|  |TAMS 0x00000000c4b00000, 0x00000000c4b00000| Untracked 
|  28|0x00000000c4c00000, 0x00000000c4c87800, 0x00000000c4d00000| 52%| S|CS|TAMS 0x00000000c4c00000, 0x00000000c4c00000| Complete 
|  29|0x00000000c4d00000, 0x00000000c4e00000, 0x00000000c4e00000|100%| S|CS|TAMS 0x00000000c4d00000, 0x00000000c4d00000| Complete 
|  30|0x00000000c4e00000, 0x00000000c4e00000, 0x00000000c4f00000|  0%| F|  |TAMS 0x00000000c4e00000, 0x00000000c4e00000| Untracked 
|  31|0x00000000c4f00000, 0x00000000c4f00000, 0x00000000c5000000|  0%| F|  |TAMS 0x00000000c4f00000, 0x00000000c4f00000| Untracked 
|  32|0x00000000c5000000, 0x00000000c5000000, 0x00000000c5100000|  0%| F|  |TAMS 0x00000000c5000000, 0x00000000c5000000| Untracked 
|  33|0x00000000c5100000, 0x00000000c5100000, 0x00000000c5200000|  0%| F|  |TAMS 0x00000000c5100000, 0x00000000c5100000| Untracked 
|  34|0x00000000c5200000, 0x00000000c5200000, 0x00000000c5300000|  0%| F|  |TAMS 0x00000000c5200000, 0x00000000c5200000| Untracked 
|  35|0x00000000c5300000, 0x00000000c5300000, 0x00000000c5400000|  0%| F|  |TAMS 0x00000000c5300000, 0x00000000c5300000| Untracked 
|  36|0x00000000c5400000, 0x00000000c5400000, 0x00000000c5500000|  0%| F|  |TAMS 0x00000000c5400000, 0x00000000c5400000| Untracked 
|  37|0x00000000c5500000, 0x00000000c5500000, 0x00000000c5600000|  0%| F|  |TAMS 0x00000000c5500000, 0x00000000c5500000| Untracked 
|  38|0x00000000c5600000, 0x00000000c5600000, 0x00000000c5700000|  0%| F|  |TAMS 0x00000000c5600000, 0x00000000c5600000| Untracked 
|  39|0x00000000c5700000, 0x00000000c5700000, 0x00000000c5800000|  0%| F|  |TAMS 0x00000000c5700000, 0x00000000c5700000| Untracked 
|  40|0x00000000c5800000, 0x00000000c5800000, 0x00000000c5900000|  0%| F|  |TAMS 0x00000000c5800000, 0x00000000c5800000| Untracked 
|  41|0x00000000c5900000, 0x00000000c5900000, 0x00000000c5a00000|  0%| F|  |TAMS 0x00000000c5900000, 0x00000000c5900000| Untracked 
|  42|0x00000000c5a00000, 0x00000000c5a00000, 0x00000000c5b00000|  0%| F|  |TAMS 0x00000000c5a00000, 0x00000000c5a00000| Untracked 
|  43|0x00000000c5b00000, 0x00000000c5b00000, 0x00000000c5c00000|  0%| F|  |TAMS 0x00000000c5b00000, 0x00000000c5b00000| Untracked 
|  44|0x00000000c5c00000, 0x00000000c5c00000, 0x00000000c5d00000|  0%| F|  |TAMS 0x00000000c5c00000, 0x00000000c5c00000| Untracked 
|  45|0x00000000c5d00000, 0x00000000c5d00000, 0x00000000c5e00000|  0%| F|  |TAMS 0x00000000c5d00000, 0x00000000c5d00000| Untracked 
|  46|0x00000000c5e00000, 0x00000000c5e00000, 0x00000000c5f00000|  0%| F|  |TAMS 0x00000000c5e00000, 0x00000000c5e00000| Untracked 
|  47|0x00000000c5f00000, 0x00000000c5f00000, 0x00000000c6000000|  0%| F|  |TAMS 0x00000000c5f00000, 0x00000000c5f00000| Untracked 
|  48|0x00000000c6000000, 0x00000000c6000000, 0x00000000c6100000|  0%| F|  |TAMS 0x00000000c6000000, 0x00000000c6000000| Untracked 
|  49|0x00000000c6100000, 0x00000000c6100000, 0x00000000c6200000|  0%| F|  |TAMS 0x00000000c6100000, 0x00000000c6100000| Untracked 
|  50|0x00000000c6200000, 0x00000000c6200000, 0x00000000c6300000|  0%| F|  |TAMS 0x00000000c6200000, 0x00000000c6200000| Untracked 
|  51|0x00000000c6300000, 0x00000000c6300000, 0x00000000c6400000|  0%| F|  |TAMS 0x00000000c6300000, 0x00000000c6300000| Untracked 
|  52|0x00000000c6400000, 0x00000000c6400000, 0x00000000c6500000|  0%| F|  |TAMS 0x00000000c6400000, 0x00000000c6400000| Untracked 
|  53|0x00000000c6500000, 0x00000000c6500000, 0x00000000c6600000|  0%| F|  |TAMS 0x00000000c6500000, 0x00000000c6500000| Untracked 
|  54|0x00000000c6600000, 0x00000000c6600000, 0x00000000c6700000|  0%| F|  |TAMS 0x00000000c6600000, 0x00000000c6600000| Untracked 
|  55|0x00000000c6700000, 0x00000000c6700000, 0x00000000c6800000|  0%| F|  |TAMS 0x00000000c6700000, 0x00000000c6700000| Untracked 
|  56|0x00000000c6800000, 0x00000000c6800000, 0x00000000c6900000|  0%| F|  |TAMS 0x00000000c6800000, 0x00000000c6800000| Untracked 
|  57|0x00000000c6900000, 0x00000000c6900000, 0x00000000c6a00000|  0%| F|  |TAMS 0x00000000c6900000, 0x00000000c6900000| Untracked 
|  58|0x00000000c6a00000, 0x00000000c6a00000, 0x00000000c6b00000|  0%| F|  |TAMS 0x00000000c6a00000, 0x00000000c6a00000| Untracked 
|  59|0x00000000c6b00000, 0x00000000c6b00000, 0x00000000c6c00000|  0%| F|  |TAMS 0x00000000c6b00000, 0x00000000c6b00000| Untracked 
|  60|0x00000000c6c00000, 0x00000000c6c00000, 0x00000000c6d00000|  0%| F|  |TAMS 0x00000000c6c00000, 0x00000000c6c00000| Untracked 
|  61|0x00000000c6d00000, 0x00000000c6d00000, 0x00000000c6e00000|  0%| F|  |TAMS 0x00000000c6d00000, 0x00000000c6d00000| Untracked 
|  62|0x00000000c6e00000, 0x00000000c6e00000, 0x00000000c6f00000|  0%| F|  |TAMS 0x00000000c6e00000, 0x00000000c6e00000| Untracked 
|  63|0x00000000c6f00000, 0x00000000c6f00000, 0x00000000c7000000|  0%| F|  |TAMS 0x00000000c6f00000, 0x00000000c6f00000| Untracked 
|  64|0x00000000c7000000, 0x00000000c7000000, 0x00000000c7100000|  0%| F|  |TAMS 0x00000000c7000000, 0x00000000c7000000| Untracked 
|  65|0x00000000c7100000, 0x00000000c7100000, 0x00000000c7200000|  0%| F|  |TAMS 0x00000000c7100000, 0x00000000c7100000| Untracked 
|  66|0x00000000c7200000, 0x00000000c7200000, 0x00000000c7300000|  0%| F|  |TAMS 0x00000000c7200000, 0x00000000c7200000| Untracked 
|  67|0x00000000c7300000, 0x00000000c7300000, 0x00000000c7400000|  0%| F|  |TAMS 0x00000000c7300000, 0x00000000c7300000| Untracked 
|  68|0x00000000c7400000, 0x00000000c7400000, 0x00000000c7500000|  0%| F|  |TAMS 0x00000000c7400000, 0x00000000c7400000| Untracked 
|  69|0x00000000c7500000, 0x00000000c7500000, 0x00000000c7600000|  0%| F|  |TAMS 0x00000000c7500000, 0x00000000c7500000| Untracked 
|  74|0x00000000c7a00000, 0x00000000c7a00000, 0x00000000c7b00000|  0%| F|  |TAMS 0x00000000c7a00000, 0x00000000c7a00000| Untracked 

Card table byte_map: [0x000002aa0dda0000,0x000002aa0df90000] _byte_map_base: 0x000002aa0d788000

Marking Bits (Prev, Next): (CMBitMap*) 0x000002aa0e1f7ff0, (CMBitMap*) 0x000002aa0e1f7fb0
 Prev Bits: [0x000002aa199c0000, 0x000002aa1a900000)
 Next Bits: [0x000002aa18a80000, 0x000002aa199c0000)

Polling page: 0x000002aa0c110000

Metaspace:

Usage:
  Non-class:     24.09 MB used.
      Class:      4.04 MB used.
       Both:     28.13 MB used.

Virtual space:
  Non-class space:       64.00 MB reserved,      24.31 MB ( 38%) committed,  1 nodes.
      Class space:        1.00 GB reserved,       4.25 MB ( <1%) committed,  1 nodes.
             Both:        1.06 GB reserved,      28.56 MB (  3%) committed. 

Chunk freelists:
   Non-Class:  7.14 MB
       Class:  11.59 MB
        Both:  18.73 MB

MaxMetaspaceSize: unlimited
CompressedClassSpaceSize: 1.00 GB
Initial GC threshold: 21.00 MB
Current GC threshold: 35.12 MB
CDS: on
MetaspaceReclaimPolicy: balanced
 - commit_granule_bytes: 65536.
 - commit_granule_words: 8192.
 - virtual_space_node_default_size: 8388608.
 - enlarge_chunks_in_place: 1.
 - new_chunks_are_fully_committed: 0.
 - uncommit_free_chunks: 1.
 - use_allocation_guard: 0.
 - handle_deallocations: 1.


Internal statistics:

num_allocs_failed_limit: 3.
num_arena_births: 520.
num_arena_deaths: 0.
num_vsnodes_births: 2.
num_vsnodes_deaths: 0.
num_space_committed: 457.
num_space_uncommitted: 0.
num_chunks_returned_to_freelist: 3.
num_chunks_taken_from_freelist: 1607.
num_chunk_merges: 3.
num_chunk_splits: 1102.
num_chunks_enlarged: 820.
num_inconsistent_stats: 0.

CodeCache: size=49152Kb used=7690Kb max_used=7690Kb free=41461Kb
 bounds [0x000002aa15a80000, 0x000002aa16210000, 0x000002aa18a80000]
 total_blobs=4341 nmethods=3830 adapters=438
 compilation: enabled
              stopped_count=0, restarted_count=0
 full_count=0

Compilation events (20 events):
Event: 5.004 Thread 0x000002aa6206c8d0 3821       1       org.springframework.core.convert.TypeDescriptor::equals (132 bytes)
Event: 5.004 Thread 0x000002aa1cc7d960 3822       1       org.springframework.boot.context.properties.bind.Binder$Context::getConverter (8 bytes)
Event: 5.004 Thread 0x000002aa1cc7d960 nmethod 3822 0x000002aa161fe110 code [0x000002aa161fe2a0, 0x000002aa161fe378]
Event: 5.004 Thread 0x000002aa1cc7d960 3823       1       org.springframework.boot.context.properties.bind.BindConverter::convert (25 bytes)
Event: 5.005 Thread 0x000002aa1cc7d960 nmethod 3823 0x000002aa161fe410 code [0x000002aa161fe5e0, 0x000002aa161fe828]
Event: 5.006 Thread 0x000002aa6206c8d0 nmethod 3821 0x000002aa161fe990 code [0x000002aa161fed80, 0x000002aa161ffdf8]
Event: 5.009 Thread 0x000002aa1cc7d960 3824       1       java.util.Spliterators$EmptySpliterator::characteristics (4 bytes)
Event: 5.009 Thread 0x000002aa1cc7d960 nmethod 3824 0x000002aa16200810 code [0x000002aa162009a0, 0x000002aa16200a78]
Event: 5.010 Thread 0x000002aa6206c8d0 3825       1       org.springframework.boot.context.properties.bind.BindConverter::convert (14 bytes)
Event: 5.010 Thread 0x000002aa6206c8d0 nmethod 3825 0x000002aa16200b10 code [0x000002aa16200ce0, 0x000002aa16200f48]
Event: 5.011 Thread 0x000002aa1cc7d960 3826       1       org.springframework.beans.factory.InjectionPoint::getMethodParameter (5 bytes)
Event: 5.012 Thread 0x000002aa1cc7d960 nmethod 3826 0x000002aa16201110 code [0x000002aa162012a0, 0x000002aa16201378]
Event: 5.013 Thread 0x000002aa6206c8d0 3827       1       java.util.AbstractList::hashCode (46 bytes)
Event: 5.013 Thread 0x000002aa1cc7d960 3828   !   1       java.util.AbstractList$Itr::next (46 bytes)
Event: 5.013 Thread 0x000002aa6206c8d0 nmethod 3827 0x000002aa16201410 code [0x000002aa162015e0, 0x000002aa16201798]
Event: 5.013 Thread 0x000002aa6206c8d0 3829       1       java.util.AbstractList$Itr::checkForComodification (23 bytes)
Event: 5.013 Thread 0x000002aa1cc7d960 nmethod 3828 0x000002aa16201890 code [0x000002aa16201a60, 0x000002aa16201d98]
Event: 5.014 Thread 0x000002aa6206c8d0 nmethod 3829 0x000002aa16201f90 code [0x000002aa16202120, 0x000002aa162022a8]
Event: 5.020 Thread 0x000002aa1cc7d960 3830   !   1       jdk.proxy2.$Proxy62::annotationType (29 bytes)
Event: 5.021 Thread 0x000002aa1cc7d960 nmethod 3830 0x000002aa16202390 code [0x000002aa16202540, 0x000002aa16202758]

GC Heap History (19 events):
Event: 0.283 GC heap before
{Heap before GC invocations=0 (full 0):
 garbage-first heap   total 63488K, used 6144K [0x00000000c3000000, 0x0000000100000000)
  region size 1024K, 6 young (6144K), 0 survivors (0K)
 Metaspace       used 303K, committed 448K, reserved 1114112K
  class space    used 28K, committed 128K, reserved 1048576K
}
Event: 0.288 GC heap after
{Heap after GC invocations=1 (full 0):
 garbage-first heap   total 63488K, used 5232K [0x00000000c3000000, 0x0000000100000000)
  region size 1024K, 1 young (1024K), 1 survivors (1024K)
 Metaspace       used 303K, committed 448K, reserved 1114112K
  class space    used 28K, committed 128K, reserved 1048576K
}
Event: 0.483 GC heap before
{Heap before GC invocations=1 (full 0):
 garbage-first heap   total 63488K, used 7280K [0x00000000c3000000, 0x0000000100000000)
  region size 1024K, 4 young (4096K), 1 survivors (1024K)
 Metaspace       used 1669K, committed 1792K, reserved 1114112K
  class space    used 181K, committed 256K, reserved 1048576K
}
Event: 0.486 GC heap after
{Heap after GC invocations=2 (full 0):
 garbage-first heap   total 63488K, used 5877K [0x00000000c3000000, 0x0000000100000000)
  region size 1024K, 1 young (1024K), 1 survivors (1024K)
 Metaspace       used 1669K, committed 1792K, reserved 1114112K
  class space    used 181K, committed 256K, reserved 1048576K
}
Event: 0.808 GC heap before
{Heap before GC invocations=2 (full 0):
 garbage-first heap   total 63488K, used 13045K [0x00000000c3000000, 0x0000000100000000)
  region size 1024K, 9 young (9216K), 1 survivors (1024K)
 Metaspace       used 4093K, committed 4288K, reserved 1114112K
  class space    used 537K, committed 640K, reserved 1048576K
}
Event: 0.812 GC heap after
{Heap after GC invocations=3 (full 0):
 garbage-first heap   total 63488K, used 6645K [0x00000000c3000000, 0x0000000100000000)
  region size 1024K, 2 young (2048K), 2 survivors (2048K)
 Metaspace       used 4093K, committed 4288K, reserved 1114112K
  class space    used 537K, committed 640K, reserved 1048576K
}
Event: 1.483 GC heap before
{Heap before GC invocations=3 (full 0):
 garbage-first heap   total 63488K, used 29173K [0x00000000c3000000, 0x0000000100000000)
  region size 1024K, 24 young (24576K), 2 survivors (2048K)
 Metaspace       used 8831K, committed 9024K, reserved 1114112K
  class space    used 1260K, committed 1344K, reserved 1048576K
}
Event: 1.490 GC heap after
{Heap after GC invocations=4 (full 0):
 garbage-first heap   total 63488K, used 8273K [0x00000000c3000000, 0x0000000100000000)
  region size 1024K, 3 young (3072K), 3 survivors (3072K)
 Metaspace       used 8831K, committed 9024K, reserved 1114112K
  class space    used 1260K, committed 1344K, reserved 1048576K
}
Event: 2.229 GC heap before
{Heap before GC invocations=4 (full 0):
 garbage-first heap   total 63488K, used 38993K [0x00000000c3000000, 0x0000000100000000)
  region size 1024K, 34 young (34816K), 3 survivors (3072K)
 Metaspace       used 15292K, committed 15552K, reserved 1114112K
  class space    used 2135K, committed 2240K, reserved 1048576K
}
Event: 2.242 GC heap after
{Heap after GC invocations=5 (full 0):
 garbage-first heap   total 76800K, used 10956K [0x00000000c3000000, 0x0000000100000000)
  region size 1024K, 5 young (5120K), 5 survivors (5120K)
 Metaspace       used 15292K, committed 15552K, reserved 1114112K
  class space    used 2135K, committed 2240K, reserved 1048576K
}
Event: 3.199 GC heap before
{Heap before GC invocations=5 (full 0):
 garbage-first heap   total 76800K, used 51916K [0x00000000c3000000, 0x0000000100000000)
  region size 1024K, 45 young (46080K), 5 survivors (5120K)
 Metaspace       used 20578K, committed 20800K, reserved 1114112K
  class space    used 2894K, committed 3008K, reserved 1048576K
}
Event: 3.216 GC heap after
{Heap after GC invocations=6 (full 0):
 garbage-first heap   total 76800K, used 14230K [0x00000000c3000000, 0x0000000100000000)
  region size 1024K, 6 young (6144K), 6 survivors (6144K)
 Metaspace       used 20578K, committed 20800K, reserved 1114112K
  class space    used 2894K, committed 3008K, reserved 1048576K
}
Event: 3.354 GC heap before
{Heap before GC invocations=6 (full 0):
 garbage-first heap   total 76800K, used 18326K [0x00000000c3000000, 0x0000000100000000)
  region size 1024K, 11 young (11264K), 6 survivors (6144K)
 Metaspace       used 21260K, committed 21504K, reserved 1114112K
  class space    used 2983K, committed 3072K, reserved 1048576K
}
Event: 3.370 GC heap after
{Heap after GC invocations=7 (full 0):
 garbage-first heap   total 76800K, used 15043K [0x00000000c3000000, 0x0000000100000000)
  region size 1024K, 1 young (1024K), 1 survivors (1024K)
 Metaspace       used 21260K, committed 21504K, reserved 1114112K
  class space    used 2983K, committed 3072K, reserved 1048576K
}
Event: 4.316 GC heap before
{Heap before GC invocations=8 (full 0):
 garbage-first heap   total 55296K, used 46787K [0x00000000c3000000, 0x0000000100000000)
  region size 1024K, 32 young (32768K), 1 survivors (1024K)
 Metaspace       used 25634K, committed 26048K, reserved 1114112K
  class space    used 3746K, committed 3904K, reserved 1048576K
}
Event: 4.327 GC heap after
{Heap after GC invocations=9 (full 0):
 garbage-first heap   total 55296K, used 17091K [0x00000000c3000000, 0x0000000100000000)
  region size 1024K, 3 young (3072K), 3 survivors (3072K)
 Metaspace       used 25634K, committed 26048K, reserved 1114112K
  class space    used 3746K, committed 3904K, reserved 1048576K
}
Event: 4.347 GC heap before
{Heap before GC invocations=9 (full 0):
 garbage-first heap   total 55296K, used 18115K [0x00000000c3000000, 0x0000000100000000)
  region size 1024K, 4 young (4096K), 3 survivors (3072K)
 Metaspace       used 25653K, committed 26048K, reserved 1114112K
  class space    used 3748K, committed 3904K, reserved 1048576K
}
Event: 4.357 GC heap after
{Heap after GC invocations=10 (full 0):
 garbage-first heap   total 55296K, used 17375K [0x00000000c3000000, 0x0000000100000000)
  region size 1024K, 1 young (1024K), 1 survivors (1024K)
 Metaspace       used 25653K, committed 26048K, reserved 1114112K
  class space    used 3748K, committed 3904K, reserved 1048576K
}
Event: 5.022 GC heap before
{Heap before GC invocations=10 (full 0):
 garbage-first heap   total 55296K, used 40927K [0x00000000c3000000, 0x0000000100000000)
  region size 1024K, 24 young (24576K), 1 survivors (1024K)
 Metaspace       used 28802K, committed 29248K, reserved 1114112K
  class space    used 4132K, committed 4352K, reserved 1048576K
}

Deoptimization events (0 events):
No events

Classes unloaded (0 events):
No events

Classes redefined (0 events):
No events

Internal exceptions (20 events):
Event: 3.853 Thread 0x000002aa0e1b7200 Exception <a 'java/lang/NoClassDefFoundError'{0x00000000c5642598}: org/springframework/batch/core/repository/JobRepository> (0x00000000c5642598) 
thrown [s\open\src\hotspot\share\classfile\systemDictionary.cpp, line 245]
Event: 3.853 Thread 0x000002aa0e1b7200 Exception <a 'java/lang/NoClassDefFoundError'{0x00000000c5644240}: org/quartz/Scheduler> (0x00000000c5644240) 
thrown [s\open\src\hotspot\share\classfile\systemDictionary.cpp, line 245]
Event: 3.854 Thread 0x000002aa0e1b7200 Exception <a 'java/lang/NoClassDefFoundError'{0x00000000c5646390}: org/springframework/session/jdbc/JdbcIndexedSessionRepository> (0x00000000c5646390) 
thrown [s\open\src\hotspot\share\classfile\systemDictionary.cpp, line 245]
Event: 3.899 Thread 0x000002aa0e1b7200 Exception <a 'java/lang/NoSuchMethodError'{0x00000000c55ac5b0}: 'void java.lang.invoke.DirectMethodHandle$Holder.invokeSpecial(java.lang.Object, java.lang.Object, java.lang.Object, java.lang.Object, java.lang.Object, java.lang.Object)'> (0x00000000c55ac5b0) 
thrown [s\open\src\hotspot\share\interpreter\linkResolver.cpp, line 759]
Event: 4.060 Thread 0x000002aa0e1b7200 Exception <a 'java/lang/NoSuchMethodError'{0x00000000c50bfa90}: 'int java.lang.invoke.DirectMethodHandle$Holder.invokeSpecialIFC(java.lang.Object, java.lang.Object, java.lang.Object)'> (0x00000000c50bfa90) 
thrown [s\open\src\hotspot\share\interpreter\linkResolver.cpp, line 759]
Event: 4.086 Thread 0x000002aa0e1b7200 Exception <a 'java/lang/NoSuchMethodError'{0x00000000c4fb9810}: 'java.lang.Object java.lang.invoke.DirectMethodHandle$Holder.invokeSpecialIFC(java.lang.Object, java.lang.Object, java.lang.Object)'> (0x00000000c4fb9810) 
thrown [s\open\src\hotspot\share\interpreter\linkResolver.cpp, line 759]
Event: 4.237 Thread 0x000002aa0e1b7200 Exception <a 'java/lang/NoSuchMethodError'{0x00000000c4908ce8}: 'void java.lang.invoke.DirectMethodHandle$Holder.invokeInterface(java.lang.Object, java.lang.Object, int)'> (0x00000000c4908ce8) 
thrown [s\open\src\hotspot\share\interpreter\linkResolver.cpp, line 759]
Event: 4.243 Thread 0x000002aa0e1b7200 Exception <a 'java/lang/IncompatibleClassChangeError'{0x00000000c4958da0}: Found class java.lang.Object, but interface was expected> (0x00000000c4958da0) 
thrown [s\open\src\hotspot\share\interpreter\linkResolver.cpp, line 826]
Event: 4.245 Thread 0x000002aa0e1b7200 Exception <a 'java/lang/NoSuchMethodError'{0x00000000c497c1e0}: 'void java.lang.invoke.DirectMethodHandle$Holder.invokeStatic(java.lang.Object, int, java.lang.Object)'> (0x00000000c497c1e0) 
thrown [s\open\src\hotspot\share\interpreter\linkResolver.cpp, line 759]
Event: 4.250 Thread 0x000002aa0e1b7200 Exception <a 'java/lang/NoSuchMethodError'{0x00000000c49b8108}: 'void java.lang.invoke.DirectMethodHandle$Holder.invokeVirtual(java.lang.Object, java.lang.Object, int)'> (0x00000000c49b8108) 
thrown [s\open\src\hotspot\share\interpreter\linkResolver.cpp, line 759]
Event: 4.251 Thread 0x000002aa0e1b7200 Exception <a 'java/lang/NoSuchMethodError'{0x00000000c49be350}: 'void java.lang.invoke.DirectMethodHandle$Holder.invokeStatic(java.lang.Object, java.lang.Object, java.lang.Object, int, java.lang.Object)'> (0x00000000c49be350) 
thrown [s\open\src\hotspot\share\interpreter\linkResolver.cpp, line 759]
Event: 4.251 Thread 0x000002aa0e1b7200 Exception <a 'java/lang/NoSuchMethodError'{0x00000000c49c57d0}: 'java.lang.Object java.lang.invoke.DirectMethodHandle$Holder.newInvokeSpecial(java.lang.Object, java.lang.Object, java.lang.Object, int)'> (0x00000000c49c57d0) 
thrown [s\open\src\hotspot\share\interpreter\linkResolver.cpp, line 759]
Event: 4.251 Thread 0x000002aa0e1b7200 Exception <a 'java/lang/NoSuchMethodError'{0x00000000c49c9ab8}: 'java.lang.Object java.lang.invoke.DirectMethodHandle$Holder.invokeSpecial(java.lang.Object, java.lang.Object, java.lang.Object, java.lang.Object, int)'> (0x00000000c49c9ab8) 
thrown [s\open\src\hotspot\share\interpreter\linkResolver.cpp, line 759]
Event: 4.251 Thread 0x000002aa0e1b7200 Exception <a 'java/lang/NoSuchMethodError'{0x00000000c49cd680}: 'java.lang.Object java.lang.invoke.Invokers$Holder.linkToTargetMethod(java.lang.Object, java.lang.Object, int, java.lang.Object)'> (0x00000000c49cd680) 
thrown [s\open\src\hotspot\share\interpreter\linkResolver.cpp, line 759]
Event: 4.429 Thread 0x000002aa0e1b7200 Exception <a 'java/lang/NoSuchMethodError'{0x00000000c612da20}: 'java.lang.Object java.lang.invoke.DirectMethodHandle$Holder.invokeStaticInit(java.lang.Object, int, int, int, int)'> (0x00000000c612da20) 
thrown [s\open\src\hotspot\share\interpreter\linkResolver.cpp, line 759]
Event: 4.503 Thread 0x000002aa0e1b7200 Exception <a 'java/lang/NoSuchMethodError'{0x00000000c6175d20}: 'java.lang.Object java.lang.invoke.DirectMethodHandle$Holder.invokeStaticInit(java.lang.Object, java.lang.Object, int, int, int, int)'> (0x00000000c6175d20) 
thrown [s\open\src\hotspot\share\interpreter\linkResolver.cpp, line 759]
Event: 4.682 Thread 0x000002aa0e1b7200 Exception <a 'java/lang/NoSuchMethodError'{0x00000000c5cb6a30}: 'java.lang.Object java.lang.invoke.DirectMethodHandle$Holder.invokeSpecial(java.lang.Object, java.lang.Object, long, java.lang.Object, java.lang.Object, java.lang.Object, java.lang.Object, java.lang.Object, java.lang.Object)'> (0x00000000c5cb6a30) 
thrown [s\open\src\hotspot\share\interpreter\linkResolver.cpp, line 759]
Event: 4.682 Thread 0x000002aa0e1b7200 Exception <a 'java/lang/NoSuchMethodError'{0x00000000c5cbb558}: 'java.lang.Object java.lang.invoke.DelegatingMethodHandle$Holder.reinvoke_L(java.lang.Object, long, java.lang.Object, java.lang.Object, java.lang.Object, java.lang.Object, java.lang.Object, java.lang.Object)'> (0x00000000c5cbb558) 
thrown [s\open\src\hotspot\share\interpreter\linkResolver.cpp, line 759]
Event: 4.755 Thread 0x000002aa0e1b7200 Exception <a 'java/io/FileNotFoundException'{0x00000000c5a1ddf0}> (0x00000000c5a1ddf0) 
thrown [s\open\src\hotspot\share\prims\jni.cpp, line 516]
Event: 4.796 Thread 0x000002aa0e1b7200 Exception <a 'java/lang/NoSuchMethodError'{0x00000000c59c20f8}: 'int java.lang.invoke.DirectMethodHandle$Holder.invokeInterface(java.lang.Object, java.lang.Object, java.lang.Object, java.lang.Object)'> (0x00000000c59c20f8) 
thrown [s\open\src\hotspot\share\interpreter\linkResolver.cpp, line 759]

VM Operations (20 events):
Event: 4.302 Executing VM operation: ICBufferFull done
Event: 4.316 Executing VM operation: G1CollectForAllocation
Event: 4.327 Executing VM operation: G1CollectForAllocation done
Event: 4.347 Executing VM operation: G1CollectForAllocation
Event: 4.357 Executing VM operation: G1CollectForAllocation done
Event: 4.447 Executing VM operation: HandshakeAllThreads
Event: 4.447 Executing VM operation: HandshakeAllThreads done
Event: 4.607 Executing VM operation: HandshakeAllThreads
Event: 4.607 Executing VM operation: HandshakeAllThreads done
Event: 4.616 Executing VM operation: HandshakeAllThreads
Event: 4.616 Executing VM operation: HandshakeAllThreads done
Event: 4.619 Executing VM operation: HandshakeAllThreads
Event: 4.619 Executing VM operation: HandshakeAllThreads done
Event: 4.710 Executing VM operation: HandshakeAllThreads
Event: 4.711 Executing VM operation: HandshakeAllThreads done
Event: 4.745 Executing VM operation: HandshakeAllThreads
Event: 4.745 Executing VM operation: HandshakeAllThreads done
Event: 4.946 Executing VM operation: HandshakeAllThreads
Event: 4.946 Executing VM operation: HandshakeAllThreads done
Event: 5.022 Executing VM operation: G1CollectForAllocation

Events (20 events):
Event: 4.814 loading class java/util/UUID$Holder done
Event: 4.844 loading class jdk/internal/reflect/UnsafeObjectFieldAccessorImpl
Event: 4.845 loading class jdk/internal/reflect/UnsafeObjectFieldAccessorImpl done
Event: 4.849 loading class java/nio/charset/UnsupportedCharsetException
Event: 4.849 loading class java/nio/charset/UnsupportedCharsetException done
Event: 4.865 loading class java/util/Comparators$NullComparator
Event: 4.865 loading class java/util/Comparators$NullComparator done
Event: 4.905 loading class java/lang/SafeVarargs
Event: 4.906 loading class java/lang/SafeVarargs done
Event: 4.908 loading class sun/reflect/generics/reflectiveObjects/GenericArrayTypeImpl
Event: 4.908 loading class sun/reflect/generics/reflectiveObjects/GenericArrayTypeImpl done
Event: 4.945 loading class java/util/concurrent/Executors$FinalizableDelegatedExecutorService
Event: 4.945 loading class java/util/concurrent/Executors$DelegatedExecutorService
Event: 4.945 loading class java/util/concurrent/Executors$DelegatedExecutorService done
Event: 4.945 loading class java/util/concurrent/Executors$FinalizableDelegatedExecutorService done
Event: 4.946 loading class java/util/concurrent/ThreadPoolExecutor$Worker
Event: 4.946 loading class java/util/concurrent/ThreadPoolExecutor$Worker done
Event: 4.946 loading class java/lang/Thread$State
Event: 4.946 loading class java/lang/Thread$State done
Event: 4.947 Thread 0x000002aa632d9340 Thread added: 0x000002aa632d9340


Dynamic libraries:
0x00007ff625380000 - 0x00007ff625390000 	C:\Program Files\Java\jdk-17\bin\java.exe
0x00007ffe58cf0000 - 0x00007ffe58ee8000 	C:\Windows\SYSTEM32\ntdll.dll
0x00007ffe56d90000 - 0x00007ffe56e4f000 	C:\Windows\System32\KERNEL32.DLL
0x00007ffe565d0000 - 0x00007ffe568a2000 	C:\Windows\System32\KERNELBASE.dll
0x00007ffe568b0000 - 0x00007ffe569b0000 	C:\Windows\System32\ucrtbase.dll
0x00007ffe4f050000 - 0x00007ffe4f069000 	C:\Program Files\Java\jdk-17\bin\jli.dll
0x00007ffe586e0000 - 0x00007ffe5878e000 	C:\Windows\System32\ADVAPI32.dll
0x00007ffe57db0000 - 0x00007ffe57e4e000 	C:\Windows\System32\msvcrt.dll
0x00007ffe57bb0000 - 0x00007ffe57c4c000 	C:\Windows\System32\sechost.dll
0x00007ffe58af0000 - 0x00007ffe58c15000 	C:\Windows\System32\RPCRT4.dll
0x00007ffe58220000 - 0x00007ffe583c1000 	C:\Windows\System32\USER32.dll
0x00007ffe565a0000 - 0x00007ffe565c2000 	C:\Windows\System32\win32u.dll
0x00007ffe56e60000 - 0x00007ffe56e8b000 	C:\Windows\System32\GDI32.dll
0x00007ffe56bf0000 - 0x00007ffe56cff000 	C:\Windows\System32\gdi32full.dll
0x00007ffe56ae0000 - 0x00007ffe56b7d000 	C:\Windows\System32\msvcp_win.dll
0x00007ffe4ea70000 - 0x00007ffe4ea8b000 	C:\Program Files\Java\jdk-17\bin\VCRUNTIME140.dll
0x00007ffe43c10000 - 0x00007ffe43eaa000 	C:\Windows\WinSxS\amd64_microsoft.windows.common-controls_6595b64144ccf1df_6.0.19041.1110_none_60b5254171f9507e\COMCTL32.dll
0x00007ffe4aea0000 - 0x00007ffe4aeaa000 	C:\Windows\SYSTEM32\VERSION.dll
0x00007ffe57b60000 - 0x00007ffe57b92000 	C:\Windows\System32\IMM32.DLL
0x00007ffe51180000 - 0x00007ffe5118c000 	C:\Program Files\Java\jdk-17\bin\vcruntime140_1.dll
0x00007ffe2fff0000 - 0x00007ffe3007e000 	C:\Program Files\Java\jdk-17\bin\msvcp140.dll
0x00007ffe0e830000 - 0x00007ffe0f410000 	C:\Program Files\Java\jdk-17\bin\server\jvm.dll
0x00007ffe58480000 - 0x00007ffe58488000 	C:\Windows\System32\PSAPI.DLL
0x00007ffe3fec0000 - 0x00007ffe3fec9000 	C:\Windows\SYSTEM32\WSOCK32.dll
0x00007ffe58610000 - 0x00007ffe5867b000 	C:\Windows\System32\WS2_32.dll
0x00007ffe363b0000 - 0x00007ffe363d7000 	C:\Windows\SYSTEM32\WINMM.dll
0x00007ffe54c00000 - 0x00007ffe54c12000 	C:\Windows\SYSTEM32\kernel.appcore.dll
0x00007ffe51140000 - 0x00007ffe5114a000 	C:\Program Files\Java\jdk-17\bin\jimage.dll
0x00007ffe54910000 - 0x00007ffe54af4000 	C:\Windows\SYSTEM32\DBGHELP.DLL
0x00007ffe3c390000 - 0x00007ffe3c3c5000 	C:\Windows\SYSTEM32\dbgcore.DLL
0x00007ffe56510000 - 0x00007ffe56592000 	C:\Windows\System32\bcryptPrimitives.dll
0x00007ffe47740000 - 0x00007ffe47765000 	C:\Program Files\Java\jdk-17\bin\java.dll
0x00007ffe2f9c0000 - 0x00007ffe2fa97000 	C:\Program Files\Java\jdk-17\bin\jsvml.dll
0x00007ffe57410000 - 0x00007ffe57b54000 	C:\Windows\System32\SHELL32.dll
0x00007ffe540a0000 - 0x00007ffe54832000 	C:\Windows\SYSTEM32\windows.storage.dll
0x00007ffe58790000 - 0x00007ffe58ae5000 	C:\Windows\System32\combase.dll
0x00007ffe55da0000 - 0x00007ffe55dd0000 	C:\Windows\SYSTEM32\Wldp.dll
0x00007ffe583d0000 - 0x00007ffe5847d000 	C:\Windows\System32\SHCORE.dll
0x00007ffe58680000 - 0x00007ffe586d5000 	C:\Windows\System32\shlwapi.dll
0x00007ffe562f0000 - 0x00007ffe5630f000 	C:\Windows\SYSTEM32\profapi.dll
0x00007ffe4ea20000 - 0x00007ffe4ea39000 	C:\Program Files\Java\jdk-17\bin\net.dll
0x00007ffe44bd0000 - 0x00007ffe44cdc000 	C:\Windows\SYSTEM32\WINHTTP.dll
0x00007ffe55a90000 - 0x00007ffe55afa000 	C:\Windows\system32\mswsock.dll
0x00007ffe4e860000 - 0x00007ffe4e876000 	C:\Program Files\Java\jdk-17\bin\nio.dll
0x00007ffe4e2a0000 - 0x00007ffe4e2b8000 	C:\Program Files\Java\jdk-17\bin\zip.dll
0x00007ffe4ea50000 - 0x00007ffe4ea5e000 	C:\Program Files\Java\jdk-17\bin\sunmscapi.dll
0x00007ffe563b0000 - 0x00007ffe56506000 	C:\Windows\System32\CRYPT32.dll
0x00007ffe55e10000 - 0x00007ffe55e37000 	C:\Windows\SYSTEM32\ncrypt.dll
0x00007ffe55dd0000 - 0x00007ffe55e0b000 	C:\Windows\SYSTEM32\NTASN1.dll
0x00007ffe55d00000 - 0x00007ffe55d18000 	C:\Windows\SYSTEM32\CRYPTSP.dll
0x00007ffe553b0000 - 0x00007ffe553e4000 	C:\Windows\system32\rsaenh.dll
0x00007ffe569b0000 - 0x00007ffe569d7000 	C:\Windows\System32\bcrypt.dll
0x00007ffe56270000 - 0x00007ffe5629e000 	C:\Windows\SYSTEM32\USERENV.dll
0x00007ffe55cf0000 - 0x00007ffe55cfc000 	C:\Windows\SYSTEM32\CRYPTBASE.dll
0x00007ffe55780000 - 0x00007ffe557bb000 	C:\Windows\SYSTEM32\IPHLPAPI.DLL
0x00007ffe57ba0000 - 0x00007ffe57ba8000 	C:\Windows\System32\NSI.dll
0x00007ffe441f0000 - 0x00007ffe44207000 	C:\Windows\SYSTEM32\dhcpcsvc6.DLL
0x00007ffe442f0000 - 0x00007ffe4430d000 	C:\Windows\SYSTEM32\dhcpcsvc.DLL
0x00007ffe557c0000 - 0x00007ffe5588a000 	C:\Windows\SYSTEM32\DNSAPI.dll
0x00007ffe4dec0000 - 0x00007ffe4deca000 	C:\Program Files\Java\jdk-17\bin\management.dll
0x00007ffe4deb0000 - 0x00007ffe4debb000 	C:\Program Files\Java\jdk-17\bin\management_ext.dll

dbghelp: loaded successfully - version: 4.0.5 - missing functions: none
symbol engine: initialized successfully - sym options: 0x614 - pdb path: .;C:\Program Files\Java\jdk-17\bin;C:\Windows\SYSTEM32;C:\Windows\WinSxS\amd64_microsoft.windows.common-controls_6595b64144ccf1df_6.0.19041.1110_none_60b5254171f9507e;C:\Program Files\Java\jdk-17\bin\server

VM Arguments:
jvm_args: -XX:TieredStopAtLevel=1 
java_command: rw.hotel.venue.VenueApplication
java_class_path (initial): C:\Users\Sabine\Desktop\Project\venue\venue\target\classes;C:\Users\Sabine\.m2\repository\org\aspectj\aspectjweaver\1.9.22.1\aspectjweaver-1.9.22.1.jar;C:\Users\Sabine\.m2\repository\com\zaxxer\HikariCP\5.1.0\HikariCP-5.1.0.jar;C:\Users\Sabine\.m2\repository\org\springframework\spring-jdbc\6.1.13\spring-jdbc-6.1.13.jar;C:\Users\Sabine\.m2\repository\org\hibernate\orm\hibernate-core\6.5.3.Final\hibernate-core-6.5.3.Final.jar;C:\Users\Sabine\.m2\repository\jakarta\persistence\jakarta.persistence-api\3.1.0\jakarta.persistence-api-3.1.0.jar;C:\Users\Sabine\.m2\repository\jakarta\transaction\jakarta.transaction-api\2.0.1\jakarta.transaction-api-2.0.1.jar;C:\Users\Sabine\.m2\repository\org\jboss\logging\jboss-logging\3.5.3.Final\jboss-logging-3.5.3.Final.jar;C:\Users\Sabine\.m2\repository\org\hibernate\common\hibernate-commons-annotations\6.0.6.Final\hibernate-commons-annotations-6.0.6.Final.jar;C:\Users\Sabine\.m2\repository\io\smallrye\jandex\3.1.2\jandex-3.1.2.jar;C:\Users\Sabine\.m2\repository\com\fasterxml\classmate\1.7.0\classmate-1.7.0.jar;C:\Users\Sabine\.m2\repository\net\bytebuddy\byte-buddy\1.14.19\byte-buddy-1.14.19.jar;C:\Users\Sabine\.m2\repository\org\glassfish\jaxb\jaxb-runtime\4.0.5\jaxb-runtime-4.0.5.jar;C:\Users\Sabine\.m2\repository\org\glassfish\jaxb\jaxb-core\4.0.5\jaxb-core-4.0.5.jar;C:\Users\Sabine\.m2\repository\org\eclipse\angus\angus-activation\2.0.2\angus-activation-2.0.2.jar;C:\Users\Sabine\.m2\repository\org\glassfish\jaxb\txw2\4.0.5\txw2-4.0.5.jar;C:\Users\Sabine\.m2\repository\com\sun\istack\istack-commons-runtime\4.1.2\istack-commons-runtime-4.1.2.jar;C:\Users\Sabine\.m2\repository\jakarta\inject\jakarta.inject-api\2.0.1\jakarta.inject-api-2.0.1.jar;C:\Users\Sabine\.m2\repository\org\antlr\antlr4-runtime\4.13.0\antlr4-runtime-4.13.0.jar;C:\Users\Sabine\.m2\repository\org\springframework\data\spring-data-jpa\3.3.4\spring-data-jpa-3.3.4.jar;C:\Users\Sabine\.m2\repository\org\springframework\data\spring-data-commo
Launcher Type: SUN_STANDARD

[Global flags]
     intx CICompilerCount                          = 2                                         {product} {ergonomic}
     uint ConcGCThreads                            = 1                                         {product} {ergonomic}
     uint G1ConcRefinementThreads                  = 2                                         {product} {ergonomic}
   size_t G1HeapRegionSize                         = 1048576                                   {product} {ergonomic}
    uintx GCDrainStackTargetSize                   = 64                                        {product} {ergonomic}
   size_t InitialHeapSize                          = 65011712                                  {product} {ergonomic}
   size_t MarkStackSize                            = 4194304                                   {product} {ergonomic}
   size_t MaxHeapSize                              = 1023410176                                {product} {ergonomic}
   size_t MaxNewSize                               = 613416960                                 {product} {ergonomic}
   size_t MinHeapDeltaBytes                        = 1048576                                   {product} {ergonomic}
   size_t MinHeapSize                              = 8388608                                   {product} {ergonomic}
    uintx NonProfiledCodeHeapSize                  = 0                                      {pd product} {ergonomic}
     bool ProfileInterpreter                       = false                                  {pd product} {command line}
    uintx ProfiledCodeHeapSize                     = 0                                      {pd product} {ergonomic}
   size_t SoftMaxHeapSize                          = 1023410176                             {manageable} {ergonomic}
     intx TieredStopAtLevel                        = 1                                         {product} {command line}
     bool UseCompressedClassPointers               = true                           {product lp64_product} {ergonomic}
     bool UseCompressedOops                        = true                           {product lp64_product} {ergonomic}
     bool UseG1GC                                  = true                                      {product} {ergonomic}
     bool UseLargePagesIndividualAllocation        = false                                  {pd product} {ergonomic}

Logging:
Log output configuration:
 #0: stdout all=warning uptime,level,tags
 #1: stderr all=off uptime,level,tags

Environment Variables:
JAVA_HOME=C:\Program Files\Java\jdk-17\bin
PATH=C:\Users\Sabine\bin;C:\Program Files\Git\mingw64\bin;C:\Program Files\Git\usr\local\bin;C:\Program Files\Git\usr\bin;C:\Program Files\Git\usr\bin;C:\Program Files\Git\mingw64\bin;C:\Program Files\Git\usr\bin;C:\Users\Sabine\bin;C:\Program Files\Common Files\Oracle\Java\javapath;C:\oraclexe\app\oracle\product\11.2.0\server\bin;C:\Windows\system32;C:\Windows;C:\Windows\System32\Wbem;C:\Windows\System32\WindowsPowerShell\v1.0;C:\Windows\System32\OpenSSH;C:\flutter\bin;C:\Program Files\TortoiseSVN\bin;C:\Program Files\Git\cmd;C:\Users\Sabine\AppData\Local\Programs\Microsoft VS Code\bin;C:\Program Files\apache-maven-3.8.8\bin;C:\Program Files\MySQL\MySQL Server 8.0\bin;C:\Program Files\Java\jdk-17\bin;C:\Program Files\Git\usr\bin\vendor_perl;C:\Program Files\Git\usr\bin\core_perl
USERNAME=Sabine
SHELL=C:\Program Files\Git\usr\bin\bash.exe
DISPLAY=needs-to-be-defined
LANG=en_US.UTF-8
OS=Windows_NT
PROCESSOR_IDENTIFIER=Intel64 Family 6 Model 122 Stepping 8, GenuineIntel



---------------  S Y S T E M  ---------------

OS:
 Windows 10 , 64 bit Build 19041 (10.0.19041.2364)
OS uptime: 6 days 20:28 hours

CPU: total 2 (initial active 2) (2 cores per cpu, 1 threads per core) family 6 model 122 stepping 8 microcode 0xc, cx8, cmov, fxsr, mmx, 3dnowpref, sse, sse2, sse3, ssse3, sse4.1, sse4.2, popcnt, tsc, tscinvbit, aes, erms, clmul, sha, clflush, clflushopt

Memory: 4k page, system-wide physical 3899M (398M free)
TotalPageFile size 8587M (AvailPageFile size 4M)
current process WorkingSet (physical memory assigned to process): 139M, peak: 139M
current process commit charge ("private bytes"): 186M, peak: 190M

vm_info: Java HotSpot(TM) 64-Bit Server VM (17.0.12+8-LTS-286) for windows-amd64 JRE (17.0.12+8-LTS-286), built on Jun  5 2024 06:46:59 by "mach5one" with MS VC++ 17.6 (VS2022)

END.
