#
# There is insufficient memory for the Java Runtime Environment to continue.
# Native memory allocation (malloc) failed to allocate 992576 bytes. Error detail: Chunk::new
# Possible reasons:
#   The system is out of physical RAM or swap space
#   This process is running with CompressedOops enabled, and the Java Heap may be blocking the growth of the native heap
# Possible solutions:
#   Reduce memory load on the system
#   Increase physical memory or swap space
#   Check if swap backing store is full
#   Decrease Java heap size (-Xmx/-Xms)
#   Decrease number of Java threads
#   Decrease Java thread stack sizes (-Xss)
#   Set larger code cache with -XX:ReservedCodeCacheSize=
#   JVM is running with Unscaled Compressed Oops mode in which the Java heap is
#     placed in the first 4GB address space. The Java Heap base address is the
#     maximum limit for the native heap growth. Please use -XX:HeapBaseMinAddress
#     to set the Java Heap base and to place the Java Heap above 4GB virtual address.
# This output file may be truncated or incomplete.
#
#  Out of Memory Error (arena.cpp:191), pid=10672, tid=1196
#
# JRE version: OpenJDK Runtime Environment Temurin-17.0.12+7 (17.0.12+7) (build 17.0.12+7)
# Java VM: OpenJDK 64-Bit Server VM Temurin-17.0.12+7 (17.0.12+7, mixed mode, tiered, compressed oops, compressed class ptrs, parallel gc, windows-amd64)
# No core dump will be written. Minidumps are not enabled by default on client versions of Windows
#

---------------  S U M M A R Y ------------

Command Line: --add-modules=ALL-SYSTEM --add-opens=java.base/java.util=ALL-UNNAMED --add-opens=java.base/java.lang=ALL-UNNAMED --add-opens=java.base/sun.nio.fs=ALL-UNNAMED -Declipse.application=org.eclipse.jdt.ls.core.id1 -Dosgi.bundles.defaultStartLevel=4 -Declipse.product=org.eclipse.jdt.ls.core.product -Djava.import.generatesMetadataFilesAtProjectRoot=false -DDetectVMInstallationsJob.disabled=true -Dfile.encoding=utf8 -XX:+UseParallelGC -XX:GCTimeRatio=4 -XX:AdaptiveSizePolicyWeight=90 -Dsun.zip.disableMemoryMapping=true -Xmx1G -Xms100m -Xlog:disable -javaagent:c:\Users\Sabine\.vscode\extensions\redhat.java-1.35.1-win32-x64\lombok\lombok-1.18.33.jar -XX:+HeapDumpOnOutOfMemoryError -XX:HeapDumpPath=c:\Users\Sabine\AppData\Roaming\Code\User\workspaceStorage\77a0d4b9be1ea7bffd0f07714f41a956\redhat.java -Daether.dependencyCollector.impl=bf c:\Users\Sabine\.vscode\extensions\redhat.java-1.35.1-win32-x64\server\plugins\org.eclipse.equinox.launcher_1.6.900.v20240613-2009.jar -configuration c:\Users\Sabine\AppData\Roaming\Code\User\globalStorage\redhat.java\1.35.1\config_win -data c:\Users\Sabine\AppData\Roaming\Code\User\workspaceStorage\77a0d4b9be1ea7bffd0f07714f41a956\redhat.java\jdt_ws --pipe=\\.\pipe\lsp-54106aca2565cd1ab2707da0ed6933e5-sock

Host: Intel(R) Celeron(R) N4020 CPU @ 1.10GHz, 2 cores, 3G,  Windows 10 , 64 bit Build 19041 (10.0.19041.2364)
Time: Fri Nov  1 12:28:10 2024 Egypt Standard Time elapsed time: 58.575458 seconds (0d 0h 0m 58s)

---------------  T H R E A D  ---------------

Current thread (0x000001825eb59ff0):  JavaThread "C2 CompilerThread0" daemon [_thread_in_native, id=1196, stack(0x0000003339900000,0x0000003339a00000)]


Current CompileTask:
C2:  58575 13212   !   4       org.eclipse.jdt.internal.core.search.indexing.BinaryIndexer::indexDocument (1157 bytes)

Stack: [0x0000003339900000,0x0000003339a00000]
Native frames: (J=compiled Java code, j=interpreted, Vv=VM code, C=native code)
V  [jvm.dll+0x67f929]
V  [jvm.dll+0x8371ba]
V  [jvm.dll+0x838c7e]
V  [jvm.dll+0x8392e3]
V  [jvm.dll+0x24834f]
V  [jvm.dll+0xac9d4]
V  [jvm.dll+0xad01c]
V  [jvm.dll+0x2af96f]
V  [jvm.dll+0x5868d7]
V  [jvm.dll+0x2231c2]
V  [jvm.dll+0x21c4d0]
V  [jvm.dll+0x219be1]
V  [jvm.dll+0x1a58bd]
V  [jvm.dll+0x229a2d]
V  [jvm.dll+0x227bdc]
V  [jvm.dll+0x7ec1f7]
V  [jvm.dll+0x7e65dc]
V  [jvm.dll+0x67e7f7]
C  [ucrtbase.dll+0x21bb2]
C  [KERNEL32.DLL+0x17614]
C  [ntdll.dll+0x526a1]


---------------  P R O C E S S  ---------------

Threads class SMR info:
_java_thread_list=0x000001826386eb70, length=35, elements={
0x000001824ad35260, 0x000001825eb30740, 0x000001825eb31d20, 0x000001825eb76dd0,
0x000001825eb77990, 0x000001825eb58c80, 0x000001825eb59250, 0x000001825eb59ff0,
0x000001825ebcefb0, 0x000001825ebd2170, 0x000001824adf1140, 0x00000182639b1100,
0x0000018263fcf9d0, 0x0000018264543250, 0x0000018264543730, 0x00000182642bcdd0,
0x00000182646216e0, 0x00000182648c0b80, 0x00000182648c3400, 0x00000182648c3910,
0x00000182648c1090, 0x00000182648c15a0, 0x00000182648c3e20, 0x00000182648c1ab0,
0x00000182648c1fc0, 0x00000182648c4330, 0x00000182648c24d0, 0x00000182658a6820,
0x00000182658a4ed0, 0x00000182658a49c0, 0x00000182658a3fa0, 0x00000182658a6310,
0x00000182658a58f0, 0x00000182658a7240, 0x00000182658a7750
}

Java Threads: ( => current thread )
  0x000001824ad35260 JavaThread "main" [_thread_blocked, id=15004, stack(0x0000003339000000,0x0000003339100000)]
  0x000001825eb30740 JavaThread "Reference Handler" daemon [_thread_blocked, id=7540, stack(0x0000003339300000,0x0000003339400000)]
  0x000001825eb31d20 JavaThread "Finalizer" daemon [_thread_blocked, id=7960, stack(0x0000003339400000,0x0000003339500000)]
  0x000001825eb76dd0 JavaThread "Signal Dispatcher" daemon [_thread_blocked, id=14628, stack(0x0000003339500000,0x0000003339600000)]
  0x000001825eb77990 JavaThread "Attach Listener" daemon [_thread_blocked, id=2884, stack(0x0000003339600000,0x0000003339700000)]
  0x000001825eb58c80 JavaThread "Service Thread" daemon [_thread_blocked, id=8952, stack(0x0000003339700000,0x0000003339800000)]
  0x000001825eb59250 JavaThread "Monitor Deflation Thread" daemon [_thread_blocked, id=3656, stack(0x0000003339800000,0x0000003339900000)]
=>0x000001825eb59ff0 JavaThread "C2 CompilerThread0" daemon [_thread_in_native, id=1196, stack(0x0000003339900000,0x0000003339a00000)]
  0x000001825ebcefb0 JavaThread "C1 CompilerThread0" daemon [_thread_blocked, id=2484, stack(0x0000003339a00000,0x0000003339b00000)]
  0x000001825ebd2170 JavaThread "Sweeper thread" daemon [_thread_blocked, id=10168, stack(0x0000003339b00000,0x0000003339c00000)]
  0x000001824adf1140 JavaThread "Common-Cleaner" daemon [_thread_blocked, id=14532, stack(0x0000003339c00000,0x0000003339d00000)]
  0x00000182639b1100 JavaThread "Notification Thread" daemon [_thread_blocked, id=3904, stack(0x0000003339d00000,0x0000003339e00000)]
  0x0000018263fcf9d0 JavaThread "Active Thread: Equinox Container: a546a542-0024-4b74-86bc-c42223f01128" [_thread_blocked, id=10076, stack(0x000000333a000000,0x000000333a100000)]
  0x0000018264543250 JavaThread "Framework Event Dispatcher: Equinox Container: a546a542-0024-4b74-86bc-c42223f01128" daemon [_thread_blocked, id=13036, stack(0x000000333a100000,0x000000333a200000)]
  0x0000018264543730 JavaThread "Start Level: Equinox Container: a546a542-0024-4b74-86bc-c42223f01128" daemon [_thread_blocked, id=12052, stack(0x000000333a200000,0x000000333a300000)]
  0x00000182642bcdd0 JavaThread "Bundle File Closer" daemon [_thread_blocked, id=15188, stack(0x000000333a300000,0x000000333a400000)]
  0x00000182646216e0 JavaThread "SCR Component Actor" daemon [_thread_blocked, id=15152, stack(0x000000333a400000,0x000000333a500000)]
  0x00000182648c0b80 JavaThread "Worker-JM" [_thread_blocked, id=15108, stack(0x000000333a600000,0x000000333a700000)]
  0x00000182648c3400 JavaThread "JNA Cleaner" daemon [_thread_blocked, id=2308, stack(0x000000333a700000,0x000000333a800000)]
  0x00000182648c3910 JavaThread "Worker-0" [_thread_blocked, id=7116, stack(0x000000333a800000,0x000000333a900000)]
  0x00000182648c1090 JavaThread "Worker-1" [_thread_blocked, id=13608, stack(0x000000333a900000,0x000000333aa00000)]
  0x00000182648c15a0 JavaThread "Java indexing" daemon [_thread_in_vm, id=8760, stack(0x000000333aa00000,0x000000333ab00000)]
  0x00000182648c3e20 JavaThread "Worker-2" [_thread_blocked, id=11740, stack(0x000000333ab00000,0x000000333ac00000)]
  0x00000182648c1ab0 JavaThread "Thread-2" daemon [_thread_in_native, id=13932, stack(0x000000333ac00000,0x000000333ad00000)]
  0x00000182648c1fc0 JavaThread "Thread-3" daemon [_thread_in_native, id=14276, stack(0x000000333ad00000,0x000000333ae00000)]
  0x00000182648c4330 JavaThread "Thread-4" daemon [_thread_in_native, id=11312, stack(0x000000333ae00000,0x000000333af00000)]
  0x00000182648c24d0 JavaThread "pool-2-thread-1" [_thread_blocked, id=13624, stack(0x000000333af00000,0x000000333b000000)]
  0x00000182658a6820 JavaThread "WorkspaceEventsHandler" [_thread_blocked, id=4000, stack(0x000000333b000000,0x000000333b100000)]
  0x00000182658a4ed0 JavaThread "pool-1-thread-1" [_thread_blocked, id=14640, stack(0x000000333b100000,0x000000333b200000)]
  0x00000182658a49c0 JavaThread "Worker-3: Java indexing... " [_thread_blocked, id=13820, stack(0x000000333b200000,0x000000333b300000)]
  0x00000182658a3fa0 JavaThread "Worker-4" [_thread_blocked, id=1648, stack(0x000000333a500000,0x000000333a600000)]
  0x00000182658a6310 JavaThread "Worker-5" [_thread_blocked, id=4968, stack(0x000000333b300000,0x000000333b400000)]
  0x00000182658a58f0 JavaThread "Worker-6" [_thread_blocked, id=12984, stack(0x000000333b400000,0x000000333b500000)]
  0x00000182658a7240 JavaThread "ForkJoinPool.commonPool-worker-1" daemon [_thread_blocked, id=10472, stack(0x000000333bb00000,0x000000333bc00000)]
  0x00000182658a7750 JavaThread "Compiler Processing Task" daemon [_thread_blocked, id=13348, stack(0x000000333b700000,0x000000333b800000)]

Other Threads:
  0x000001825eaac460 VMThread "VM Thread" [stack: 0x0000003339200000,0x0000003339300000] [id=572]
  0x000001826395e8a0 WatcherThread [stack: 0x0000003339e00000,0x0000003339f00000] [id=11904]
  0x000001824ad4bbe0 GCTaskThread "GC Thread#0" [stack: 0x0000003339100000,0x0000003339200000] [id=12008]
  0x0000018263e4d360 GCTaskThread "GC Thread#1" [stack: 0x0000003339f00000,0x000000333a000000] [id=3932]

Threads with active compile tasks:
C2 CompilerThread0    58606 13212   !   4       org.eclipse.jdt.internal.core.search.indexing.BinaryIndexer::indexDocument (1157 bytes)

VM state: not at safepoint (normal execution)

VM Mutex/Monitor currently owned by a thread: None

Heap address: 0x00000000c0000000, size: 1024 MB, Compressed Oops mode: 32-bit

CDS archive(s) not mapped
Compressed class space mapped at: 0x0000000100000000-0x0000000140000000, reserved size: 1073741824
Narrow klass base: 0x0000000000000000, Narrow klass shift: 3, Narrow klass range: 0x140000000

GC Precious Log:
 CPUs: 2 total, 2 available
 Memory: 3899M
 Large Page Support: Disabled
 NUMA Support: Disabled
 Compressed Oops: Enabled (32-bit)
 Alignments: Space 512K, Generation 512K, Heap 2M
 Heap Min Capacity: 100M
 Heap Initial Capacity: 100M
 Heap Max Capacity: 1G
 Pre-touch: Disabled
 Parallel Workers: 2

Heap:
 PSYoungGen      total 20480K, used 18310K [0x00000000eab00000, 0x00000000ec900000, 0x0000000100000000)
  eden space 12288K, 82% used [0x00000000eab00000,0x00000000eb4e61a0,0x00000000eb700000)
  from space 8192K, 99% used [0x00000000eb780000,0x00000000ebf7ba28,0x00000000ebf80000)
  to   space 9216K, 0% used [0x00000000ec000000,0x00000000ec000000,0x00000000ec900000)
 ParOldGen       total 138240K, used 113855K [0x00000000c0000000, 0x00000000c8700000, 0x00000000eab00000)
  object space 138240K, 82% used [0x00000000c0000000,0x00000000c6f2fd58,0x00000000c8700000)
 Metaspace       used 74418K, committed 75904K, reserved 1179648K
  class space    used 7668K, committed 8320K, reserved 1048576K

Card table byte_map: [0x000001824a710000,0x000001824a920000] _byte_map_base: 0x000001824a110000

Marking Bits: (ParMarkBitMap*) 0x00007fff2ede58b0
 Begin Bits: [0x000001825c9e0000, 0x000001825d9e0000)
 End Bits:   [0x000001825d9e0000, 0x000001825e9e0000)

Polling page: 0x000001824a500000

Metaspace:

Usage:
  Non-class:     65.19 MB used.
      Class:      7.49 MB used.
       Both:     72.67 MB used.

Virtual space:
  Non-class space:      128.00 MB reserved,      66.00 MB ( 52%) committed,  2 nodes.
      Class space:        1.00 GB reserved,       8.12 MB ( <1%) committed,  1 nodes.
             Both:        1.12 GB reserved,      74.12 MB (  6%) committed. 

Chunk freelists:
   Non-Class:  13.41 MB
       Class:  7.78 MB
        Both:  21.19 MB

MaxMetaspaceSize: unlimited
CompressedClassSpaceSize: 1.00 GB
Initial GC threshold: 21.00 MB
Current GC threshold: 119.69 MB
CDS: off
MetaspaceReclaimPolicy: balanced
 - commit_granule_bytes: 65536.
 - commit_granule_words: 8192.
 - virtual_space_node_default_size: 8388608.
 - enlarge_chunks_in_place: 1.
 - new_chunks_are_fully_committed: 0.
 - uncommit_free_chunks: 1.
 - use_allocation_guard: 0.
 - handle_deallocations: 1.


Internal statistics:

num_allocs_failed_limit: 9.
num_arena_births: 958.
num_arena_deaths: 14.
num_vsnodes_births: 3.
num_vsnodes_deaths: 0.
num_space_committed: 1186.
num_space_uncommitted: 0.
num_chunks_returned_to_freelist: 23.
num_chunks_taken_from_freelist: 4060.
num_chunk_merges: 10.
num_chunk_splits: 2526.
num_chunks_enlarged: 1474.
num_inconsistent_stats: 0.

CodeHeap 'non-profiled nmethods': size=120064Kb used=7111Kb max_used=7111Kb free=112952Kb
 bounds [0x00000182554a0000, 0x0000018255ba0000, 0x000001825c9e0000]
CodeHeap 'profiled nmethods': size=120000Kb used=24671Kb max_used=24671Kb free=95328Kb
 bounds [0x000001824d9e0000, 0x000001824f200000, 0x0000018254f10000]
CodeHeap 'non-nmethods': size=5696Kb used=1364Kb max_used=1430Kb free=4332Kb
 bounds [0x0000018254f10000, 0x0000018255180000, 0x00000182554a0000]
 total_blobs=11687 nmethods=10971 adapters=630
 compilation: enabled
              stopped_count=0, restarted_count=0
 full_count=0

Compilation events (20 events):
Event: 57.761 Thread 0x000001825eb59ff0 nmethod 13202 0x0000018255b7f090 code [0x0000018255b7f2e0, 0x0000018255b809a0]
Event: 57.764 Thread 0x000001825eb59ff0 13203       4       org.eclipse.jdt.internal.core.search.indexing.AbstractIndexer::addMethodReference (13 bytes)
Event: 57.802 Thread 0x000001825eb59ff0 nmethod 13203 0x0000018255b81490 code [0x0000018255b81680, 0x0000018255b82838]
Event: 57.804 Thread 0x000001825eb59ff0 13204       4       org.eclipse.jdt.internal.core.search.indexing.BinaryIndexer::extractArgCount (8 bytes)
Event: 57.819 Thread 0x000001825eb59ff0 nmethod 13204 0x0000018255b83310 code [0x0000018255b834a0, 0x0000018255b83be8]
Event: 57.821 Thread 0x000001825eb59ff0 13205   !   4       org.eclipse.jdt.internal.compiler.parser.Scanner::getNextChar (71 bytes)
Event: 57.822 Thread 0x000001825eb59ff0 nmethod 13205 0x0000018255b83f90 code [0x0000018255b84100, 0x0000018255b841f8]
Event: 57.824 Thread 0x000001825eb59ff0 13206       4       org.eclipse.jdt.internal.compiler.classfmt.MethodInfo::createMethod (710 bytes)
Event: 57.960 Thread 0x000001825eb59ff0 nmethod 13206 0x0000018255b84310 code [0x0000018255b845e0, 0x0000018255b87820]
Event: 57.978 Thread 0x000001825ebcefb0 13207       3       org.eclipse.jdt.internal.core.search.indexing.BinaryIndexer::removeFirstSyntheticParameter (73 bytes)
Event: 57.978 Thread 0x000001825ebcefb0 nmethod 13207 0x000001824f1f5490 code [0x000001824f1f5680, 0x000001824f1f5b58]
Event: 58.063 Thread 0x000001825eb59ff0 13208       4       java.util.Collections$SetFromMap::add (22 bytes)
Event: 58.070 Thread 0x000001825eb59ff0 nmethod 13208 0x0000018255b89610 code [0x0000018255b897e0, 0x0000018255b89bf0]
Event: 58.134 Thread 0x000001825eb59ff0 13209   !   4       java.util.zip.ZipFile::getInputStream (276 bytes)
Event: 58.200 Thread 0x000001825eb59ff0 nmethod 13209 0x0000018255b89f90 code [0x0000018255b8a280, 0x0000018255b8c990]
Event: 58.251 Thread 0x000001825ebcefb0 13210       3       org.eclipse.jdt.internal.compiler.classfmt.TypeAnnotationInfo::<init> (445 bytes)
Event: 58.253 Thread 0x000001825ebcefb0 nmethod 13210 0x000001824f1f5d10 code [0x000001824f1f5fa0, 0x000001824f1f7508]
Event: 58.265 Thread 0x000001825eb59ff0 13211       4       org.eclipse.jdt.internal.compiler.classfmt.AnnotationInfo::scanAnnotation (330 bytes)
Event: 58.326 Thread 0x000001825eb59ff0 nmethod 13211 0x0000018255b8e490 code [0x0000018255b8eb80, 0x0000018255b90cb8]
Event: 58.412 Thread 0x000001825eb59ff0 13212   !   4       org.eclipse.jdt.internal.core.search.indexing.BinaryIndexer::indexDocument (1157 bytes)

GC Heap History (20 events):
Event: 53.394 GC heap before
{Heap before GC invocations=112 (full 6):
 PSYoungGen      total 16384K, used 16365K [0x00000000eab00000, 0x00000000ec080000, 0x0000000100000000)
  eden space 12800K, 100% used [0x00000000eab00000,0x00000000eb780000,0x00000000eb780000)
  from space 3584K, 99% used [0x00000000eb780000,0x00000000ebafb408,0x00000000ebb00000)
  to   space 4608K, 0% used [0x00000000ebc00000,0x00000000ebc00000,0x00000000ec080000)
 ParOldGen       total 138240K, used 106214K [0x00000000c0000000, 0x00000000c8700000, 0x00000000eab00000)
  object space 138240K, 76% used [0x00000000c0000000,0x00000000c67b9820,0x00000000c8700000)
 Metaspace       used 73349K, committed 74816K, reserved 1179648K
  class space    used 7555K, committed 8192K, reserved 1048576K
}
Event: 53.403 GC heap after
{Heap after GC invocations=112 (full 6):
 PSYoungGen      total 16896K, used 4589K [0x00000000eab00000, 0x00000000ec180000, 0x0000000100000000)
  eden space 12288K, 0% used [0x00000000eab00000,0x00000000eab00000,0x00000000eb700000)
  from space 4608K, 99% used [0x00000000ebc00000,0x00000000ec07b408,0x00000000ec080000)
  to   space 5120K, 0% used [0x00000000eb700000,0x00000000eb700000,0x00000000ebc00000)
 ParOldGen       total 138240K, used 106498K [0x00000000c0000000, 0x00000000c8700000, 0x00000000eab00000)
  object space 138240K, 77% used [0x00000000c0000000,0x00000000c68008b0,0x00000000c8700000)
 Metaspace       used 73349K, committed 74816K, reserved 1179648K
  class space    used 7555K, committed 8192K, reserved 1048576K
}
Event: 54.033 GC heap before
{Heap before GC invocations=113 (full 6):
 PSYoungGen      total 16896K, used 16876K [0x00000000eab00000, 0x00000000ec180000, 0x0000000100000000)
  eden space 12288K, 99% used [0x00000000eab00000,0x00000000eb6ffcc8,0x00000000eb700000)
  from space 4608K, 99% used [0x00000000ebc00000,0x00000000ec07b408,0x00000000ec080000)
  to   space 5120K, 0% used [0x00000000eb700000,0x00000000eb700000,0x00000000ebc00000)
 ParOldGen       total 138240K, used 106498K [0x00000000c0000000, 0x00000000c8700000, 0x00000000eab00000)
  object space 138240K, 77% used [0x00000000c0000000,0x00000000c68008b0,0x00000000c8700000)
 Metaspace       used 73426K, committed 74880K, reserved 1179648K
  class space    used 7567K, committed 8192K, reserved 1048576K
}
Event: 54.043 GC heap after
{Heap after GC invocations=113 (full 6):
 PSYoungGen      total 17408K, used 5111K [0x00000000eab00000, 0x00000000ec400000, 0x0000000100000000)
  eden space 12288K, 0% used [0x00000000eab00000,0x00000000eab00000,0x00000000eb700000)
  from space 5120K, 99% used [0x00000000eb700000,0x00000000ebbfdf60,0x00000000ebc00000)
  to   space 6656K, 0% used [0x00000000ebd80000,0x00000000ebd80000,0x00000000ec400000)
 ParOldGen       total 138240K, used 107370K [0x00000000c0000000, 0x00000000c8700000, 0x00000000eab00000)
  object space 138240K, 77% used [0x00000000c0000000,0x00000000c68dabd0,0x00000000c8700000)
 Metaspace       used 73426K, committed 74880K, reserved 1179648K
  class space    used 7567K, committed 8192K, reserved 1048576K
}
Event: 54.775 GC heap before
{Heap before GC invocations=114 (full 6):
 PSYoungGen      total 17408K, used 17399K [0x00000000eab00000, 0x00000000ec400000, 0x0000000100000000)
  eden space 12288K, 100% used [0x00000000eab00000,0x00000000eb700000,0x00000000eb700000)
  from space 5120K, 99% used [0x00000000eb700000,0x00000000ebbfdf60,0x00000000ebc00000)
  to   space 6656K, 0% used [0x00000000ebd80000,0x00000000ebd80000,0x00000000ec400000)
 ParOldGen       total 138240K, used 107370K [0x00000000c0000000, 0x00000000c8700000, 0x00000000eab00000)
  object space 138240K, 77% used [0x00000000c0000000,0x00000000c68dabd0,0x00000000c8700000)
 Metaspace       used 73572K, committed 75008K, reserved 1179648K
  class space    used 7578K, committed 8192K, reserved 1048576K
}
Event: 54.785 GC heap after
{Heap after GC invocations=114 (full 6):
 PSYoungGen      total 17920K, used 5592K [0x00000000eab00000, 0x00000000ec300000, 0x0000000100000000)
  eden space 12288K, 0% used [0x00000000eab00000,0x00000000eab00000,0x00000000eb700000)
  from space 5632K, 99% used [0x00000000ebd80000,0x00000000ec2f60a8,0x00000000ec300000)
  to   space 6144K, 0% used [0x00000000eb700000,0x00000000eb700000,0x00000000ebd00000)
 ParOldGen       total 138240K, used 107378K [0x00000000c0000000, 0x00000000c8700000, 0x00000000eab00000)
  object space 138240K, 77% used [0x00000000c0000000,0x00000000c68dcbd0,0x00000000c8700000)
 Metaspace       used 73572K, committed 75008K, reserved 1179648K
  class space    used 7578K, committed 8192K, reserved 1048576K
}
Event: 55.332 GC heap before
{Heap before GC invocations=115 (full 6):
 PSYoungGen      total 17920K, used 17880K [0x00000000eab00000, 0x00000000ec300000, 0x0000000100000000)
  eden space 12288K, 100% used [0x00000000eab00000,0x00000000eb700000,0x00000000eb700000)
  from space 5632K, 99% used [0x00000000ebd80000,0x00000000ec2f60a8,0x00000000ec300000)
  to   space 6144K, 0% used [0x00000000eb700000,0x00000000eb700000,0x00000000ebd00000)
 ParOldGen       total 138240K, used 107439K [0x00000000c0000000, 0x00000000c8700000, 0x00000000eab00000)
  object space 138240K, 77% used [0x00000000c0000000,0x00000000c68ebf80,0x00000000c8700000)
 Metaspace       used 73738K, committed 75136K, reserved 1179648K
  class space    used 7603K, committed 8192K, reserved 1048576K
}
Event: 55.342 GC heap after
{Heap after GC invocations=115 (full 6):
 PSYoungGen      total 18432K, used 6118K [0x00000000eab00000, 0x00000000ec500000, 0x0000000100000000)
  eden space 12288K, 0% used [0x00000000eab00000,0x00000000eab00000,0x00000000eb700000)
  from space 6144K, 99% used [0x00000000eb700000,0x00000000ebcf9aa8,0x00000000ebd00000)
  to   space 7168K, 0% used [0x00000000ebe00000,0x00000000ebe00000,0x00000000ec500000)
 ParOldGen       total 138240K, used 107898K [0x00000000c0000000, 0x00000000c8700000, 0x00000000eab00000)
  object space 138240K, 78% used [0x00000000c0000000,0x00000000c695eb88,0x00000000c8700000)
 Metaspace       used 73738K, committed 75136K, reserved 1179648K
  class space    used 7603K, committed 8192K, reserved 1048576K
}
Event: 56.187 GC heap before
{Heap before GC invocations=116 (full 6):
 PSYoungGen      total 18432K, used 18406K [0x00000000eab00000, 0x00000000ec500000, 0x0000000100000000)
  eden space 12288K, 100% used [0x00000000eab00000,0x00000000eb700000,0x00000000eb700000)
  from space 6144K, 99% used [0x00000000eb700000,0x00000000ebcf9aa8,0x00000000ebd00000)
  to   space 7168K, 0% used [0x00000000ebe00000,0x00000000ebe00000,0x00000000ec500000)
 ParOldGen       total 138240K, used 107901K [0x00000000c0000000, 0x00000000c8700000, 0x00000000eab00000)
  object space 138240K, 78% used [0x00000000c0000000,0x00000000c695f750,0x00000000c8700000)
 Metaspace       used 74386K, committed 75840K, reserved 1179648K
  class space    used 7668K, committed 8320K, reserved 1048576K
}
Event: 56.203 GC heap after
{Heap after GC invocations=116 (full 6):
 PSYoungGen      total 19456K, used 6611K [0x00000000eab00000, 0x00000000ec500000, 0x0000000100000000)
  eden space 12288K, 0% used [0x00000000eab00000,0x00000000eab00000,0x00000000eb700000)
  from space 7168K, 92% used [0x00000000ebe00000,0x00000000ec474e38,0x00000000ec500000)
  to   space 7168K, 0% used [0x00000000eb700000,0x00000000eb700000,0x00000000ebe00000)
 ParOldGen       total 138240K, used 107981K [0x00000000c0000000, 0x00000000c8700000, 0x00000000eab00000)
  object space 138240K, 78% used [0x00000000c0000000,0x00000000c6973750,0x00000000c8700000)
 Metaspace       used 74386K, committed 75840K, reserved 1179648K
  class space    used 7668K, committed 8320K, reserved 1048576K
}
Event: 56.312 GC heap before
{Heap before GC invocations=117 (full 6):
 PSYoungGen      total 19456K, used 18899K [0x00000000eab00000, 0x00000000ec500000, 0x0000000100000000)
  eden space 12288K, 100% used [0x00000000eab00000,0x00000000eb700000,0x00000000eb700000)
  from space 7168K, 92% used [0x00000000ebe00000,0x00000000ec474e38,0x00000000ec500000)
  to   space 7168K, 0% used [0x00000000eb700000,0x00000000eb700000,0x00000000ebe00000)
 ParOldGen       total 138240K, used 107981K [0x00000000c0000000, 0x00000000c8700000, 0x00000000eab00000)
  object space 138240K, 78% used [0x00000000c0000000,0x00000000c6973750,0x00000000c8700000)
 Metaspace       used 74411K, committed 75904K, reserved 1179648K
  class space    used 7668K, committed 8320K, reserved 1048576K
}
Event: 56.324 GC heap after
{Heap after GC invocations=117 (full 6):
 PSYoungGen      total 19456K, used 7167K [0x00000000eab00000, 0x00000000ec800000, 0x0000000100000000)
  eden space 12288K, 0% used [0x00000000eab00000,0x00000000eab00000,0x00000000eb700000)
  from space 7168K, 99% used [0x00000000eb700000,0x00000000ebdffe40,0x00000000ebe00000)
  to   space 8704K, 0% used [0x00000000ebf80000,0x00000000ebf80000,0x00000000ec800000)
 ParOldGen       total 138240K, used 109101K [0x00000000c0000000, 0x00000000c8700000, 0x00000000eab00000)
  object space 138240K, 78% used [0x00000000c0000000,0x00000000c6a8b750,0x00000000c8700000)
 Metaspace       used 74411K, committed 75904K, reserved 1179648K
  class space    used 7668K, committed 8320K, reserved 1048576K
}
Event: 56.404 GC heap before
{Heap before GC invocations=118 (full 6):
 PSYoungGen      total 19456K, used 19455K [0x00000000eab00000, 0x00000000ec800000, 0x0000000100000000)
  eden space 12288K, 100% used [0x00000000eab00000,0x00000000eb700000,0x00000000eb700000)
  from space 7168K, 99% used [0x00000000eb700000,0x00000000ebdffe40,0x00000000ebe00000)
  to   space 8704K, 0% used [0x00000000ebf80000,0x00000000ebf80000,0x00000000ec800000)
 ParOldGen       total 138240K, used 109101K [0x00000000c0000000, 0x00000000c8700000, 0x00000000eab00000)
  object space 138240K, 78% used [0x00000000c0000000,0x00000000c6a8b750,0x00000000c8700000)
 Metaspace       used 74411K, committed 75904K, reserved 1179648K
  class space    used 7668K, committed 8320K, reserved 1048576K
}
Event: 56.417 GC heap after
{Heap after GC invocations=118 (full 6):
 PSYoungGen      total 19968K, used 7218K [0x00000000eab00000, 0x00000000ec700000, 0x0000000100000000)
  eden space 12288K, 0% used [0x00000000eab00000,0x00000000eab00000,0x00000000eb700000)
  from space 7680K, 93% used [0x00000000ebf80000,0x00000000ec68ca38,0x00000000ec700000)
  to   space 7680K, 0% used [0x00000000eb800000,0x00000000eb800000,0x00000000ebf80000)
 ParOldGen       total 138240K, used 110533K [0x00000000c0000000, 0x00000000c8700000, 0x00000000eab00000)
  object space 138240K, 79% used [0x00000000c0000000,0x00000000c6bf17a0,0x00000000c8700000)
 Metaspace       used 74411K, committed 75904K, reserved 1179648K
  class space    used 7668K, committed 8320K, reserved 1048576K
}
Event: 56.504 GC heap before
{Heap before GC invocations=119 (full 6):
 PSYoungGen      total 19968K, used 19506K [0x00000000eab00000, 0x00000000ec700000, 0x0000000100000000)
  eden space 12288K, 100% used [0x00000000eab00000,0x00000000eb700000,0x00000000eb700000)
  from space 7680K, 93% used [0x00000000ebf80000,0x00000000ec68ca38,0x00000000ec700000)
  to   space 7680K, 0% used [0x00000000eb800000,0x00000000eb800000,0x00000000ebf80000)
 ParOldGen       total 138240K, used 110533K [0x00000000c0000000, 0x00000000c8700000, 0x00000000eab00000)
  object space 138240K, 79% used [0x00000000c0000000,0x00000000c6bf17a0,0x00000000c8700000)
 Metaspace       used 74411K, committed 75904K, reserved 1179648K
  class space    used 7668K, committed 8320K, reserved 1048576K
}
Event: 56.516 GC heap after
{Heap after GC invocations=119 (full 6):
 PSYoungGen      total 19968K, used 7662K [0x00000000eab00000, 0x00000000ec900000, 0x0000000100000000)
  eden space 12288K, 0% used [0x00000000eab00000,0x00000000eab00000,0x00000000eb700000)
  from space 7680K, 99% used [0x00000000eb800000,0x00000000ebf7ba28,0x00000000ebf80000)
  to   space 9216K, 0% used [0x00000000ec000000,0x00000000ec000000,0x00000000ec900000)
 ParOldGen       total 138240K, used 111626K [0x00000000c0000000, 0x00000000c8700000, 0x00000000eab00000)
  object space 138240K, 80% used [0x00000000c0000000,0x00000000c6d02b50,0x00000000c8700000)
 Metaspace       used 74411K, committed 75904K, reserved 1179648K
  class space    used 7668K, committed 8320K, reserved 1048576K
}
Event: 56.668 GC heap before
{Heap before GC invocations=120 (full 6):
 PSYoungGen      total 19968K, used 19950K [0x00000000eab00000, 0x00000000ec900000, 0x0000000100000000)
  eden space 12288K, 100% used [0x00000000eab00000,0x00000000eb700000,0x00000000eb700000)
  from space 7680K, 99% used [0x00000000eb800000,0x00000000ebf7ba28,0x00000000ebf80000)
  to   space 9216K, 0% used [0x00000000ec000000,0x00000000ec000000,0x00000000ec900000)
 ParOldGen       total 138240K, used 111626K [0x00000000c0000000, 0x00000000c8700000, 0x00000000eab00000)
  object space 138240K, 80% used [0x00000000c0000000,0x00000000c6d02b50,0x00000000c8700000)
 Metaspace       used 74411K, committed 75904K, reserved 1179648K
  class space    used 7668K, committed 8320K, reserved 1048576K
}
Event: 56.682 GC heap after
{Heap after GC invocations=120 (full 6):
 PSYoungGen      total 19968K, used 7518K [0x00000000eab00000, 0x00000000ec780000, 0x0000000100000000)
  eden space 12288K, 0% used [0x00000000eab00000,0x00000000eab00000,0x00000000eb700000)
  from space 7680K, 97% used [0x00000000ec000000,0x00000000ec757a38,0x00000000ec780000)
  to   space 8192K, 0% used [0x00000000eb780000,0x00000000eb780000,0x00000000ebf80000)
 ParOldGen       total 138240K, used 113218K [0x00000000c0000000, 0x00000000c8700000, 0x00000000eab00000)
  object space 138240K, 81% used [0x00000000c0000000,0x00000000c6e90b50,0x00000000c8700000)
 Metaspace       used 74411K, committed 75904K, reserved 1179648K
  class space    used 7668K, committed 8320K, reserved 1048576K
}
Event: 58.010 GC heap before
{Heap before GC invocations=121 (full 6):
 PSYoungGen      total 19968K, used 19806K [0x00000000eab00000, 0x00000000ec780000, 0x0000000100000000)
  eden space 12288K, 100% used [0x00000000eab00000,0x00000000eb700000,0x00000000eb700000)
  from space 7680K, 97% used [0x00000000ec000000,0x00000000ec757a38,0x00000000ec780000)
  to   space 8192K, 0% used [0x00000000eb780000,0x00000000eb780000,0x00000000ebf80000)
 ParOldGen       total 138240K, used 113218K [0x00000000c0000000, 0x00000000c8700000, 0x00000000eab00000)
  object space 138240K, 81% used [0x00000000c0000000,0x00000000c6e90b50,0x00000000c8700000)
 Metaspace       used 74415K, committed 75904K, reserved 1179648K
  class space    used 7668K, committed 8320K, reserved 1048576K
}
Event: 58.022 GC heap after
{Heap after GC invocations=121 (full 6):
 PSYoungGen      total 20480K, used 8174K [0x00000000eab00000, 0x00000000ec900000, 0x0000000100000000)
  eden space 12288K, 0% used [0x00000000eab00000,0x00000000eab00000,0x00000000eb700000)
  from space 8192K, 99% used [0x00000000eb780000,0x00000000ebf7ba28,0x00000000ebf80000)
  to   space 9216K, 0% used [0x00000000ec000000,0x00000000ec000000,0x00000000ec900000)
 ParOldGen       total 138240K, used 113855K [0x00000000c0000000, 0x00000000c8700000, 0x00000000eab00000)
  object space 138240K, 82% used [0x00000000c0000000,0x00000000c6f2fd58,0x00000000c8700000)
 Metaspace       used 74415K, committed 75904K, reserved 1179648K
  class space    used 7668K, committed 8320K, reserved 1048576K
}

Dll operation events (10 events):
Event: 0.013 Loaded shared library c:\Users\Sabine\.vscode\extensions\redhat.java-1.35.1-win32-x64\jre\17.0.12-win32-x86_64\bin\java.dll
Event: 0.278 Loaded shared library c:\Users\Sabine\.vscode\extensions\redhat.java-1.35.1-win32-x64\jre\17.0.12-win32-x86_64\bin\zip.dll
Event: 0.282 Loaded shared library C:\Users\Sabine\.vscode\extensions\redhat.java-1.35.1-win32-x64\jre\17.0.12-win32-x86_64\bin\instrument.dll
Event: 0.300 Loaded shared library C:\Users\Sabine\.vscode\extensions\redhat.java-1.35.1-win32-x64\jre\17.0.12-win32-x86_64\bin\net.dll
Event: 0.304 Loaded shared library C:\Users\Sabine\.vscode\extensions\redhat.java-1.35.1-win32-x64\jre\17.0.12-win32-x86_64\bin\nio.dll
Event: 0.313 Loaded shared library C:\Users\Sabine\.vscode\extensions\redhat.java-1.35.1-win32-x64\jre\17.0.12-win32-x86_64\bin\zip.dll
Event: 0.350 Loaded shared library C:\Users\Sabine\.vscode\extensions\redhat.java-1.35.1-win32-x64\jre\17.0.12-win32-x86_64\bin\jimage.dll
Event: 0.499 Loaded shared library c:\Users\Sabine\.vscode\extensions\redhat.java-1.35.1-win32-x64\jre\17.0.12-win32-x86_64\bin\verify.dll
Event: 2.915 Loaded shared library C:\Users\Sabine\AppData\Roaming\Code\User\globalStorage\redhat.java\1.35.1\config_win\org.eclipse.equinox.launcher\org.eclipse.equinox.launcher.win32.win32.x86_64_1.2.1100.v20240722-2106\eclipse_11904.dll
Event: 5.182 Loaded shared library C:\Users\Sabine\AppData\Local\Temp\jna--1826142292\jna6489691121778632151.dll

Deoptimization events (20 events):
Event: 56.627 Thread 0x00000182648c15a0 DEOPT PACKING pc=0x000001824ec51b13 sp=0x000000333aafec20
Event: 56.627 Thread 0x00000182648c15a0 DEOPT UNPACKING pc=0x0000018254f66e24 sp=0x000000333aafe188 mode 0
Event: 56.633 Thread 0x00000182648c15a0 DEOPT PACKING pc=0x000001824ec51b13 sp=0x000000333aafec20
Event: 56.633 Thread 0x00000182648c15a0 DEOPT UNPACKING pc=0x0000018254f66e24 sp=0x000000333aafe188 mode 0
Event: 56.640 Thread 0x00000182648c15a0 DEOPT PACKING pc=0x000001824ec51b93 sp=0x000000333aafec20
Event: 56.640 Thread 0x00000182648c15a0 DEOPT UNPACKING pc=0x0000018254f66e24 sp=0x000000333aafe188 mode 0
Event: 56.656 Thread 0x00000182648c15a0 DEOPT PACKING pc=0x000001824ec51b13 sp=0x000000333aafec20
Event: 56.656 Thread 0x00000182648c15a0 DEOPT UNPACKING pc=0x0000018254f66e24 sp=0x000000333aafe188 mode 0
Event: 56.665 Thread 0x00000182648c15a0 DEOPT PACKING pc=0x000001824ec51d38 sp=0x000000333aafec20
Event: 56.665 Thread 0x00000182648c15a0 DEOPT UNPACKING pc=0x0000018254f66e24 sp=0x000000333aafe188 mode 0
Event: 56.687 Thread 0x00000182648c15a0 DEOPT PACKING pc=0x000001824ec51d38 sp=0x000000333aafec20
Event: 56.687 Thread 0x00000182648c15a0 DEOPT UNPACKING pc=0x0000018254f66e24 sp=0x000000333aafe188 mode 0
Event: 56.702 Thread 0x00000182648c15a0 DEOPT PACKING pc=0x000001824ec51b93 sp=0x000000333aafec20
Event: 56.702 Thread 0x00000182648c15a0 DEOPT UNPACKING pc=0x0000018254f66e24 sp=0x000000333aafe188 mode 0
Event: 56.709 Thread 0x00000182648c15a0 DEOPT PACKING pc=0x000001824ec51d38 sp=0x000000333aafec20
Event: 56.709 Thread 0x00000182648c15a0 DEOPT UNPACKING pc=0x0000018254f66e24 sp=0x000000333aafe188 mode 0
Event: 58.329 Thread 0x00000182648c15a0 Uncommon trap: trap_request=0xffffffe4 fr.pc=0x0000018255b8feb8 relative=0x0000000000001338
Event: 58.329 Thread 0x00000182648c15a0 Uncommon trap: reason=range_check action=make_not_entrant pc=0x0000018255b8feb8 method=org.eclipse.jdt.internal.compiler.classfmt.ClassFileStruct.u2At(I)I @ 28 c2
Event: 58.329 Thread 0x00000182648c15a0 DEOPT PACKING pc=0x0000018255b8feb8 sp=0x000000333aafeac0
Event: 58.329 Thread 0x00000182648c15a0 DEOPT UNPACKING pc=0x0000018254f6669d sp=0x000000333aafe9f8 mode 2

Classes loaded (20 events):
Event: 54.655 Loading class java/io/ObjectOutputStream$BlockDataOutputStream
Event: 54.656 Loading class java/io/ObjectOutputStream$BlockDataOutputStream done
Event: 54.656 Loading class java/io/ObjectOutputStream$HandleTable
Event: 54.657 Loading class java/io/ObjectOutputStream$HandleTable done
Event: 54.657 Loading class java/io/ObjectOutputStream$ReplaceTable
Event: 54.657 Loading class java/io/ObjectOutputStream$ReplaceTable done
Event: 55.539 Loading class java/io/CharArrayWriter
Event: 55.540 Loading class java/io/CharArrayWriter done
Event: 55.558 Loading class java/nio/file/attribute/PosixFileAttributes
Event: 55.558 Loading class java/nio/file/attribute/PosixFileAttributes done
Event: 55.979 Loading class java/util/stream/ReduceOps$5
Event: 55.980 Loading class java/util/stream/ReduceOps$5 done
Event: 55.980 Loading class java/util/stream/ReduceOps$CountingSink$OfRef
Event: 55.980 Loading class java/util/stream/ReduceOps$CountingSink
Event: 55.980 Loading class java/util/stream/ReduceOps$CountingSink done
Event: 55.980 Loading class java/util/stream/ReduceOps$CountingSink$OfRef done
Event: 56.137 Loading class java/util/stream/ReduceOps$1
Event: 56.138 Loading class java/util/stream/ReduceOps$1 done
Event: 56.138 Loading class java/util/stream/ReduceOps$1ReducingSink
Event: 56.138 Loading class java/util/stream/ReduceOps$1ReducingSink done

Classes unloaded (7 events):
Event: 4.769 Thread 0x000001825eaac460 Unloading class 0x0000000100252800 'java/lang/invoke/LambdaForm$MH+0x0000000100252800'
Event: 4.769 Thread 0x000001825eaac460 Unloading class 0x0000000100252400 'java/lang/invoke/LambdaForm$MH+0x0000000100252400'
Event: 4.769 Thread 0x000001825eaac460 Unloading class 0x0000000100252000 'java/lang/invoke/LambdaForm$MH+0x0000000100252000'
Event: 4.769 Thread 0x000001825eaac460 Unloading class 0x0000000100251c00 'java/lang/invoke/LambdaForm$MH+0x0000000100251c00'
Event: 4.769 Thread 0x000001825eaac460 Unloading class 0x0000000100251800 'java/lang/invoke/LambdaForm$BMH+0x0000000100251800'
Event: 4.769 Thread 0x000001825eaac460 Unloading class 0x0000000100251400 'java/lang/invoke/LambdaForm$DMH+0x0000000100251400'
Event: 4.769 Thread 0x000001825eaac460 Unloading class 0x000000010024c800 'java/lang/invoke/LambdaForm$DMH+0x000000010024c800'

Classes redefined (0 events):
No events

Internal exceptions (20 events):
Event: 53.911 Thread 0x00000182648c3910 Exception <a 'java/lang/NoSuchMethodError'{0x00000000eb43f2d8}: static Lorg/apache/maven/model/InputSource;.<clinit>()V> (0x00000000eb43f2d8) 
thrown [s\src\hotspot\share\prims\jni.cpp, line 1112]
Event: 54.312 Thread 0x00000182648c15a0 Exception <a 'sun/nio/fs/WindowsException'{0x00000000eb13b120}> (0x00000000eb13b120) 
thrown [s\src\hotspot\share\prims\jni.cpp, line 516]
Event: 54.565 Thread 0x00000182648c3910 Exception <a 'sun/nio/fs/WindowsException'{0x00000000eb3ec848}> (0x00000000eb3ec848) 
thrown [s\src\hotspot\share\prims\jni.cpp, line 516]
Event: 54.565 Thread 0x00000182648c3910 Exception <a 'sun/nio/fs/WindowsException'{0x00000000eb3ed128}> (0x00000000eb3ed128) 
thrown [s\src\hotspot\share\prims\jni.cpp, line 516]
Event: 54.590 Thread 0x00000182648c3910 Exception <a 'sun/nio/fs/WindowsException'{0x00000000eb448420}> (0x00000000eb448420) 
thrown [s\src\hotspot\share\prims\jni.cpp, line 516]
Event: 54.590 Thread 0x00000182648c3910 Exception <a 'sun/nio/fs/WindowsException'{0x00000000eb448d00}> (0x00000000eb448d00) 
thrown [s\src\hotspot\share\prims\jni.cpp, line 516]
Event: 54.597 Thread 0x00000182648c3910 Exception <a 'sun/nio/fs/WindowsException'{0x00000000eb4b93c8}> (0x00000000eb4b93c8) 
thrown [s\src\hotspot\share\prims\jni.cpp, line 516]
Event: 54.597 Thread 0x00000182648c3910 Exception <a 'sun/nio/fs/WindowsException'{0x00000000eb4b9f08}> (0x00000000eb4b9f08) 
thrown [s\src\hotspot\share\prims\jni.cpp, line 516]
Event: 54.657 Thread 0x00000182648c3910 Exception <a 'java/lang/NoSuchMethodError'{0x00000000eb4dec78}: static [Lorg/eclipse/jdt/core/IClasspathEntry;.<clinit>()V> (0x00000000eb4dec78) 
thrown [s\src\hotspot\share\prims\jni.cpp, line 1112]
Event: 54.657 Thread 0x00000182648c3910 Exception <a 'java/lang/NoSuchMethodError'{0x00000000eb4e30b0}: static [Lorg/eclipse/jdt/core/IAccessRule;.<clinit>()V> (0x00000000eb4e30b0) 
thrown [s\src\hotspot\share\prims\jni.cpp, line 1112]
Event: 54.658 Thread 0x00000182648c3910 Exception <a 'java/lang/NoSuchMethodError'{0x00000000eb4e3bd0}: static [Lorg/eclipse/jdt/core/IClasspathAttribute;.<clinit>()V> (0x00000000eb4e3bd0) 
thrown [s\src\hotspot\share\prims\jni.cpp, line 1112]
Event: 54.689 Thread 0x00000182648c3910 Exception <a 'java/lang/NoSuchMethodError'{0x00000000eb51f598}: 'java.lang.Object java.lang.invoke.DirectMethodHandle$Holder.invokeSpecial(java.lang.Object, java.lang.Object, java.lang.Object, int, java.lang.Object, java.lang.Object, java.lang.Object)'> (0x00000000eb51f598) 
thrown [s\src\hotspot\share\interpreter\linkResolver.cpp, line 759]
Event: 54.771 Thread 0x00000182648c3910 Exception <a 'java/io/FileNotFoundException'{0x00000000eb6cf7d8}> (0x00000000eb6cf7d8) 
thrown [s\src\hotspot\share\prims\jni.cpp, line 516]
Event: 54.771 Thread 0x00000182648c3910 Exception <a 'java/io/FileNotFoundException'{0x00000000eb6d0a70}> (0x00000000eb6d0a70) 
thrown [s\src\hotspot\share\prims\jni.cpp, line 516]
Event: 54.772 Thread 0x00000182648c3910 Exception <a 'java/io/FileNotFoundException'{0x00000000eb6d1a58}> (0x00000000eb6d1a58) 
thrown [s\src\hotspot\share\prims\jni.cpp, line 516]
Event: 54.793 Thread 0x00000182648c3910 Exception <a 'java/lang/NoSuchMethodError'{0x00000000eab2c4b0}: 'int java.lang.invoke.DirectMethodHandle$Holder.invokeStatic(java.lang.Object, java.lang.Object, java.lang.Object, java.lang.Object, java.lang.Object, java.lang.Object)'> (0x00000000eab2c4b0) 
thrown [s\src\hotspot\share\interpreter\linkResolver.cpp, line 759]
Event: 55.789 Thread 0x00000182648c3910 Exception <a 'sun/nio/fs/WindowsException'{0x00000000eb1bf470}> (0x00000000eb1bf470) 
thrown [s\src\hotspot\share\prims\jni.cpp, line 516]
Event: 55.789 Thread 0x00000182648c3910 Exception <a 'sun/nio/fs/WindowsException'{0x00000000eb1bfd50}> (0x00000000eb1bfd50) 
thrown [s\src\hotspot\share\prims\jni.cpp, line 516]
Event: 55.981 Thread 0x00000182658a3fa0 Exception <a 'sun/nio/fs/WindowsException'{0x00000000eb4a2600}> (0x00000000eb4a2600) 
thrown [s\src\hotspot\share\prims\jni.cpp, line 516]
Event: 55.981 Thread 0x00000182658a3fa0 Exception <a 'sun/nio/fs/WindowsException'{0x00000000eb4a2e78}> (0x00000000eb4a2e78) 
thrown [s\src\hotspot\share\prims\jni.cpp, line 516]

VM Operations (20 events):
Event: 55.252 Executing VM operation: HandshakeAllThreads
Event: 55.252 Executing VM operation: HandshakeAllThreads done
Event: 55.330 Executing VM operation: ParallelGCFailedAllocation
Event: 55.330 Executing VM operation: ParallelGCFailedAllocation done
Event: 55.332 Executing VM operation: ParallelGCSystemGC
Event: 55.342 Executing VM operation: ParallelGCSystemGC done
Event: 55.469 Executing VM operation: HandshakeAllThreads
Event: 55.482 Executing VM operation: HandshakeAllThreads done
Event: 56.187 Executing VM operation: ParallelGCFailedAllocation
Event: 56.203 Executing VM operation: ParallelGCFailedAllocation done
Event: 56.312 Executing VM operation: ParallelGCFailedAllocation
Event: 56.324 Executing VM operation: ParallelGCFailedAllocation done
Event: 56.404 Executing VM operation: ParallelGCFailedAllocation
Event: 56.417 Executing VM operation: ParallelGCFailedAllocation done
Event: 56.504 Executing VM operation: ParallelGCFailedAllocation
Event: 56.516 Executing VM operation: ParallelGCFailedAllocation done
Event: 56.668 Executing VM operation: ParallelGCFailedAllocation
Event: 56.682 Executing VM operation: ParallelGCFailedAllocation done
Event: 58.010 Executing VM operation: ParallelGCFailedAllocation
Event: 58.022 Executing VM operation: ParallelGCFailedAllocation done

Events (20 events):
Event: 53.577 Thread 0x00000182658a8b90 Thread exited: 0x00000182658a8b90
Event: 53.577 Thread 0x00000182658a95b0 Thread exited: 0x00000182658a95b0
Event: 54.820 Thread 0x00000182658a5e00 Thread added: 0x00000182658a5e00
Event: 54.820 Thread 0x00000182658a44b0 Thread added: 0x00000182658a44b0
Event: 54.821 Thread 0x00000182658a8170 Thread added: 0x00000182658a8170
Event: 54.821 Thread 0x00000182658a90a0 Thread added: 0x00000182658a90a0
Event: 54.822 Thread 0x00000182658a9fd0 Thread added: 0x00000182658a9fd0
Event: 55.177 Thread 0x00000182658a90a0 Thread exited: 0x00000182658a90a0
Event: 55.178 Thread 0x00000182658a8170 Thread exited: 0x00000182658a8170
Event: 55.178 Thread 0x00000182658a44b0 Thread exited: 0x00000182658a44b0
Event: 55.179 Thread 0x00000182658a9fd0 Thread exited: 0x00000182658a9fd0
Event: 55.179 Thread 0x00000182658a5e00 Thread exited: 0x00000182658a5e00
Event: 55.487 Thread 0x000001825ebd2170 flushing nmethod 0x000001824dbb5910
Event: 55.489 Thread 0x000001825ebd2170 flushing nmethod 0x000001824deb4d90
Event: 55.492 Thread 0x000001825ebd2170 flushing nmethod 0x000001824e213910
Event: 55.494 Thread 0x000001825ebd2170 flushing nmethod 0x000001824e356490
Event: 55.494 Thread 0x000001825ebd2170 flushing nmethod 0x000001824e446390
Event: 55.495 Thread 0x000001825ebd2170 flushing nmethod 0x000001824e449690
Event: 55.496 Thread 0x000001825ebd2170 flushing nmethod 0x000001824e642610
Event: 55.503 Thread 0x000001825ebd2170 flushing nmethod 0x000001824ee6c410


Dynamic libraries:
0x00007ff75e460000 - 0x00007ff75e46e000 	c:\Users\Sabine\.vscode\extensions\redhat.java-1.35.1-win32-x64\jre\17.0.12-win32-x86_64\bin\java.exe
0x00007fff93a90000 - 0x00007fff93c88000 	C:\Windows\SYSTEM32\ntdll.dll
0x00007fff936c0000 - 0x00007fff9377f000 	C:\Windows\System32\KERNEL32.DLL
0x00007fff911e0000 - 0x00007fff914b2000 	C:\Windows\System32\KERNELBASE.dll
0x00007fff91560000 - 0x00007fff91660000 	C:\Windows\System32\ucrtbase.dll
0x00007fff8bbb0000 - 0x00007fff8bbc7000 	c:\Users\Sabine\.vscode\extensions\redhat.java-1.35.1-win32-x64\jre\17.0.12-win32-x86_64\bin\jli.dll
0x00007fff92f20000 - 0x00007fff930c1000 	C:\Windows\System32\USER32.dll
0x00007fff91970000 - 0x00007fff91992000 	C:\Windows\System32\win32u.dll
0x00007fff93430000 - 0x00007fff9345b000 	C:\Windows\System32\GDI32.dll
0x00007fff91700000 - 0x00007fff9180f000 	C:\Windows\System32\gdi32full.dll
0x00007fff914c0000 - 0x00007fff9155d000 	C:\Windows\System32\msvcp_win.dll
0x00007fff7c8e0000 - 0x00007fff7c8fb000 	c:\Users\Sabine\.vscode\extensions\redhat.java-1.35.1-win32-x64\jre\17.0.12-win32-x86_64\bin\VCRUNTIME140.dll
0x00007fff7fdc0000 - 0x00007fff8005a000 	C:\Windows\WinSxS\amd64_microsoft.windows.common-controls_6595b64144ccf1df_6.0.19041.1110_none_60b5254171f9507e\COMCTL32.dll
0x00007fff92c40000 - 0x00007fff92cde000 	C:\Windows\System32\msvcrt.dll
0x00007fff92e70000 - 0x00007fff92ea2000 	C:\Windows\System32\IMM32.DLL
0x00007fff7ef60000 - 0x00007fff7ef6c000 	c:\Users\Sabine\.vscode\extensions\redhat.java-1.35.1-win32-x64\jre\17.0.12-win32-x86_64\bin\vcruntime140_1.dll
0x00007fff7c6a0000 - 0x00007fff7c72d000 	c:\Users\Sabine\.vscode\extensions\redhat.java-1.35.1-win32-x64\jre\17.0.12-win32-x86_64\bin\msvcp140.dll
0x00007fff2e240000 - 0x00007fff2eeaa000 	c:\Users\Sabine\.vscode\extensions\redhat.java-1.35.1-win32-x64\jre\17.0.12-win32-x86_64\bin\server\jvm.dll
0x00007fff93970000 - 0x00007fff93a1e000 	C:\Windows\System32\ADVAPI32.dll
0x00007fff929f0000 - 0x00007fff92a8c000 	C:\Windows\System32\sechost.dll
0x00007fff92d40000 - 0x00007fff92e65000 	C:\Windows\System32\RPCRT4.dll
0x00007fff92eb0000 - 0x00007fff92f1b000 	C:\Windows\System32\WS2_32.dll
0x00007fff90f10000 - 0x00007fff90f5b000 	C:\Windows\SYSTEM32\POWRPROF.dll
0x00007fff6fbb0000 - 0x00007fff6fbd7000 	C:\Windows\SYSTEM32\WINMM.dll
0x00007fff87d30000 - 0x00007fff87d3a000 	C:\Windows\SYSTEM32\VERSION.dll
0x00007fff90ec0000 - 0x00007fff90ed2000 	C:\Windows\SYSTEM32\UMPDC.dll
0x00007fff8f9a0000 - 0x00007fff8f9b2000 	C:\Windows\SYSTEM32\kernel.appcore.dll
0x00007fff7e920000 - 0x00007fff7e92a000 	c:\Users\Sabine\.vscode\extensions\redhat.java-1.35.1-win32-x64\jre\17.0.12-win32-x86_64\bin\jimage.dll
0x00007fff8f6b0000 - 0x00007fff8f894000 	C:\Windows\SYSTEM32\DBGHELP.DLL
0x00007fff809e0000 - 0x00007fff80a15000 	C:\Windows\SYSTEM32\dbgcore.DLL
0x00007fff91150000 - 0x00007fff911d2000 	C:\Windows\System32\bcryptPrimitives.dll
0x00007fff7c8d0000 - 0x00007fff7c8de000 	c:\Users\Sabine\.vscode\extensions\redhat.java-1.35.1-win32-x64\jre\17.0.12-win32-x86_64\bin\instrument.dll
0x00007fff7c810000 - 0x00007fff7c835000 	c:\Users\Sabine\.vscode\extensions\redhat.java-1.35.1-win32-x64\jre\17.0.12-win32-x86_64\bin\java.dll
0x00007fff7c7f0000 - 0x00007fff7c808000 	c:\Users\Sabine\.vscode\extensions\redhat.java-1.35.1-win32-x64\jre\17.0.12-win32-x86_64\bin\zip.dll
0x00007fff91aa0000 - 0x00007fff921e4000 	C:\Windows\System32\SHELL32.dll
0x00007fff8ee40000 - 0x00007fff8f5d2000 	C:\Windows\SYSTEM32\windows.storage.dll
0x00007fff930d0000 - 0x00007fff93425000 	C:\Windows\System32\combase.dll
0x00007fff90b30000 - 0x00007fff90b60000 	C:\Windows\SYSTEM32\Wldp.dll
0x00007fff93780000 - 0x00007fff9382d000 	C:\Windows\System32\SHCORE.dll
0x00007fff92ce0000 - 0x00007fff92d35000 	C:\Windows\System32\shlwapi.dll
0x00007fff91090000 - 0x00007fff910af000 	C:\Windows\SYSTEM32\profapi.dll
0x00007fff7c7d0000 - 0x00007fff7c7e9000 	C:\Users\Sabine\.vscode\extensions\redhat.java-1.35.1-win32-x64\jre\17.0.12-win32-x86_64\bin\net.dll
0x00007fff81f00000 - 0x00007fff8200c000 	C:\Windows\SYSTEM32\WINHTTP.dll
0x00007fff90830000 - 0x00007fff9089a000 	C:\Windows\system32\mswsock.dll
0x00007fff7c630000 - 0x00007fff7c646000 	C:\Users\Sabine\.vscode\extensions\redhat.java-1.35.1-win32-x64\jre\17.0.12-win32-x86_64\bin\nio.dll
0x00007fff7c8a0000 - 0x00007fff7c8b0000 	c:\Users\Sabine\.vscode\extensions\redhat.java-1.35.1-win32-x64\jre\17.0.12-win32-x86_64\bin\verify.dll
0x00007fff6d990000 - 0x00007fff6d9d5000 	C:\Users\Sabine\AppData\Roaming\Code\User\globalStorage\redhat.java\1.35.1\config_win\org.eclipse.equinox.launcher\org.eclipse.equinox.launcher.win32.win32.x86_64_1.2.1100.v20240722-2106\eclipse_11904.dll
0x00007fff92280000 - 0x00007fff923aa000 	C:\Windows\System32\ole32.dll
0x00007fff90a20000 - 0x00007fff90a38000 	C:\Windows\SYSTEM32\CRYPTSP.dll
0x00007fff90150000 - 0x00007fff90184000 	C:\Windows\system32\rsaenh.dll
0x00007fff91660000 - 0x00007fff91687000 	C:\Windows\System32\bcrypt.dll
0x00007fff91010000 - 0x00007fff9103e000 	C:\Windows\SYSTEM32\USERENV.dll
0x00007fff90cc0000 - 0x00007fff90ccc000 	C:\Windows\SYSTEM32\CRYPTBASE.dll
0x00007fff90520000 - 0x00007fff9055b000 	C:\Windows\SYSTEM32\IPHLPAPI.DLL
0x00007fff93830000 - 0x00007fff93838000 	C:\Windows\System32\NSI.dll
0x00007fff81c60000 - 0x00007fff81c77000 	C:\Windows\SYSTEM32\dhcpcsvc6.DLL
0x00007fff82220000 - 0x00007fff8223d000 	C:\Windows\SYSTEM32\dhcpcsvc.DLL
0x00007fff90560000 - 0x00007fff9062a000 	C:\Windows\SYSTEM32\DNSAPI.dll
0x00007fff65f60000 - 0x00007fff65fa9000 	C:\Users\Sabine\AppData\Local\Temp\jna--1826142292\jna6489691121778632151.dll
0x00007fff92210000 - 0x00007fff92218000 	C:\Windows\System32\PSAPI.DLL

dbghelp: loaded successfully - version: 4.0.5 - missing functions: none
symbol engine: initialized successfully - sym options: 0x614 - pdb path: .;c:\Users\Sabine\.vscode\extensions\redhat.java-1.35.1-win32-x64\jre\17.0.12-win32-x86_64\bin;C:\Windows\SYSTEM32;C:\Windows\WinSxS\amd64_microsoft.windows.common-controls_6595b64144ccf1df_6.0.19041.1110_none_60b5254171f9507e;c:\Users\Sabine\.vscode\extensions\redhat.java-1.35.1-win32-x64\jre\17.0.12-win32-x86_64\bin\server;C:\Users\Sabine\AppData\Roaming\Code\User\globalStorage\redhat.java\1.35.1\config_win\org.eclipse.equinox.launcher\org.eclipse.equinox.launcher.win32.win32.x86_64_1.2.1100.v20240722-2106;C:\Users\Sabine\AppData\Local\Temp\jna--1826142292

VM Arguments:
jvm_args: --add-modules=ALL-SYSTEM --add-opens=java.base/java.util=ALL-UNNAMED --add-opens=java.base/java.lang=ALL-UNNAMED --add-opens=java.base/sun.nio.fs=ALL-UNNAMED -Declipse.application=org.eclipse.jdt.ls.core.id1 -Dosgi.bundles.defaultStartLevel=4 -Declipse.product=org.eclipse.jdt.ls.core.product -Djava.import.generatesMetadataFilesAtProjectRoot=false -DDetectVMInstallationsJob.disabled=true -Dfile.encoding=utf8 -XX:+UseParallelGC -XX:GCTimeRatio=4 -XX:AdaptiveSizePolicyWeight=90 -Dsun.zip.disableMemoryMapping=true -Xmx1G -Xms100m -Xlog:disable -javaagent:c:\Users\Sabine\.vscode\extensions\redhat.java-1.35.1-win32-x64\lombok\lombok-1.18.33.jar -XX:+HeapDumpOnOutOfMemoryError -XX:HeapDumpPath=c:\Users\Sabine\AppData\Roaming\Code\User\workspaceStorage\77a0d4b9be1ea7bffd0f07714f41a956\redhat.java -Daether.dependencyCollector.impl=bf 
java_command: c:\Users\Sabine\.vscode\extensions\redhat.java-1.35.1-win32-x64\server\plugins\org.eclipse.equinox.launcher_1.6.900.v20240613-2009.jar -configuration c:\Users\Sabine\AppData\Roaming\Code\User\globalStorage\redhat.java\1.35.1\config_win -data c:\Users\Sabine\AppData\Roaming\Code\User\workspaceStorage\77a0d4b9be1ea7bffd0f07714f41a956\redhat.java\jdt_ws --pipe=\\.\pipe\lsp-54106aca2565cd1ab2707da0ed6933e5-sock
java_class_path (initial): c:\Users\Sabine\.vscode\extensions\redhat.java-1.35.1-win32-x64\server\plugins\org.eclipse.equinox.launcher_1.6.900.v20240613-2009.jar
Launcher Type: SUN_STANDARD

[Global flags]
    uintx AdaptiveSizePolicyWeight                 = 90                                        {product} {command line}
     intx CICompilerCount                          = 2                                         {product} {ergonomic}
    uintx GCTimeRatio                              = 4                                         {product} {command line}
     bool HeapDumpOnOutOfMemoryError               = true                                   {manageable} {command line}
    ccstr HeapDumpPath                             = c:\Users\Sabine\AppData\Roaming\Code\User\workspaceStorage\77a0d4b9be1ea7bffd0f07714f41a956\redhat.java         {manageable} {command line}
   size_t InitialHeapSize                          = 104857600                                 {product} {command line}
   size_t MaxHeapSize                              = 1073741824                                {product} {command line}
   size_t MaxNewSize                               = 357564416                                 {product} {ergonomic}
   size_t MinHeapDeltaBytes                        = 524288                                    {product} {ergonomic}
   size_t MinHeapSize                              = 104857600                                 {product} {command line}
   size_t NewSize                                  = 34603008                                  {product} {ergonomic}
    uintx NonNMethodCodeHeapSize                   = 5826188                                {pd product} {ergonomic}
    uintx NonProfiledCodeHeapSize                  = 122916026                              {pd product} {ergonomic}
   size_t OldSize                                  = 70254592                                  {product} {ergonomic}
    uintx ProfiledCodeHeapSize                     = 122916026                              {pd product} {ergonomic}
    uintx ReservedCodeCacheSize                    = 251658240                              {pd product} {ergonomic}
     bool SegmentedCodeCache                       = true                                      {product} {ergonomic}
   size_t SoftMaxHeapSize                          = 1073741824                             {manageable} {ergonomic}
     bool UseCompressedClassPointers               = true                           {product lp64_product} {ergonomic}
     bool UseCompressedOops                        = true                           {product lp64_product} {ergonomic}
     bool UseLargePagesIndividualAllocation        = false                                  {pd product} {ergonomic}
     bool UseParallelGC                            = true                                      {product} {command line}

Logging:
Log output configuration:
 #0: stdout all=off uptime,level,tags
 #1: stderr all=off uptime,level,tags

Environment Variables:
JAVA_HOME=C:\Program Files\Java\jdk-17\bin
PATH=C:\Program Files\Common Files\Oracle\Java\javapath;C:\oraclexe\app\oracle\product\11.2.0\server\bin;;C:\Windows\system32;C:\Windows;C:\Windows\System32\Wbem;C:\Windows\System32\WindowsPowerShell\v1.0\;C:\Windows\System32\OpenSSH\;C:\flutter\bin;C:\Program Files\TortoiseSVN\bin;C:\Program Files\Git\cmd;C:\Program Files\nodejs\;C:\Users\Sabine\AppData\Local\Programs\Microsoft VS Code\bin;C:\Program Files\apache-maven-3.8.8\bin;C:\Program Files\MySQL\MySQL Server 8.0\bin;C:\Program Files\Java\jdk-17\bin;C:\Users\Sabine\AppData\Roaming\npm
USERNAME=Sabine
OS=Windows_NT
PROCESSOR_IDENTIFIER=Intel64 Family 6 Model 122 Stepping 8, GenuineIntel
TMP=C:\Users\Sabine\AppData\Local\Temp
TEMP=C:\Users\Sabine\AppData\Local\Temp



Periodic native trim disabled


---------------  S Y S T E M  ---------------

OS:
 Windows 10 , 64 bit Build 19041 (10.0.19041.2364)
OS uptime: 5 days 0:17 hours

CPU: total 2 (initial active 2) (2 cores per cpu, 1 threads per core) family 6 model 122 stepping 8 microcode 0xc, cx8, cmov, fxsr, mmx, 3dnowpref, sse, sse2, sse3, ssse3, sse4.1, sse4.2, popcnt, tsc, tscinvbit, aes, erms, clmul, sha, clflush, clflushopt
Processor Information for all 2 processors :
  Max Mhz: 1101, Current Mhz: 1101, Mhz Limit: 1101

Memory: 4k page, system-wide physical 3899M (473M free)
TotalPageFile size 8198M (AvailPageFile size 3M)
current process WorkingSet (physical memory assigned to process): 360M, peak: 371M
current process commit charge ("private bytes"): 396M, peak: 407M

vm_info: OpenJDK 64-Bit Server VM (17.0.12+7) for windows-amd64 JRE (17.0.12+7), built on Jul 16 2024 22:08:24 by "admin" with MS VC++ 16.10 / 16.11 (VS2019)

END.
