#
# There is insufficient memory for the Java Runtime Environment to continue.
# Native memory allocation (malloc) failed to allocate 40560 bytes for Chunk::new
# Possible reasons:
#   The system is out of physical RAM or swap space
#   The process is running with CompressedOops enabled, and the Java Heap may be blocking the growth of the native heap
# Possible solutions:
#   Reduce memory load on the system
#   Increase physical memory or swap space
#   Check if swap backing store is full
#   Decrease Java heap size (-Xmx/-Xms)
#   Decrease number of Java threads
#   Decrease Java thread stack sizes (-Xss)
#   Set larger code cache with -XX:ReservedCodeCacheSize=
#   JVM is running with Unscaled Compressed Oops mode in which the Java heap is
#     placed in the first 4GB address space. The Java Heap base address is the
#     maximum limit for the native heap growth. Please use -XX:HeapBaseMinAddress
#     to set the Java Heap base and to place the Java Heap above 4GB virtual address.
# This output file may be truncated or incomplete.
#
#  Out of Memory Error (arena.cpp:189), pid=8804, tid=9684
#
# JRE version: Java(TM) SE Runtime Environment (17.0.12+8) (build 17.0.12+8-LTS-286)
# Java VM: Java HotSpot(TM) 64-Bit Server VM (17.0.12+8-LTS-286, mixed mode, sharing, tiered, compressed oops, compressed class ptrs, g1 gc, windows-amd64)
# No core dump will be written. Minidumps are not enabled by default on client versions of Windows
#

---------------  S U M M A R Y ------------

Command Line: -XX:+ShowCodeDetailsInExceptionMessages rw.hotel.venue.VenueApplication

Host: Intel(R) Celeron(R) N4020 CPU @ 1.10GHz, 2 cores, 3G,  Windows 10 , 64 bit Build 19041 (10.0.19041.2364)
Time: Fri Oct 18 11:00:31 2024 Egypt Standard Time elapsed time: 34.086837 seconds (0d 0h 0m 34s)

---------------  T H R E A D  ---------------

Current thread (0x000002be761384d0):  JavaThread "C2 CompilerThread0" daemon [_thread_in_native, id=9684, stack(0x000000d43df00000,0x000000d43e000000)]


Current CompileTask:
C2:  34087 4075       4       java.lang.Class::privateGetDeclaredMethods (64 bytes)

Stack: [0x000000d43df00000,0x000000d43e000000]
Native frames: (J=compiled Java code, j=interpreted, Vv=VM code, C=native code)
V  [jvm.dll+0x67a04a]
V  [jvm.dll+0x7da4ed]
V  [jvm.dll+0x7dbe33]
V  [jvm.dll+0x7dc4a3]
V  [jvm.dll+0x24508f]
V  [jvm.dll+0xab773]
V  [jvm.dll+0xabd3c]
V  [jvm.dll+0x11e324]
V  [jvm.dll+0x6087a2]
V  [jvm.dll+0x60c715]
V  [jvm.dll+0x2166be]
V  [jvm.dll+0x215c6f]
V  [jvm.dll+0x1a2960]
V  [jvm.dll+0x22610b]
V  [jvm.dll+0x2242ab]
V  [jvm.dll+0x79075c]
V  [jvm.dll+0x78abea]
V  [jvm.dll+0x678f35]
C  [ucrtbase.dll+0x21bb2]
C  [KERNEL32.DLL+0x17614]
C  [ntdll.dll+0x526a1]


---------------  P R O C E S S  ---------------

Threads class SMR info:
_java_thread_list=0x000002be76b46870, length=12, elements={
0x000002be5b4d4700, 0x000002be7611e890, 0x000002be76121720, 0x000002be76132870,
0x000002be761363b0, 0x000002be76136d70, 0x000002be76137730, 0x000002be761384d0,
0x000002be761a4dc0, 0x000002be761a8aa0, 0x000002be7636ea60, 0x000002be76385820
}

Java Threads: ( => current thread )
  0x000002be5b4d4700 JavaThread "main" [_thread_in_vm, id=7276, stack(0x000000d43d100000,0x000000d43d200000)]
  0x000002be7611e890 JavaThread "Reference Handler" daemon [_thread_blocked, id=2588, stack(0x000000d43d900000,0x000000d43da00000)]
  0x000002be76121720 JavaThread "Finalizer" daemon [_thread_blocked, id=7480, stack(0x000000d43da00000,0x000000d43db00000)]
  0x000002be76132870 JavaThread "Signal Dispatcher" daemon [_thread_blocked, id=13040, stack(0x000000d43db00000,0x000000d43dc00000)]
  0x000002be761363b0 JavaThread "Attach Listener" daemon [_thread_blocked, id=3768, stack(0x000000d43dc00000,0x000000d43dd00000)]
  0x000002be76136d70 JavaThread "Service Thread" daemon [_thread_blocked, id=10304, stack(0x000000d43dd00000,0x000000d43de00000)]
  0x000002be76137730 JavaThread "Monitor Deflation Thread" daemon [_thread_blocked, id=13928, stack(0x000000d43de00000,0x000000d43df00000)]
=>0x000002be761384d0 JavaThread "C2 CompilerThread0" daemon [_thread_in_native, id=9684, stack(0x000000d43df00000,0x000000d43e000000)]
  0x000002be761a4dc0 JavaThread "C1 CompilerThread0" daemon [_thread_blocked, id=1912, stack(0x000000d43e000000,0x000000d43e100000)]
  0x000002be761a8aa0 JavaThread "Sweeper thread" daemon [_thread_blocked, id=12552, stack(0x000000d43e100000,0x000000d43e200000)]
  0x000002be7636ea60 JavaThread "Notification Thread" daemon [_thread_blocked, id=3860, stack(0x000000d43e200000,0x000000d43e300000)]
  0x000002be76385820 JavaThread "Common-Cleaner" daemon [_thread_blocked, id=7884, stack(0x000000d43e400000,0x000000d43e500000)]

Other Threads:
  0x000002be761190e0 VMThread "VM Thread" [stack: 0x000000d43d800000,0x000000d43d900000] [id=12496]
  0x000002be76373770 WatcherThread [stack: 0x000000d43e300000,0x000000d43e400000] [id=3088]
  0x000002be5b5134f0 GCTaskThread "GC Thread#0" [stack: 0x000000d43d300000,0x000000d43d400000] [id=6968]
  0x000002be7672ced0 GCTaskThread "GC Thread#1" [stack: 0x000000d43e500000,0x000000d43e600000] [id=8928]
  0x000002be5b51ce50 ConcurrentGCThread "G1 Main Marker" [stack: 0x000000d43d400000,0x000000d43d500000] [id=10420]
  0x000002be5b51d860 ConcurrentGCThread "G1 Conc#0" [stack: 0x000000d43d500000,0x000000d43d600000] [id=1480]
  0x000002be5b552650 ConcurrentGCThread "G1 Refine#0" [stack: 0x000000d43d600000,0x000000d43d700000] [id=8824]
  0x000002be5b553080 ConcurrentGCThread "G1 Service" [stack: 0x000000d43d700000,0x000000d43d800000] [id=9400]

Threads with active compile tasks:
C2 CompilerThread0    34130 4075       4       java.lang.Class::privateGetDeclaredMethods (64 bytes)

VM state: not at safepoint (normal execution)

VM Mutex/Monitor currently owned by a thread:  ([mutex/lock_event])
[0x000002be5b4d0940] Metaspace_lock - owner thread: 0x000002be5b4d4700

Heap address: 0x00000000c3000000, size: 976 MB, Compressed Oops mode: 32-bit

CDS archive(s) mapped at: [0x000002be00000000-0x000002be00bd0000-0x000002be00bd0000), size 12386304, SharedBaseAddress: 0x000002be00000000, ArchiveRelocationMode: 1.
Compressed class space mapped at: 0x000002be01000000-0x000002be41000000, reserved size: 1073741824
Narrow klass base: 0x000002be00000000, Narrow klass shift: 0, Narrow klass range: 0x100000000

GC Precious Log:
 CPUs: 2 total, 2 available
 Memory: 3899M
 Large Page Support: Disabled
 NUMA Support: Disabled
 Compressed Oops: Enabled (32-bit)
 Heap Region Size: 1M
 Heap Min Capacity: 8M
 Heap Initial Capacity: 62M
 Heap Max Capacity: 976M
 Pre-touch: Disabled
 Parallel Workers: 2
 Concurrent Workers: 1
 Concurrent Refinement Workers: 2
 Periodic GC: Disabled

Heap:
 garbage-first heap   total 55296K, used 21468K [0x00000000c3000000, 0x0000000100000000)
  region size 1024K, 6 young (6144K), 2 survivors (2048K)
 Metaspace       used 31102K, committed 31488K, reserved 1114112K
  class space    used 4069K, committed 4288K, reserved 1048576K

Heap Regions: E=young(eden), S=young(survivor), O=old, HS=humongous(starts), HC=humongous(continues), CS=collection set, F=free, OA=open archive, CA=closed archive, TAMS=top-at-mark-start (previous, next)
|   0|0x00000000c3000000, 0x00000000c3100000, 0x00000000c3100000|100%|HS|  |TAMS 0x00000000c3100000, 0x00000000c3000000| Complete 
|   1|0x00000000c3100000, 0x00000000c3200000, 0x00000000c3200000|100%| O|  |TAMS 0x00000000c3200000, 0x00000000c3100000| Untracked 
|   2|0x00000000c3200000, 0x00000000c3300000, 0x00000000c3300000|100%| O|  |TAMS 0x00000000c3300000, 0x00000000c3200000| Untracked 
|   3|0x00000000c3300000, 0x00000000c3400000, 0x00000000c3400000|100%| O|  |TAMS 0x00000000c3400000, 0x00000000c3300000| Untracked 
|   4|0x00000000c3400000, 0x00000000c3500000, 0x00000000c3500000|100%| O|  |TAMS 0x00000000c3500000, 0x00000000c3400000| Untracked 
|   5|0x00000000c3500000, 0x00000000c3600000, 0x00000000c3600000|100%| O|  |TAMS 0x00000000c3600000, 0x00000000c3500000| Untracked 
|   6|0x00000000c3600000, 0x00000000c3700000, 0x00000000c3700000|100%| O|  |TAMS 0x00000000c3700000, 0x00000000c3600000| Untracked 
|   7|0x00000000c3700000, 0x00000000c3800000, 0x00000000c3800000|100%| O|  |TAMS 0x00000000c3800000, 0x00000000c3700000| Untracked 
|   8|0x00000000c3800000, 0x00000000c3900000, 0x00000000c3900000|100%| O|  |TAMS 0x00000000c3890000, 0x00000000c3800000| Untracked 
|   9|0x00000000c3900000, 0x00000000c3a00000, 0x00000000c3a00000|100%| O|  |TAMS 0x00000000c3900000, 0x00000000c3900000| Untracked 
|  10|0x00000000c3a00000, 0x00000000c3b00000, 0x00000000c3b00000|100%| O|  |TAMS 0x00000000c3a00000, 0x00000000c3a00000| Untracked 
|  11|0x00000000c3b00000, 0x00000000c3c00000, 0x00000000c3c00000|100%| O|  |TAMS 0x00000000c3b00000, 0x00000000c3b00000| Untracked 
|  12|0x00000000c3c00000, 0x00000000c3d00000, 0x00000000c3d00000|100%| O|  |TAMS 0x00000000c3c00000, 0x00000000c3c00000| Untracked 
|  13|0x00000000c3d00000, 0x00000000c3d65e00, 0x00000000c3e00000| 39%| O|  |TAMS 0x00000000c3d00000, 0x00000000c3d00000| Untracked 
|  14|0x00000000c3e00000, 0x00000000c3f00000, 0x00000000c3f00000|100%| O|  |TAMS 0x00000000c3e00000, 0x00000000c3e00000| Untracked 
|  15|0x00000000c3f00000, 0x00000000c4000000, 0x00000000c4000000|100%| O|  |TAMS 0x00000000c3f00000, 0x00000000c3f00000| Untracked 
|  16|0x00000000c4000000, 0x00000000c4091200, 0x00000000c4100000| 56%| O|  |TAMS 0x00000000c4000000, 0x00000000c4000000| Untracked 
|  17|0x00000000c4100000, 0x00000000c4100000, 0x00000000c4200000|  0%| F|  |TAMS 0x00000000c4100000, 0x00000000c4100000| Untracked 
|  18|0x00000000c4200000, 0x00000000c4200000, 0x00000000c4300000|  0%| F|  |TAMS 0x00000000c4200000, 0x00000000c4200000| Untracked 
|  19|0x00000000c4300000, 0x00000000c4300000, 0x00000000c4400000|  0%| F|  |TAMS 0x00000000c4300000, 0x00000000c4300000| Untracked 
|  20|0x00000000c4400000, 0x00000000c4400000, 0x00000000c4500000|  0%| F|  |TAMS 0x00000000c4400000, 0x00000000c4400000| Untracked 
|  21|0x00000000c4500000, 0x00000000c4500000, 0x00000000c4600000|  0%| F|  |TAMS 0x00000000c4500000, 0x00000000c4500000| Untracked 
|  22|0x00000000c4600000, 0x00000000c4600000, 0x00000000c4700000|  0%| F|  |TAMS 0x00000000c4600000, 0x00000000c4600000| Untracked 
|  23|0x00000000c4700000, 0x00000000c4700000, 0x00000000c4800000|  0%| F|  |TAMS 0x00000000c4700000, 0x00000000c4700000| Untracked 
|  24|0x00000000c4800000, 0x00000000c4800000, 0x00000000c4900000|  0%| F|  |TAMS 0x00000000c4800000, 0x00000000c4800000| Untracked 
|  25|0x00000000c4900000, 0x00000000c4900000, 0x00000000c4a00000|  0%| F|  |TAMS 0x00000000c4900000, 0x00000000c4900000| Untracked 
|  26|0x00000000c4a00000, 0x00000000c4a00000, 0x00000000c4b00000|  0%| F|  |TAMS 0x00000000c4a00000, 0x00000000c4a00000| Untracked 
|  27|0x00000000c4b00000, 0x00000000c4b00000, 0x00000000c4c00000|  0%| F|  |TAMS 0x00000000c4b00000, 0x00000000c4b00000| Untracked 
|  28|0x00000000c4c00000, 0x00000000c4c00000, 0x00000000c4d00000|  0%| F|  |TAMS 0x00000000c4c00000, 0x00000000c4c00000| Untracked 
|  29|0x00000000c4d00000, 0x00000000c4e00000, 0x00000000c4e00000|100%| S|CS|TAMS 0x00000000c4d00000, 0x00000000c4d00000| Complete 
|  30|0x00000000c4e00000, 0x00000000c4f00000, 0x00000000c4f00000|100%| S|CS|TAMS 0x00000000c4e00000, 0x00000000c4e00000| Complete 
|  31|0x00000000c4f00000, 0x00000000c4f00000, 0x00000000c5000000|  0%| F|  |TAMS 0x00000000c4f00000, 0x00000000c4f00000| Untracked 
|  32|0x00000000c5000000, 0x00000000c5000000, 0x00000000c5100000|  0%| F|  |TAMS 0x00000000c5000000, 0x00000000c5000000| Untracked 
|  33|0x00000000c5100000, 0x00000000c5100000, 0x00000000c5200000|  0%| F|  |TAMS 0x00000000c5100000, 0x00000000c5100000| Untracked 
|  34|0x00000000c5200000, 0x00000000c5200000, 0x00000000c5300000|  0%| F|  |TAMS 0x00000000c5200000, 0x00000000c5200000| Untracked 
|  35|0x00000000c5300000, 0x00000000c5300000, 0x00000000c5400000|  0%| F|  |TAMS 0x00000000c5300000, 0x00000000c5300000| Untracked 
|  36|0x00000000c5400000, 0x00000000c5400000, 0x00000000c5500000|  0%| F|  |TAMS 0x00000000c5400000, 0x00000000c5400000| Untracked 
|  37|0x00000000c5500000, 0x00000000c5500000, 0x00000000c5600000|  0%| F|  |TAMS 0x00000000c5500000, 0x00000000c5500000| Untracked 
|  38|0x00000000c5600000, 0x00000000c5600000, 0x00000000c5700000|  0%| F|  |TAMS 0x00000000c5600000, 0x00000000c5600000| Untracked 
|  39|0x00000000c5700000, 0x00000000c5700000, 0x00000000c5800000|  0%| F|  |TAMS 0x00000000c5700000, 0x00000000c5700000| Untracked 
|  40|0x00000000c5800000, 0x00000000c5800000, 0x00000000c5900000|  0%| F|  |TAMS 0x00000000c5800000, 0x00000000c5800000| Untracked 
|  41|0x00000000c5900000, 0x00000000c5900000, 0x00000000c5a00000|  0%| F|  |TAMS 0x00000000c5900000, 0x00000000c5900000| Untracked 
|  42|0x00000000c5a00000, 0x00000000c5a00000, 0x00000000c5b00000|  0%| F|  |TAMS 0x00000000c5a00000, 0x00000000c5a00000| Untracked 
|  43|0x00000000c5b00000, 0x00000000c5b00000, 0x00000000c5c00000|  0%| F|  |TAMS 0x00000000c5b00000, 0x00000000c5b00000| Untracked 
|  44|0x00000000c5c00000, 0x00000000c5c00000, 0x00000000c5d00000|  0%| F|  |TAMS 0x00000000c5c00000, 0x00000000c5c00000| Untracked 
|  45|0x00000000c5d00000, 0x00000000c5d00000, 0x00000000c5e00000|  0%| F|  |TAMS 0x00000000c5d00000, 0x00000000c5d00000| Untracked 
|  46|0x00000000c5e00000, 0x00000000c5e00000, 0x00000000c5f00000|  0%| F|  |TAMS 0x00000000c5e00000, 0x00000000c5e00000| Untracked 
|  47|0x00000000c5f00000, 0x00000000c5f00000, 0x00000000c6000000|  0%| F|  |TAMS 0x00000000c5f00000, 0x00000000c5f00000| Untracked 
|  48|0x00000000c6000000, 0x00000000c6000000, 0x00000000c6100000|  0%| F|  |TAMS 0x00000000c6000000, 0x00000000c6000000| Untracked 
|  49|0x00000000c6100000, 0x00000000c6100000, 0x00000000c6200000|  0%| F|  |TAMS 0x00000000c6100000, 0x00000000c6100000| Untracked 
|  50|0x00000000c6200000, 0x00000000c6262ed8, 0x00000000c6300000| 38%| E|  |TAMS 0x00000000c6200000, 0x00000000c6200000| Complete 
|  51|0x00000000c6300000, 0x00000000c6400000, 0x00000000c6400000|100%| E|CS|TAMS 0x00000000c6300000, 0x00000000c6300000| Complete 
|  58|0x00000000c6a00000, 0x00000000c6b00000, 0x00000000c6b00000|100%| E|CS|TAMS 0x00000000c6a00000, 0x00000000c6a00000| Complete 
|  61|0x00000000c6d00000, 0x00000000c6e00000, 0x00000000c6e00000|100%| E|CS|TAMS 0x00000000c6d00000, 0x00000000c6d00000| Complete 

Card table byte_map: [0x000002be5b2a0000,0x000002be5b490000] _byte_map_base: 0x000002be5ac88000

Marking Bits (Prev, Next): (CMBitMap*) 0x000002be5b514b60, (CMBitMap*) 0x000002be5b514b20
 Prev Bits: [0x000002be72ed0000, 0x000002be73e10000)
 Next Bits: [0x000002be71f90000, 0x000002be72ed0000)

Polling page: 0x000002be59250000

Metaspace:

Usage:
  Non-class:     26.40 MB used.
      Class:      3.97 MB used.
       Both:     30.37 MB used.

Virtual space:
  Non-class space:       64.00 MB reserved,      26.56 MB ( 42%) committed,  1 nodes.
      Class space:        1.00 GB reserved,       4.19 MB ( <1%) committed,  1 nodes.
             Both:        1.06 GB reserved,      30.75 MB (  3%) committed. 

Chunk freelists:
   Non-Class:  5.11 MB
       Class:  11.66 MB
        Both:  16.77 MB

MaxMetaspaceSize: unlimited
CompressedClassSpaceSize: 1.00 GB
Initial GC threshold: 21.00 MB
Current GC threshold: 35.25 MB
CDS: on
MetaspaceReclaimPolicy: balanced
 - commit_granule_bytes: 65536.
 - commit_granule_words: 8192.
 - virtual_space_node_default_size: 8388608.
 - enlarge_chunks_in_place: 1.
 - new_chunks_are_fully_committed: 0.
 - uncommit_free_chunks: 1.
 - use_allocation_guard: 0.
 - handle_deallocations: 1.


Internal statistics:

num_allocs_failed_limit: 3.
num_arena_births: 520.
num_arena_deaths: 0.
num_vsnodes_births: 2.
num_vsnodes_deaths: 0.
num_space_committed: 492.
num_space_uncommitted: 0.
num_chunks_returned_to_freelist: 3.
num_chunks_taken_from_freelist: 1657.
num_chunk_merges: 3.
num_chunk_splits: 1129.
num_chunks_enlarged: 826.
num_inconsistent_stats: 0.

CodeHeap 'non-profiled nmethods': size=120064Kb used=2648Kb max_used=2648Kb free=117416Kb
 bounds [0x000002be6a860000, 0x000002be6ab00000, 0x000002be71da0000]
CodeHeap 'profiled nmethods': size=120000Kb used=8888Kb max_used=8888Kb free=111111Kb
 bounds [0x000002be62da0000, 0x000002be63650000, 0x000002be6a2d0000]
CodeHeap 'non-nmethods': size=5696Kb used=1220Kb max_used=1275Kb free=4475Kb
 bounds [0x000002be6a2d0000, 0x000002be6a540000, 0x000002be6a860000]
 total_blobs=4573 nmethods=4048 adapters=438
 compilation: enabled
              stopped_count=0, restarted_count=0
 full_count=0

Compilation events (20 events):
Event: 33.368 Thread 0x000002be761a4dc0 4064       3       org.springframework.beans.factory.config.BeanPostProcessor::postProcessBeforeInitialization (2 bytes)
Event: 33.368 Thread 0x000002be761a4dc0 nmethod 4064 0x000002be63648990 code [0x000002be63648b20, 0x000002be63648c38]
Event: 33.369 Thread 0x000002be761a4dc0 4068       3       org.springframework.core.ResolvableType::forRawClass (10 bytes)
Event: 33.370 Thread 0x000002be761a4dc0 nmethod 4068 0x000002be63648d10 code [0x000002be63648ec0, 0x000002be63649108]
Event: 33.372 Thread 0x000002be761a4dc0 4069   !   3       org.springframework.util.ReflectionUtils::getDeclaredFields (78 bytes)
Event: 33.374 Thread 0x000002be761a4dc0 nmethod 4069 0x000002be63649210 code [0x000002be63649500, 0x000002be6364a5c8]
Event: 33.375 Thread 0x000002be761a4dc0 4070   !   3       org.springframework.util.ReflectionUtils::doWithLocalFields (63 bytes)
Event: 33.375 Thread 0x000002be761a4dc0 nmethod 4070 0x000002be6364ac10 code [0x000002be6364ae00, 0x000002be6364b238]
Event: 33.389 Thread 0x000002be761384d0 nmethod 4062 0x000002be6aaeb210 code [0x000002be6aaeb420, 0x000002be6aaebf90]
Event: 33.389 Thread 0x000002be761384d0 4066       4       java.lang.PublicMethods$MethodList::filter (104 bytes)
Event: 33.394 Thread 0x000002be761a4dc0 4076       3       org.springframework.core.BridgeMethodResolver::resolveBridgeMethod (180 bytes)
Event: 33.397 Thread 0x000002be761a4dc0 nmethod 4076 0x000002be6364b490 code [0x000002be6364b860, 0x000002be6364d6d8]
Event: 33.408 Thread 0x000002be761384d0 nmethod 4066 0x000002be6aaec890 code [0x000002be6aaeca40, 0x000002be6aaed2d8]
Event: 33.408 Thread 0x000002be761384d0 4074       4       java.lang.Class::getMethodsRecursive (99 bytes)
Event: 33.946 Thread 0x000002be761384d0 nmethod 4074 0x000002be6aaed810 code [0x000002be6aaedc60, 0x000002be6aaf2c18]
Event: 33.948 Thread 0x000002be761384d0 4071       4       java.lang.PublicMethods$Key::matches (31 bytes)
Event: 33.955 Thread 0x000002be761384d0 nmethod 4071 0x000002be6aaf5590 code [0x000002be6aaf5720, 0x000002be6aaf5af8]
Event: 33.956 Thread 0x000002be761384d0 4072       4       java.lang.reflect.Modifier::isPrivate (12 bytes)
Event: 33.956 Thread 0x000002be761384d0 nmethod 4072 0x000002be6aaf5d10 code [0x000002be6aaf5e80, 0x000002be6aaf5ed8]
Event: 33.956 Thread 0x000002be761384d0 4075       4       java.lang.Class::privateGetDeclaredMethods (64 bytes)

GC Heap History (18 events):
Event: 0.454 GC heap before
{Heap before GC invocations=0 (full 0):
 garbage-first heap   total 63488K, used 6144K [0x00000000c3000000, 0x0000000100000000)
  region size 1024K, 6 young (6144K), 0 survivors (0K)
 Metaspace       used 442K, committed 576K, reserved 1114112K
  class space    used 20K, committed 128K, reserved 1048576K
}
Event: 0.458 GC heap after
{Heap after GC invocations=1 (full 0):
 garbage-first heap   total 63488K, used 5366K [0x00000000c3000000, 0x0000000100000000)
  region size 1024K, 1 young (1024K), 1 survivors (1024K)
 Metaspace       used 442K, committed 576K, reserved 1114112K
  class space    used 20K, committed 128K, reserved 1048576K
}
Event: 0.753 GC heap before
{Heap before GC invocations=1 (full 0):
 garbage-first heap   total 63488K, used 8438K [0x00000000c3000000, 0x0000000100000000)
  region size 1024K, 4 young (4096K), 1 survivors (1024K)
 Metaspace       used 2048K, committed 2176K, reserved 1114112K
  class space    used 178K, committed 256K, reserved 1048576K
}
Event: 0.756 GC heap after
{Heap after GC invocations=2 (full 0):
 garbage-first heap   total 63488K, used 6149K [0x00000000c3000000, 0x0000000100000000)
  region size 1024K, 1 young (1024K), 1 survivors (1024K)
 Metaspace       used 2048K, committed 2176K, reserved 1114112K
  class space    used 178K, committed 256K, reserved 1048576K
}
Event: 1.403 GC heap before
{Heap before GC invocations=2 (full 0):
 garbage-first heap   total 63488K, used 14341K [0x00000000c3000000, 0x0000000100000000)
  region size 1024K, 9 young (9216K), 1 survivors (1024K)
 Metaspace       used 4813K, committed 4992K, reserved 1114112K
  class space    used 549K, committed 640K, reserved 1048576K
}
Event: 1.407 GC heap after
{Heap after GC invocations=3 (full 0):
 garbage-first heap   total 63488K, used 6998K [0x00000000c3000000, 0x0000000100000000)
  region size 1024K, 2 young (2048K), 2 survivors (2048K)
 Metaspace       used 4813K, committed 4992K, reserved 1114112K
  class space    used 549K, committed 640K, reserved 1048576K
}
Event: 2.566 GC heap before
{Heap before GC invocations=3 (full 0):
 garbage-first heap   total 63488K, used 22358K [0x00000000c3000000, 0x0000000100000000)
  region size 1024K, 18 young (18432K), 2 survivors (2048K)
 Metaspace       used 8747K, committed 8960K, reserved 1114112K
  class space    used 1114K, committed 1216K, reserved 1048576K
}
Event: 2.572 GC heap after
{Heap after GC invocations=4 (full 0):
 garbage-first heap   total 63488K, used 8443K [0x00000000c3000000, 0x0000000100000000)
  region size 1024K, 3 young (3072K), 3 survivors (3072K)
 Metaspace       used 8747K, committed 8960K, reserved 1114112K
  class space    used 1114K, committed 1216K, reserved 1048576K
}
Event: 5.148 GC heap before
{Heap before GC invocations=4 (full 0):
 garbage-first heap   total 63488K, used 39163K [0x00000000c3000000, 0x0000000100000000)
  region size 1024K, 33 young (33792K), 3 survivors (3072K)
 Metaspace       used 15906K, committed 16128K, reserved 1114112K
  class space    used 2034K, committed 2176K, reserved 1048576K
}
Event: 5.161 GC heap after
{Heap after GC invocations=5 (full 0):
 garbage-first heap   total 63488K, used 10920K [0x00000000c3000000, 0x0000000100000000)
  region size 1024K, 5 young (5120K), 5 survivors (5120K)
 Metaspace       used 15906K, committed 16128K, reserved 1114112K
  class space    used 2034K, committed 2176K, reserved 1048576K
}
Event: 11.202 GC heap before
{Heap before GC invocations=5 (full 0):
 garbage-first heap   total 63488K, used 41640K [0x00000000c3000000, 0x0000000100000000)
  region size 1024K, 36 young (36864K), 5 survivors (5120K)
 Metaspace       used 20940K, committed 21248K, reserved 1114112K
  class space    used 2665K, committed 2816K, reserved 1048576K
}
Event: 11.220 GC heap after
{Heap after GC invocations=6 (full 0):
 garbage-first heap   total 63488K, used 13888K [0x00000000c3000000, 0x0000000100000000)
  region size 1024K, 5 young (5120K), 5 survivors (5120K)
 Metaspace       used 20940K, committed 21248K, reserved 1114112K
  class space    used 2665K, committed 2816K, reserved 1048576K
}
Event: 12.268 GC heap before
{Heap before GC invocations=6 (full 0):
 garbage-first heap   total 63488K, used 15936K [0x00000000c3000000, 0x0000000100000000)
  region size 1024K, 8 young (8192K), 5 survivors (5120K)
 Metaspace       used 21278K, committed 21504K, reserved 1114112K
  class space    used 2713K, committed 2816K, reserved 1048576K
}
Event: 12.280 GC heap after
{Heap after GC invocations=7 (full 0):
 garbage-first heap   total 63488K, used 14685K [0x00000000c3000000, 0x0000000100000000)
  region size 1024K, 1 young (1024K), 1 survivors (1024K)
 Metaspace       used 21278K, committed 21504K, reserved 1114112K
  class space    used 2713K, committed 2816K, reserved 1048576K
}
Event: 22.516 GC heap before
{Heap before GC invocations=8 (full 0):
 garbage-first heap   total 55296K, used 45405K [0x00000000c3000000, 0x0000000100000000)
  region size 1024K, 31 young (31744K), 1 survivors (1024K)
 Metaspace       used 26311K, committed 26688K, reserved 1114112K
  class space    used 3430K, committed 3648K, reserved 1048576K
}
Event: 22.526 GC heap after
{Heap after GC invocations=9 (full 0):
 garbage-first heap   total 55296K, used 16466K [0x00000000c3000000, 0x0000000100000000)
  region size 1024K, 3 young (3072K), 3 survivors (3072K)
 Metaspace       used 26311K, committed 26688K, reserved 1114112K
  class space    used 3430K, committed 3648K, reserved 1048576K
}
Event: 32.457 GC heap before
{Heap before GC invocations=9 (full 0):
 garbage-first heap   total 55296K, used 40018K [0x00000000c3000000, 0x0000000100000000)
  region size 1024K, 26 young (26624K), 3 survivors (3072K)
 Metaspace       used 30782K, committed 31232K, reserved 1114112K
  class space    used 4021K, committed 4224K, reserved 1048576K
}
Event: 32.482 GC heap after
{Heap after GC invocations=10 (full 0):
 garbage-first heap   total 55296K, used 18396K [0x00000000c3000000, 0x0000000100000000)
  region size 1024K, 2 young (2048K), 2 survivors (2048K)
 Metaspace       used 30782K, committed 31232K, reserved 1114112K
  class space    used 4021K, committed 4224K, reserved 1048576K
}

Deoptimization events (20 events):
Event: 32.524 Thread 0x000002be5b4d4700 DEOPT PACKING pc=0x000002be62df87b4 sp=0x000000d43d1fdfa0
Event: 32.524 Thread 0x000002be5b4d4700 DEOPT UNPACKING pc=0x000002be6a322b24 sp=0x000000d43d1fd410 mode 0
Event: 32.868 Thread 0x000002be5b4d4700 DEOPT PACKING pc=0x000002be62fbc5a3 sp=0x000000d43d1fce30
Event: 32.868 Thread 0x000002be5b4d4700 DEOPT UNPACKING pc=0x000002be6a322b24 sp=0x000000d43d1fc2a0 mode 0
Event: 33.352 Thread 0x000002be5b4d4700 Uncommon trap: trap_request=0xffffffbe fr.pc=0x000002be6aab4ba0 relative=0x0000000000000760
Event: 33.352 Thread 0x000002be5b4d4700 Uncommon trap: reason=profile_predicate action=maybe_recompile pc=0x000002be6aab4ba0 method=java.lang.PublicMethods$MethodList.filter([Ljava/lang/reflect/Method;Ljava/lang/String;[Ljava/lang/Class;Z)Ljava/lang/PublicMethods$MethodList; @ 21 c2
Event: 33.352 Thread 0x000002be5b4d4700 DEOPT PACKING pc=0x000002be6aab4ba0 sp=0x000000d43d1fc950
Event: 33.352 Thread 0x000002be5b4d4700 DEOPT UNPACKING pc=0x000002be6a32239d sp=0x000000d43d1fc908 mode 2
Event: 33.352 Thread 0x000002be5b4d4700 Uncommon trap: trap_request=0xffffffbe fr.pc=0x000002be6aab4ba0 relative=0x0000000000000760
Event: 33.352 Thread 0x000002be5b4d4700 Uncommon trap: reason=profile_predicate action=maybe_recompile pc=0x000002be6aab4ba0 method=java.lang.PublicMethods$MethodList.filter([Ljava/lang/reflect/Method;Ljava/lang/String;[Ljava/lang/Class;Z)Ljava/lang/PublicMethods$MethodList; @ 21 c2
Event: 33.352 Thread 0x000002be5b4d4700 DEOPT PACKING pc=0x000002be6aab4ba0 sp=0x000000d43d1fc8a0
Event: 33.352 Thread 0x000002be5b4d4700 DEOPT UNPACKING pc=0x000002be6a32239d sp=0x000000d43d1fc858 mode 2
Event: 33.352 Thread 0x000002be5b4d4700 Uncommon trap: trap_request=0xffffffbe fr.pc=0x000002be6aab4ba0 relative=0x0000000000000760
Event: 33.352 Thread 0x000002be5b4d4700 Uncommon trap: reason=profile_predicate action=maybe_recompile pc=0x000002be6aab4ba0 method=java.lang.PublicMethods$MethodList.filter([Ljava/lang/reflect/Method;Ljava/lang/String;[Ljava/lang/Class;Z)Ljava/lang/PublicMethods$MethodList; @ 21 c2
Event: 33.352 Thread 0x000002be5b4d4700 DEOPT PACKING pc=0x000002be6aab4ba0 sp=0x000000d43d1fc950
Event: 33.352 Thread 0x000002be5b4d4700 DEOPT UNPACKING pc=0x000002be6a32239d sp=0x000000d43d1fc908 mode 2
Event: 33.392 Thread 0x000002be5b4d4700 Uncommon trap: trap_request=0xffffff45 fr.pc=0x000002be6aaa7ff0 relative=0x0000000000000270
Event: 33.392 Thread 0x000002be5b4d4700 Uncommon trap: reason=unstable_if action=reinterpret pc=0x000002be6aaa7ff0 method=org.springframework.core.BridgeMethodResolver.resolveBridgeMethod(Ljava/lang/reflect/Method;Ljava/lang/Class;)Ljava/lang/reflect/Method; @ 34 c2
Event: 33.392 Thread 0x000002be5b4d4700 DEOPT PACKING pc=0x000002be6aaa7ff0 sp=0x000000d43d1fcd80
Event: 33.392 Thread 0x000002be5b4d4700 DEOPT UNPACKING pc=0x000002be6a32239d sp=0x000000d43d1fcde8 mode 2

Classes unloaded (0 events):
No events

Classes redefined (0 events):
No events

Internal exceptions (20 events):
Event: 21.200 Thread 0x000002be5b4d4700 Exception <a 'java/lang/NoClassDefFoundError'{0x00000000c4a3a8a0}: org/quartz/Scheduler> (0x00000000c4a3a8a0) 
thrown [s\open\src\hotspot\share\classfile\systemDictionary.cpp, line 245]
Event: 21.200 Thread 0x000002be5b4d4700 Exception <a 'java/lang/NoClassDefFoundError'{0x00000000c4a3bfa0}: org/springframework/session/jdbc/JdbcIndexedSessionRepository> (0x00000000c4a3bfa0) 
thrown [s\open\src\hotspot\share\classfile\systemDictionary.cpp, line 245]
Event: 21.414 Thread 0x000002be5b4d4700 Exception <a 'java/lang/NoSuchMethodError'{0x00000000c49922c8}: 'void java.lang.invoke.DirectMethodHandle$Holder.invokeSpecial(java.lang.Object, java.lang.Object, java.lang.Object, java.lang.Object, java.lang.Object, java.lang.Object)'> (0x00000000c49922c8) 
thrown [s\open\src\hotspot\share\interpreter\linkResolver.cpp, line 759]
Event: 23.542 Thread 0x000002be5b4d4700 Exception <a 'java/lang/NoSuchMethodError'{0x00000000c6356b40}: 'int java.lang.invoke.DirectMethodHandle$Holder.invokeSpecialIFC(java.lang.Object, java.lang.Object, java.lang.Object)'> (0x00000000c6356b40) 
thrown [s\open\src\hotspot\share\interpreter\linkResolver.cpp, line 759]
Event: 23.952 Thread 0x000002be5b4d4700 Exception <a 'java/lang/NoSuchMethodError'{0x00000000c6247660}: 'java.lang.Object java.lang.invoke.DirectMethodHandle$Holder.invokeSpecialIFC(java.lang.Object, java.lang.Object, java.lang.Object)'> (0x00000000c6247660) 
thrown [s\open\src\hotspot\share\interpreter\linkResolver.cpp, line 759]
Event: 26.133 Thread 0x000002be5b4d4700 Exception <a 'java/lang/NoSuchMethodError'{0x00000000c5d3b500}: 'void java.lang.invoke.DirectMethodHandle$Holder.invokeInterface(java.lang.Object, java.lang.Object, int)'> (0x00000000c5d3b500) 
thrown [s\open\src\hotspot\share\interpreter\linkResolver.cpp, line 759]
Event: 26.156 Thread 0x000002be5b4d4700 Exception <a 'java/lang/IncompatibleClassChangeError'{0x00000000c5d8b8e0}: Found class java.lang.Object, but interface was expected> (0x00000000c5d8b8e0) 
thrown [s\open\src\hotspot\share\interpreter\linkResolver.cpp, line 826]
Event: 26.160 Thread 0x000002be5b4d4700 Exception <a 'java/lang/NoSuchMethodError'{0x00000000c5daed20}: 'void java.lang.invoke.DirectMethodHandle$Holder.invokeStatic(java.lang.Object, int, java.lang.Object)'> (0x00000000c5daed20) 
thrown [s\open\src\hotspot\share\interpreter\linkResolver.cpp, line 759]
Event: 26.172 Thread 0x000002be5b4d4700 Exception <a 'java/lang/NoSuchMethodError'{0x00000000c5dea498}: 'void java.lang.invoke.DirectMethodHandle$Holder.invokeVirtual(java.lang.Object, java.lang.Object, int)'> (0x00000000c5dea498) 
thrown [s\open\src\hotspot\share\interpreter\linkResolver.cpp, line 759]
Event: 26.173 Thread 0x000002be5b4d4700 Exception <a 'java/lang/NoSuchMethodError'{0x00000000c5df06e0}: 'void java.lang.invoke.DirectMethodHandle$Holder.invokeStatic(java.lang.Object, java.lang.Object, java.lang.Object, int, java.lang.Object)'> (0x00000000c5df06e0) 
thrown [s\open\src\hotspot\share\interpreter\linkResolver.cpp, line 759]
Event: 26.173 Thread 0x000002be5b4d4700 Exception <a 'java/lang/NoSuchMethodError'{0x00000000c5df7be8}: 'java.lang.Object java.lang.invoke.DirectMethodHandle$Holder.newInvokeSpecial(java.lang.Object, java.lang.Object, java.lang.Object, int)'> (0x00000000c5df7be8) 
thrown [s\open\src\hotspot\share\interpreter\linkResolver.cpp, line 759]
Event: 26.174 Thread 0x000002be5b4d4700 Exception <a 'java/lang/NoSuchMethodError'{0x00000000c5dfbed0}: 'java.lang.Object java.lang.invoke.DirectMethodHandle$Holder.invokeSpecial(java.lang.Object, java.lang.Object, java.lang.Object, java.lang.Object, int)'> (0x00000000c5dfbed0) 
thrown [s\open\src\hotspot\share\interpreter\linkResolver.cpp, line 759]
Event: 26.174 Thread 0x000002be5b4d4700 Exception <a 'java/lang/NoSuchMethodError'{0x00000000c5dffa98}: 'java.lang.Object java.lang.invoke.Invokers$Holder.linkToTargetMethod(java.lang.Object, java.lang.Object, int, java.lang.Object)'> (0x00000000c5dffa98) 
thrown [s\open\src\hotspot\share\interpreter\linkResolver.cpp, line 759]
Event: 28.878 Thread 0x000002be5b4d4700 Exception <a 'java/lang/NoSuchMethodError'{0x00000000c56eaf50}: 'java.lang.Object java.lang.invoke.DirectMethodHandle$Holder.invokeStaticInit(java.lang.Object, int, int, int, int)'> (0x00000000c56eaf50) 
thrown [s\open\src\hotspot\share\interpreter\linkResolver.cpp, line 759]
Event: 31.221 Thread 0x000002be5b4d4700 Exception <a 'java/lang/NoSuchMethodError'{0x00000000c552ace0}: 'java.lang.Object java.lang.invoke.DirectMethodHandle$Holder.invokeStaticInit(java.lang.Object, java.lang.Object, int, int, int, int)'> (0x00000000c552ace0) 
thrown [s\open\src\hotspot\share\interpreter\linkResolver.cpp, line 759]
Event: 32.074 Thread 0x000002be5b4d4700 Exception <a 'java/lang/NoSuchMethodError'{0x00000000c502cff0}: 'java.lang.Object java.lang.invoke.DirectMethodHandle$Holder.invokeSpecial(java.lang.Object, java.lang.Object, long, java.lang.Object, java.lang.Object, java.lang.Object, java.lang.Object, java.lang.Object, java.lang.Object)'> (0x00000000c502cff0) 
thrown [s\open\src\hotspot\share\interpreter\linkResolver.cpp, line 759]
Event: 32.075 Thread 0x000002be5b4d4700 Exception <a 'java/lang/NoSuchMethodError'{0x00000000c5031b18}: 'java.lang.Object java.lang.invoke.DelegatingMethodHandle$Holder.reinvoke_L(java.lang.Object, long, java.lang.Object, java.lang.Object, java.lang.Object, java.lang.Object, java.lang.Object, java.lang.Object)'> (0x00000000c5031b18) 
thrown [s\open\src\hotspot\share\interpreter\linkResolver.cpp, line 759]
Event: 32.161 Thread 0x000002be5b4d4700 Implicit null exception at 0x000002be6a93dc1c to 0x000002be6a93f104
Event: 32.310 Thread 0x000002be5b4d4700 Exception <a 'java/io/FileNotFoundException'{0x00000000c4f8d3c0}> (0x00000000c4f8d3c0) 
thrown [s\open\src\hotspot\share\prims\jni.cpp, line 516]
Event: 32.852 Thread 0x000002be5b4d4700 Exception <a 'java/lang/NoSuchMethodError'{0x00000000c6aad0c8}: 'int java.lang.invoke.DirectMethodHandle$Holder.invokeInterface(java.lang.Object, java.lang.Object, java.lang.Object, java.lang.Object)'> (0x00000000c6aad0c8) 
thrown [s\open\src\hotspot\share\interpreter\linkResolver.cpp, line 759]

VM Operations (20 events):
Event: 26.642 Executing VM operation: Cleanup done
Event: 27.643 Executing VM operation: Cleanup
Event: 27.643 Executing VM operation: Cleanup done
Event: 29.681 Executing VM operation: Cleanup
Event: 29.741 Executing VM operation: Cleanup done
Event: 29.754 Executing VM operation: HandshakeAllThreads
Event: 29.754 Executing VM operation: HandshakeAllThreads done
Event: 31.668 Executing VM operation: HandshakeAllThreads
Event: 31.668 Executing VM operation: HandshakeAllThreads done
Event: 31.668 Executing VM operation: Cleanup
Event: 31.669 Executing VM operation: Cleanup done
Event: 31.671 Executing VM operation: HandshakeAllThreads
Event: 31.671 Executing VM operation: HandshakeAllThreads done
Event: 32.153 Executing VM operation: HandshakeAllThreads
Event: 32.153 Executing VM operation: HandshakeAllThreads done
Event: 32.282 Executing VM operation: HandshakeAllThreads
Event: 32.282 Executing VM operation: HandshakeAllThreads done
Event: 32.457 Executing VM operation: G1CollectForAllocation
Event: 32.482 Executing VM operation: G1CollectForAllocation done
Event: 33.499 Executing VM operation: Cleanup

Events (20 events):
Event: 32.277 loading class java/lang/management/DefaultPlatformMBeanProvider$10
Event: 32.277 loading class java/lang/management/DefaultPlatformMBeanProvider$10 done
Event: 32.277 loading class java/lang/management/DefaultPlatformMBeanProvider$11
Event: 32.278 loading class java/lang/management/DefaultPlatformMBeanProvider$11 done
Event: 32.278 loading class jdk/management/jfr/FlightRecorderMXBean
Event: 32.278 loading class jdk/management/jfr/FlightRecorderMXBean done
Event: 32.278 loading class jdk/management/jfr/internal/FlightRecorderMXBeanProvider$SingleMBeanComponent
Event: 32.278 loading class jdk/management/jfr/internal/FlightRecorderMXBeanProvider$SingleMBeanComponent done
Event: 32.279 loading class java/util/stream/ReduceOps$2
Event: 32.279 loading class java/util/stream/ReduceOps$2 done
Event: 32.282 loading class java/util/stream/ReduceOps$2ReducingSink
Event: 32.282 loading class java/util/stream/ReduceOps$2ReducingSink done
Event: 32.283 loading class sun/management/RuntimeImpl
Event: 32.283 loading class sun/management/RuntimeImpl done
Event: 32.283 loading class java/util/Collections$2
Event: 32.283 loading class java/util/Collections$2 done
Event: 33.356 loading class java/util/UUID$Holder
Event: 33.356 loading class java/util/UUID$Holder done
Event: 33.393 loading class jdk/internal/reflect/UnsafeObjectFieldAccessorImpl
Event: 33.393 loading class jdk/internal/reflect/UnsafeObjectFieldAccessorImpl done


Dynamic libraries:
0x00007ff7c8810000 - 0x00007ff7c8820000 	C:\Program Files\Java\jdk-17\bin\java.exe
0x00007ffe58cf0000 - 0x00007ffe58ee8000 	C:\Windows\SYSTEM32\ntdll.dll
0x00007ffe56d90000 - 0x00007ffe56e4f000 	C:\Windows\System32\KERNEL32.DLL
0x00007ffe565d0000 - 0x00007ffe568a2000 	C:\Windows\System32\KERNELBASE.dll
0x00007ffe568b0000 - 0x00007ffe569b0000 	C:\Windows\System32\ucrtbase.dll
0x00007ffe4f050000 - 0x00007ffe4f069000 	C:\Program Files\Java\jdk-17\bin\jli.dll
0x00007ffe586e0000 - 0x00007ffe5878e000 	C:\Windows\System32\ADVAPI32.dll
0x00007ffe57db0000 - 0x00007ffe57e4e000 	C:\Windows\System32\msvcrt.dll
0x00007ffe57bb0000 - 0x00007ffe57c4c000 	C:\Windows\System32\sechost.dll
0x00007ffe58af0000 - 0x00007ffe58c15000 	C:\Windows\System32\RPCRT4.dll
0x00007ffe58220000 - 0x00007ffe583c1000 	C:\Windows\System32\USER32.dll
0x00007ffe565a0000 - 0x00007ffe565c2000 	C:\Windows\System32\win32u.dll
0x00007ffe56e60000 - 0x00007ffe56e8b000 	C:\Windows\System32\GDI32.dll
0x00007ffe56bf0000 - 0x00007ffe56cff000 	C:\Windows\System32\gdi32full.dll
0x00007ffe56ae0000 - 0x00007ffe56b7d000 	C:\Windows\System32\msvcp_win.dll
0x00007ffe4ea70000 - 0x00007ffe4ea8b000 	C:\Program Files\Java\jdk-17\bin\VCRUNTIME140.dll
0x00007ffe43c10000 - 0x00007ffe43eaa000 	C:\Windows\WinSxS\amd64_microsoft.windows.common-controls_6595b64144ccf1df_6.0.19041.1110_none_60b5254171f9507e\COMCTL32.dll
0x00007ffe4aea0000 - 0x00007ffe4aeaa000 	C:\Windows\SYSTEM32\VERSION.dll
0x00007ffe57b60000 - 0x00007ffe57b92000 	C:\Windows\System32\IMM32.DLL
0x00007ffe51180000 - 0x00007ffe5118c000 	C:\Program Files\Java\jdk-17\bin\vcruntime140_1.dll
0x00007ffe32bc0000 - 0x00007ffe32c4e000 	C:\Program Files\Java\jdk-17\bin\msvcp140.dll
0x00007ffe0e830000 - 0x00007ffe0f410000 	C:\Program Files\Java\jdk-17\bin\server\jvm.dll
0x00007ffe58480000 - 0x00007ffe58488000 	C:\Windows\System32\PSAPI.DLL
0x00007ffe3fec0000 - 0x00007ffe3fec9000 	C:\Windows\SYSTEM32\WSOCK32.dll
0x00007ffe58610000 - 0x00007ffe5867b000 	C:\Windows\System32\WS2_32.dll
0x00007ffe363b0000 - 0x00007ffe363d7000 	C:\Windows\SYSTEM32\WINMM.dll
0x00007ffe54c00000 - 0x00007ffe54c12000 	C:\Windows\SYSTEM32\kernel.appcore.dll
0x00007ffe51140000 - 0x00007ffe5114a000 	C:\Program Files\Java\jdk-17\bin\jimage.dll
0x00007ffe54910000 - 0x00007ffe54af4000 	C:\Windows\SYSTEM32\DBGHELP.DLL
0x00007ffe3c390000 - 0x00007ffe3c3c5000 	C:\Windows\SYSTEM32\dbgcore.DLL
0x00007ffe56510000 - 0x00007ffe56592000 	C:\Windows\System32\bcryptPrimitives.dll
0x00007ffe47740000 - 0x00007ffe47765000 	C:\Program Files\Java\jdk-17\bin\java.dll
0x00007ffe2f9c0000 - 0x00007ffe2fa97000 	C:\Program Files\Java\jdk-17\bin\jsvml.dll
0x00007ffe57410000 - 0x00007ffe57b54000 	C:\Windows\System32\SHELL32.dll
0x00007ffe540a0000 - 0x00007ffe54832000 	C:\Windows\SYSTEM32\windows.storage.dll
0x00007ffe58790000 - 0x00007ffe58ae5000 	C:\Windows\System32\combase.dll
0x00007ffe55da0000 - 0x00007ffe55dd0000 	C:\Windows\SYSTEM32\Wldp.dll
0x00007ffe583d0000 - 0x00007ffe5847d000 	C:\Windows\System32\SHCORE.dll
0x00007ffe58680000 - 0x00007ffe586d5000 	C:\Windows\System32\shlwapi.dll
0x00007ffe562f0000 - 0x00007ffe5630f000 	C:\Windows\SYSTEM32\profapi.dll
0x00007ffe4ea20000 - 0x00007ffe4ea39000 	C:\Program Files\Java\jdk-17\bin\net.dll
0x00007ffe44bd0000 - 0x00007ffe44cdc000 	C:\Windows\SYSTEM32\WINHTTP.dll
0x00007ffe55a90000 - 0x00007ffe55afa000 	C:\Windows\system32\mswsock.dll
0x00007ffe4e860000 - 0x00007ffe4e876000 	C:\Program Files\Java\jdk-17\bin\nio.dll
0x00007ffe4e2a0000 - 0x00007ffe4e2b8000 	C:\Program Files\Java\jdk-17\bin\zip.dll
0x00007ffe4f030000 - 0x00007ffe4f03e000 	C:\Program Files\Java\jdk-17\bin\sunmscapi.dll
0x00007ffe563b0000 - 0x00007ffe56506000 	C:\Windows\System32\CRYPT32.dll
0x00007ffe55e10000 - 0x00007ffe55e37000 	C:\Windows\SYSTEM32\ncrypt.dll
0x00007ffe55dd0000 - 0x00007ffe55e0b000 	C:\Windows\SYSTEM32\NTASN1.dll
0x00007ffe55d00000 - 0x00007ffe55d18000 	C:\Windows\SYSTEM32\CRYPTSP.dll
0x00007ffe553b0000 - 0x00007ffe553e4000 	C:\Windows\system32\rsaenh.dll
0x00007ffe569b0000 - 0x00007ffe569d7000 	C:\Windows\System32\bcrypt.dll
0x00007ffe56270000 - 0x00007ffe5629e000 	C:\Windows\SYSTEM32\USERENV.dll
0x00007ffe55cf0000 - 0x00007ffe55cfc000 	C:\Windows\SYSTEM32\CRYPTBASE.dll
0x00007ffe55780000 - 0x00007ffe557bb000 	C:\Windows\SYSTEM32\IPHLPAPI.DLL
0x00007ffe57ba0000 - 0x00007ffe57ba8000 	C:\Windows\System32\NSI.dll
0x00007ffe441f0000 - 0x00007ffe44207000 	C:\Windows\SYSTEM32\dhcpcsvc6.DLL
0x00007ffe442f0000 - 0x00007ffe4430d000 	C:\Windows\SYSTEM32\dhcpcsvc.DLL
0x00007ffe557c0000 - 0x00007ffe5588a000 	C:\Windows\SYSTEM32\DNSAPI.dll
0x00007ffe4ea50000 - 0x00007ffe4ea5a000 	C:\Program Files\Java\jdk-17\bin\management.dll
0x00007ffe4dec0000 - 0x00007ffe4decb000 	C:\Program Files\Java\jdk-17\bin\management_ext.dll

dbghelp: loaded successfully - version: 4.0.5 - missing functions: none
symbol engine: initialized successfully - sym options: 0x614 - pdb path: .;C:\Program Files\Java\jdk-17\bin;C:\Windows\SYSTEM32;C:\Windows\WinSxS\amd64_microsoft.windows.common-controls_6595b64144ccf1df_6.0.19041.1110_none_60b5254171f9507e;C:\Program Files\Java\jdk-17\bin\server

VM Arguments:
jvm_args: -XX:+ShowCodeDetailsInExceptionMessages 
java_command: rw.hotel.venue.VenueApplication
java_class_path (initial): C:\Users\Sabine\Desktop\Project\venue\venue\target\classes;C:\Users\Sabine\.m2\repository\org\springframework\boot\spring-boot-starter-data-jpa\3.3.4\spring-boot-starter-data-jpa-3.3.4.jar;C:\Users\Sabine\.m2\repository\org\springframework\boot\spring-boot-starter-aop\3.3.4\spring-boot-starter-aop-3.3.4.jar;C:\Users\Sabine\.m2\repository\org\aspectj\aspectjweaver\1.9.22.1\aspectjweaver-1.9.22.1.jar;C:\Users\Sabine\.m2\repository\org\springframework\boot\spring-boot-starter-jdbc\3.3.4\spring-boot-starter-jdbc-3.3.4.jar;C:\Users\Sabine\.m2\repository\com\zaxxer\HikariCP\5.1.0\HikariCP-5.1.0.jar;C:\Users\Sabine\.m2\repository\org\springframework\spring-jdbc\6.1.13\spring-jdbc-6.1.13.jar;C:\Users\Sabine\.m2\repository\org\hibernate\orm\hibernate-core\6.5.3.Final\hibernate-core-6.5.3.Final.jar;C:\Users\Sabine\.m2\repository\jakarta\persistence\jakarta.persistence-api\3.1.0\jakarta.persistence-api-3.1.0.jar;C:\Users\Sabine\.m2\repository\jakarta\transaction\jakarta.transaction-api\2.0.1\jakarta.transaction-api-2.0.1.jar;C:\Users\Sabine\.m2\repository\org\jboss\logging\jboss-logging\3.5.3.Final\jboss-logging-3.5.3.Final.jar;C:\Users\Sabine\.m2\repository\org\hibernate\common\hibernate-commons-annotations\6.0.6.Final\hibernate-commons-annotations-6.0.6.Final.jar;C:\Users\Sabine\.m2\repository\io\smallrye\jandex\3.1.2\jandex-3.1.2.jar;C:\Users\Sabine\.m2\repository\com\fasterxml\classmate\1.7.0\classmate-1.7.0.jar;C:\Users\Sabine\.m2\repository\net\bytebuddy\byte-buddy\1.14.19\byte-buddy-1.14.19.jar;C:\Users\Sabine\.m2\repository\org\glassfish\jaxb\jaxb-runtime\4.0.5\jaxb-runtime-4.0.5.jar;C:\Users\Sabine\.m2\repository\org\glassfish\jaxb\jaxb-core\4.0.5\jaxb-core-4.0.5.jar;C:\Users\Sabine\.m2\repository\org\eclipse\angus\angus-activation\2.0.2\angus-activation-2.0.2.jar;C:\Users\Sabine\.m2\repository\org\glassfish\jaxb\txw2\4.0.5\txw2-4.0.5.jar;C:\Users\Sabine\.m2\repository\com\sun\istack\istack-commons-runtime\4.1.2\istack-commons-runtime-4.1.
Launcher Type: SUN_STANDARD

[Global flags]
     intx CICompilerCount                          = 2                                         {product} {ergonomic}
     uint ConcGCThreads                            = 1                                         {product} {ergonomic}
     uint G1ConcRefinementThreads                  = 2                                         {product} {ergonomic}
   size_t G1HeapRegionSize                         = 1048576                                   {product} {ergonomic}
    uintx GCDrainStackTargetSize                   = 64                                        {product} {ergonomic}
   size_t InitialHeapSize                          = 65011712                                  {product} {ergonomic}
   size_t MarkStackSize                            = 4194304                                   {product} {ergonomic}
   size_t MaxHeapSize                              = 1023410176                                {product} {ergonomic}
   size_t MaxNewSize                               = 613416960                                 {product} {ergonomic}
   size_t MinHeapDeltaBytes                        = 1048576                                   {product} {ergonomic}
   size_t MinHeapSize                              = 8388608                                   {product} {ergonomic}
    uintx NonNMethodCodeHeapSize                   = 5826188                                {pd product} {ergonomic}
    uintx NonProfiledCodeHeapSize                  = 122916026                              {pd product} {ergonomic}
    uintx ProfiledCodeHeapSize                     = 122916026                              {pd product} {ergonomic}
    uintx ReservedCodeCacheSize                    = 251658240                              {pd product} {ergonomic}
     bool SegmentedCodeCache                       = true                                      {product} {ergonomic}
     bool ShowCodeDetailsInExceptionMessages       = true                                   {manageable} {command line}
   size_t SoftMaxHeapSize                          = 1023410176                             {manageable} {ergonomic}
     bool UseCompressedClassPointers               = true                           {product lp64_product} {ergonomic}
     bool UseCompressedOops                        = true                           {product lp64_product} {ergonomic}
     bool UseG1GC                                  = true                                      {product} {ergonomic}
     bool UseLargePagesIndividualAllocation        = false                                  {pd product} {ergonomic}

Logging:
Log output configuration:
 #0: stdout all=warning uptime,level,tags
 #1: stderr all=off uptime,level,tags

Environment Variables:
JAVA_HOME=C:\Program Files\Java\jdk-17\bin
PATH=C:\Program Files\Common Files\Oracle\Java\javapath;C:\oraclexe\app\oracle\product\11.2.0\server\bin;;C:\Windows\system32;C:\Windows;C:\Windows\System32\Wbem;C:\Windows\System32\WindowsPowerShell\v1.0\;C:\Windows\System32\OpenSSH\;C:\flutter\bin;C:\Program Files\TortoiseSVN\bin;C:\Program Files\Git\cmd;C:\Users\Sabine\AppData\Local\Programs\Microsoft VS Code\bin;C:\Program Files\apache-maven-3.8.8\bin;C:\Program Files\MySQL\MySQL Server 8.0\bin;C:\Program Files\Java\jdk-17\bin;
USERNAME=Sabine
LANG=en_US.UTF-8
OS=Windows_NT
PROCESSOR_IDENTIFIER=Intel64 Family 6 Model 122 Stepping 8, GenuineIntel



---------------  S Y S T E M  ---------------

OS:
 Windows 10 , 64 bit Build 19041 (10.0.19041.2364)
OS uptime: 6 days 20:07 hours

CPU: total 2 (initial active 2) (2 cores per cpu, 1 threads per core) family 6 model 122 stepping 8 microcode 0xc, cx8, cmov, fxsr, mmx, 3dnowpref, sse, sse2, sse3, ssse3, sse4.1, sse4.2, popcnt, tsc, tscinvbit, aes, erms, clmul, sha, clflush, clflushopt

Memory: 4k page, system-wide physical 3899M (503M free)
TotalPageFile size 8587M (AvailPageFile size 0M)
current process WorkingSet (physical memory assigned to process): 154M, peak: 171M
current process commit charge ("private bytes"): 185M, peak: 207M

vm_info: Java HotSpot(TM) 64-Bit Server VM (17.0.12+8-LTS-286) for windows-amd64 JRE (17.0.12+8-LTS-286), built on Jun  5 2024 06:46:59 by "mach5one" with MS VC++ 17.6 (VS2022)

END.
