#
# There is insufficient memory for the Java Runtime Environment to continue.
# Native memory allocation (mmap) failed to map 17825792 bytes for G1 virtual space
# Possible reasons:
#   The system is out of physical RAM or swap space
#   The process is running with CompressedOops enabled, and the Java Heap may be blocking the growth of the native heap
# Possible solutions:
#   Reduce memory load on the system
#   Increase physical memory or swap space
#   Check if swap backing store is full
#   Decrease Java heap size (-Xmx/-Xms)
#   Decrease number of Java threads
#   Decrease Java thread stack sizes (-Xss)
#   Set larger code cache with -XX:ReservedCodeCacheSize=
#   JVM is running with Unscaled Compressed Oops mode in which the Java heap is
#     placed in the first 4GB address space. The Java Heap base address is the
#     maximum limit for the native heap growth. Please use -XX:HeapBaseMinAddress
#     to set the Java Heap base and to place the Java Heap above 4GB virtual address.
# This output file may be truncated or incomplete.
#
#  Out of Memory Error (os_windows.cpp:3548), pid=13884, tid=8952
#
# JRE version: Java(TM) SE Runtime Environment (17.0.12+8) (build 17.0.12+8-LTS-286)
# Java VM: Java HotSpot(TM) 64-Bit Server VM (17.0.12+8-LTS-286, mixed mode, sharing, tiered, compressed oops, compressed class ptrs, g1 gc, windows-amd64)
# No core dump will be written. Minidumps are not enabled by default on client versions of Windows
#

---------------  S U M M A R Y ------------

Command Line: -Dclassworlds.conf=C:/Program Files/apache-maven-3.8.8/bin/m2.conf -Dmaven.home=C:/Program Files/apache-maven-3.8.8 -Dlibrary.jansi.path=C:/Program Files/apache-maven-3.8.8/lib/jansi-native -Dmaven.multiModuleProjectDirectory=C:/Users/Sabine/Desktop/Project/venue/venue org.codehaus.plexus.classworlds.launcher.Launcher spring-boot:run

Host: Intel(R) Celeron(R) N4020 CPU @ 1.10GHz, 2 cores, 3G,  Windows 10 , 64 bit Build 19041 (10.0.19041.2364)
Time: Fri Nov  1 13:07:23 2024 Egypt Standard Time elapsed time: 18.193235 seconds (0d 0h 0m 18s)

---------------  T H R E A D  ---------------

Current thread (0x000002084c1a9860):  VMThread "VM Thread" [stack: 0x000000e250d00000,0x000000e250e00000] [id=8952]

Stack: [0x000000e250d00000,0x000000e250e00000]
Native frames: (J=compiled Java code, j=interpreted, Vv=VM code, C=native code)
V  [jvm.dll+0x67a04a]
V  [jvm.dll+0x7da4ed]
V  [jvm.dll+0x7dbe33]
V  [jvm.dll+0x7dc4a3]
V  [jvm.dll+0x24508f]
V  [jvm.dll+0x677089]
V  [jvm.dll+0x66bd32]
V  [jvm.dll+0x301fa6]
V  [jvm.dll+0x309546]
V  [jvm.dll+0x359d2e]
V  [jvm.dll+0x359f5f]
V  [jvm.dll+0x2d9078]
V  [jvm.dll+0x2d74ad]
V  [jvm.dll+0x2d6afc]
V  [jvm.dll+0x31a65b]
V  [jvm.dll+0x7e0d9b]
V  [jvm.dll+0x7e1ad4]
V  [jvm.dll+0x7e1fed]
V  [jvm.dll+0x7e23c4]
V  [jvm.dll+0x7e2490]
V  [jvm.dll+0x78abea]
V  [jvm.dll+0x678f35]
C  [ucrtbase.dll+0x21bb2]
C  [KERNEL32.DLL+0x17614]
C  [ntdll.dll+0x526a1]

VM_Operation (0x000000e2507fade0): G1CollectForAllocation, mode: safepoint, requested by thread 0x000002082f544ae0


---------------  P R O C E S S  ---------------

Threads class SMR info:
_java_thread_list=0x000002084c408410, length=12, elements={
0x000002082f544ae0, 0x000002084c1af4d0, 0x000002084c1b0350, 0x000002084c1c7d50,
0x000002084c1c9720, 0x000002084c1ca0e0, 0x000002084c1caaa0, 0x000002084c1cb840,
0x000002084c230050, 0x000002084c24dd10, 0x000002084c3fe8c0, 0x000002084c40be40
}

Java Threads: ( => current thread )
  0x000002082f544ae0 JavaThread "main" [_thread_blocked, id=8252, stack(0x000000e250700000,0x000000e250800000)]
  0x000002084c1af4d0 JavaThread "Reference Handler" daemon [_thread_blocked, id=13144, stack(0x000000e250e00000,0x000000e250f00000)]
  0x000002084c1b0350 JavaThread "Finalizer" daemon [_thread_blocked, id=13376, stack(0x000000e250f00000,0x000000e251000000)]
  0x000002084c1c7d50 JavaThread "Signal Dispatcher" daemon [_thread_blocked, id=13792, stack(0x000000e251000000,0x000000e251100000)]
  0x000002084c1c9720 JavaThread "Attach Listener" daemon [_thread_blocked, id=12852, stack(0x000000e251100000,0x000000e251200000)]
  0x000002084c1ca0e0 JavaThread "Service Thread" daemon [_thread_blocked, id=5624, stack(0x000000e251200000,0x000000e251300000)]
  0x000002084c1caaa0 JavaThread "Monitor Deflation Thread" daemon [_thread_blocked, id=7696, stack(0x000000e251300000,0x000000e251400000)]
  0x000002084c1cb840 JavaThread "C2 CompilerThread0" daemon [_thread_blocked, id=12720, stack(0x000000e251400000,0x000000e251500000)]
  0x000002084c230050 JavaThread "C1 CompilerThread0" daemon [_thread_blocked, id=10788, stack(0x000000e251500000,0x000000e251600000)]
  0x000002084c24dd10 JavaThread "Sweeper thread" daemon [_thread_blocked, id=15040, stack(0x000000e251600000,0x000000e251700000)]
  0x000002084c3fe8c0 JavaThread "Notification Thread" daemon [_thread_blocked, id=8452, stack(0x000000e251700000,0x000000e251800000)]
  0x000002084c40be40 JavaThread "Common-Cleaner" daemon [_thread_blocked, id=6928, stack(0x000000e251900000,0x000000e251a00000)]

Other Threads:
=>0x000002084c1a9860 VMThread "VM Thread" [stack: 0x000000e250d00000,0x000000e250e00000] [id=8952]
  0x000002084c400db0 WatcherThread [stack: 0x000000e251800000,0x000000e251900000] [id=11568]
  0x000002082f57c6e0 GCTaskThread "GC Thread#0" [stack: 0x000000e250800000,0x000000e250900000] [id=15192]
  0x000002084c6ed370 GCTaskThread "GC Thread#1" [stack: 0x000000e251a00000,0x000000e251b00000] [id=2520]
  0x000002082f585030 ConcurrentGCThread "G1 Main Marker" [stack: 0x000000e250900000,0x000000e250a00000] [id=6556]
  0x000002082f585a40 ConcurrentGCThread "G1 Conc#0" [stack: 0x000000e250a00000,0x000000e250b00000] [id=11512]
  0x000002082f5b9360 ConcurrentGCThread "G1 Refine#0" [stack: 0x000000e250b00000,0x000000e250c00000] [id=11540]
  0x00000208920edce0 ConcurrentGCThread "G1 Refine#1" [stack: 0x000000e251b00000,0x000000e251c00000] [id=12912]
  0x000002082f5b9d90 ConcurrentGCThread "G1 Service" [stack: 0x000000e250c00000,0x000000e250d00000] [id=7880]

Threads with active compile tasks:
C2 CompilerThread0    18230 7124   !   4       java.util.jar.Attributes::read (494 bytes)

VM state: at safepoint (normal execution)

VM Mutex/Monitor currently owned by a thread:  ([mutex/lock_event])
[0x000002082f543340] Threads_lock - owner thread: 0x000002084c1a9860
[0x000002082f5421d0] Heap_lock - owner thread: 0x000002082f544ae0

Heap address: 0x00000000c3000000, size: 976 MB, Compressed Oops mode: 32-bit

CDS archive(s) mapped at: [0x000002084d000000-0x000002084dbd0000-0x000002084dbd0000), size 12386304, SharedBaseAddress: 0x000002084d000000, ArchiveRelocationMode: 1.
Compressed class space mapped at: 0x000002084e000000-0x000002088e000000, reserved size: 1073741824
Narrow klass base: 0x000002084d000000, Narrow klass shift: 0, Narrow klass range: 0x100000000

GC Precious Log:
 CPUs: 2 total, 2 available
 Memory: 3899M
 Large Page Support: Disabled
 NUMA Support: Disabled
 Compressed Oops: Enabled (32-bit)
 Heap Region Size: 1M
 Heap Min Capacity: 8M
 Heap Initial Capacity: 62M
 Heap Max Capacity: 976M
 Pre-touch: Disabled
 Parallel Workers: 2
 Concurrent Workers: 1
 Concurrent Refinement Workers: 2
 Periodic GC: Disabled

Heap:
 garbage-first heap   total 87040K, used 53248K [0x00000000c3000000, 0x0000000100000000)
  region size 1024K, 1 young (1024K), 1 survivors (1024K)
 Metaspace       used 28612K, committed 28992K, reserved 1114112K
  class space    used 3162K, committed 3328K, reserved 1048576K

Heap Regions: E=young(eden), S=young(survivor), O=old, HS=humongous(starts), HC=humongous(continues), CS=collection set, F=free, OA=open archive, CA=closed archive, TAMS=top-at-mark-start (previous, next)
|   0|0x00000000c3000000, 0x00000000c3100000, 0x00000000c3100000|100%| O|  |TAMS 0x00000000c3100000, 0x00000000c3000000| Untracked 
|   1|0x00000000c3100000, 0x00000000c3200000, 0x00000000c3200000|100%| O|  |TAMS 0x00000000c3200000, 0x00000000c3100000| Untracked 
|   2|0x00000000c3200000, 0x00000000c3300000, 0x00000000c3300000|100%| O|  |TAMS 0x00000000c3300000, 0x00000000c3200000| Untracked 
|   3|0x00000000c3300000, 0x00000000c3400000, 0x00000000c3400000|100%| O|  |TAMS 0x00000000c3400000, 0x00000000c3300000| Untracked 
|   4|0x00000000c3400000, 0x00000000c3500000, 0x00000000c3500000|100%| O|  |TAMS 0x00000000c3500000, 0x00000000c3400000| Untracked 
|   5|0x00000000c3500000, 0x00000000c3600000, 0x00000000c3600000|100%| O|  |TAMS 0x00000000c3600000, 0x00000000c3500000| Untracked 
|   6|0x00000000c3600000, 0x00000000c3700000, 0x00000000c3700000|100%| O|  |TAMS 0x00000000c3700000, 0x00000000c3600000| Untracked 
|   7|0x00000000c3700000, 0x00000000c3800000, 0x00000000c3800000|100%| O|  |TAMS 0x00000000c3800000, 0x00000000c3700000| Untracked 
|   8|0x00000000c3800000, 0x00000000c3900000, 0x00000000c3900000|100%| O|  |TAMS 0x00000000c3900000, 0x00000000c3800000| Untracked 
|   9|0x00000000c3900000, 0x00000000c3a00000, 0x00000000c3a00000|100%| O|  |TAMS 0x00000000c3a00000, 0x00000000c3900000| Untracked 
|  10|0x00000000c3a00000, 0x00000000c3b00000, 0x00000000c3b00000|100%| O|  |TAMS 0x00000000c3a00000, 0x00000000c3a00000| Untracked 
|  11|0x00000000c3b00000, 0x00000000c3c00000, 0x00000000c3c00000|100%| O|  |TAMS 0x00000000c3b00000, 0x00000000c3b00000| Untracked 
|  12|0x00000000c3c00000, 0x00000000c3c00000, 0x00000000c3d00000|  0%| F|  |TAMS 0x00000000c3c00000, 0x00000000c3c00000| Untracked 
|  13|0x00000000c3d00000, 0x00000000c3e00000, 0x00000000c3e00000|100%| O|  |TAMS 0x00000000c3e00000, 0x00000000c3d00000| Untracked 
|  14|0x00000000c3e00000, 0x00000000c3f00000, 0x00000000c3f00000|100%| O|  |TAMS 0x00000000c3f00000, 0x00000000c3e00000| Untracked 
|  15|0x00000000c3f00000, 0x00000000c3f00000, 0x00000000c4000000|  0%| F|  |TAMS 0x00000000c3f00000, 0x00000000c3f00000| Untracked 
|  16|0x00000000c4000000, 0x00000000c4100000, 0x00000000c4100000|100%|HS|  |TAMS 0x00000000c4100000, 0x00000000c4000000| Complete 
|  17|0x00000000c4100000, 0x00000000c4200000, 0x00000000c4200000|100%| O|  |TAMS 0x00000000c4100000, 0x00000000c4100000| Untracked 
|  18|0x00000000c4200000, 0x00000000c4300000, 0x00000000c4300000|100%| O|  |TAMS 0x00000000c4300000, 0x00000000c4200000| Untracked 
|  19|0x00000000c4300000, 0x00000000c4400000, 0x00000000c4400000|100%| O|  |TAMS 0x00000000c4400000, 0x00000000c4300000| Untracked 
|  20|0x00000000c4400000, 0x00000000c4500000, 0x00000000c4500000|100%| O|  |TAMS 0x00000000c4500000, 0x00000000c4400000| Untracked 
|  21|0x00000000c4500000, 0x00000000c4600000, 0x00000000c4600000|100%| O|  |TAMS 0x00000000c4500000, 0x00000000c4500000| Untracked 
|  22|0x00000000c4600000, 0x00000000c4700000, 0x00000000c4700000|100%| O|  |TAMS 0x00000000c4700000, 0x00000000c4600000| Untracked 
|  23|0x00000000c4700000, 0x00000000c4700000, 0x00000000c4800000|  0%| F|  |TAMS 0x00000000c4700000, 0x00000000c4700000| Untracked 
|  24|0x00000000c4800000, 0x00000000c4800000, 0x00000000c4900000|  0%| F|  |TAMS 0x00000000c4800000, 0x00000000c4800000| Untracked 
|  25|0x00000000c4900000, 0x00000000c4900000, 0x00000000c4a00000|  0%| F|  |TAMS 0x00000000c4900000, 0x00000000c4900000| Untracked 
|  26|0x00000000c4a00000, 0x00000000c4a00000, 0x00000000c4b00000|  0%| F|  |TAMS 0x00000000c4a00000, 0x00000000c4a00000| Untracked 
|  27|0x00000000c4b00000, 0x00000000c4b00000, 0x00000000c4c00000|  0%| F|  |TAMS 0x00000000c4b00000, 0x00000000c4b00000| Untracked 
|  28|0x00000000c4c00000, 0x00000000c4d00000, 0x00000000c4d00000|100%| O|  |TAMS 0x00000000c4d00000, 0x00000000c4c00000| Untracked 
|  29|0x00000000c4d00000, 0x00000000c4e00000, 0x00000000c4e00000|100%| O|  |TAMS 0x00000000c4e00000, 0x00000000c4d00000| Untracked 
|  30|0x00000000c4e00000, 0x00000000c4e00000, 0x00000000c4f00000|  0%| F|  |TAMS 0x00000000c4e00000, 0x00000000c4e00000| Untracked 
|  31|0x00000000c4f00000, 0x00000000c4f00000, 0x00000000c5000000|  0%| F|  |TAMS 0x00000000c4f00000, 0x00000000c4f00000| Untracked 
|  32|0x00000000c5000000, 0x00000000c5100000, 0x00000000c5100000|100%| O|  |TAMS 0x00000000c5100000, 0x00000000c5000000| Untracked 
|  33|0x00000000c5100000, 0x00000000c5200000, 0x00000000c5200000|100%| O|  |TAMS 0x00000000c5200000, 0x00000000c5100000| Untracked 
|  34|0x00000000c5200000, 0x00000000c5300000, 0x00000000c5300000|100%| O|  |TAMS 0x00000000c5300000, 0x00000000c5200000| Untracked 
|  35|0x00000000c5300000, 0x00000000c5400000, 0x00000000c5400000|100%| O|  |TAMS 0x00000000c5400000, 0x00000000c5300000| Untracked 
|  36|0x00000000c5400000, 0x00000000c5500000, 0x00000000c5500000|100%| O|  |TAMS 0x00000000c5500000, 0x00000000c5400000| Untracked 
|  37|0x00000000c5500000, 0x00000000c5500000, 0x00000000c5600000|  0%| F|  |TAMS 0x00000000c5500000, 0x00000000c5500000| Untracked 
|  38|0x00000000c5600000, 0x00000000c5600000, 0x00000000c5700000|  0%| F|  |TAMS 0x00000000c5600000, 0x00000000c5600000| Untracked 
|  39|0x00000000c5700000, 0x00000000c5800000, 0x00000000c5800000|100%| O|  |TAMS 0x00000000c5700000, 0x00000000c5700000| Untracked 
|  40|0x00000000c5800000, 0x00000000c5900000, 0x00000000c5900000|100%|HS|  |TAMS 0x00000000c5800000, 0x00000000c5800000| Complete 
|  41|0x00000000c5900000, 0x00000000c5a00000, 0x00000000c5a00000|100%|HC|  |TAMS 0x00000000c5900000, 0x00000000c5900000| Complete 
|  42|0x00000000c5a00000, 0x00000000c5b00000, 0x00000000c5b00000|100%|HS|  |TAMS 0x00000000c5a00000, 0x00000000c5a00000| Complete 
|  43|0x00000000c5b00000, 0x00000000c5c00000, 0x00000000c5c00000|100%|HS|  |TAMS 0x00000000c5b00000, 0x00000000c5b00000| Complete 
|  44|0x00000000c5c00000, 0x00000000c5d00000, 0x00000000c5d00000|100%| O|  |TAMS 0x00000000c5c00000, 0x00000000c5c00000| Untracked 
|  45|0x00000000c5d00000, 0x00000000c5e00000, 0x00000000c5e00000|100%| O|  |TAMS 0x00000000c5d00000, 0x00000000c5d00000| Untracked 
|  46|0x00000000c5e00000, 0x00000000c5f00000, 0x00000000c5f00000|100%| O|  |TAMS 0x00000000c5e00000, 0x00000000c5e00000| Untracked 
|  47|0x00000000c5f00000, 0x00000000c6000000, 0x00000000c6000000|100%| O|  |TAMS 0x00000000c5f00000, 0x00000000c5f00000| Untracked 
|  48|0x00000000c6000000, 0x00000000c6100000, 0x00000000c6100000|100%|HS|  |TAMS 0x00000000c6100000, 0x00000000c6000000| Complete 
|  49|0x00000000c6100000, 0x00000000c6200000, 0x00000000c6200000|100%|HC|  |TAMS 0x00000000c6200000, 0x00000000c6100000| Complete 
|  50|0x00000000c6200000, 0x00000000c6300000, 0x00000000c6300000|100%| O|  |TAMS 0x00000000c6200000, 0x00000000c6200000| Untracked 
|  51|0x00000000c6300000, 0x00000000c6400000, 0x00000000c6400000|100%| O|  |TAMS 0x00000000c6300000, 0x00000000c6300000| Untracked 
|  52|0x00000000c6400000, 0x00000000c6500000, 0x00000000c6500000|100%| O|  |TAMS 0x00000000c6400000, 0x00000000c6400000| Untracked 
|  53|0x00000000c6500000, 0x00000000c6500000, 0x00000000c6600000|  0%| F|  |TAMS 0x00000000c6500000, 0x00000000c6500000| Untracked 
|  54|0x00000000c6600000, 0x00000000c6600000, 0x00000000c6700000|  0%| F|  |TAMS 0x00000000c6600000, 0x00000000c6600000| Untracked 
|  55|0x00000000c6700000, 0x00000000c6700000, 0x00000000c6800000|  0%| F|  |TAMS 0x00000000c6700000, 0x00000000c6700000| Untracked 
|  56|0x00000000c6800000, 0x00000000c6800000, 0x00000000c6900000|  0%| F|  |TAMS 0x00000000c6800000, 0x00000000c6800000| Untracked 
|  57|0x00000000c6900000, 0x00000000c6a00000, 0x00000000c6a00000|100%| O|  |TAMS 0x00000000c6900000, 0x00000000c6900000| Untracked 
|  58|0x00000000c6a00000, 0x00000000c6b00000, 0x00000000c6b00000|100%| O|  |TAMS 0x00000000c6a00000, 0x00000000c6a00000| Untracked 
|  59|0x00000000c6b00000, 0x00000000c6c00000, 0x00000000c6c00000|100%| O|  |TAMS 0x00000000c6b00000, 0x00000000c6b00000| Untracked 
|  60|0x00000000c6c00000, 0x00000000c6d00000, 0x00000000c6d00000|100%| O|  |TAMS 0x00000000c6c00000, 0x00000000c6c00000| Untracked 
|  61|0x00000000c6d00000, 0x00000000c6e00000, 0x00000000c6e00000|100%| O|  |TAMS 0x00000000c6d00000, 0x00000000c6d00000| Untracked 
|  62|0x00000000c6e00000, 0x00000000c6f00000, 0x00000000c6f00000|100%| O|  |TAMS 0x00000000c6e00000, 0x00000000c6e00000| Untracked 
|  63|0x00000000c6f00000, 0x00000000c6f00000, 0x00000000c7000000|  0%| F|  |TAMS 0x00000000c6f00000, 0x00000000c6f00000| Untracked 
|  64|0x00000000c7000000, 0x00000000c7000000, 0x00000000c7100000|  0%| F|  |TAMS 0x00000000c7000000, 0x00000000c7000000| Untracked 
|  65|0x00000000c7100000, 0x00000000c7100000, 0x00000000c7200000|  0%| F|  |TAMS 0x00000000c7100000, 0x00000000c7100000| Untracked 
|  66|0x00000000c7200000, 0x00000000c7200000, 0x00000000c7300000|  0%| F|  |TAMS 0x00000000c7200000, 0x00000000c7200000| Untracked 
|  67|0x00000000c7300000, 0x00000000c7300000, 0x00000000c7400000|  0%| F|  |TAMS 0x00000000c7300000, 0x00000000c7300000| Untracked 
|  68|0x00000000c7400000, 0x00000000c7400000, 0x00000000c7500000|  0%| F|  |TAMS 0x00000000c7400000, 0x00000000c7400000| Untracked 
|  69|0x00000000c7500000, 0x00000000c7500000, 0x00000000c7600000|  0%| F|  |TAMS 0x00000000c7500000, 0x00000000c7500000| Untracked 
|  70|0x00000000c7600000, 0x00000000c7600000, 0x00000000c7700000|  0%| F|  |TAMS 0x00000000c7600000, 0x00000000c7600000| Untracked 
|  71|0x00000000c7700000, 0x00000000c7700000, 0x00000000c7800000|  0%| F|  |TAMS 0x00000000c7700000, 0x00000000c7700000| Untracked 
|  72|0x00000000c7800000, 0x00000000c7800000, 0x00000000c7900000|  0%| F|  |TAMS 0x00000000c7800000, 0x00000000c7800000| Untracked 
|  73|0x00000000c7900000, 0x00000000c7900000, 0x00000000c7a00000|  0%| F|  |TAMS 0x00000000c7900000, 0x00000000c7900000| Untracked 
|  74|0x00000000c7a00000, 0x00000000c7a00000, 0x00000000c7b00000|  0%| F|  |TAMS 0x00000000c7a00000, 0x00000000c7a00000| Untracked 
|  75|0x00000000c7b00000, 0x00000000c7b00000, 0x00000000c7c00000|  0%| F|  |TAMS 0x00000000c7b00000, 0x00000000c7b00000| Untracked 
|  76|0x00000000c7c00000, 0x00000000c7c00000, 0x00000000c7d00000|  0%| F|  |TAMS 0x00000000c7c00000, 0x00000000c7c00000| Untracked 
|  77|0x00000000c7d00000, 0x00000000c7e00000, 0x00000000c7e00000|100%| S|CS|TAMS 0x00000000c7d00000, 0x00000000c7d00000| Complete 
|  78|0x00000000c7e00000, 0x00000000c7e00000, 0x00000000c7f00000|  0%| F|  |TAMS 0x00000000c7e00000, 0x00000000c7e00000| Untracked 
|  79|0x00000000c7f00000, 0x00000000c7f00000, 0x00000000c8000000|  0%| F|  |TAMS 0x00000000c7f00000, 0x00000000c7f00000| Untracked 
|  80|0x00000000c8000000, 0x00000000c8000000, 0x00000000c8100000|  0%| F|  |TAMS 0x00000000c8000000, 0x00000000c8000000| Untracked 
|  81|0x00000000c8100000, 0x00000000c8100000, 0x00000000c8200000|  0%| F|  |TAMS 0x00000000c8100000, 0x00000000c8100000| Untracked 
| 973|0x00000000ffd00000, 0x00000000ffe00000, 0x00000000ffe00000|100%| O|  |TAMS 0x00000000ffd00000, 0x00000000ffd00000| Untracked 
| 974|0x00000000ffe00000, 0x00000000fff00000, 0x00000000fff00000|100%| O|  |TAMS 0x00000000ffe00000, 0x00000000ffe00000| Untracked 
| 975|0x00000000fff00000, 0x0000000100000000, 0x0000000100000000|100%| O|  |TAMS 0x0000000100000000, 0x00000000fff00000| Untracked 

Card table byte_map: [0x0000020847be0000,0x0000020847dd0000] _byte_map_base: 0x00000208475c8000

Marking Bits (Prev, Next): (CMBitMap*) 0x000002082f57cd40, (CMBitMap*) 0x000002082f57cd00
 Prev Bits: [0x0000020848f00000, 0x0000020849e40000)
 Next Bits: [0x0000020847fc0000, 0x0000020848f00000)

Polling page: 0x000002082f410000

Metaspace:

Usage:
  Non-class:     24.85 MB used.
      Class:      3.09 MB used.
       Both:     27.94 MB used.

Virtual space:
  Non-class space:       64.00 MB reserved,      25.06 MB ( 39%) committed,  1 nodes.
      Class space:        1.00 GB reserved,       3.25 MB ( <1%) committed,  1 nodes.
             Both:        1.06 GB reserved,      28.31 MB (  3%) committed. 

Chunk freelists:
   Non-Class:  6.67 MB
       Class:  12.72 MB
        Both:  19.39 MB

MaxMetaspaceSize: unlimited
CompressedClassSpaceSize: 1.00 GB
Initial GC threshold: 21.00 MB
Current GC threshold: 47.12 MB
CDS: on
MetaspaceReclaimPolicy: balanced
 - commit_granule_bytes: 65536.
 - commit_granule_words: 8192.
 - virtual_space_node_default_size: 8388608.
 - enlarge_chunks_in_place: 1.
 - new_chunks_are_fully_committed: 0.
 - uncommit_free_chunks: 1.
 - use_allocation_guard: 0.
 - handle_deallocations: 1.


Internal statistics:

num_allocs_failed_limit: 3.
num_arena_births: 254.
num_arena_deaths: 0.
num_vsnodes_births: 2.
num_vsnodes_deaths: 0.
num_space_committed: 453.
num_space_uncommitted: 0.
num_chunks_returned_to_freelist: 3.
num_chunks_taken_from_freelist: 1320.
num_chunk_merges: 3.
num_chunk_splits: 907.
num_chunks_enlarged: 674.
num_inconsistent_stats: 0.

CodeHeap 'non-profiled nmethods': size=120064Kb used=3069Kb max_used=3069Kb free=116994Kb
 bounds [0x00000208400a0000, 0x00000208403c0000, 0x00000208475e0000]
CodeHeap 'profiled nmethods': size=120000Kb used=12754Kb max_used=14226Kb free=107245Kb
 bounds [0x00000208385e0000, 0x00000208393d0000, 0x000002083fb10000]
CodeHeap 'non-nmethods': size=5696Kb used=1215Kb max_used=1253Kb free=4480Kb
 bounds [0x000002083fb10000, 0x000002083fd80000, 0x00000208400a0000]
 total_blobs=6656 nmethods=6136 adapters=433
 compilation: enabled
              stopped_count=0, restarted_count=0
 full_count=0

Compilation events (20 events):
Event: 17.451 Thread 0x000002084c230050 7165   !   3       sun.nio.fs.WindowsPath::getPathForWin32Calls (135 bytes)
Event: 17.452 Thread 0x000002084c230050 nmethod 7165 0x0000020838816310 code [0x00000208388165a0, 0x0000020838817498]
Event: 17.610 Thread 0x000002084c1cb840 nmethod 7120 0x00000208403aa990 code [0x00000208403aafe0, 0x00000208403b0d30]
Event: 17.611 Thread 0x000002084c1cb840 7147       4       java.util.Spliterators$IteratorSpliterator::tryAdvance (77 bytes)
Event: 17.618 Thread 0x000002084c1cb840 nmethod 7147 0x000002084029c310 code [0x000002084029c4e0, 0x000002084029c958]
Event: 17.618 Thread 0x000002084c1cb840 7155       4       java.util.stream.AbstractPipeline::copyInto (54 bytes)
Event: 17.652 Thread 0x000002084c1cb840 nmethod 7155 0x00000208400df910 code [0x00000208400dfb80, 0x00000208400e0998]
Event: 17.652 Thread 0x000002084c1cb840 7119       4       com.sun.tools.javac.code.Symbol::flatName (5 bytes)
Event: 17.652 Thread 0x000002084c1cb840 nmethod 7119 0x0000020840302890 code [0x0000020840302a20, 0x0000020840302ad8]
Event: 17.652 Thread 0x000002084c1cb840 7148       4       java.util.stream.ReferencePipeline::forEachWithCancel (23 bytes)
Event: 17.665 Thread 0x000002084c230050 7166       2       jdk.nio.zipfs.ZipConstants::LOCNAM (7 bytes)
Event: 17.665 Thread 0x000002084c230050 nmethod 7166 0x0000020838b13b10 code [0x0000020838b13ca0, 0x0000020838b13dd8]
Event: 17.681 Thread 0x000002084c1cb840 nmethod 7148 0x00000208400de810 code [0x00000208400dea20, 0x00000208400df1d8]
Event: 17.681 Thread 0x000002084c1cb840 7149       4       java.util.stream.AbstractPipeline::copyIntoWithCancel (46 bytes)
Event: 17.882 Thread 0x000002084c1cb840 nmethod 7149 0x000002084025ce10 code [0x000002084025d080, 0x000002084025dd78]
Event: 17.882 Thread 0x000002084c1cb840 7124   !   4       java.util.jar.Attributes::read (494 bytes)
Event: 17.996 Thread 0x000002084c230050 7168       3       jdk.nio.zipfs.ZipFileSystem$2::fill (80 bytes)
Event: 17.996 Thread 0x000002084c230050 nmethod 7168 0x0000020838f2af10 code [0x0000020838f2b0e0, 0x0000020838f2b4c8]
Event: 17.996 Thread 0x000002084c230050 7169       3       jdk.nio.zipfs.ZipFileSystem$EntryInputStream::read (127 bytes)
Event: 17.997 Thread 0x000002084c230050 nmethod 7169 0x0000020839167f90 code [0x00000208391681e0, 0x0000020839168a88]

GC Heap History (20 events):
Event: 9.608 GC heap after
{Heap after GC invocations=12 (full 0):
 garbage-first heap   total 84992K, used 40697K [0x00000000c3000000, 0x0000000100000000)
  region size 1024K, 5 young (5120K), 5 survivors (5120K)
 Metaspace       used 23522K, committed 23744K, reserved 1114112K
  class space    used 2642K, committed 2752K, reserved 1048576K
}
Event: 10.029 GC heap before
{Heap before GC invocations=12 (full 0):
 garbage-first heap   total 84992K, used 55033K [0x00000000c3000000, 0x0000000100000000)
  region size 1024K, 20 young (20480K), 5 survivors (5120K)
 Metaspace       used 23715K, committed 23936K, reserved 1114112K
  class space    used 2650K, committed 2752K, reserved 1048576K
}
Event: 10.049 GC heap after
{Heap after GC invocations=13 (full 0):
 garbage-first heap   total 84992K, used 43837K [0x00000000c3000000, 0x0000000100000000)
  region size 1024K, 3 young (3072K), 3 survivors (3072K)
 Metaspace       used 23715K, committed 23936K, reserved 1114112K
  class space    used 2650K, committed 2752K, reserved 1048576K
}
Event: 11.199 GC heap before
{Heap before GC invocations=14 (full 0):
 garbage-first heap   total 84992K, used 61245K [0x00000000c3000000, 0x0000000100000000)
  region size 1024K, 22 young (22528K), 3 survivors (3072K)
 Metaspace       used 24770K, committed 25088K, reserved 1114112K
  class space    used 2765K, committed 2944K, reserved 1048576K
}
Event: 11.209 GC heap after
{Heap after GC invocations=15 (full 0):
 garbage-first heap   total 84992K, used 43997K [0x00000000c3000000, 0x0000000100000000)
  region size 1024K, 2 young (2048K), 2 survivors (2048K)
 Metaspace       used 24770K, committed 25088K, reserved 1114112K
  class space    used 2765K, committed 2944K, reserved 1048576K
}
Event: 11.945 GC heap before
{Heap before GC invocations=15 (full 0):
 garbage-first heap   total 84992K, used 63453K [0x00000000c3000000, 0x0000000100000000)
  region size 1024K, 22 young (22528K), 2 survivors (2048K)
 Metaspace       used 25888K, committed 26176K, reserved 1114112K
  class space    used 2877K, committed 3008K, reserved 1048576K
}
Event: 11.952 GC heap after
{Heap after GC invocations=16 (full 0):
 garbage-first heap   total 84992K, used 44630K [0x00000000c3000000, 0x0000000100000000)
  region size 1024K, 1 young (1024K), 1 survivors (1024K)
 Metaspace       used 25888K, committed 26176K, reserved 1114112K
  class space    used 2877K, committed 3008K, reserved 1048576K
}
Event: 12.606 GC heap before
{Heap before GC invocations=17 (full 0):
 garbage-first heap   total 84992K, used 66134K [0x00000000c3000000, 0x0000000100000000)
  region size 1024K, 22 young (22528K), 1 survivors (1024K)
 Metaspace       used 26506K, committed 26816K, reserved 1114112K
  class space    used 2953K, committed 3136K, reserved 1048576K
}
Event: 12.612 GC heap after
{Heap after GC invocations=18 (full 0):
 garbage-first heap   total 84992K, used 45385K [0x00000000c3000000, 0x0000000100000000)
  region size 1024K, 2 young (2048K), 2 survivors (2048K)
 Metaspace       used 26506K, committed 26816K, reserved 1114112K
  class space    used 2953K, committed 3136K, reserved 1048576K
}
Event: 13.298 GC heap before
{Heap before GC invocations=18 (full 0):
 garbage-first heap   total 84992K, used 66889K [0x00000000c3000000, 0x0000000100000000)
  region size 1024K, 23 young (23552K), 2 survivors (2048K)
 Metaspace       used 26806K, committed 27136K, reserved 1114112K
  class space    used 2956K, committed 3136K, reserved 1048576K
}
Event: 13.308 GC heap after
{Heap after GC invocations=19 (full 0):
 garbage-first heap   total 84992K, used 45494K [0x00000000c3000000, 0x0000000100000000)
  region size 1024K, 2 young (2048K), 2 survivors (2048K)
 Metaspace       used 26806K, committed 27136K, reserved 1114112K
  class space    used 2956K, committed 3136K, reserved 1048576K
}
Event: 16.592 GC heap before
{Heap before GC invocations=20 (full 0):
 garbage-first heap   total 84992K, used 68022K [0x00000000c3000000, 0x0000000100000000)
  region size 1024K, 24 young (24576K), 2 survivors (2048K)
 Metaspace       used 28561K, committed 28928K, reserved 1114112K
  class space    used 3162K, committed 3328K, reserved 1048576K
}
Event: 16.611 GC heap after
{Heap after GC invocations=21 (full 0):
 garbage-first heap   total 84992K, used 45874K [0x00000000c3000000, 0x0000000100000000)
  region size 1024K, 3 young (3072K), 3 survivors (3072K)
 Metaspace       used 28561K, committed 28928K, reserved 1114112K
  class space    used 3162K, committed 3328K, reserved 1048576K
}
Event: 16.934 GC heap before
{Heap before GC invocations=21 (full 0):
 garbage-first heap   total 84992K, used 48946K [0x00000000c3000000, 0x0000000100000000)
  region size 1024K, 7 young (7168K), 3 survivors (3072K)
 Metaspace       used 28577K, committed 28928K, reserved 1114112K
  class space    used 3162K, committed 3328K, reserved 1048576K
}
Event: 16.942 GC heap after
{Heap after GC invocations=22 (full 0):
 garbage-first heap   total 84992K, used 46162K [0x00000000c3000000, 0x0000000100000000)
  region size 1024K, 2 young (2048K), 2 survivors (2048K)
 Metaspace       used 28577K, committed 28928K, reserved 1114112K
  class space    used 3162K, committed 3328K, reserved 1048576K
}
Event: 17.515 GC heap before
{Heap before GC invocations=23 (full 0):
 garbage-first heap   total 84992K, used 71762K [0x00000000c3000000, 0x0000000100000000)
  region size 1024K, 25 young (25600K), 2 survivors (2048K)
 Metaspace       used 28610K, committed 28928K, reserved 1114112K
  class space    used 3162K, committed 3328K, reserved 1048576K
}
Event: 17.533 GC heap after
{Heap after GC invocations=24 (full 0):
 garbage-first heap   total 87040K, used 61299K [0x00000000c3000000, 0x0000000100000000)
  region size 1024K, 4 young (4096K), 4 survivors (4096K)
 Metaspace       used 28610K, committed 28928K, reserved 1114112K
  class space    used 3162K, committed 3328K, reserved 1048576K
}
Event: 17.654 GC heap before
{Heap before GC invocations=24 (full 0):
 garbage-first heap   total 87040K, used 61299K [0x00000000c3000000, 0x0000000100000000)
  region size 1024K, 5 young (5120K), 4 survivors (4096K)
 Metaspace       used 28610K, committed 28928K, reserved 1114112K
  class space    used 3162K, committed 3328K, reserved 1048576K
}
Event: 17.662 GC heap after
{Heap after GC invocations=25 (full 0):
 garbage-first heap   total 87040K, used 54981K [0x00000000c3000000, 0x0000000100000000)
  region size 1024K, 1 young (1024K), 1 survivors (1024K)
 Metaspace       used 28610K, committed 28928K, reserved 1114112K
  class space    used 3162K, committed 3328K, reserved 1048576K
}
Event: 17.998 GC heap before
{Heap before GC invocations=25 (full 0):
 garbage-first heap   total 87040K, used 57029K [0x00000000c3000000, 0x0000000100000000)
  region size 1024K, 4 young (4096K), 1 survivors (1024K)
 Metaspace       used 28612K, committed 28992K, reserved 1114112K
  class space    used 3162K, committed 3328K, reserved 1048576K
}

Deoptimization events (20 events):
Event: 17.072 Thread 0x000002082f544ae0 Uncommon trap: trap_request=0xffffffde fr.pc=0x00000208402ed27c relative=0x00000000000048dc
Event: 17.072 Thread 0x000002082f544ae0 Uncommon trap: reason=class_check action=maybe_recompile pc=0x00000208402ed27c method=com.sun.tools.javac.code.Symtab.lookupPackage(Lcom/sun/tools/javac/code/Symbol$ModuleSymbol;Lcom/sun/tools/javac/util/Name;Z)Lcom/sun/tools/javac/code/Symbol$PackageSymb
Event: 17.072 Thread 0x000002082f544ae0 DEOPT PACKING pc=0x00000208402ed27c sp=0x000000e2507fce30
Event: 17.072 Thread 0x000002082f544ae0 DEOPT UNPACKING pc=0x000002083fb6239d sp=0x000000e2507fcd78 mode 2
Event: 17.072 Thread 0x000002082f544ae0 Uncommon trap: trap_request=0xffffffde fr.pc=0x00000208402ed27c relative=0x00000000000048dc
Event: 17.073 Thread 0x000002082f544ae0 Uncommon trap: reason=class_check action=maybe_recompile pc=0x00000208402ed27c method=com.sun.tools.javac.code.Symtab.lookupPackage(Lcom/sun/tools/javac/code/Symbol$ModuleSymbol;Lcom/sun/tools/javac/util/Name;Z)Lcom/sun/tools/javac/code/Symbol$PackageSymb
Event: 17.073 Thread 0x000002082f544ae0 DEOPT PACKING pc=0x00000208402ed27c sp=0x000000e2507fce30
Event: 17.073 Thread 0x000002082f544ae0 DEOPT UNPACKING pc=0x000002083fb6239d sp=0x000000e2507fcd78 mode 2
Event: 17.073 Thread 0x000002082f544ae0 Uncommon trap: trap_request=0xffffffde fr.pc=0x000002084035497c relative=0x00000000000049fc
Event: 17.073 Thread 0x000002082f544ae0 Uncommon trap: reason=class_check action=maybe_recompile pc=0x000002084035497c method=com.sun.tools.javac.code.Symtab.lookupPackage(Lcom/sun/tools/javac/code/Symbol$ModuleSymbol;Lcom/sun/tools/javac/util/Name;Z)Lcom/sun/tools/javac/code/Symbol$PackageSymb
Event: 17.073 Thread 0x000002082f544ae0 DEOPT PACKING pc=0x000002084035497c sp=0x000000e2507fcda0
Event: 17.073 Thread 0x000002082f544ae0 DEOPT UNPACKING pc=0x000002083fb6239d sp=0x000000e2507fcdb0 mode 2
Event: 17.094 Thread 0x000002082f544ae0 Uncommon trap: trap_request=0xffffff6e fr.pc=0x00000208402f822c relative=0x000000000000186c
Event: 17.094 Thread 0x000002082f544ae0 Uncommon trap: reason=loop_limit_check action=maybe_recompile pc=0x00000208402f822c method=java.util.jar.JarFile.match([B[B[B[B)I @ 18 c2
Event: 17.094 Thread 0x000002082f544ae0 DEOPT PACKING pc=0x00000208402f822c sp=0x000000e2507fcb00
Event: 17.094 Thread 0x000002082f544ae0 DEOPT UNPACKING pc=0x000002083fb6239d sp=0x000000e2507fc938 mode 2
Event: 17.122 Thread 0x000002082f544ae0 DEOPT PACKING pc=0x0000020838a33edf sp=0x000000e2507fc790
Event: 17.123 Thread 0x000002082f544ae0 DEOPT UNPACKING pc=0x000002083fb62b24 sp=0x000000e2507fbd48 mode 0
Event: 17.372 Thread 0x000002082f544ae0 DEOPT PACKING pc=0x0000020838a33edf sp=0x000000e2507fc100
Event: 17.372 Thread 0x000002082f544ae0 DEOPT UNPACKING pc=0x000002083fb62b24 sp=0x000000e2507fb690 mode 0

Classes unloaded (0 events):
No events

Classes redefined (0 events):
No events

Internal exceptions (20 events):
Event: 15.741 Thread 0x000002082f544ae0 Exception <a 'sun/nio/fs/WindowsException'{0x00000000c70e17f8}> (0x00000000c70e17f8) 
thrown [s\open\src\hotspot\share\prims\jni.cpp, line 516]
Event: 15.742 Thread 0x000002082f544ae0 Exception <a 'sun/nio/fs/WindowsException'{0x00000000c70e1af8}> (0x00000000c70e1af8) 
thrown [s\open\src\hotspot\share\prims\jni.cpp, line 516]
Event: 15.742 Thread 0x000002082f544ae0 Exception <a 'sun/nio/fs/WindowsException'{0x00000000c70e5e78}> (0x00000000c70e5e78) 
thrown [s\open\src\hotspot\share\prims\jni.cpp, line 516]
Event: 15.742 Thread 0x000002082f544ae0 Exception <a 'sun/nio/fs/WindowsException'{0x00000000c70e61c0}> (0x00000000c70e61c0) 
thrown [s\open\src\hotspot\share\prims\jni.cpp, line 516]
Event: 15.742 Thread 0x000002082f544ae0 Exception <a 'sun/nio/fs/WindowsException'{0x00000000c70e76a8}> (0x00000000c70e76a8) 
thrown [s\open\src\hotspot\share\prims\jni.cpp, line 516]
Event: 15.742 Thread 0x000002082f544ae0 Exception <a 'sun/nio/fs/WindowsException'{0x00000000c70e7a78}> (0x00000000c70e7a78) 
thrown [s\open\src\hotspot\share\prims\jni.cpp, line 516]
Event: 15.747 Thread 0x000002082f544ae0 Exception <a 'sun/nio/fs/WindowsException'{0x00000000c70fdfa0}> (0x00000000c70fdfa0) 
thrown [s\open\src\hotspot\share\prims\jni.cpp, line 516]
Event: 15.747 Thread 0x000002082f544ae0 Exception <a 'sun/nio/fs/WindowsException'{0x00000000c70fe660}> (0x00000000c70fe660) 
thrown [s\open\src\hotspot\share\prims\jni.cpp, line 516]
Event: 15.748 Thread 0x000002082f544ae0 Exception <a 'sun/nio/fs/WindowsException'{0x00000000c70feee8}> (0x00000000c70feee8) 
thrown [s\open\src\hotspot\share\prims\jni.cpp, line 516]
Event: 17.070 Thread 0x000002082f544ae0 Exception <a 'sun/nio/fs/WindowsException'{0x00000000c7e93cb8}> (0x00000000c7e93cb8) 
thrown [s\open\src\hotspot\share\prims\jni.cpp, line 516]
Event: 17.070 Thread 0x000002082f544ae0 Exception <a 'sun/nio/fs/WindowsException'{0x00000000c7e93f88}> (0x00000000c7e93f88) 
thrown [s\open\src\hotspot\share\prims\jni.cpp, line 516]
Event: 17.070 Thread 0x000002082f544ae0 Implicit null exception at 0x0000020840362274 to 0x0000020840362604
Event: 17.074 Thread 0x000002082f544ae0 Exception <a 'sun/nio/fs/WindowsException'{0x00000000c7b225c8}> (0x00000000c7b225c8) 
thrown [s\open\src\hotspot\share\prims\jni.cpp, line 516]
Event: 17.074 Thread 0x000002082f544ae0 Exception <a 'sun/nio/fs/WindowsException'{0x00000000c7b227f8}> (0x00000000c7b227f8) 
thrown [s\open\src\hotspot\share\prims\jni.cpp, line 516]
Event: 17.254 Thread 0x000002082f544ae0 Exception <a 'sun/nio/fs/WindowsException'{0x00000000c7525aa0}> (0x00000000c7525aa0) 
thrown [s\open\src\hotspot\share\prims\jni.cpp, line 516]
Event: 17.254 Thread 0x000002082f544ae0 Exception <a 'sun/nio/fs/WindowsException'{0x00000000c7525d90}> (0x00000000c7525d90) 
thrown [s\open\src\hotspot\share\prims\jni.cpp, line 516]
Event: 17.254 Thread 0x000002082f544ae0 Exception <a 'sun/nio/fs/WindowsException'{0x00000000c7526e70}> (0x00000000c7526e70) 
thrown [s\open\src\hotspot\share\prims\jni.cpp, line 516]
Event: 17.254 Thread 0x000002082f544ae0 Exception <a 'sun/nio/fs/WindowsException'{0x00000000c7527228}> (0x00000000c7527228) 
thrown [s\open\src\hotspot\share\prims\jni.cpp, line 516]
Event: 17.255 Thread 0x000002082f544ae0 Exception <a 'sun/nio/fs/WindowsException'{0x00000000c7528398}> (0x00000000c7528398) 
thrown [s\open\src\hotspot\share\prims\jni.cpp, line 516]
Event: 17.255 Thread 0x000002082f544ae0 Exception <a 'sun/nio/fs/WindowsException'{0x00000000c75286b8}> (0x00000000c75286b8) 
thrown [s\open\src\hotspot\share\prims\jni.cpp, line 516]

VM Operations (20 events):
Event: 14.183 Executing VM operation: HandshakeAllThreads done
Event: 14.234 Executing VM operation: HandshakeAllThreads
Event: 14.235 Executing VM operation: HandshakeAllThreads done
Event: 14.572 Executing VM operation: ICBufferFull
Event: 14.572 Executing VM operation: ICBufferFull done
Event: 15.029 Executing VM operation: ICBufferFull
Event: 15.030 Executing VM operation: ICBufferFull done
Event: 16.591 Executing VM operation: G1CollectForAllocation
Event: 16.611 Executing VM operation: G1CollectForAllocation done
Event: 16.934 Executing VM operation: G1TryInitiateConcMark
Event: 16.942 Executing VM operation: G1TryInitiateConcMark done
Event: 17.005 Executing VM operation: G1Concurrent
Event: 17.012 Executing VM operation: G1Concurrent done
Event: 17.042 Executing VM operation: G1Concurrent
Event: 17.045 Executing VM operation: G1Concurrent done
Event: 17.515 Executing VM operation: G1CollectForAllocation
Event: 17.536 Executing VM operation: G1CollectForAllocation done
Event: 17.654 Executing VM operation: G1CollectForAllocation
Event: 17.662 Executing VM operation: G1CollectForAllocation done
Event: 17.998 Executing VM operation: G1CollectForAllocation

Events (20 events):
Event: 14.193 Thread 0x000002084c24dd10 flushing nmethod 0x0000020839243610
Event: 14.193 Thread 0x000002084c24dd10 flushing nmethod 0x0000020839243b90
Event: 14.193 Thread 0x000002084c24dd10 flushing nmethod 0x0000020839254210
Event: 14.193 Thread 0x000002084c24dd10 flushing nmethod 0x000002083927f890
Event: 14.193 Thread 0x000002084c24dd10 flushing nmethod 0x000002083927fc90
Event: 14.193 Thread 0x000002084c24dd10 flushing nmethod 0x0000020839280090
Event: 14.193 Thread 0x000002084c24dd10 flushing nmethod 0x0000020839280490
Event: 14.193 Thread 0x000002084c24dd10 flushing nmethod 0x0000020839280f10
Event: 14.193 Thread 0x000002084c24dd10 flushing nmethod 0x00000208392d9210
Event: 14.193 Thread 0x000002084c24dd10 flushing nmethod 0x00000208392ed110
Event: 14.193 Thread 0x000002084c24dd10 flushing nmethod 0x0000020839321810
Event: 14.193 Thread 0x000002084c24dd10 flushing nmethod 0x0000020839325710
Event: 15.751 loading class java/util/EnumMap$Values
Event: 15.753 loading class java/util/EnumMap$Values done
Event: 15.753 loading class java/util/EnumMap$ValueIterator
Event: 15.753 loading class java/util/EnumMap$ValueIterator done
Event: 15.759 loading class java/util/WeakHashMap$KeyIterator
Event: 15.759 loading class java/util/WeakHashMap$KeyIterator done
Event: 16.386 loading class java/lang/invoke/DirectMethodHandle$Special
Event: 16.386 loading class java/lang/invoke/DirectMethodHandle$Special done


Dynamic libraries:
0x00007ff61da60000 - 0x00007ff61da70000 	C:\Program Files\Java\jdk-17\bin\java.exe
0x00007fff93a90000 - 0x00007fff93c88000 	C:\Windows\SYSTEM32\ntdll.dll
0x00007fff936c0000 - 0x00007fff9377f000 	C:\Windows\System32\KERNEL32.DLL
0x00007fff911e0000 - 0x00007fff914b2000 	C:\Windows\System32\KERNELBASE.dll
0x00007fff91560000 - 0x00007fff91660000 	C:\Windows\System32\ucrtbase.dll
0x00007fff7c850000 - 0x00007fff7c869000 	C:\Program Files\Java\jdk-17\bin\jli.dll
0x00007fff93970000 - 0x00007fff93a1e000 	C:\Windows\System32\ADVAPI32.dll
0x00007fff92c40000 - 0x00007fff92cde000 	C:\Windows\System32\msvcrt.dll
0x00007fff929f0000 - 0x00007fff92a8c000 	C:\Windows\System32\sechost.dll
0x00007fff92d40000 - 0x00007fff92e65000 	C:\Windows\System32\RPCRT4.dll
0x00007fff92f20000 - 0x00007fff930c1000 	C:\Windows\System32\USER32.dll
0x00007fff91970000 - 0x00007fff91992000 	C:\Windows\System32\win32u.dll
0x00007fff93430000 - 0x00007fff9345b000 	C:\Windows\System32\GDI32.dll
0x00007fff91700000 - 0x00007fff9180f000 	C:\Windows\System32\gdi32full.dll
0x00007fff914c0000 - 0x00007fff9155d000 	C:\Windows\System32\msvcp_win.dll
0x00007fff7c600000 - 0x00007fff7c61b000 	C:\Program Files\Java\jdk-17\bin\VCRUNTIME140.dll
0x00007fff7fdc0000 - 0x00007fff8005a000 	C:\Windows\WinSxS\amd64_microsoft.windows.common-controls_6595b64144ccf1df_6.0.19041.1110_none_60b5254171f9507e\COMCTL32.dll
0x00007fff87d30000 - 0x00007fff87d3a000 	C:\Windows\SYSTEM32\VERSION.dll
0x00007fff92e70000 - 0x00007fff92ea2000 	C:\Windows\System32\IMM32.DLL
0x00007fff7c5e0000 - 0x00007fff7c5ec000 	C:\Program Files\Java\jdk-17\bin\vcruntime140_1.dll
0x00007fff661b0000 - 0x00007fff6623e000 	C:\Program Files\Java\jdk-17\bin\msvcp140.dll
0x00007fff11030000 - 0x00007fff11c10000 	C:\Program Files\Java\jdk-17\bin\server\jvm.dll
0x00007fff92210000 - 0x00007fff92218000 	C:\Windows\System32\PSAPI.DLL
0x00007fff72450000 - 0x00007fff72459000 	C:\Windows\SYSTEM32\WSOCK32.dll
0x00007fff92eb0000 - 0x00007fff92f1b000 	C:\Windows\System32\WS2_32.dll
0x00007fff6fbb0000 - 0x00007fff6fbd7000 	C:\Windows\SYSTEM32\WINMM.dll
0x00007fff8f9a0000 - 0x00007fff8f9b2000 	C:\Windows\SYSTEM32\kernel.appcore.dll
0x00007fff7c5d0000 - 0x00007fff7c5da000 	C:\Program Files\Java\jdk-17\bin\jimage.dll
0x00007fff8f6b0000 - 0x00007fff8f894000 	C:\Windows\SYSTEM32\DBGHELP.DLL
0x00007fff809e0000 - 0x00007fff80a15000 	C:\Windows\SYSTEM32\dbgcore.DLL
0x00007fff91150000 - 0x00007fff911d2000 	C:\Windows\System32\bcryptPrimitives.dll
0x00007fff78d40000 - 0x00007fff78d65000 	C:\Program Files\Java\jdk-17\bin\java.dll
0x00007fff63e40000 - 0x00007fff63f17000 	C:\Program Files\Java\jdk-17\bin\jsvml.dll
0x00007fff91aa0000 - 0x00007fff921e4000 	C:\Windows\System32\SHELL32.dll
0x00007fff8ee40000 - 0x00007fff8f5d2000 	C:\Windows\SYSTEM32\windows.storage.dll
0x00007fff930d0000 - 0x00007fff93425000 	C:\Windows\System32\combase.dll
0x00007fff90b30000 - 0x00007fff90b60000 	C:\Windows\SYSTEM32\Wldp.dll
0x00007fff93780000 - 0x00007fff9382d000 	C:\Windows\System32\SHCORE.dll
0x00007fff92ce0000 - 0x00007fff92d35000 	C:\Windows\System32\shlwapi.dll
0x00007fff91090000 - 0x00007fff910af000 	C:\Windows\SYSTEM32\profapi.dll
0x00007fff78cd0000 - 0x00007fff78ce9000 	C:\Program Files\Java\jdk-17\bin\net.dll
0x00007fff81f00000 - 0x00007fff8200c000 	C:\Windows\SYSTEM32\WINHTTP.dll
0x00007fff90830000 - 0x00007fff9089a000 	C:\Windows\system32\mswsock.dll
0x00007fff78cb0000 - 0x00007fff78cc6000 	C:\Program Files\Java\jdk-17\bin\nio.dll
0x00007fff78c90000 - 0x00007fff78ca8000 	C:\Program Files\Java\jdk-17\bin\zip.dll
0x0000000069ac0000 - 0x0000000069ae4000 	C:\Program Files\apache-maven-3.8.8\lib\jansi-native\Windows\x86_64\jansi.dll
0x00007fff78d30000 - 0x00007fff78d40000 	C:\Program Files\Java\jdk-17\bin\verify.dll

dbghelp: loaded successfully - version: 4.0.5 - missing functions: none
symbol engine: initialized successfully - sym options: 0x614 - pdb path: .;C:\Program Files\Java\jdk-17\bin;C:\Windows\SYSTEM32;C:\Windows\WinSxS\amd64_microsoft.windows.common-controls_6595b64144ccf1df_6.0.19041.1110_none_60b5254171f9507e;C:\Program Files\Java\jdk-17\bin\server;C:\Program Files\apache-maven-3.8.8\lib\jansi-native\Windows\x86_64

VM Arguments:
jvm_args: -Dclassworlds.conf=C:/Program Files/apache-maven-3.8.8/bin/m2.conf -Dmaven.home=C:/Program Files/apache-maven-3.8.8 -Dlibrary.jansi.path=C:/Program Files/apache-maven-3.8.8/lib/jansi-native -Dmaven.multiModuleProjectDirectory=C:/Users/Sabine/Desktop/Project/venue/venue 
java_command: org.codehaus.plexus.classworlds.launcher.Launcher spring-boot:run
java_class_path (initial): C:/Program Files/apache-maven-3.8.8/boot/plexus-classworlds-2.6.0.jar
Launcher Type: SUN_STANDARD

[Global flags]
     intx CICompilerCount                          = 2                                         {product} {ergonomic}
     uint ConcGCThreads                            = 1                                         {product} {ergonomic}
     uint G1ConcRefinementThreads                  = 2                                         {product} {ergonomic}
   size_t G1HeapRegionSize                         = 1048576                                   {product} {ergonomic}
    uintx GCDrainStackTargetSize                   = 64                                        {product} {ergonomic}
   size_t InitialHeapSize                          = 65011712                                  {product} {ergonomic}
   size_t MarkStackSize                            = 4194304                                   {product} {ergonomic}
   size_t MaxHeapSize                              = 1023410176                                {product} {ergonomic}
   size_t MaxNewSize                               = 613416960                                 {product} {ergonomic}
   size_t MinHeapDeltaBytes                        = 1048576                                   {product} {ergonomic}
   size_t MinHeapSize                              = 8388608                                   {product} {ergonomic}
    uintx NonNMethodCodeHeapSize                   = 5826188                                {pd product} {ergonomic}
    uintx NonProfiledCodeHeapSize                  = 122916026                              {pd product} {ergonomic}
    uintx ProfiledCodeHeapSize                     = 122916026                              {pd product} {ergonomic}
    uintx ReservedCodeCacheSize                    = 251658240                              {pd product} {ergonomic}
     bool SegmentedCodeCache                       = true                                      {product} {ergonomic}
   size_t SoftMaxHeapSize                          = 1023410176                             {manageable} {ergonomic}
     bool UseCompressedClassPointers               = true                           {product lp64_product} {ergonomic}
     bool UseCompressedOops                        = true                           {product lp64_product} {ergonomic}
     bool UseG1GC                                  = true                                      {product} {ergonomic}
     bool UseLargePagesIndividualAllocation        = false                                  {pd product} {ergonomic}

Logging:
Log output configuration:
 #0: stdout all=warning uptime,level,tags
 #1: stderr all=off uptime,level,tags

Environment Variables:
JAVA_HOME=C:\Program Files\Java\jdk-17\bin
PATH=C:\Users\Sabine\bin;C:\Program Files\Git\mingw64\bin;C:\Program Files\Git\usr\local\bin;C:\Program Files\Git\usr\bin;C:\Program Files\Git\usr\bin;C:\Program Files\Git\mingw64\bin;C:\Program Files\Git\usr\bin;C:\Users\Sabine\bin;C:\Program Files\Common Files\Oracle\Java\javapath;C:\oraclexe\app\oracle\product\11.2.0\server\bin;C:\Windows\system32;C:\Windows;C:\Windows\System32\Wbem;C:\Windows\System32\WindowsPowerShell\v1.0;C:\Windows\System32\OpenSSH;C:\flutter\bin;C:\Program Files\TortoiseSVN\bin;C:\Program Files\Git\cmd;C:\Program Files\nodejs;C:\Users\Sabine\AppData\Local\Programs\Microsoft VS Code\bin;C:\Program Files\apache-maven-3.8.8\bin;C:\Program Files\MySQL\MySQL Server 8.0\bin;C:\Program Files\Java\jdk-17\bin;C:\Users\Sabine\AppData\Roaming\npm;C:\Program Files\Git\usr\bin\vendor_perl;C:\Program Files\Git\usr\bin\core_perl
USERNAME=Sabine
SHELL=C:\Program Files\Git\usr\bin\bash.exe
DISPLAY=needs-to-be-defined
LANG=en_US.UTF-8
OS=Windows_NT
PROCESSOR_IDENTIFIER=Intel64 Family 6 Model 122 Stepping 8, GenuineIntel



---------------  S Y S T E M  ---------------

OS:
 Windows 10 , 64 bit Build 19041 (10.0.19041.2364)
OS uptime: 5 days 0:56 hours

CPU: total 2 (initial active 2) (2 cores per cpu, 1 threads per core) family 6 model 122 stepping 8 microcode 0xc, cx8, cmov, fxsr, mmx, 3dnowpref, sse, sse2, sse3, ssse3, sse4.1, sse4.2, popcnt, tsc, tscinvbit, aes, erms, clmul, sha, clflush, clflushopt

Memory: 4k page, system-wide physical 3899M (508M free)
TotalPageFile size 7878M (AvailPageFile size 9M)
current process WorkingSet (physical memory assigned to process): 216M, peak: 217M
current process commit charge ("private bytes"): 235M, peak: 251M

vm_info: Java HotSpot(TM) 64-Bit Server VM (17.0.12+8-LTS-286) for windows-amd64 JRE (17.0.12+8-LTS-286), built on Jun  5 2024 06:46:59 by "mach5one" with MS VC++ 17.6 (VS2022)

END.
